Initializing metadata...
Metadata Version: 27
Initializing il2cpp file...
Applying relocations...
WARNING: find JNI_OnLoad
ERROR: This file may be protected.
Il2Cpp Version: 27
Searching...
CodeRegistration : 2fd4610
MetadataRegistration : 2fd54b8
Dumping...
Done!
Generate struct...
Done!
Generate dummy dll...
Done!
Press any key to exit...
Il2CppDumper.exe : Unhandled exception. System.InvalidOperationException: Cannot read keys when either application does
 not have a console or when console input has been redirected. Try Console.Read.
At line:2 char:815
+ ... ; Push-Location $dump; & .\Il2CppDumper.exe $lib $meta . 2>&1 | Tee-O ...
+                            ~~~~~~~~~~~~~~~~~~~~~~~~~~~~~~~~~~~~~~
    + CategoryInfo          : NotSpecified: (Unhandled excep...y Console.Read.:String) [], RemoteException
    + FullyQualifiedErrorId : NativeCommandError
 
   at System.ConsolePal.ReadKey(Boolean )
   at Il2CppDumper.Program.Main(String[] args) in C:\projects\il2cppdumper\Il2CppDumper\Program.cs:line 109
