[Licensing::Module] Trying to connect to existing licensing client channel...
Built from '6000.4/staging' branch; Version is '6000.4.9f1 (f7258d6eebbe) revision 16197005'; Using compiler version '194234433'; Build Type 'Release'
[Licensing::IpcConnector] Channel LicenseClient-godho doesn't exist
OS: 'Windows 11  (10.0.26200) Professional' Language: 'ko' Physical Memory: 32022 MB
BatchMode: 1, IsHumanControllingUs: 0, StartBugReporterOnCrash: 0, Is64bit: 1
System  architecture: x64
Process architecture: x64
Date: 2026-06-25T05:32:55Z
[Licensing::Module] Successfully launched the LicensingClient (PId: 30708)

COMMAND LINE ARGUMENTS:
C:\Program Files\Unity\Hub\Editor\6000.4.9f1\Editor\Unity.exe
-batchmode
-quit
-accept-apiupdate
-projectPath
C:\Users\godho\Downloads\girlswar\_restore_tools\work\spine40_unity6000_probe_20260625_134314
-executeMethod
GirlsWarRestore.SpineProbeHeroAttachCapture.AttachAndCaptureHero1001
-logFile
C:\Users\godho\Downloads\girlswar\reports\maininterface\spine40_hero1001_attach_capture_latest.log
Successfully changed project path to: C:\Users\godho\Downloads\girlswar\_restore_tools\work\spine40_unity6000_probe_20260625_134314
C:/Users/godho/Downloads/girlswar/_restore_tools/work/spine40_unity6000_probe_20260625_134314
[UnityMemory] Configuration Parameters - Can be set up in boot.config
    "memorysetup-temp-allocator-size-gi-baking-worker=262144"
    "memorysetup-temp-allocator-size-gi-baking-worker=262144"
    "memorysetup-temp-allocator-size-gi-baking-worker=262144"
    "memorysetup-temp-allocator-size-gi-baking-worker=262144"
    "memorysetup-temp-allocator-size-gi-baking-worker=262144"
    "memorysetup-temp-allocator-size-nav-mesh-worker=65536"
    "memorysetup-temp-allocator-size-audio-worker=65536"
    "memorysetup-temp-allocator-size-cloud-worker=32768"
    "memorysetup-temp-allocator-size-gfx=262144"
    "memorysetup-temp-allocator-size-preload-manager=33554432"
    "memorysetup-temp-allocator-size-job-worker=262144"
    "memorysetup-temp-allocator-size-background-worker=32768"
    "memorysetup-allocator-temp-initial-block-size-main=262144"
    "memorysetup-allocator-temp-initial-block-size-worker=262144"
    "memorysetup-bucket-allocator-granularity=16"
    "memorysetup-bucket-allocator-bucket-count=8"
    "memorysetup-bucket-allocator-block-size=33554432"
    "memorysetup-bucket-allocator-block-count=8"
    "memorysetup-main-allocator-block-size=16777216"
    "memorysetup-thread-allocator-block-size=16777216"
    "memorysetup-gfx-main-allocator-block-size=16777216"
    "memorysetup-gfx-thread-allocator-block-size=16777216"
    "memorysetup-cache-allocator-block-size=4194304"
    "memorysetup-typetree-allocator-block-size=2097152"
    "memorysetup-profiler-bucket-allocator-granularity=16"
    "memorysetup-profiler-bucket-allocator-bucket-count=8"
    "memorysetup-profiler-bucket-allocator-block-size=33554432"
    "memorysetup-profiler-bucket-allocator-block-count=8"
    "memorysetup-profiler-allocator-block-size=16777216"
    "memorysetup-profiler-editor-allocator-block-size=1048576"
    "memorysetup-temp-allocator-size-main=16777216"
    "memorysetup-job-temp-allocator-block-size=2097152"
    "memorysetup-job-temp-allocator-block-size-background=1048576"
    "memorysetup-job-temp-allocator-reduction-small-platforms=262144"
Player connection [31904]  Target information:

Player connection [31904]  * "[IP] 10.10.1.159 [Port] 55504 [Flags] 2 [Guid] 4000262084 [EditorId] 4000262084 [Version] 1048832 [Id] WindowsEditor(7,sjpark) [Debug] 1 [PackageName] WindowsEditor [ProjectName] Editor" 

Player connection [31904]  * "[IP] 172.26.64.1 [Port] 55504 [Flags] 2 [Guid] 4000262084 [EditorId] 4000262084 [Version] 1048832 [Id] WindowsEditor(7,sjpark) [Debug] 1 [PackageName] WindowsEditor [ProjectName] Editor" 

Player connection [31904]  * "[IP] 100.66.239.97 [Port] 55504 [Flags] 2 [Guid] 4000262084 [EditorId] 4000262084 [Version] 1048832 [Id] WindowsEditor(7,sjpark) [Debug] 1 [PackageName] WindowsEditor [ProjectName] Editor" 

Player connection [31904] Host joined multi-casting on [225.0.0.222:54997]...
Player connection [31904] Host joined alternative multi-casting on [225.0.0.222:34997]...
Input System module state changed to: Initialized.
[Physics::Module] Initialized fallback backend.
[Physics::Module] Id: 0xdecafbad
[Licensing::IpcConnector] Successfully connected to: "LicenseClient-godho" at "2026-06-25T05:32:55.9612426Z"
[Package Manager] Connected to IPC stream "Upm-25932" after 0.2 seconds.
[Licensing::Module] Licensing is not yet initialized.
[Licensing::Client] Code 10 while verifying Licensing Client signature (process Id: 30708, path: "C:/Program Files/Unity/Hub/Editor/6000.4.9f1/Editor/Data/Resources/Licensing/Client/Unity.Licensing.Client.exe")
[Licensing::Module] LicensingClient has failed validation; ignoring
[Licensing::Client] Handshaking with LicensingClient:
  Version:                 1.18.1+9fbee8e
  Session Id:              fa9dfcc7b4d14574b68877663a0e2f4e
  Correlation Id:          ad4120b8c5c36fe511a855c244a7051d
  External correlation Id: 6278804426947573807
  Machine Id:              nETCb6mCOTg3uD4qHH44hI9aRsg=
[Licensing::Module] Successfully connected to LicensingClient on channel: "LicenseClient-godho" (connect: 0.37s, validation: 0.04s, handshake: 0.04s)
[Licensing::IpcConnector] Successfully connected to: "LicenseClient-godho-notifications" at "2026-06-25T05:32:56.0453895Z"
[Licensing::Module] Connected to LicensingClient (PId: 30708, launch time: 0.00, total connection time: 0.46s)
[Licensing::Module] Error: Access token is unavailable; failed to update
[Licensing::Client] Successfully resolved entitlement details
[Licensing::Module] License group:
  Id: 14569760011564-UnityPersXXXX
  Product: Unity Personal
  Type: Assigned
  Expiration: Unlimited
[Licensing::Client] Successfully updated license, isAsync: True, time: 0.01
[Licensing::Client] Successfully resolved entitlement details
[Licensing::Module] Licensing Background thread has ended after 0.48s
[Licensing::Module] Licensing is initialized (took 0.09s).
[Licensing::Client] Successfully resolved entitlement details
Library Redirect Path: Library/
[Physics::Module] Selected backend.
[Physics::Module] Name: PhysX
[Physics::Module] Id: 0xf2b8ea05
[Physics::Module] SDK Version: 4.1.2
[Physics::Module] Integration Version: 1.0.0
[Physics::Module] Threading Mode: Multi-Threaded
Artifact Garbage Collection - Removed 1 unused hashed content files
Initialize engine version: 6000.4.9f1 (f7258d6eebbe)
[Subsystems] Discovering subsystems at path C:/Program Files/Unity/Hub/Editor/6000.4.9f1/Editor/Data/Resources/UnitySubsystems
[Subsystems] Discovering subsystems at path C:/Users/godho/Downloads/girlswar/_restore_tools/work/spine40_unity6000_probe_20260625_134314/Assets
GfxDevice: creating device client; kGfxThreadingModeNonThreaded
d3d12: failed to query info queue interface (0x80004002).
Direct3D:
    Version:         Direct3D 12 [level 12.2]
    Renderer:        Intel(R) Graphics (ID=0x7d67)
    Vendor:          Intel
    VRAM:            18252 MB
    App VRAM Budget: 17484 MB
    Driver:          32.0.101.8425
    Unified Memory Architecture
Initialize mono
Mono path[0] = 'C:/Program Files/Unity/Hub/Editor/6000.4.9f1/Editor/Data/Managed'
Mono path[1] = 'C:/Program Files/Unity/Hub/Editor/6000.4.9f1/Editor/Data/MonoBleedingEdge/lib/mono/unityjit-win32'
Mono config path = 'C:/Program Files/Unity/Hub/Editor/6000.4.9f1/Editor/Data/MonoBleedingEdge/etc'
Using monoOptions --debugger-agent=transport=dt_socket,embedding=1,server=y,suspend=n,address=127.0.0.1:56932
CodeReloadManager initialized
Using cacheserver namespaces - metadata:defaultmetadata, artifacts:defaultartifacts
Using cacheserver namespaces - metadata:defaultmetadata, artifacts:defaultartifacts
ImportWorker Server TCP listen port: 0
AcceleratorClientConnectionCallback - disconnected - :0
Begin MonoManager ReloadAssembly
Registering precompiled unity dll's ...
Register platform support module: C:/Program Files/Unity/Hub/Editor/6000.4.9f1/Editor/Data/PlaybackEngines/WebGLSupport/UnityEditor.WebGL.Extensions.dll
Register platform support module: C:/Program Files/Unity/Hub/Editor/6000.4.9f1/Editor/Data/PlaybackEngines/WindowsStandaloneSupport/UnityEditor.WindowsStandalone.Extensions.dll
Registered in 0.002923 seconds.
Native extension for WindowsStandalone target not found
Native extension for WebGL target not found
Package Manager log level set to [2]
ScheduleIndexationOnStartup MainProcess:False IndexOnStartup:False
Mono: successfully reloaded assembly
- Finished resetting the current domain, in  0.251 seconds
Domain Reload Profiling: 577ms
	BeginReloadAssembly (103ms)
		CreateAndSetChildDomain (7ms)
	RebuildCommonClasses (25ms)
	RebuildNativeTypeToScriptingClass (8ms)
	initialDomainReloadingComplete (49ms)
	LoadAllAssembliesAndSetupDomain (139ms)
		LoadAssemblies (94ms)
		AnalyzeDomain (133ms)
			TypeCache.Refresh (131ms)
				TypeCache.ScanAssembly (120ms)
	FinalizeReload (252ms)
		SetupLoadedEditorAssemblies (0ms)
			InitializePlatformSupportModulesInManaged (30ms)
			BeforeProcessingInitializeOnLoad (51ms)
			ProcessInitializeOnLoadAttributes (67ms)
			ProcessInitializeOnLoadMethodAttributes (61ms)
[Licensing::Client] Successfully resolved entitlement details
Application.AssetDatabase Initial Refresh Start
[Package Manager] Restoring resolved packages state from cache
[Licensing::Client] Successfully resolved entitlement details
[Package Manager] Registered 38 packages:
  Built-in packages:
    com.unity.multiplayer.center@1.0.1 (location: C:\Users\godho\Downloads\girlswar\_restore_tools\work\spine40_unity6000_probe_20260625_134314\Library\PackageCache\com.unity.multiplayer.center@f01f4ba8d00a)
    com.unity.modules.accessibility@1.0.0 (location: C:\Users\godho\Downloads\girlswar\_restore_tools\work\spine40_unity6000_probe_20260625_134314\Library\PackageCache\com.unity.modules.accessibility)
    com.unity.modules.adaptiveperformance@1.0.0 (location: C:\Users\godho\Downloads\girlswar\_restore_tools\work\spine40_unity6000_probe_20260625_134314\Library\PackageCache\com.unity.modules.adaptiveperformance)
    com.unity.modules.ai@1.0.0 (location: C:\Users\godho\Downloads\girlswar\_restore_tools\work\spine40_unity6000_probe_20260625_134314\Library\PackageCache\com.unity.modules.ai)
    com.unity.modules.androidjni@1.0.0 (location: C:\Users\godho\Downloads\girlswar\_restore_tools\work\spine40_unity6000_probe_20260625_134314\Library\PackageCache\com.unity.modules.androidjni)
    com.unity.modules.animation@1.0.0 (location: C:\Users\godho\Downloads\girlswar\_restore_tools\work\spine40_unity6000_probe_20260625_134314\Library\PackageCache\com.unity.modules.animation)
    com.unity.modules.assetbundle@1.0.0 (location: C:\Users\godho\Downloads\girlswar\_restore_tools\work\spine40_unity6000_probe_20260625_134314\Library\PackageCache\com.unity.modules.assetbundle)
    com.unity.modules.audio@1.0.0 (location: C:\Users\godho\Downloads\girlswar\_restore_tools\work\spine40_unity6000_probe_20260625_134314\Library\PackageCache\com.unity.modules.audio)
    com.unity.modules.cloth@1.0.0 (location: C:\Users\godho\Downloads\girlswar\_restore_tools\work\spine40_unity6000_probe_20260625_134314\Library\PackageCache\com.unity.modules.cloth)
    com.unity.modules.director@1.0.0 (location: C:\Users\godho\Downloads\girlswar\_restore_tools\work\spine40_unity6000_probe_20260625_134314\Library\PackageCache\com.unity.modules.director)
    com.unity.modules.imageconversion@1.0.0 (location: C:\Users\godho\Downloads\girlswar\_restore_tools\work\spine40_unity6000_probe_20260625_134314\Library\PackageCache\com.unity.modules.imageconversion)
    com.unity.modules.imgui@1.0.0 (location: C:\Users\godho\Downloads\girlswar\_restore_tools\work\spine40_unity6000_probe_20260625_134314\Library\PackageCache\com.unity.modules.imgui)
    com.unity.modules.jsonserialize@1.0.0 (location: C:\Users\godho\Downloads\girlswar\_restore_tools\work\spine40_unity6000_probe_20260625_134314\Library\PackageCache\com.unity.modules.jsonserialize)
    com.unity.modules.particlesystem@1.0.0 (location: C:\Users\godho\Downloads\girlswar\_restore_tools\work\spine40_unity6000_probe_20260625_134314\Library\PackageCache\com.unity.modules.particlesystem)
    com.unity.modules.physics@1.0.0 (location: C:\Users\godho\Downloads\girlswar\_restore_tools\work\spine40_unity6000_probe_20260625_134314\Library\PackageCache\com.unity.modules.physics)
    com.unity.modules.physics2d@1.0.0 (location: C:\Users\godho\Downloads\girlswar\_restore_tools\work\spine40_unity6000_probe_20260625_134314\Library\PackageCache\com.unity.modules.physics2d)
    com.unity.modules.screencapture@1.0.0 (location: C:\Users\godho\Downloads\girlswar\_restore_tools\work\spine40_unity6000_probe_20260625_134314\Library\PackageCache\com.unity.modules.screencapture)
    com.unity.modules.terrain@1.0.0 (location: C:\Users\godho\Downloads\girlswar\_restore_tools\work\spine40_unity6000_probe_20260625_134314\Library\PackageCache\com.unity.modules.terrain)
    com.unity.modules.terrainphysics@1.0.0 (location: C:\Users\godho\Downloads\girlswar\_restore_tools\work\spine40_unity6000_probe_20260625_134314\Library\PackageCache\com.unity.modules.terrainphysics)
    com.unity.modules.tilemap@1.0.0 (location: C:\Users\godho\Downloads\girlswar\_restore_tools\work\spine40_unity6000_probe_20260625_134314\Library\PackageCache\com.unity.modules.tilemap)
    com.unity.modules.ui@1.0.0 (location: C:\Users\godho\Downloads\girlswar\_restore_tools\work\spine40_unity6000_probe_20260625_134314\Library\PackageCache\com.unity.modules.ui)
    com.unity.modules.uielements@1.0.0 (location: C:\Users\godho\Downloads\girlswar\_restore_tools\work\spine40_unity6000_probe_20260625_134314\Library\PackageCache\com.unity.modules.uielements)
    com.unity.modules.umbra@1.0.0 (location: C:\Users\godho\Downloads\girlswar\_restore_tools\work\spine40_unity6000_probe_20260625_134314\Library\PackageCache\com.unity.modules.umbra)
    com.unity.modules.unityanalytics@1.0.0 (location: C:\Users\godho\Downloads\girlswar\_restore_tools\work\spine40_unity6000_probe_20260625_134314\Library\PackageCache\com.unity.modules.unityanalytics)
    com.unity.modules.unitywebrequest@1.0.0 (location: C:\Users\godho\Downloads\girlswar\_restore_tools\work\spine40_unity6000_probe_20260625_134314\Library\PackageCache\com.unity.modules.unitywebrequest)
    com.unity.modules.unitywebrequestassetbundle@1.0.0 (location: C:\Users\godho\Downloads\girlswar\_restore_tools\work\spine40_unity6000_probe_20260625_134314\Library\PackageCache\com.unity.modules.unitywebrequestassetbundle)
    com.unity.modules.unitywebrequestaudio@1.0.0 (location: C:\Users\godho\Downloads\girlswar\_restore_tools\work\spine40_unity6000_probe_20260625_134314\Library\PackageCache\com.unity.modules.unitywebrequestaudio)
    com.unity.modules.unitywebrequesttexture@1.0.0 (location: C:\Users\godho\Downloads\girlswar\_restore_tools\work\spine40_unity6000_probe_20260625_134314\Library\PackageCache\com.unity.modules.unitywebrequesttexture)
    com.unity.modules.unitywebrequestwww@1.0.0 (location: C:\Users\godho\Downloads\girlswar\_restore_tools\work\spine40_unity6000_probe_20260625_134314\Library\PackageCache\com.unity.modules.unitywebrequestwww)
    com.unity.modules.vectorgraphics@1.0.0 (location: C:\Users\godho\Downloads\girlswar\_restore_tools\work\spine40_unity6000_probe_20260625_134314\Library\PackageCache\com.unity.modules.vectorgraphics)
    com.unity.modules.vehicles@1.0.0 (location: C:\Users\godho\Downloads\girlswar\_restore_tools\work\spine40_unity6000_probe_20260625_134314\Library\PackageCache\com.unity.modules.vehicles)
    com.unity.modules.video@1.0.0 (location: C:\Users\godho\Downloads\girlswar\_restore_tools\work\spine40_unity6000_probe_20260625_134314\Library\PackageCache\com.unity.modules.video)
    com.unity.modules.vr@1.0.0 (location: C:\Users\godho\Downloads\girlswar\_restore_tools\work\spine40_unity6000_probe_20260625_134314\Library\PackageCache\com.unity.modules.vr)
    com.unity.modules.wind@1.0.0 (location: C:\Users\godho\Downloads\girlswar\_restore_tools\work\spine40_unity6000_probe_20260625_134314\Library\PackageCache\com.unity.modules.wind)
    com.unity.modules.xr@1.0.0 (location: C:\Users\godho\Downloads\girlswar\_restore_tools\work\spine40_unity6000_probe_20260625_134314\Library\PackageCache\com.unity.modules.xr)
    com.unity.ugui@2.0.0 (location: C:\Users\godho\Downloads\girlswar\_restore_tools\work\spine40_unity6000_probe_20260625_134314\Library\PackageCache\com.unity.ugui@1f2d1ab0d950)
    com.unity.modules.subsystems@1.0.0 (location: C:\Users\godho\Downloads\girlswar\_restore_tools\work\spine40_unity6000_probe_20260625_134314\Library\PackageCache\com.unity.modules.subsystems)
    com.unity.modules.hierarchycore@1.0.0 (location: C:\Users\godho\Downloads\girlswar\_restore_tools\work\spine40_unity6000_probe_20260625_134314\Library\PackageCache\com.unity.modules.hierarchycore)
[Subsystems] No new subsystems found in resolved package list.
[Package Manager] Done registering packages in 0.01 seconds
Starting: C:\Program Files\Unity\Hub\Editor\6000.4.9f1\Editor\Data\Tools\BuildPipeline\bee_backend.exe --ipc --defer-dag-verification --dagfile="Library/Bee/1900b0aE.dag" --continue-on-failure --profile="Library/Bee/backend1.traceevents" ScriptAssemblies
WorkingDir: C:/Users/godho/Downloads/girlswar/_restore_tools/work/spine40_unity6000_probe_20260625_134314
DisplayProgressbar: Compiling Scripts
ExitCode: 0 Duration: 0s79ms
*** Tundra build success (0.05 seconds), 0 items updated, 271 evaluated
AssetDatabase: script compilation time: 0.374562s
Begin MonoManager ReloadAssembly
Assembly Assembly-CSharp-Editor-firstpass.dll at Library/ScriptAssemblies/Assembly-CSharp-Editor-firstpass.dll not valid. Loading of assembly skipped.
Assembly Assembly-CSharp-firstpass.dll at Library/ScriptAssemblies/Assembly-CSharp-firstpass.dll not valid. Loading of assembly skipped.
Assembly Unity.Multiplayer.Center.Editor.Tests.dll at Library/ScriptAssemblies/Unity.Multiplayer.Center.Editor.Tests.dll not valid. Loading of assembly skipped.
Assembly Unity.Multiplayer.Center.Tests.dll at Library/ScriptAssemblies/Unity.Multiplayer.Center.Tests.dll not valid. Loading of assembly skipped.
Assembly Unity.TextMeshPro.Editor.Tests.dll at Library/ScriptAssemblies/Unity.TextMeshPro.Editor.Tests.dll not valid. Loading of assembly skipped.
Assembly Unity.TextMeshPro.Tests.dll at Library/ScriptAssemblies/Unity.TextMeshPro.Tests.dll not valid. Loading of assembly skipped.
Assembly UnityEditor.UI.Common.Tests.dll at Library/ScriptAssemblies/UnityEditor.UI.Common.Tests.dll not valid. Loading of assembly skipped.
Assembly UnityEditor.UI.EditorTests.dll at Library/ScriptAssemblies/UnityEditor.UI.EditorTests.dll not valid. Loading of assembly skipped.
Assembly UnityEngine.UI.Tests.dll at Library/ScriptAssemblies/UnityEngine.UI.Tests.dll not valid. Loading of assembly skipped.
Native extension for WindowsStandalone target not found
Native extension for WebGL target not found
ScheduleIndexationOnStartup MainProcess:True IndexOnStartup:True
Mono: successfully reloaded assembly
- Finished resetting the current domain, in  0.325 seconds
Domain Reload Profiling: 682ms
	BeginReloadAssembly (258ms)
		DisableScriptedObjects (17ms)
		CreateAndSetChildDomain (133ms)
	RebuildCommonClasses (26ms)
	RebuildNativeTypeToScriptingClass (8ms)
	initialDomainReloadingComplete (35ms)
	LoadAllAssembliesAndSetupDomain (28ms)
		LoadAssemblies (89ms)
		AnalyzeDomain (18ms)
			TypeCache.Refresh (11ms)
				TypeCache.ScanAssembly (6ms)
			BuildScriptInfoCaches (4ms)
			ResolveRequiredComponents (3ms)
	FinalizeReload (326ms)
		SetupLoadedEditorAssemblies (0ms)
			InitializePlatformSupportModulesInManaged (19ms)
			BeforeProcessingInitializeOnLoad (82ms)
			ProcessInitializeOnLoadAttributes (52ms)
			ProcessInitializeOnLoadMethodAttributes (30ms)
			AfterProcessingInitializeOnLoad (7ms)
		AwakeInstancesAfterBackupRestoration (20ms)
(Values over 0.050ms)
Asset Pipeline Refresh (id=7864a9cf819ad4349827076526fc8435): Total: 1.204 seconds - Initiated by InitialRefreshV2(ForceSynchronousImport)
	Summary:
		Imports: total=0 (actual=0, local cache=0, cache server=0)
		Asset DB Process Time: managed=0 ms, native=432 ms
		Asset DB Callback time: managed=11 ms, native=13 ms
		Scripting: domain reloads=1, domain reload time=360 ms, compile time=376 ms, other=10 ms
		Project Asset Count: scripts=333, non-scripts=822
		Asset File Changes: new=0, changed=0, moved=0, deleted=0
		Scan Filter Count: 0
	InvokePackagesCallback: 15.301ms
	ApplyChangesToAssetFolders: 0.570ms
	Scan: 24.013ms
	CategorizeScriptCompilationAssets: 1.222ms
	ProcessAssetsWithTransientArtifactChanges: 7.096ms
	CategorizeAssets: 5.212ms
	CompileScripts: 375.755ms
	ImportOutOfDateAssets: 326.708ms (326.274ms without children)
		UnloadImportedAssets: 0.090ms
		EnsureUptoDateAssetsAreRegisteredWithGuidPM: 0.093ms
		OnDemandSchedulerStart: 0.248ms
	PostProcessAllAssets: 11.630ms
		MonoPostProcessAllAssets: 11.578ms
			WindowAssetPostprocessingWatcher.OnPostprocessAllAssets 4.471ms
			SyncVS.PostprocessSyncProject 0.932ms
			SpeedTree9Postprocessor.OnPostprocessAllAssets 0.471ms
			ReferencedClipsPostProcessor.OnPostprocessAllAssets 0.199ms
			TerrainToolbarOverlayPostProcessor.OnPostprocessAllAssets 0.121ms
			AssetDatabaseCallbacks.OnPostprocessAllAssets 0.096ms
	UnloadStreamsBegin: 1.127ms
	GenerateScriptTypeHashes: 0.169ms
	GenerateScriptTypeSerializationHashes: 0.383ms
	Untracked: 430.941ms

Application.AssetDatabase Initial Refresh End
Launched and connected shader compiler UnityShaderCompiler.exe after 0.01 seconds
Scanning for USB devices : 2.759ms
Initializing Unity extensions:
[MODES] ModeService[none].Initialize
[MODES] ModeService[none].LoadModes
[MODES] Loading mode Default (0) for mode-current-id-girlswar_maininterface_unity
Unloading 46 Unused Serialized files (Serialized files now loaded: 0)
Unloading 698 unused Assets / (5.7 MB). Loaded Objects now: 1293.
Memory consumption went from 115.9 MB to 110.2 MB.
Total: 5.502500 ms (FindLiveObjects: 0.094400 ms CreateObjectMapping: 0.026800 ms MarkObjects: 3.207000 ms  DeleteObjects: 2.172100 ms)

[GirlsWarRestore][SpineProbeCapture] AttachAndCaptureHero1001 start
UnityEngine.Debug:ExtractStackTraceNoAlloc (byte*,int,string)
UnityEngine.StackTraceUtility:ExtractStackTrace ()
UnityEngine.DebugLogHandler:Internal_Log (UnityEngine.LogType,UnityEngine.LogOption,string,UnityEngine.Object)
UnityEngine.DebugLogHandler:LogFormat (UnityEngine.LogType,UnityEngine.Object,string,object[])
UnityEngine.Logger:Log (UnityEngine.LogType,object)
UnityEngine.Debug:Log (object)
GirlsWarRestore.SpineProbeHeroAttachCapture:AttachAndCaptureHero1001 () (at Assets/Editor/GirlsWarSpineProbeHeroAttachCapture.cs:40)

(Filename: Assets/Editor/GirlsWarSpineProbeHeroAttachCapture.cs Line: 40)

Asset Pipeline Refresh (id=f4ffa1c612094c24a85fb9be632e4a76): Total: 0.016 seconds - Initiated by RefreshV2(NoUpdateAssetOptions)
Opening scene 'Assets/Scenes/MainInterface_Wireframe.unity'
Unloading 90 Unused Serialized files (Serialized files now loaded: 0)
Loaded scene 'Assets/Scenes/MainInterface_Wireframe.unity'
	Deserialize:            54.380 ms
	Integration:            36.356 ms
	Integration of assets:  2.312 ms
	Thread Wait Time:       -0.130 ms
	Total Operation Time:   92.918 ms
Unloading 2 unused Assets / (1.3 KB). Loaded Objects now: 4223.
Memory consumption went from 108.2 MB to 108.2 MB.
Total: 3.129800 ms (FindLiveObjects: 0.180900 ms CreateObjectMapping: 0.024800 ms MarkObjects: 2.906100 ms  DeleteObjects: 0.017400 ms)

[GirlsWarRestore][SpineProbeCapture] Layer OK name=Painting_1001_back bones=32 slots=3 animations=4 vertices=0 rect=3203.806x1896.506
UnityEngine.Debug:ExtractStackTraceNoAlloc (byte*,int,string)
UnityEngine.StackTraceUtility:ExtractStackTrace ()
UnityEngine.DebugLogHandler:Internal_Log (UnityEngine.LogType,UnityEngine.LogOption,string,UnityEngine.Object)
UnityEngine.DebugLogHandler:LogFormat (UnityEngine.LogType,UnityEngine.Object,string,object[])
UnityEngine.Logger:Log (UnityEngine.LogType,object)
UnityEngine.Debug:Log (object)
GirlsWarRestore.SpineProbeHeroAttachCapture:AttachLayer (GirlsWarRestore.SpineProbeHeroAttachCapture/LayerSpec,UnityEngine.RectTransform) (at Assets/Editor/GirlsWarSpineProbeHeroAttachCapture.cs:175)
GirlsWarRestore.SpineProbeHeroAttachCapture:AttachAndCaptureHero1001 () (at Assets/Editor/GirlsWarSpineProbeHeroAttachCapture.cs:79)

(Filename: Assets/Editor/GirlsWarSpineProbeHeroAttachCapture.cs Line: 175)

[GirlsWarRestore][SpineProbeCapture] Layer OK name=Painting_1001 bones=326 slots=146 animations=4 vertices=0 rect=1073.339x955.411
UnityEngine.Debug:ExtractStackTraceNoAlloc (byte*,int,string)
UnityEngine.StackTraceUtility:ExtractStackTrace ()
UnityEngine.DebugLogHandler:Internal_Log (UnityEngine.LogType,UnityEngine.LogOption,string,UnityEngine.Object)
UnityEngine.DebugLogHandler:LogFormat (UnityEngine.LogType,UnityEngine.Object,string,object[])
UnityEngine.Logger:Log (UnityEngine.LogType,object)
UnityEngine.Debug:Log (object)
GirlsWarRestore.SpineProbeHeroAttachCapture:AttachLayer (GirlsWarRestore.SpineProbeHeroAttachCapture/LayerSpec,UnityEngine.RectTransform) (at Assets/Editor/GirlsWarSpineProbeHeroAttachCapture.cs:175)
GirlsWarRestore.SpineProbeHeroAttachCapture:AttachAndCaptureHero1001 () (at Assets/Editor/GirlsWarSpineProbeHeroAttachCapture.cs:79)

(Filename: Assets/Editor/GirlsWarSpineProbeHeroAttachCapture.cs Line: 175)

[GirlsWarRestore][SpineProbeCapture] Layer OK name=Painting_1001_front bones=39 slots=4 animations=4 vertices=0 rect=2538.899x1350.81
UnityEngine.Debug:ExtractStackTraceNoAlloc (byte*,int,string)
UnityEngine.StackTraceUtility:ExtractStackTrace ()
UnityEngine.DebugLogHandler:Internal_Log (UnityEngine.LogType,UnityEngine.LogOption,string,UnityEngine.Object)
UnityEngine.DebugLogHandler:LogFormat (UnityEngine.LogType,UnityEngine.Object,string,object[])
UnityEngine.Logger:Log (UnityEngine.LogType,object)
UnityEngine.Debug:Log (object)
GirlsWarRestore.SpineProbeHeroAttachCapture:AttachLayer (GirlsWarRestore.SpineProbeHeroAttachCapture/LayerSpec,UnityEngine.RectTransform) (at Assets/Editor/GirlsWarSpineProbeHeroAttachCapture.cs:175)
GirlsWarRestore.SpineProbeHeroAttachCapture:AttachAndCaptureHero1001 () (at Assets/Editor/GirlsWarSpineProbeHeroAttachCapture.cs:79)

(Filename: Assets/Editor/GirlsWarSpineProbeHeroAttachCapture.cs Line: 175)

[GirlsWarRestore][SpineProbeCapture] Layer OK name=SP_heroname_1001 bones=5 slots=6 animations=2 vertices=0 rect=314.248x161.136
UnityEngine.Debug:ExtractStackTraceNoAlloc (byte*,int,string)
UnityEngine.StackTraceUtility:ExtractStackTrace ()
UnityEngine.DebugLogHandler:Internal_Log (UnityEngine.LogType,UnityEngine.LogOption,string,UnityEngine.Object)
UnityEngine.DebugLogHandler:LogFormat (UnityEngine.LogType,UnityEngine.Object,string,object[])
UnityEngine.Logger:Log (UnityEngine.LogType,object)
UnityEngine.Debug:Log (object)
GirlsWarRestore.SpineProbeHeroAttachCapture:AttachLayer (GirlsWarRestore.SpineProbeHeroAttachCapture/LayerSpec,UnityEngine.RectTransform) (at Assets/Editor/GirlsWarSpineProbeHeroAttachCapture.cs:175)
GirlsWarRestore.SpineProbeHeroAttachCapture:AttachAndCaptureHero1001 () (at Assets/Editor/GirlsWarSpineProbeHeroAttachCapture.cs:79)

(Filename: Assets/Editor/GirlsWarSpineProbeHeroAttachCapture.cs Line: 175)

Start importing Assets/Scenes/MainInterface_Wireframe_Hero1001SpineProbe.unity using Guid(b64eb1529b4d98c4fba75d7bdc27ad04) (DefaultImporter) -> (Import Result ID: '34624a891092707311aeb09e751b058b') in 0.0037684 seconds [static dependencies only]. Details - ImportResultOutputID=909a7c586fb80ad77ca79bde6cb1508c DependenciesID=e9fc0687a0d4638d959225db41832f1b StaticDependenciesID=9aa421e81a47668cdcaa23e01ba08b49 
Asset Pipeline Refresh (id=d31ce34cae326de4682a996f9d9fd28d): Total: 0.053 seconds - Initiated by StopAssetImportingV2(NoUpdateAssetOptions)
Start importing Assets/RestoreData/reports/maininterface_spine40_hero1001_attach_capture_result.json using Guid(b0c1e4c6ff5ea6843895cd704e8bed69) (TextScriptImporter) -> (Import Result ID: 'db4f42de41f370c4dd68f1af665eaf3a') in 0.0090405 seconds [static dependencies only]. Details - ImportResultOutputID=9e3bddfd10b15274768e7d829552713e DependenciesID=81522e8c0d3215d7ffc31c0a9d4f0238 StaticDependenciesID=fb0595d562b0af4e56efd503325275ad 
Asset Pipeline Refresh (id=88c5d564a05123f4780073bd154f6ca2): Total: 0.049 seconds - Initiated by RefreshV2(NoUpdateAssetOptions)
[GirlsWarRestore][SpineProbeCapture] Capture full=Assets/RestoreCaptures/maininterface_spine_hero1001_probe_1680x720.png visiblePixels=1203061
UnityEngine.Debug:ExtractStackTraceNoAlloc (byte*,int,string)
UnityEngine.StackTraceUtility:ExtractStackTrace ()
UnityEngine.DebugLogHandler:Internal_Log (UnityEngine.LogType,UnityEngine.LogOption,string,UnityEngine.Object)
UnityEngine.DebugLogHandler:LogFormat (UnityEngine.LogType,UnityEngine.Object,string,object[])
UnityEngine.Logger:Log (UnityEngine.LogType,object)
UnityEngine.Debug:Log (object)
GirlsWarRestore.SpineProbeHeroAttachCapture:AttachAndCaptureHero1001 () (at Assets/Editor/GirlsWarSpineProbeHeroAttachCapture.cs:114)

(Filename: Assets/Editor/GirlsWarSpineProbeHeroAttachCapture.cs Line: 114)

[GirlsWarRestore][SpineProbeCapture] Capture heroOnly=Assets/RestoreCaptures/maininterface_spine_hero1001_probe_hero_only_1680x720.png visiblePixels=1166048
UnityEngine.Debug:ExtractStackTraceNoAlloc (byte*,int,string)
UnityEngine.StackTraceUtility:ExtractStackTrace ()
UnityEngine.DebugLogHandler:Internal_Log (UnityEngine.LogType,UnityEngine.LogOption,string,UnityEngine.Object)
UnityEngine.DebugLogHandler:LogFormat (UnityEngine.LogType,UnityEngine.Object,string,object[])
UnityEngine.Logger:Log (UnityEngine.LogType,object)
UnityEngine.Debug:Log (object)
GirlsWarRestore.SpineProbeHeroAttachCapture:AttachAndCaptureHero1001 () (at Assets/Editor/GirlsWarSpineProbeHeroAttachCapture.cs:115)

(Filename: Assets/Editor/GirlsWarSpineProbeHeroAttachCapture.cs Line: 115)

[GirlsWarRestore][SpineProbeCapture] AttachAndCaptureHero1001 complete status=hero1001_spine_rendered_in_probe
UnityEngine.Debug:ExtractStackTraceNoAlloc (byte*,int,string)
UnityEngine.StackTraceUtility:ExtractStackTrace ()
UnityEngine.DebugLogHandler:Internal_Log (UnityEngine.LogType,UnityEngine.LogOption,string,UnityEngine.Object)
UnityEngine.DebugLogHandler:LogFormat (UnityEngine.LogType,UnityEngine.Object,string,object[])
UnityEngine.Logger:Log (UnityEngine.LogType,object)
UnityEngine.Debug:Log (object)
GirlsWarRestore.SpineProbeHeroAttachCapture:AttachAndCaptureHero1001 () (at Assets/Editor/GirlsWarSpineProbeHeroAttachCapture.cs:116)

(Filename: Assets/Editor/GirlsWarSpineProbeHeroAttachCapture.cs Line: 116)

Batchmode quit successfully invoked - shutting down!
[Physics::Module] Cleanup current backend.
[Physics::Module] Id: 0xf2b8ea05
Input System module state changed to: ShutdownInProgress.
Input Polling Thread exited.
Input System module state changed to: Shutdown.
[Licensing::IpcConnector] LicenseClient-godho-notifications channel disconnected successfully.
[Licensing::IpcConnector] LicenseClient-godho channel disconnected successfully.
AcceleratorClientConnectionCallback - disconnected - :0
Cleanup mono
CodeReloadManager destroyed
Exiting batchmode successfully now!
Exiting without the bug reporter. Application will terminate with return code 0