[Licensing::Module] Trying to connect to existing licensing client channel...
Built from '6000.4/staging' branch; Version is '6000.4.9f1 (f7258d6eebbe) revision 16197005'; Using compiler version '194234433'; Build Type 'Release'
[Licensing::IpcConnector] Channel LicenseClient-godho doesn't exist
OS: 'Windows 11  (10.0.26200) Professional' Language: 'ko' Physical Memory: 32022 MB
BatchMode: 1, IsHumanControllingUs: 0, StartBugReporterOnCrash: 0, Is64bit: 1
System  architecture: x64
Process architecture: x64
Date: 2026-06-25T12:34:22Z
[Licensing::Module] Successfully launched the LicensingClient (PId: 31848)

COMMAND LINE ARGUMENTS:
C:\Program Files\Unity\Hub\Editor\6000.4.9f1\Editor\Unity.exe
-batchmode
-nographics
-quit
-projectPath
C:\Users\godho\Downloads\girlswar\_restore_tools\work\spine40_unity6000_probe_20260625_134314
-executeMethod
GirlsWarRestore.SpineProbeRouteRawDecodeRecovery.TraceRawDecodeRecovery
-logFile
C:\Users\godho\Downloads\girlswar\reports\maininterface\unity_114_route_raw_decode_recovery_probe.log
Successfully changed project path to: C:\Users\godho\Downloads\girlswar\_restore_tools\work\spine40_unity6000_probe_20260625_134314
C:/Users/godho/Downloads/girlswar/_restore_tools/work/spine40_unity6000_probe_20260625_134314
[UnityMemory] Configuration Parameters - Can be set up in boot.config
    "memorysetup-temp-allocator-size-gi-baking-worker=262144"
    "memorysetup-temp-allocator-size-gi-baking-worker=262144"
    "memorysetup-temp-allocator-size-gi-baking-worker=262144"
    "memorysetup-temp-allocator-size-gi-baking-worker=262144"
    "memorysetup-temp-allocator-size-gi-baking-worker=262144"
    "memorysetup-temp-allocator-size-nav-mesh-worker=65536"
    "memorysetup-temp-allocator-size-audio-worker=65536"
    "memorysetup-temp-allocator-size-cloud-worker=32768"
    "memorysetup-temp-allocator-size-gfx=262144"
    "memorysetup-temp-allocator-size-preload-manager=33554432"
    "memorysetup-temp-allocator-size-job-worker=262144"
    "memorysetup-temp-allocator-size-background-worker=32768"
    "memorysetup-allocator-temp-initial-block-size-main=262144"
    "memorysetup-allocator-temp-initial-block-size-worker=262144"
    "memorysetup-bucket-allocator-granularity=16"
    "memorysetup-bucket-allocator-bucket-count=8"
    "memorysetup-bucket-allocator-block-size=33554432"
    "memorysetup-bucket-allocator-block-count=8"
    "memorysetup-main-allocator-block-size=16777216"
    "memorysetup-thread-allocator-block-size=16777216"
    "memorysetup-gfx-main-allocator-block-size=16777216"
    "memorysetup-gfx-thread-allocator-block-size=16777216"
    "memorysetup-cache-allocator-block-size=4194304"
    "memorysetup-typetree-allocator-block-size=2097152"
    "memorysetup-profiler-bucket-allocator-granularity=16"
    "memorysetup-profiler-bucket-allocator-bucket-count=8"
    "memorysetup-profiler-bucket-allocator-block-size=33554432"
    "memorysetup-profiler-bucket-allocator-block-count=8"
    "memorysetup-profiler-allocator-block-size=16777216"
    "memorysetup-profiler-editor-allocator-block-size=1048576"
    "memorysetup-temp-allocator-size-main=16777216"
    "memorysetup-job-temp-allocator-block-size=2097152"
    "memorysetup-job-temp-allocator-block-size-background=1048576"
    "memorysetup-job-temp-allocator-reduction-small-platforms=262144"
Player connection [17664]  Target information:

Player connection [17664]  * "[IP] 10.10.1.159 [Port] 55504 [Flags] 2 [Guid] 16191408 [EditorId] 16191408 [Version] 1048832 [Id] WindowsEditor(7,sjpark) [Debug] 1 [PackageName] WindowsEditor [ProjectName] Editor"

Player connection [17664]  * "[IP] 172.26.64.1 [Port] 55504 [Flags] 2 [Guid] 16191408 [EditorId] 16191408 [Version] 1048832 [Id] WindowsEditor(7,sjpark) [Debug] 1 [PackageName] WindowsEditor [ProjectName] Editor"

Player connection [17664]  * "[IP] 100.66.239.97 [Port] 55504 [Flags] 2 [Guid] 16191408 [EditorId] 16191408 [Version] 1048832 [Id] WindowsEditor(7,sjpark) [Debug] 1 [PackageName] WindowsEditor [ProjectName] Editor"

Player connection [17664] Host joined multi-casting on [225.0.0.222:54997]...
Player connection [17664] Host joined alternative multi-casting on [225.0.0.222:34997]...
Input System module state changed to: Initialized.
[Physics::Module] Initialized fallback backend.
[Physics::Module] Id: 0xdecafbad
[Package Manager] Connected to IPC stream "Upm-24172" after 0.2 seconds.
[Licensing::Module] Licensing is not yet initialized.
[Licensing::IpcConnector] Successfully connected to: "LicenseClient-godho" at "2026-06-25T12:34:23.1859903Z"
[Licensing::Client] Code 10 while verifying Licensing Client signature (process Id: 31848, path: "C:/Program Files/Unity/Hub/Editor/6000.4.9f1/Editor/Data/Resources/Licensing/Client/Unity.Licensing.Client.exe")
[Licensing::Module] LicensingClient has failed validation; ignoring
[Licensing::Client] Handshaking with LicensingClient:
  Version:                 1.18.1+9fbee8e
  Session Id:              34dc94442f944fbdbe337a77d75ea1e0
  Correlation Id:          7756b9b67568be07a702f352bbf7d7e3
  External correlation Id: 2088226508833665099
  Machine Id:              nETCb6mCOTg3uD4qHH44hI9aRsg=
[Licensing::Module] Successfully connected to LicensingClient on channel: "LicenseClient-godho" (connect: 0.37s, validation: 0.03s, handshake: 0.04s)
[Licensing::IpcConnector] Successfully connected to: "LicenseClient-godho-notifications" at "2026-06-25T12:34:23.26336Z"
[Licensing::Module] Connected to LicensingClient (PId: 31848, launch time: 0.00, total connection time: 0.45s)
[Licensing::Module] Error: Access token is unavailable; failed to update
[Licensing::Client] Successfully resolved entitlement details
[Licensing::Module] License group:
  Id: 14569760011564-UnityPersXXXX
  Product: Unity Personal
  Type: Assigned
  Expiration: Unlimited
[Licensing::Client] Successfully updated license, isAsync: True, time: 0.01
[Licensing::Client] Successfully resolved entitlement details
[Licensing::Module] Licensing Background thread has ended after 0.48s
[Licensing::Module] Licensing is initialized (took 0.12s).
[Licensing::Client] Successfully resolved entitlement details
Library Redirect Path: Library/
[Physics::Module] Selected backend.
[Physics::Module] Name: PhysX
[Physics::Module] Id: 0xf2b8ea05
[Physics::Module] SDK Version: 4.1.2
[Physics::Module] Integration Version: 1.0.0
[Physics::Module] Threading Mode: Multi-Threaded
Artifact Garbage Collection - Removed 1 unused hashed content files
Initialize engine version: 6000.4.9f1 (f7258d6eebbe)
[Subsystems] Discovering subsystems at path C:/Program Files/Unity/Hub/Editor/6000.4.9f1/Editor/Data/Resources/UnitySubsystems
[Subsystems] Discovering subsystems at path C:/Users/godho/Downloads/girlswar/_restore_tools/work/spine40_unity6000_probe_20260625_134314/Assets
Forcing GfxDevice: Null
GfxDevice: creating device client; kGfxThreadingModeNonThreaded
NullGfxDevice:
    Version:  NULL 1.0 [1.0]
    Renderer: Null Device
    Vendor:   Unity Technologies
Initialize mono
Mono path[0] = 'C:/Program Files/Unity/Hub/Editor/6000.4.9f1/Editor/Data/Managed'
Mono path[1] = 'C:/Program Files/Unity/Hub/Editor/6000.4.9f1/Editor/Data/MonoBleedingEdge/lib/mono/unityjit-win32'
Mono config path = 'C:/Program Files/Unity/Hub/Editor/6000.4.9f1/Editor/Data/MonoBleedingEdge/etc'
Using monoOptions --debugger-agent=transport=dt_socket,embedding=1,server=y,suspend=n,address=127.0.0.1:56172
CodeReloadManager initialized
Using cacheserver namespaces - metadata:defaultmetadata, artifacts:defaultartifacts
Using cacheserver namespaces - metadata:defaultmetadata, artifacts:defaultartifacts
ImportWorker Server TCP listen port: 0
AcceleratorClientConnectionCallback - disconnected - :0
Begin MonoManager ReloadAssembly
Registering precompiled unity dll's ...
Register platform support module: C:/Program Files/Unity/Hub/Editor/6000.4.9f1/Editor/Data/PlaybackEngines/WebGLSupport/UnityEditor.WebGL.Extensions.dll
Register platform support module: C:/Program Files/Unity/Hub/Editor/6000.4.9f1/Editor/Data/PlaybackEngines/WindowsStandaloneSupport/UnityEditor.WindowsStandalone.Extensions.dll
Registered in 0.002279 seconds.
Native extension for WindowsStandalone target not found
Native extension for WebGL target not found
Package Manager log level set to [2]
ScheduleIndexationOnStartup MainProcess:False IndexOnStartup:False
Mono: successfully reloaded assembly
- Finished resetting the current domain, in  0.311 seconds
Domain Reload Profiling: 647ms
	BeginReloadAssembly (101ms)
		CreateAndSetChildDomain (3ms)
	RebuildCommonClasses (26ms)
	RebuildNativeTypeToScriptingClass (8ms)
	initialDomainReloadingComplete (47ms)
	LoadAllAssembliesAndSetupDomain (153ms)
		LoadAssemblies (96ms)
		AnalyzeDomain (146ms)
			TypeCache.Refresh (145ms)
				TypeCache.ScanAssembly (134ms)
	FinalizeReload (312ms)
		SetupLoadedEditorAssemblies (0ms)
			InitializePlatformSupportModulesInManaged (33ms)
			BeforeProcessingInitializeOnLoad (58ms)
			ProcessInitializeOnLoadAttributes (79ms)
			ProcessInitializeOnLoadMethodAttributes (98ms)
[Licensing::Client] Successfully resolved entitlement details
Application.AssetDatabase Initial Refresh Start
[Package Manager] Restoring resolved packages state from cache
[Licensing::Client] Successfully resolved entitlement details
[Package Manager] Registered 38 packages:
  Built-in packages:
    com.unity.multiplayer.center@1.0.1 (location: C:\Users\godho\Downloads\girlswar\_restore_tools\work\spine40_unity6000_probe_20260625_134314\Library\PackageCache\com.unity.multiplayer.center@f01f4ba8d00a)
    com.unity.modules.accessibility@1.0.0 (location: C:\Users\godho\Downloads\girlswar\_restore_tools\work\spine40_unity6000_probe_20260625_134314\Library\PackageCache\com.unity.modules.accessibility)
    com.unity.modules.adaptiveperformance@1.0.0 (location: C:\Users\godho\Downloads\girlswar\_restore_tools\work\spine40_unity6000_probe_20260625_134314\Library\PackageCache\com.unity.modules.adaptiveperformance)
    com.unity.modules.ai@1.0.0 (location: C:\Users\godho\Downloads\girlswar\_restore_tools\work\spine40_unity6000_probe_20260625_134314\Library\PackageCache\com.unity.modules.ai)
    com.unity.modules.androidjni@1.0.0 (location: C:\Users\godho\Downloads\girlswar\_restore_tools\work\spine40_unity6000_probe_20260625_134314\Library\PackageCache\com.unity.modules.androidjni)
    com.unity.modules.animation@1.0.0 (location: C:\Users\godho\Downloads\girlswar\_restore_tools\work\spine40_unity6000_probe_20260625_134314\Library\PackageCache\com.unity.modules.animation)
    com.unity.modules.assetbundle@1.0.0 (location: C:\Users\godho\Downloads\girlswar\_restore_tools\work\spine40_unity6000_probe_20260625_134314\Library\PackageCache\com.unity.modules.assetbundle)
    com.unity.modules.audio@1.0.0 (location: C:\Users\godho\Downloads\girlswar\_restore_tools\work\spine40_unity6000_probe_20260625_134314\Library\PackageCache\com.unity.modules.audio)
    com.unity.modules.cloth@1.0.0 (location: C:\Users\godho\Downloads\girlswar\_restore_tools\work\spine40_unity6000_probe_20260625_134314\Library\PackageCache\com.unity.modules.cloth)
    com.unity.modules.director@1.0.0 (location: C:\Users\godho\Downloads\girlswar\_restore_tools\work\spine40_unity6000_probe_20260625_134314\Library\PackageCache\com.unity.modules.director)
    com.unity.modules.imageconversion@1.0.0 (location: C:\Users\godho\Downloads\girlswar\_restore_tools\work\spine40_unity6000_probe_20260625_134314\Library\PackageCache\com.unity.modules.imageconversion)
    com.unity.modules.imgui@1.0.0 (location: C:\Users\godho\Downloads\girlswar\_restore_tools\work\spine40_unity6000_probe_20260625_134314\Library\PackageCache\com.unity.modules.imgui)
    com.unity.modules.jsonserialize@1.0.0 (location: C:\Users\godho\Downloads\girlswar\_restore_tools\work\spine40_unity6000_probe_20260625_134314\Library\PackageCache\com.unity.modules.jsonserialize)
    com.unity.modules.particlesystem@1.0.0 (location: C:\Users\godho\Downloads\girlswar\_restore_tools\work\spine40_unity6000_probe_20260625_134314\Library\PackageCache\com.unity.modules.particlesystem)
    com.unity.modules.physics@1.0.0 (location: C:\Users\godho\Downloads\girlswar\_restore_tools\work\spine40_unity6000_probe_20260625_134314\Library\PackageCache\com.unity.modules.physics)
    com.unity.modules.physics2d@1.0.0 (location: C:\Users\godho\Downloads\girlswar\_restore_tools\work\spine40_unity6000_probe_20260625_134314\Library\PackageCache\com.unity.modules.physics2d)
    com.unity.modules.screencapture@1.0.0 (location: C:\Users\godho\Downloads\girlswar\_restore_tools\work\spine40_unity6000_probe_20260625_134314\Library\PackageCache\com.unity.modules.screencapture)
    com.unity.modules.terrain@1.0.0 (location: C:\Users\godho\Downloads\girlswar\_restore_tools\work\spine40_unity6000_probe_20260625_134314\Library\PackageCache\com.unity.modules.terrain)
    com.unity.modules.terrainphysics@1.0.0 (location: C:\Users\godho\Downloads\girlswar\_restore_tools\work\spine40_unity6000_probe_20260625_134314\Library\PackageCache\com.unity.modules.terrainphysics)
    com.unity.modules.tilemap@1.0.0 (location: C:\Users\godho\Downloads\girlswar\_restore_tools\work\spine40_unity6000_probe_20260625_134314\Library\PackageCache\com.unity.modules.tilemap)
    com.unity.modules.ui@1.0.0 (location: C:\Users\godho\Downloads\girlswar\_restore_tools\work\spine40_unity6000_probe_20260625_134314\Library\PackageCache\com.unity.modules.ui)
    com.unity.modules.uielements@1.0.0 (location: C:\Users\godho\Downloads\girlswar\_restore_tools\work\spine40_unity6000_probe_20260625_134314\Library\PackageCache\com.unity.modules.uielements)
    com.unity.modules.umbra@1.0.0 (location: C:\Users\godho\Downloads\girlswar\_restore_tools\work\spine40_unity6000_probe_20260625_134314\Library\PackageCache\com.unity.modules.umbra)
    com.unity.modules.unityanalytics@1.0.0 (location: C:\Users\godho\Downloads\girlswar\_restore_tools\work\spine40_unity6000_probe_20260625_134314\Library\PackageCache\com.unity.modules.unityanalytics)
    com.unity.modules.unitywebrequest@1.0.0 (location: C:\Users\godho\Downloads\girlswar\_restore_tools\work\spine40_unity6000_probe_20260625_134314\Library\PackageCache\com.unity.modules.unitywebrequest)
    com.unity.modules.unitywebrequestassetbundle@1.0.0 (location: C:\Users\godho\Downloads\girlswar\_restore_tools\work\spine40_unity6000_probe_20260625_134314\Library\PackageCache\com.unity.modules.unitywebrequestassetbundle)
    com.unity.modules.unitywebrequestaudio@1.0.0 (location: C:\Users\godho\Downloads\girlswar\_restore_tools\work\spine40_unity6000_probe_20260625_134314\Library\PackageCache\com.unity.modules.unitywebrequestaudio)
    com.unity.modules.unitywebrequesttexture@1.0.0 (location: C:\Users\godho\Downloads\girlswar\_restore_tools\work\spine40_unity6000_probe_20260625_134314\Library\PackageCache\com.unity.modules.unitywebrequesttexture)
    com.unity.modules.unitywebrequestwww@1.0.0 (location: C:\Users\godho\Downloads\girlswar\_restore_tools\work\spine40_unity6000_probe_20260625_134314\Library\PackageCache\com.unity.modules.unitywebrequestwww)
    com.unity.modules.vectorgraphics@1.0.0 (location: C:\Users\godho\Downloads\girlswar\_restore_tools\work\spine40_unity6000_probe_20260625_134314\Library\PackageCache\com.unity.modules.vectorgraphics)
    com.unity.modules.vehicles@1.0.0 (location: C:\Users\godho\Downloads\girlswar\_restore_tools\work\spine40_unity6000_probe_20260625_134314\Library\PackageCache\com.unity.modules.vehicles)
    com.unity.modules.video@1.0.0 (location: C:\Users\godho\Downloads\girlswar\_restore_tools\work\spine40_unity6000_probe_20260625_134314\Library\PackageCache\com.unity.modules.video)
    com.unity.modules.vr@1.0.0 (location: C:\Users\godho\Downloads\girlswar\_restore_tools\work\spine40_unity6000_probe_20260625_134314\Library\PackageCache\com.unity.modules.vr)
    com.unity.modules.wind@1.0.0 (location: C:\Users\godho\Downloads\girlswar\_restore_tools\work\spine40_unity6000_probe_20260625_134314\Library\PackageCache\com.unity.modules.wind)
    com.unity.modules.xr@1.0.0 (location: C:\Users\godho\Downloads\girlswar\_restore_tools\work\spine40_unity6000_probe_20260625_134314\Library\PackageCache\com.unity.modules.xr)
    com.unity.ugui@2.0.0 (location: C:\Users\godho\Downloads\girlswar\_restore_tools\work\spine40_unity6000_probe_20260625_134314\Library\PackageCache\com.unity.ugui@1f2d1ab0d950)
    com.unity.modules.subsystems@1.0.0 (location: C:\Users\godho\Downloads\girlswar\_restore_tools\work\spine40_unity6000_probe_20260625_134314\Library\PackageCache\com.unity.modules.subsystems)
    com.unity.modules.hierarchycore@1.0.0 (location: C:\Users\godho\Downloads\girlswar\_restore_tools\work\spine40_unity6000_probe_20260625_134314\Library\PackageCache\com.unity.modules.hierarchycore)
[Subsystems] No new subsystems found in resolved package list.
[Package Manager] Done registering packages in 0.02 seconds
[ScriptCompilation] Requested script compilation because: AssetDatabase observed changes in script compilation related files
Starting: C:\Program Files\Unity\Hub\Editor\6000.4.9f1\Editor\Data\Tools\BuildPipeline\bee_backend.exe --ipc --defer-dag-verification --dagfile="Library/Bee/1900b0aE.dag" --continue-on-failure --profile="Library/Bee/backend1.traceevents" ScriptAssemblies
WorkingDir: C:/Users/godho/Downloads/girlswar/_restore_tools/work/spine40_unity6000_probe_20260625_134314
DisplayProgressbar: Compiling Scripts
ExitCode: 0 Duration: 1s429ms
[268/271    1s] Csc Library/Bee/artifacts/1900b0aE.dag/Assembly-CSharp-Editor.dll (+2 others)
Assets\Editor\GirlsWarSpineProbeHeroAttachCapture.cs(50,17): warning CS0618: 'Object.FindFirstObjectByType<T>()' is obsolete: 'FindFirstObjectByType has been deprecated because it relies on instance ID ordering. Use FindAnyObjectByType instead, which does not depend on ordering.'

Assets\Editor\MainInterfaceSceneBuilder.cs(240,17): warning CS0162: Unreachable code detected

Assets\Editor\MainInterfaceSceneBuilder.cs(282,26): warning CS0618: 'Object.FindFirstObjectByType<T>()' is obsolete: 'FindFirstObjectByType has been deprecated because it relies on instance ID ordering. Use FindAnyObjectByType instead, which does not depend on ordering.'

Assets\Editor\GirlsWarSpineProbeHeroAttachCapture.cs(352,74): warning CS0618: 'FindObjectsSortMode' is obsolete: 'FindObjectsSortMode has been deprecated. Use the FindObjectsByType overloads that do not take a FindObjectsSortMode parameter.'

Assets\Editor\GirlsWarSpineProbeHeroAttachCapture.cs(352,28): warning CS0618: 'Object.FindObjectsByType<T>(FindObjectsSortMode)' is obsolete: 'FindObjectsByType with FindObjectsSortMode parameter has been deprecated. Use FindObjectsByType<T>() or FindObjectsByType<T>(FindObjectsInactive) instead. InstanceID will be replaced in the future with EntityId and previous sort order cannot be maintained.'

Assets\Editor\GirlsWarSpineProbeHeroAttachCapture.cs(417,78): warning CS0618: 'FindObjectsSortMode' is obsolete: 'FindObjectsSortMode has been deprecated. Use the FindObjectsByType overloads that do not take a FindObjectsSortMode parameter.'

Assets\Editor\GirlsWarSpineProbeHeroAttachCapture.cs(417,30): warning CS0618: 'Object.FindObjectsByType<T>(FindObjectsSortMode)' is obsolete: 'FindObjectsByType with FindObjectsSortMode parameter has been deprecated. Use FindObjectsByType<T>() or FindObjectsByType<T>(FindObjectsInactive) instead. InstanceID will be replaced in the future with EntityId and previous sort order cannot be maintained.'

Assets\Editor\GirlsWarSpineProbeHeroAttachCapture.cs(425,78): warning CS0618: 'FindObjectsSortMode' is obsolete: 'FindObjectsSortMode has been deprecated. Use the FindObjectsByType overloads that do not take a FindObjectsSortMode parameter.'

Assets\Editor\GirlsWarSpineProbeHeroAttachCapture.cs(425,30): warning CS0618: 'Object.FindObjectsByType<T>(FindObjectsSortMode)' is obsolete: 'FindObjectsByType with FindObjectsSortMode parameter has been deprecated. Use FindObjectsByType<T>() or FindObjectsByType<T>(FindObjectsInactive) instead. InstanceID will be replaced in the future with EntityId and previous sort order cannot be maintained.'
[269/271    0s] CopyFiles Library/ScriptAssemblies/Assembly-CSharp-Editor.pdb
[270/271    0s] CopyFiles Library/ScriptAssemblies/Assembly-CSharp-Editor.dll
*** Tundra build success (1.40 seconds), 3 items updated, 271 evaluated
Assets\Editor\GirlsWarSpineProbeHeroAttachCapture.cs(50,17): warning CS0618: 'Object.FindFirstObjectByType<T>()' is obsolete: 'FindFirstObjectByType has been deprecated because it relies on instance ID ordering. Use FindAnyObjectByType instead, which does not depend on ordering.'
Assets\Editor\MainInterfaceSceneBuilder.cs(240,17): warning CS0162: Unreachable code detected
Assets\Editor\MainInterfaceSceneBuilder.cs(282,26): warning CS0618: 'Object.FindFirstObjectByType<T>()' is obsolete: 'FindFirstObjectByType has been deprecated because it relies on instance ID ordering. Use FindAnyObjectByType instead, which does not depend on ordering.'
Assets\Editor\GirlsWarSpineProbeHeroAttachCapture.cs(352,74): warning CS0618: 'FindObjectsSortMode' is obsolete: 'FindObjectsSortMode has been deprecated. Use the FindObjectsByType overloads that do not take a FindObjectsSortMode parameter.'
Assets\Editor\GirlsWarSpineProbeHeroAttachCapture.cs(352,28): warning CS0618: 'Object.FindObjectsByType<T>(FindObjectsSortMode)' is obsolete: 'FindObjectsByType with FindObjectsSortMode parameter has been deprecated. Use FindObjectsByType<T>() or FindObjectsByType<T>(FindObjectsInactive) instead. InstanceID will be replaced in the future with EntityId and previous sort order cannot be maintained.'
Assets\Editor\GirlsWarSpineProbeHeroAttachCapture.cs(417,78): warning CS0618: 'FindObjectsSortMode' is obsolete: 'FindObjectsSortMode has been deprecated. Use the FindObjectsByType overloads that do not take a FindObjectsSortMode parameter.'
Assets\Editor\GirlsWarSpineProbeHeroAttachCapture.cs(417,30): warning CS0618: 'Object.FindObjectsByType<T>(FindObjectsSortMode)' is obsolete: 'FindObjectsByType with FindObjectsSortMode parameter has been deprecated. Use FindObjectsByType<T>() or FindObjectsByType<T>(FindObjectsInactive) instead. InstanceID will be replaced in the future with EntityId and previous sort order cannot be maintained.'
Assets\Editor\GirlsWarSpineProbeHeroAttachCapture.cs(425,78): warning CS0618: 'FindObjectsSortMode' is obsolete: 'FindObjectsSortMode has been deprecated. Use the FindObjectsByType overloads that do not take a FindObjectsSortMode parameter.'
Assets\Editor\GirlsWarSpineProbeHeroAttachCapture.cs(425,30): warning CS0618: 'Object.FindObjectsByType<T>(FindObjectsSortMode)' is obsolete: 'FindObjectsByType with FindObjectsSortMode parameter has been deprecated. Use FindObjectsByType<T>() or FindObjectsByType<T>(FindObjectsInactive) instead. InstanceID will be replaced in the future with EntityId and previous sort order cannot be maintained.'
AssetDatabase: script compilation time: 1.741026s
Begin MonoManager ReloadAssembly
Assembly Assembly-CSharp-Editor-firstpass.dll at Library/ScriptAssemblies/Assembly-CSharp-Editor-firstpass.dll not valid. Loading of assembly skipped.
Assembly Assembly-CSharp-firstpass.dll at Library/ScriptAssemblies/Assembly-CSharp-firstpass.dll not valid. Loading of assembly skipped.
Assembly Unity.Multiplayer.Center.Editor.Tests.dll at Library/ScriptAssemblies/Unity.Multiplayer.Center.Editor.Tests.dll not valid. Loading of assembly skipped.
Assembly Unity.Multiplayer.Center.Tests.dll at Library/ScriptAssemblies/Unity.Multiplayer.Center.Tests.dll not valid. Loading of assembly skipped.
Assembly Unity.TextMeshPro.Editor.Tests.dll at Library/ScriptAssemblies/Unity.TextMeshPro.Editor.Tests.dll not valid. Loading of assembly skipped.
Assembly Unity.TextMeshPro.Tests.dll at Library/ScriptAssemblies/Unity.TextMeshPro.Tests.dll not valid. Loading of assembly skipped.
Assembly UnityEditor.UI.Common.Tests.dll at Library/ScriptAssemblies/UnityEditor.UI.Common.Tests.dll not valid. Loading of assembly skipped.
Assembly UnityEditor.UI.EditorTests.dll at Library/ScriptAssemblies/UnityEditor.UI.EditorTests.dll not valid. Loading of assembly skipped.
Assembly UnityEngine.UI.Tests.dll at Library/ScriptAssemblies/UnityEngine.UI.Tests.dll not valid. Loading of assembly skipped.
Native extension for WindowsStandalone target not found
Native extension for WebGL target not found
ScheduleIndexationOnStartup MainProcess:True IndexOnStartup:True
Mono: successfully reloaded assembly
- Finished resetting the current domain, in  0.296 seconds
Domain Reload Profiling: 664ms
	BeginReloadAssembly (275ms)
		DisableScriptedObjects (18ms)
		CreateAndSetChildDomain (141ms)
	RebuildCommonClasses (26ms)
	RebuildNativeTypeToScriptingClass (8ms)
	initialDomainReloadingComplete (29ms)
	LoadAllAssembliesAndSetupDomain (27ms)
		LoadAssemblies (91ms)
		AnalyzeDomain (19ms)
			TypeCache.Refresh (11ms)
				TypeCache.ScanAssembly (7ms)
			BuildScriptInfoCaches (4ms)
	FinalizeReload (298ms)
		SetupLoadedEditorAssemblies (0ms)
			InitializePlatformSupportModulesInManaged (18ms)
			BeforeProcessingInitializeOnLoad (79ms)
			ProcessInitializeOnLoadAttributes (52ms)
			ProcessInitializeOnLoadMethodAttributes (32ms)
			AfterProcessingInitializeOnLoad (7ms)
		AwakeInstancesAfterBackupRestoration (18ms)
(Values over 0.050ms)
Asset Pipeline Refresh (id=93f375fcb83aaac459c1955bd7c7d1e1): Total: 2.631 seconds - Initiated by InitialRefreshV2(ForceSynchronousImport)
	Summary:
		Imports: total=0 (actual=0, local cache=0, cache server=0)
		Asset DB Process Time: managed=0 ms, native=441 ms
		Asset DB Callback time: managed=47 ms, native=19 ms
		Scripting: domain reloads=1, domain reload time=368 ms, compile time=1742 ms, other=11 ms
		Project Asset Count: scripts=339, non-scripts=849
		Asset File Changes: new=0, changed=1, moved=0, deleted=0
		Scan Filter Count: 0
	InvokePackagesCallback: 19.663ms
	ApplyChangesToAssetFolders: 0.616ms
	Scan: 65.228ms
	OnSourceAssetsModified: 0.763ms
	CategorizeScriptCompilationAssets: 1.339ms
	ProcessAssetsWithTransientArtifactChanges: 6.724ms
	CategorizeAssets: 5.186ms
	CompileScripts: 1742.380ms
	ImportOutOfDateAssets: 299.038ms (298.668ms without children)
		UnloadImportedAssets: 0.085ms
		EnsureUptoDateAssetsAreRegisteredWithGuidPM: 0.098ms
		OnDemandSchedulerStart: 0.186ms
	PostProcessAllAssets: 48.377ms
		VCAutoAddAssetPostprocess 0.751ms
		MonoPostProcessAllAssets: 47.255ms
			AssetPostprocessor.OnPostprocessAllAssets 14.504ms
			StyleCatalogPostProcessor.OnPostprocessAllAssets 8.798ms
			WindowAssetPostprocessingWatcher.OnPostprocessAllAssets 4.646ms
			BuilderAssetPostprocessor.OnPostprocessAllAssets 4.020ms
			SpineEditorUtilities.OnPostprocessAllAssets 3.510ms
			AssetChangedListener.OnPostprocessAllAssets 1.082ms
			SyncVS.PostprocessSyncProject 0.959ms
			RetainedModeAssetPostprocessor.OnPostprocessAllAssets 0.810ms
			SpeedTree9Postprocessor.OnPostprocessAllAssets 0.527ms
			TextAssetPostProcessor.OnPostprocessAllAssets 0.400ms
			ArtifactBrowserPostProcessor.OnPostprocessAllAssets 0.335ms
			ReferencedClipsPostProcessor.OnPostprocessAllAssets 0.311ms
			TMPro_TexturePostProcessor.OnPostprocessAllAssets 0.235ms
			AssetEvents.OnPostprocessAllAssets 0.171ms
			AudioMixerPostprocessor.OnPostprocessAllAssets 0.154ms
			TerrainToolbarOverlayPostProcessor.OnPostprocessAllAssets 0.151ms
			ConfigAssetsTracker.OnPostprocessAllAssets 0.135ms
			ScenarioDriftAssetsTracker.OnPostprocessAllAssets 0.132ms
			SpeedTreePostProcessor.OnPostprocessAllAssets 0.114ms
			AssetDatabaseCallbacks.OnPostprocessAllAssets 0.103ms
			RenderPipelineGlobalSettingsPostprocessor.OnPostprocessAllAssets 0.077ms
	PostAssetChangesProfiler: 0.487ms
	UnloadStreamsBegin: 1.151ms
	GenerateScriptTypeHashes: 0.184ms
	GenerateScriptTypeSerializationHashes: 0.400ms
	Untracked: 435.451ms

Application.AssetDatabase Initial Refresh End
Scanning for USB devices : 2.229ms
Initializing Unity extensions:
[MODES] ModeService[none].Initialize
[MODES] ModeService[none].LoadModes
[MODES] Loading mode Default (0) for mode-current-id-girlswar_maininterface_unity
Unloading 47 Unused Serialized files (Serialized files now loaded: 0)
Unloading 700 unused Assets / (5.7 MB). Loaded Objects now: 1286.
Memory consumption went from 115.6 MB to 109.9 MB.
Total: 5.475300 ms (FindLiveObjects: 0.099300 ms CreateObjectMapping: 0.048300 ms MarkObjects: 3.230900 ms  DeleteObjects: 2.093300 ms)

Start importing Assets/RestoreData/route_spine_raw_decode_recovery/Spine_shijieanniu/Spine_shijieanniu.png using Guid(44f52b82cb1b081439b2d3b34d666692) (TextureImporter) -> (Import Result ID: '3dddc34b5279f8caa1a6888d44106fd1') in 0.0262853 seconds [static and dynamic dependencies]. Details - ImportResultOutputID=d54543240f5c65cad41357171f615d62 DependenciesID=ef05b013a05c2487bff7d00cc6058137 StaticDependenciesID=cc7a400a3158980b85a34a797f039f05
Asset Pipeline Refresh (id=5b64cacd41115ec4a92ec6536802e03c): Total: 0.051 seconds - Initiated by StopAssetImportingV2(NoUpdateAssetOptions)
Start importing Assets/RestoreData/route_spine_raw_decode_recovery/Spine_shijieanniu/Spine_shijieanniu.atlas.txt using Guid(fbf49aef70fe8fb4d904fbd2948c1ab1) (TextScriptImporter) -> (Import Result ID: '09e1b56aea5e6137bb499de2696f3d55') in 0.0016964 seconds [static dependencies only]. Details - ImportResultOutputID=323d0062455481210ccc66cd08bfcbf4 DependenciesID=e894db305c42518c823e76ab7c25f7fe StaticDependenciesID=f5ae164dda1daf092084c14bc8fd0be5
Launched and connected shader compiler UnityShaderCompiler.exe after 0.01 seconds
Start importing Assets/RestoreData/route_spine_raw_decode_recovery/Spine_shijieanniu/Spine_shijieanniu_Material.mat using Guid(832e5a6841b60274a984d40827fda3a7) (NativeFormatImporter) -> (Import Result ID: '072027fae173dfa5c00150853b402647') in 0.0015459 seconds [static dependencies only]. Details - ImportResultOutputID=91103dca6a4163ef7dc9a8765e24c655 DependenciesID=9d29164cb54954a71244472c8b240eec StaticDependenciesID=2d754f7905eda0c9d2bcd78012196dad
Start importing Assets/RestoreData/route_spine_raw_decode_recovery/Spine_shijieanniu/Spine_shijieanniu_Atlas.asset using Guid(0748f98e393492b4ab17baecafd16db5) (NativeFormatImporter) -> (Import Result ID: 'a2fb146a9b22e4a401a542aac9c0fe7e') in 0.0011468 seconds [static dependencies only]. Details - ImportResultOutputID=563c95b1e8b89f8f60eb266adcfd7733 DependenciesID=9cad257e6b742462836ca36e86f3cf70 StaticDependenciesID=5db83cf6cae08155649e2e0f91bff330
Spine_shijieanniu_Atlas :: Imported with 1 material
UnityEngine.Debug:ExtractStackTraceNoAlloc (byte*,int,string)
UnityEngine.StackTraceUtility:ExtractStackTrace ()
UnityEngine.DebugLogHandler:Internal_Log (UnityEngine.LogType,UnityEngine.LogOption,string,UnityEngine.Object)
UnityEngine.DebugLogHandler:LogFormat (UnityEngine.LogType,UnityEngine.Object,string,object[])
UnityEngine.Logger:Log (UnityEngine.LogType,object,UnityEngine.Object)
UnityEngine.Debug:Log (object,UnityEngine.Object)
Spine.Unity.Editor.AssetUtility:IngestSpineAtlas (UnityEngine.TextAsset,System.Collections.Generic.List`1<string>) (at Assets/Spine/Editor/spine-unity/Editor/Utility/AssetUtility.cs:618)
Spine.Unity.Editor.AssetUtility:ImportSpineContent (string[],System.Collections.Generic.List`1<string>,bool) (at Assets/Spine/Editor/spine-unity/Editor/Utility/AssetUtility.cs:329)
Spine.Unity.Editor.AssetUtility:HandleOnPostprocessAllAssets (string[],System.Collections.Generic.List`1<string>) (at Assets/Spine/Editor/spine-unity/Editor/Utility/AssetUtility.cs:113)
Spine.Unity.Editor.SpineEditorUtilities:OnPostprocessAllAssets (string[],string[],string[],string[]) (at Assets/Spine/Editor/spine-unity/Editor/Utility/SpineEditorUtilities.cs:98)
System.Reflection.RuntimeMethodInfo:Invoke (object,System.Reflection.BindingFlags,System.Reflection.Binder,object[],System.Globalization.CultureInfo)
System.Reflection.MethodBase:Invoke (object,object[])
UnityEditor.AssetPostprocessingInternal:InvokeMethod (System.Reflection.MethodInfo,object[])
UnityEditor.AssetPostprocessingInternal:PostprocessAllAssets (string[],string[],string[],string[],string[],bool)
UnityEditor.AssetDatabase:ImportAsset (string,UnityEditor.ImportAssetOptions)
GirlsWarRestore.SpineProbeRouteRawDecodeRecovery:TraceSource (string,GirlsWarRestore.SpineProbeRouteRawDecodeRecovery/SourceSpec,GirlsWarRestore.SpineProbeRouteRawDecodeRecovery/RecoveryResult) (at Assets/Editor/GirlsWarSpineProbeRouteRawDecodeRecovery.cs:158)
GirlsWarRestore.SpineProbeRouteRawDecodeRecovery:TraceRawDecodeRecovery () (at Assets/Editor/GirlsWarSpineProbeRouteRawDecodeRecovery.cs:59)

(Filename: Assets/Spine/Editor/spine-unity/Editor/Utility/AssetUtility.cs Line: 618)

Changes to 'Assets/RestoreData/route_spine_raw_decode_recovery/Spine_shijieanniu/Spine_shijieanniu.skel.bytes' or atlas detected. Clearing SkeletonDataAsset: Assets/RestoreData/route_spine_raw_decode_recovery/Spine_shijieanniu/Spine_shijieanniu_SkeletonData.asset
UnityEngine.Debug:ExtractStackTraceNoAlloc (byte*,int,string)
UnityEngine.StackTraceUtility:ExtractStackTrace ()
UnityEngine.DebugLogHandler:Internal_Log (UnityEngine.LogType,UnityEngine.LogOption,string,UnityEngine.Object)
UnityEngine.DebugLogHandler:LogFormat (UnityEngine.LogType,UnityEngine.Object,string,object[])
UnityEngine.Logger:LogFormat (UnityEngine.LogType,string,object[])
UnityEngine.Debug:LogFormat (string,object[])
Spine.Unity.Editor.AssetUtility:ReloadSkeletonData (string,Spine.Unity.SkeletonDataCompatibility/CompatibilityProblemInfo) (at Assets/Spine/Editor/spine-unity/Editor/Utility/AssetUtility.cs:464)
Spine.Unity.Editor.AssetUtility:ImportSpineContent (string[],System.Collections.Generic.List`1<string>,bool) (at Assets/Spine/Editor/spine-unity/Editor/Utility/AssetUtility.cs:345)
Spine.Unity.Editor.AssetUtility:HandleOnPostprocessAllAssets (string[],System.Collections.Generic.List`1<string>) (at Assets/Spine/Editor/spine-unity/Editor/Utility/AssetUtility.cs:113)
Spine.Unity.Editor.SpineEditorUtilities:OnPostprocessAllAssets (string[],string[],string[],string[]) (at Assets/Spine/Editor/spine-unity/Editor/Utility/SpineEditorUtilities.cs:98)
System.Reflection.RuntimeMethodInfo:Invoke (object,System.Reflection.BindingFlags,System.Reflection.Binder,object[],System.Globalization.CultureInfo)
System.Reflection.MethodBase:Invoke (object,object[])
UnityEditor.AssetPostprocessingInternal:InvokeMethod (System.Reflection.MethodInfo,object[])
UnityEditor.AssetPostprocessingInternal:PostprocessAllAssets (string[],string[],string[],string[],string[],bool)
UnityEditor.AssetDatabase:ImportAsset (string,UnityEditor.ImportAssetOptions)
GirlsWarRestore.SpineProbeRouteRawDecodeRecovery:TraceSource (string,GirlsWarRestore.SpineProbeRouteRawDecodeRecovery/SourceSpec,GirlsWarRestore.SpineProbeRouteRawDecodeRecovery/RecoveryResult) (at Assets/Editor/GirlsWarSpineProbeRouteRawDecodeRecovery.cs:158)
GirlsWarRestore.SpineProbeRouteRawDecodeRecovery:TraceRawDecodeRecovery () (at Assets/Editor/GirlsWarSpineProbeRouteRawDecodeRecovery.cs:59)

(Filename: Assets/Spine/Editor/spine-unity/Editor/Utility/AssetUtility.cs Line: 464)

Asset Pipeline Refresh (id=b20f55ebbdc369142b15ba16fb0fc40e): Total: 0.107 seconds - Initiated by StopAssetImportingV2(NoUpdateAssetOptions)
Start importing Assets/RestoreData/route_spine_raw_decode_recovery/Spine_shijieanniu/Spine_shijieanniu.skel.bytes using Guid(16f4852aeebfdcf40a0ff3d8c4dfc326) (TextScriptImporter) -> (Import Result ID: 'cc9e0ed5d80797187c668248b4a56802') in 0.0014263 seconds [static dependencies only]. Details - ImportResultOutputID=6834cc41cfad33f591bf91570619043c DependenciesID=09cb37b23b472c8b24eb3a69d75aa8c8 StaticDependenciesID=9c09ac6abd97113f159f32ecad2f51bf
Changes to 'Assets/RestoreData/route_spine_raw_decode_recovery/Spine_shijieanniu/Spine_shijieanniu.skel.bytes' or atlas detected. Clearing SkeletonDataAsset: Assets/RestoreData/route_spine_raw_decode_recovery/Spine_shijieanniu/Spine_shijieanniu_SkeletonData.asset
UnityEngine.Debug:ExtractStackTraceNoAlloc (byte*,int,string)
UnityEngine.StackTraceUtility:ExtractStackTrace ()
UnityEngine.DebugLogHandler:Internal_Log (UnityEngine.LogType,UnityEngine.LogOption,string,UnityEngine.Object)
UnityEngine.DebugLogHandler:LogFormat (UnityEngine.LogType,UnityEngine.Object,string,object[])
UnityEngine.Logger:LogFormat (UnityEngine.LogType,string,object[])
UnityEngine.Debug:LogFormat (string,object[])
Spine.Unity.Editor.AssetUtility:ReloadSkeletonData (string,Spine.Unity.SkeletonDataCompatibility/CompatibilityProblemInfo) (at Assets/Spine/Editor/spine-unity/Editor/Utility/AssetUtility.cs:464)
Spine.Unity.Editor.AssetUtility:ImportSpineContent (string[],System.Collections.Generic.List`1<string>,bool) (at Assets/Spine/Editor/spine-unity/Editor/Utility/AssetUtility.cs:345)
Spine.Unity.Editor.AssetUtility:HandleOnPostprocessAllAssets (string[],System.Collections.Generic.List`1<string>) (at Assets/Spine/Editor/spine-unity/Editor/Utility/AssetUtility.cs:113)
Spine.Unity.Editor.SpineEditorUtilities:OnPostprocessAllAssets (string[],string[],string[],string[]) (at Assets/Spine/Editor/spine-unity/Editor/Utility/SpineEditorUtilities.cs:98)
System.Reflection.RuntimeMethodInfo:Invoke (object,System.Reflection.BindingFlags,System.Reflection.Binder,object[],System.Globalization.CultureInfo)
System.Reflection.MethodBase:Invoke (object,object[])
UnityEditor.AssetPostprocessingInternal:InvokeMethod (System.Reflection.MethodInfo,object[])
UnityEditor.AssetPostprocessingInternal:PostprocessAllAssets (string[],string[],string[],string[],string[],bool)
UnityEditor.AssetDatabase:ImportAsset (string,UnityEditor.ImportAssetOptions)
GirlsWarRestore.SpineProbeRouteRawDecodeRecovery:TraceSource (string,GirlsWarRestore.SpineProbeRouteRawDecodeRecovery/SourceSpec,GirlsWarRestore.SpineProbeRouteRawDecodeRecovery/RecoveryResult) (at Assets/Editor/GirlsWarSpineProbeRouteRawDecodeRecovery.cs:159)
GirlsWarRestore.SpineProbeRouteRawDecodeRecovery:TraceRawDecodeRecovery () (at Assets/Editor/GirlsWarSpineProbeRouteRawDecodeRecovery.cs:59)

(Filename: Assets/Spine/Editor/spine-unity/Editor/Utility/AssetUtility.cs Line: 464)

Asset Pipeline Refresh (id=c97688b01b3eccd4dbf61ebff1bd97df): Total: 0.019 seconds - Initiated by StopAssetImportingV2(NoUpdateAssetOptions)
Start importing Assets/RestoreData/route_spine_raw_decode_recovery/Spine_shijieanniu/Spine_shijieanniu_Material.mat using Guid(832e5a6841b60274a984d40827fda3a7) (NativeFormatImporter) -> (Import Result ID: '072027fae173dfa5c00150853b402647') in 0.0015112 seconds [static dependencies only]. Details - ImportResultOutputID=91103dca6a4163ef7dc9a8765e24c655 DependenciesID=9d29164cb54954a71244472c8b240eec StaticDependenciesID=2d754f7905eda0c9d2bcd78012196dad
Start importing Assets/RestoreData/route_spine_raw_decode_recovery/Spine_shijieanniu/Spine_shijieanniu_Atlas.asset using Guid(0748f98e393492b4ab17baecafd16db5) (NativeFormatImporter) -> (Import Result ID: 'a2fb146a9b22e4a401a542aac9c0fe7e') in 0.0011972 seconds [static dependencies only]. Details - ImportResultOutputID=563c95b1e8b89f8f60eb266adcfd7733 DependenciesID=9cad257e6b742462836ca36e86f3cf70 StaticDependenciesID=5db83cf6cae08155649e2e0f91bff330
Asset Pipeline Refresh (id=528e10f41f1c9294b93e38fd0427e54f): Total: 0.012 seconds - Initiated by StopAssetImportingV2(NoUpdateAssetOptions)
Spine_shijieanniu_Atlas :: Imported with 1 material
UnityEngine.Debug:ExtractStackTraceNoAlloc (byte*,int,string)
UnityEngine.StackTraceUtility:ExtractStackTrace ()
UnityEngine.DebugLogHandler:Internal_Log (UnityEngine.LogType,UnityEngine.LogOption,string,UnityEngine.Object)
UnityEngine.DebugLogHandler:LogFormat (UnityEngine.LogType,UnityEngine.Object,string,object[])
UnityEngine.Logger:Log (UnityEngine.LogType,object,UnityEngine.Object)
UnityEngine.Debug:Log (object,UnityEngine.Object)
Spine.Unity.Editor.AssetUtility:IngestSpineAtlas (UnityEngine.TextAsset,System.Collections.Generic.List`1<string>) (at Assets/Spine/Editor/spine-unity/Editor/Utility/AssetUtility.cs:618)
Spine.Unity.Editor.AssetUtility:ImportSpineContent (string[],System.Collections.Generic.List`1<string>,bool) (at Assets/Spine/Editor/spine-unity/Editor/Utility/AssetUtility.cs:329)
GirlsWarRestore.SpineProbeRouteRawDecodeRecovery:TraceSource (string,GirlsWarRestore.SpineProbeRouteRawDecodeRecovery/SourceSpec,GirlsWarRestore.SpineProbeRouteRawDecodeRecovery/RecoveryResult) (at Assets/Editor/GirlsWarSpineProbeRouteRawDecodeRecovery.cs:162)
GirlsWarRestore.SpineProbeRouteRawDecodeRecovery:TraceRawDecodeRecovery () (at Assets/Editor/GirlsWarSpineProbeRouteRawDecodeRecovery.cs:59)

(Filename: Assets/Spine/Editor/spine-unity/Editor/Utility/AssetUtility.cs Line: 618)

Asset Pipeline Refresh (id=cca25f6e5ad481449a2124c0602e1597): Total: 0.018 seconds - Initiated by RefreshV2(NoUpdateAssetOptions)
Start importing Assets/RestoreData/route_spine_raw_decode_recovery/8007/8007.png using Guid(80de0fd87e261534aaec67fe76548779) (TextureImporter) -> (Import Result ID: '10a454276b8786c36d6eb104cee98e21') in 0.0049629 seconds [static and dynamic dependencies]. Details - ImportResultOutputID=b71919efcd0e30a870f13a01fc55a3ff DependenciesID=fcccbeae7c617a75be489dae362c500f StaticDependenciesID=e2ba7da3038251d6de91e5533cb24894
Asset Pipeline Refresh (id=05e26929d87e76d488c7579a16b8932a): Total: 0.013 seconds - Initiated by StopAssetImportingV2(NoUpdateAssetOptions)
Start importing Assets/RestoreData/route_spine_raw_decode_recovery/8007/8007.atlas.txt using Guid(487597f788510e247afa2d73c7a3ff08) (TextScriptImporter) -> (Import Result ID: '6b3d55e6fb5534bc880fdf3bde785c00') in 0.0014782 seconds [static dependencies only]. Details - ImportResultOutputID=02916a230c11eef42b7c492e872aa525 DependenciesID=801ab05452d9cd532cb58f8bf41a21e3 StaticDependenciesID=40e87bd9e2a1b312775112655c272fcb
Start importing Assets/RestoreData/route_spine_raw_decode_recovery/8007/8007_Material.mat using Guid(49a1281d29e3c2c4cb057cf73ac1b405) (NativeFormatImporter) -> (Import Result ID: '9725832f88616166ce5f3ed063aa918a') in 0.0014649 seconds [static dependencies only]. Details - ImportResultOutputID=0558dfc03531055b72151efcb1865901 DependenciesID=0ed0cfc811f395a1be2d47da066a133c StaticDependenciesID=8500aa9fc505236096e09e811685b4c7
Start importing Assets/RestoreData/route_spine_raw_decode_recovery/8007/8007_Atlas.asset using Guid(8f05fb4afef911044a71c93809e2c24f) (NativeFormatImporter) -> (Import Result ID: '5ecb8bd75aac7e22016eba3cd6f07442') in 0.0014005 seconds [static dependencies only]. Details - ImportResultOutputID=53329b65493e13e0ccc937d0f479ad1c DependenciesID=19ecedbd1b74b20c3a8ee7876dc4d7c2 StaticDependenciesID=8519275adb58136488039115bd0f86bf
8007_Atlas :: Imported with 1 material
UnityEngine.Debug:ExtractStackTraceNoAlloc (byte*,int,string)
UnityEngine.StackTraceUtility:ExtractStackTrace ()
UnityEngine.DebugLogHandler:Internal_Log (UnityEngine.LogType,UnityEngine.LogOption,string,UnityEngine.Object)
UnityEngine.DebugLogHandler:LogFormat (UnityEngine.LogType,UnityEngine.Object,string,object[])
UnityEngine.Logger:Log (UnityEngine.LogType,object,UnityEngine.Object)
UnityEngine.Debug:Log (object,UnityEngine.Object)
Spine.Unity.Editor.AssetUtility:IngestSpineAtlas (UnityEngine.TextAsset,System.Collections.Generic.List`1<string>) (at Assets/Spine/Editor/spine-unity/Editor/Utility/AssetUtility.cs:618)
Spine.Unity.Editor.AssetUtility:ImportSpineContent (string[],System.Collections.Generic.List`1<string>,bool) (at Assets/Spine/Editor/spine-unity/Editor/Utility/AssetUtility.cs:329)
Spine.Unity.Editor.AssetUtility:HandleOnPostprocessAllAssets (string[],System.Collections.Generic.List`1<string>) (at Assets/Spine/Editor/spine-unity/Editor/Utility/AssetUtility.cs:113)
Spine.Unity.Editor.SpineEditorUtilities:OnPostprocessAllAssets (string[],string[],string[],string[]) (at Assets/Spine/Editor/spine-unity/Editor/Utility/SpineEditorUtilities.cs:98)
System.Reflection.RuntimeMethodInfo:Invoke (object,System.Reflection.BindingFlags,System.Reflection.Binder,object[],System.Globalization.CultureInfo)
System.Reflection.MethodBase:Invoke (object,object[])
UnityEditor.AssetPostprocessingInternal:InvokeMethod (System.Reflection.MethodInfo,object[])
UnityEditor.AssetPostprocessingInternal:PostprocessAllAssets (string[],string[],string[],string[],string[],bool)
UnityEditor.AssetDatabase:ImportAsset (string,UnityEditor.ImportAssetOptions)
GirlsWarRestore.SpineProbeRouteRawDecodeRecovery:TraceSource (string,GirlsWarRestore.SpineProbeRouteRawDecodeRecovery/SourceSpec,GirlsWarRestore.SpineProbeRouteRawDecodeRecovery/RecoveryResult) (at Assets/Editor/GirlsWarSpineProbeRouteRawDecodeRecovery.cs:158)
GirlsWarRestore.SpineProbeRouteRawDecodeRecovery:TraceRawDecodeRecovery () (at Assets/Editor/GirlsWarSpineProbeRouteRawDecodeRecovery.cs:59)

(Filename: Assets/Spine/Editor/spine-unity/Editor/Utility/AssetUtility.cs Line: 618)

Changes to 'Assets/RestoreData/route_spine_raw_decode_recovery/8007/8007.skel.bytes' or atlas detected. Clearing SkeletonDataAsset: Assets/RestoreData/route_spine_raw_decode_recovery/8007/8007_SkeletonData.asset
UnityEngine.Debug:ExtractStackTraceNoAlloc (byte*,int,string)
UnityEngine.StackTraceUtility:ExtractStackTrace ()
UnityEngine.DebugLogHandler:Internal_Log (UnityEngine.LogType,UnityEngine.LogOption,string,UnityEngine.Object)
UnityEngine.DebugLogHandler:LogFormat (UnityEngine.LogType,UnityEngine.Object,string,object[])
UnityEngine.Logger:LogFormat (UnityEngine.LogType,string,object[])
UnityEngine.Debug:LogFormat (string,object[])
Spine.Unity.Editor.AssetUtility:ReloadSkeletonData (string,Spine.Unity.SkeletonDataCompatibility/CompatibilityProblemInfo) (at Assets/Spine/Editor/spine-unity/Editor/Utility/AssetUtility.cs:464)
Spine.Unity.Editor.AssetUtility:ImportSpineContent (string[],System.Collections.Generic.List`1<string>,bool) (at Assets/Spine/Editor/spine-unity/Editor/Utility/AssetUtility.cs:345)
Spine.Unity.Editor.AssetUtility:HandleOnPostprocessAllAssets (string[],System.Collections.Generic.List`1<string>) (at Assets/Spine/Editor/spine-unity/Editor/Utility/AssetUtility.cs:113)
Spine.Unity.Editor.SpineEditorUtilities:OnPostprocessAllAssets (string[],string[],string[],string[]) (at Assets/Spine/Editor/spine-unity/Editor/Utility/SpineEditorUtilities.cs:98)
System.Reflection.RuntimeMethodInfo:Invoke (object,System.Reflection.BindingFlags,System.Reflection.Binder,object[],System.Globalization.CultureInfo)
System.Reflection.MethodBase:Invoke (object,object[])
UnityEditor.AssetPostprocessingInternal:InvokeMethod (System.Reflection.MethodInfo,object[])
UnityEditor.AssetPostprocessingInternal:PostprocessAllAssets (string[],string[],string[],string[],string[],bool)
UnityEditor.AssetDatabase:ImportAsset (string,UnityEditor.ImportAssetOptions)
GirlsWarRestore.SpineProbeRouteRawDecodeRecovery:TraceSource (string,GirlsWarRestore.SpineProbeRouteRawDecodeRecovery/SourceSpec,GirlsWarRestore.SpineProbeRouteRawDecodeRecovery/RecoveryResult) (at Assets/Editor/GirlsWarSpineProbeRouteRawDecodeRecovery.cs:158)
GirlsWarRestore.SpineProbeRouteRawDecodeRecovery:TraceRawDecodeRecovery () (at Assets/Editor/GirlsWarSpineProbeRouteRawDecodeRecovery.cs:59)

(Filename: Assets/Spine/Editor/spine-unity/Editor/Utility/AssetUtility.cs Line: 464)

Asset Pipeline Refresh (id=07fdc455250db9e46b7f266a81c51617): Total: 0.040 seconds - Initiated by StopAssetImportingV2(NoUpdateAssetOptions)
Start importing Assets/RestoreData/route_spine_raw_decode_recovery/8007/8007.skel.bytes using Guid(cf5b2f8e2f48afe4ba1ca01f5c52b476) (TextScriptImporter) -> (Import Result ID: '30874345dd7915b141782b107b234b13') in 0.001636 seconds [static dependencies only]. Details - ImportResultOutputID=3b7c757d478f952c43d319e68b91d7a1 DependenciesID=eee71257b348733d4ef81d1d01b4a533 StaticDependenciesID=ab75964a24306c18a4c8ee1c14068b4f
Changes to 'Assets/RestoreData/route_spine_raw_decode_recovery/8007/8007.skel.bytes' or atlas detected. Clearing SkeletonDataAsset: Assets/RestoreData/route_spine_raw_decode_recovery/8007/8007_SkeletonData.asset
UnityEngine.Debug:ExtractStackTraceNoAlloc (byte*,int,string)
UnityEngine.StackTraceUtility:ExtractStackTrace ()
UnityEngine.DebugLogHandler:Internal_Log (UnityEngine.LogType,UnityEngine.LogOption,string,UnityEngine.Object)
UnityEngine.DebugLogHandler:LogFormat (UnityEngine.LogType,UnityEngine.Object,string,object[])
UnityEngine.Logger:LogFormat (UnityEngine.LogType,string,object[])
UnityEngine.Debug:LogFormat (string,object[])
Spine.Unity.Editor.AssetUtility:ReloadSkeletonData (string,Spine.Unity.SkeletonDataCompatibility/CompatibilityProblemInfo) (at Assets/Spine/Editor/spine-unity/Editor/Utility/AssetUtility.cs:464)
Spine.Unity.Editor.AssetUtility:ImportSpineContent (string[],System.Collections.Generic.List`1<string>,bool) (at Assets/Spine/Editor/spine-unity/Editor/Utility/AssetUtility.cs:345)
Spine.Unity.Editor.AssetUtility:HandleOnPostprocessAllAssets (string[],System.Collections.Generic.List`1<string>) (at Assets/Spine/Editor/spine-unity/Editor/Utility/AssetUtility.cs:113)
Spine.Unity.Editor.SpineEditorUtilities:OnPostprocessAllAssets (string[],string[],string[],string[]) (at Assets/Spine/Editor/spine-unity/Editor/Utility/SpineEditorUtilities.cs:98)
System.Reflection.RuntimeMethodInfo:Invoke (object,System.Reflection.BindingFlags,System.Reflection.Binder,object[],System.Globalization.CultureInfo)
System.Reflection.MethodBase:Invoke (object,object[])
UnityEditor.AssetPostprocessingInternal:InvokeMethod (System.Reflection.MethodInfo,object[])
UnityEditor.AssetPostprocessingInternal:PostprocessAllAssets (string[],string[],string[],string[],string[],bool)
UnityEditor.AssetDatabase:ImportAsset (string,UnityEditor.ImportAssetOptions)
GirlsWarRestore.SpineProbeRouteRawDecodeRecovery:TraceSource (string,GirlsWarRestore.SpineProbeRouteRawDecodeRecovery/SourceSpec,GirlsWarRestore.SpineProbeRouteRawDecodeRecovery/RecoveryResult) (at Assets/Editor/GirlsWarSpineProbeRouteRawDecodeRecovery.cs:159)
GirlsWarRestore.SpineProbeRouteRawDecodeRecovery:TraceRawDecodeRecovery () (at Assets/Editor/GirlsWarSpineProbeRouteRawDecodeRecovery.cs:59)

(Filename: Assets/Spine/Editor/spine-unity/Editor/Utility/AssetUtility.cs Line: 464)

Asset Pipeline Refresh (id=bb6bcdd4ccc4d624b92be2b0609177fd): Total: 0.025 seconds - Initiated by StopAssetImportingV2(NoUpdateAssetOptions)
Start importing Assets/RestoreData/route_spine_raw_decode_recovery/8007/8007_Material.mat using Guid(49a1281d29e3c2c4cb057cf73ac1b405) (NativeFormatImporter) -> (Import Result ID: '9725832f88616166ce5f3ed063aa918a') in 0.0018389 seconds [static dependencies only]. Details - ImportResultOutputID=0558dfc03531055b72151efcb1865901 DependenciesID=0ed0cfc811f395a1be2d47da066a133c StaticDependenciesID=8500aa9fc505236096e09e811685b4c7
Start importing Assets/RestoreData/route_spine_raw_decode_recovery/8007/8007_Atlas.asset using Guid(8f05fb4afef911044a71c93809e2c24f) (NativeFormatImporter) -> (Import Result ID: '5ecb8bd75aac7e22016eba3cd6f07442') in 0.00133 seconds [static dependencies only]. Details - ImportResultOutputID=53329b65493e13e0ccc937d0f479ad1c DependenciesID=19ecedbd1b74b20c3a8ee7876dc4d7c2 StaticDependenciesID=8519275adb58136488039115bd0f86bf
Asset Pipeline Refresh (id=047f5ce9e6673164d83aa7deaccd53af): Total: 0.012 seconds - Initiated by StopAssetImportingV2(NoUpdateAssetOptions)
8007_Atlas :: Imported with 1 material
UnityEngine.Debug:ExtractStackTraceNoAlloc (byte*,int,string)
UnityEngine.StackTraceUtility:ExtractStackTrace ()
UnityEngine.DebugLogHandler:Internal_Log (UnityEngine.LogType,UnityEngine.LogOption,string,UnityEngine.Object)
UnityEngine.DebugLogHandler:LogFormat (UnityEngine.LogType,UnityEngine.Object,string,object[])
UnityEngine.Logger:Log (UnityEngine.LogType,object,UnityEngine.Object)
UnityEngine.Debug:Log (object,UnityEngine.Object)
Spine.Unity.Editor.AssetUtility:IngestSpineAtlas (UnityEngine.TextAsset,System.Collections.Generic.List`1<string>) (at Assets/Spine/Editor/spine-unity/Editor/Utility/AssetUtility.cs:618)
Spine.Unity.Editor.AssetUtility:ImportSpineContent (string[],System.Collections.Generic.List`1<string>,bool) (at Assets/Spine/Editor/spine-unity/Editor/Utility/AssetUtility.cs:329)
GirlsWarRestore.SpineProbeRouteRawDecodeRecovery:TraceSource (string,GirlsWarRestore.SpineProbeRouteRawDecodeRecovery/SourceSpec,GirlsWarRestore.SpineProbeRouteRawDecodeRecovery/RecoveryResult) (at Assets/Editor/GirlsWarSpineProbeRouteRawDecodeRecovery.cs:162)
GirlsWarRestore.SpineProbeRouteRawDecodeRecovery:TraceRawDecodeRecovery () (at Assets/Editor/GirlsWarSpineProbeRouteRawDecodeRecovery.cs:59)

(Filename: Assets/Spine/Editor/spine-unity/Editor/Utility/AssetUtility.cs Line: 618)

Asset Pipeline Refresh (id=538c787371d774342a87ea64a7ccaf3c): Total: 0.008 seconds - Initiated by RefreshV2(NoUpdateAssetOptions)
Start importing Assets/RestoreData/reports/maininterface_route_spinegraphic_runtime_replay_raw_skeleton_decode_recovery_probe.csv using Guid(e086541896e80bd4d8253ca37229c5d9) (TextScriptImporter) -> (Import Result ID: '2350834974a1581e40731cbc3d1733f1') in 0.0017371 seconds [static dependencies only]. Details - ImportResultOutputID=cfe066d7c93aace2680194c550081c3d DependenciesID=961fffff244821d49288da8ee00da1bb StaticDependenciesID=ab5037bc07e179b19f47631b1bcaeb84
Start importing Assets/RestoreData/reports/maininterface_route_spinegraphic_runtime_replay_raw_skeleton_decode_recovery_probe.json using Guid(97646be02cc61be42ba7b0aac6db32d1) (TextScriptImporter) -> (Import Result ID: '588d57749b7fb26f938a7c4c2adf04ed') in 0.0015927 seconds [static dependencies only]. Details - ImportResultOutputID=d8a69224c85ec46aef5eb3cd55a9a445 DependenciesID=f19cb2c19ccf6cb347b1779a82701062 StaticDependenciesID=58d76598b8daf0d3689899829b5ad0fd
Asset Pipeline Refresh (id=1a62a6c9d5c65214c9122837dbd5518a): Total: 0.037 seconds - Initiated by RefreshV2(NoUpdateAssetOptions)
Batchmode quit successfully invoked - shutting down!
[Physics::Module] Cleanup current backend.
[Physics::Module] Id: 0xf2b8ea05
Input System module state changed to: ShutdownInProgress.
Input Polling Thread exited.
Input System module state changed to: Shutdown.
[Licensing::IpcConnector] LicenseClient-godho-notifications channel disconnected successfully.
[Licensing::IpcConnector] LicenseClient-godho channel disconnected successfully.
AcceleratorClientConnectionCallback - disconnected - :0
Cleanup mono
CodeReloadManager destroyed
Exiting batchmode successfully now!
Exiting without the bug reporter. Application will terminate with return code 0