[Licensing::Module] Trying to connect to existing licensing client channel...
Built from '6000.4/staging' branch; Version is '6000.4.9f1 (f7258d6eebbe) revision 16197005'; Using compiler version '194234433'; Build Type 'Release'
[Licensing::IpcConnector] Channel LicenseClient-godho doesn't exist
OS: 'Windows 11  (10.0.26200) Professional' Language: 'ko' Physical Memory: 32022 MB
BatchMode: 1, IsHumanControllingUs: 0, StartBugReporterOnCrash: 0, Is64bit: 1
System  architecture: x64
Process architecture: x64
Date: 2026-06-25T12:24:58Z
[Licensing::Module] Successfully launched the LicensingClient (PId: 32300)

COMMAND LINE ARGUMENTS:
C:\Program Files\Unity\Hub\Editor\6000.4.9f1\Editor\Unity.exe
-batchmode
-nographics
-quit
-accept-apiupdate
-projectPath
C:\Users\godho\Downloads\girlswar\_restore_tools\work\spine40_unity6000_probe_20260625_134314
-executeMethod
GirlsWarRestore.SpineProbeRouteClusterTransform.TraceRouteCluster
-logFile
C:\Users\godho\Downloads\girlswar\reports\maininterface\unity_113_spine_route_cluster_transform_probe.log
Successfully changed project path to: C:\Users\godho\Downloads\girlswar\_restore_tools\work\spine40_unity6000_probe_20260625_134314
C:/Users/godho/Downloads/girlswar/_restore_tools/work/spine40_unity6000_probe_20260625_134314
[UnityMemory] Configuration Parameters - Can be set up in boot.config
    "memorysetup-temp-allocator-size-gi-baking-worker=262144"
    "memorysetup-temp-allocator-size-gi-baking-worker=262144"
    "memorysetup-temp-allocator-size-gi-baking-worker=262144"
    "memorysetup-temp-allocator-size-gi-baking-worker=262144"
    "memorysetup-temp-allocator-size-gi-baking-worker=262144"
    "memorysetup-temp-allocator-size-nav-mesh-worker=65536"
    "memorysetup-temp-allocator-size-audio-worker=65536"
    "memorysetup-temp-allocator-size-cloud-worker=32768"
    "memorysetup-temp-allocator-size-gfx=262144"
    "memorysetup-temp-allocator-size-preload-manager=33554432"
    "memorysetup-temp-allocator-size-job-worker=262144"
    "memorysetup-temp-allocator-size-background-worker=32768"
    "memorysetup-allocator-temp-initial-block-size-main=262144"
    "memorysetup-allocator-temp-initial-block-size-worker=262144"
    "memorysetup-bucket-allocator-granularity=16"
    "memorysetup-bucket-allocator-bucket-count=8"
    "memorysetup-bucket-allocator-block-size=33554432"
    "memorysetup-bucket-allocator-block-count=8"
    "memorysetup-main-allocator-block-size=16777216"
    "memorysetup-thread-allocator-block-size=16777216"
    "memorysetup-gfx-main-allocator-block-size=16777216"
    "memorysetup-gfx-thread-allocator-block-size=16777216"
    "memorysetup-cache-allocator-block-size=4194304"
    "memorysetup-typetree-allocator-block-size=2097152"
    "memorysetup-profiler-bucket-allocator-granularity=16"
    "memorysetup-profiler-bucket-allocator-bucket-count=8"
    "memorysetup-profiler-bucket-allocator-block-size=33554432"
    "memorysetup-profiler-bucket-allocator-block-count=8"
    "memorysetup-profiler-allocator-block-size=16777216"
    "memorysetup-profiler-editor-allocator-block-size=1048576"
    "memorysetup-temp-allocator-size-main=16777216"
    "memorysetup-job-temp-allocator-block-size=2097152"
    "memorysetup-job-temp-allocator-block-size-background=1048576"
    "memorysetup-job-temp-allocator-reduction-small-platforms=262144"
Player connection [22420]  Target information:

Player connection [22420]  * "[IP] 10.10.1.159 [Port] 55505 [Flags] 2 [Guid] 3961000199 [EditorId] 3961000199 [Version] 1048832 [Id] WindowsEditor(7,sjpark) [Debug] 1 [PackageName] WindowsEditor [ProjectName] Editor" 

Player connection [22420]  * "[IP] 172.26.64.1 [Port] 55505 [Flags] 2 [Guid] 3961000199 [EditorId] 3961000199 [Version] 1048832 [Id] WindowsEditor(7,sjpark) [Debug] 1 [PackageName] WindowsEditor [ProjectName] Editor" 

Player connection [22420]  * "[IP] 100.66.239.97 [Port] 55505 [Flags] 2 [Guid] 3961000199 [EditorId] 3961000199 [Version] 1048832 [Id] WindowsEditor(7,sjpark) [Debug] 1 [PackageName] WindowsEditor [ProjectName] Editor" 

Player connection [22420] Host joined multi-casting on [225.0.0.222:54997]...
Player connection [22420] Host joined alternative multi-casting on [225.0.0.222:34997]...
Input System module state changed to: Initialized.
[Physics::Module] Initialized fallback backend.
[Physics::Module] Id: 0xdecafbad
[Licensing::IpcConnector] Successfully connected to: "LicenseClient-godho" at "2026-06-25T12:24:59.3706638Z"
[Package Manager] Connected to IPC stream "Upm-32308" after 0.2 seconds.
[Licensing::Module] Licensing is not yet initialized.
[Licensing::Client] Code 10 while verifying Licensing Client signature (process Id: 32300, path: "C:/Program Files/Unity/Hub/Editor/6000.4.9f1/Editor/Data/Resources/Licensing/Client/Unity.Licensing.Client.exe")
[Licensing::Module] LicensingClient has failed validation; ignoring
[Licensing::Client] Handshaking with LicensingClient:
  Version:                 1.18.1+9fbee8e
  Session Id:              89a2938ed8e247d0b570a289aec0d2aa
  Correlation Id:          057acf5c7ed665a76ad6c39d7b47f33e
  External correlation Id: 9013378948985644525
  Machine Id:              nETCb6mCOTg3uD4qHH44hI9aRsg=
[Licensing::Module] Successfully connected to LicensingClient on channel: "LicenseClient-godho" (connect: 0.37s, validation: 0.04s, handshake: 0.06s)
[Licensing::IpcConnector] Successfully connected to: "LicenseClient-godho-notifications" at "2026-06-25T12:24:59.472249Z"
[Licensing::Module] Connected to LicensingClient (PId: 32300, launch time: 0.01, total connection time: 0.47s)
[Licensing::Module] Error: Access token is unavailable; failed to update
[Licensing::Client] Successfully resolved entitlement details
[Licensing::Module] License group:
  Id: 14569760011564-UnityPersXXXX
  Product: Unity Personal
  Type: Assigned
  Expiration: Unlimited
[Licensing::Client] Successfully updated license, isAsync: True, time: 0.01
[Licensing::Client] Successfully resolved entitlement details
[Licensing::Module] Licensing Background thread has ended after 0.50s
[Licensing::Module] Licensing is initialized (took 0.12s).
[Licensing::Client] Successfully resolved entitlement details
Library Redirect Path: Library/
[Physics::Module] Selected backend.
[Physics::Module] Name: PhysX
[Physics::Module] Id: 0xf2b8ea05
[Physics::Module] SDK Version: 4.1.2
[Physics::Module] Integration Version: 1.0.0
[Physics::Module] Threading Mode: Multi-Threaded
Artifact Garbage Collection - Removed 1 unused hashed content files
Initialize engine version: 6000.4.9f1 (f7258d6eebbe)
[Subsystems] Discovering subsystems at path C:/Program Files/Unity/Hub/Editor/6000.4.9f1/Editor/Data/Resources/UnitySubsystems
[Subsystems] Discovering subsystems at path C:/Users/godho/Downloads/girlswar/_restore_tools/work/spine40_unity6000_probe_20260625_134314/Assets
Forcing GfxDevice: Null
GfxDevice: creating device client; kGfxThreadingModeNonThreaded
NullGfxDevice:
    Version:  NULL 1.0 [1.0]
    Renderer: Null Device
    Vendor:   Unity Technologies
Initialize mono
Mono path[0] = 'C:/Program Files/Unity/Hub/Editor/6000.4.9f1/Editor/Data/Managed'
Mono path[1] = 'C:/Program Files/Unity/Hub/Editor/6000.4.9f1/Editor/Data/MonoBleedingEdge/lib/mono/unityjit-win32'
Mono config path = 'C:/Program Files/Unity/Hub/Editor/6000.4.9f1/Editor/Data/MonoBleedingEdge/etc'
Using monoOptions --debugger-agent=transport=dt_socket,embedding=1,server=y,suspend=n,address=127.0.0.1:56308
CodeReloadManager initialized
Using cacheserver namespaces - metadata:defaultmetadata, artifacts:defaultartifacts
Using cacheserver namespaces - metadata:defaultmetadata, artifacts:defaultartifacts
ImportWorker Server TCP listen port: 0
AcceleratorClientConnectionCallback - disconnected - :0
Begin MonoManager ReloadAssembly
Registering precompiled unity dll's ...
Register platform support module: C:/Program Files/Unity/Hub/Editor/6000.4.9f1/Editor/Data/PlaybackEngines/WebGLSupport/UnityEditor.WebGL.Extensions.dll
Register platform support module: C:/Program Files/Unity/Hub/Editor/6000.4.9f1/Editor/Data/PlaybackEngines/WindowsStandaloneSupport/UnityEditor.WindowsStandalone.Extensions.dll
Registered in 0.002531 seconds.
Native extension for WindowsStandalone target not found
Native extension for WebGL target not found
Package Manager log level set to [2]
ScheduleIndexationOnStartup MainProcess:False IndexOnStartup:False
Mono: successfully reloaded assembly
- Finished resetting the current domain, in  0.268 seconds
Domain Reload Profiling: 600ms
	BeginReloadAssembly (113ms)
		CreateAndSetChildDomain (7ms)
	RebuildCommonClasses (28ms)
	RebuildNativeTypeToScriptingClass (8ms)
	initialDomainReloadingComplete (45ms)
	LoadAllAssembliesAndSetupDomain (138ms)
		LoadAssemblies (103ms)
		AnalyzeDomain (131ms)
			TypeCache.Refresh (129ms)
				TypeCache.ScanAssembly (118ms)
	FinalizeReload (269ms)
		SetupLoadedEditorAssemblies (0ms)
			InitializePlatformSupportModulesInManaged (31ms)
			BeforeProcessingInitializeOnLoad (56ms)
			ProcessInitializeOnLoadAttributes (78ms)
			ProcessInitializeOnLoadMethodAttributes (60ms)
[Licensing::Client] Successfully resolved entitlement details
Application.AssetDatabase Initial Refresh Start
[Package Manager] Restoring resolved packages state from cache
[Licensing::Client] Successfully resolved entitlement details
[Package Manager] Registered 38 packages:
  Built-in packages:
    com.unity.multiplayer.center@1.0.1 (location: C:\Users\godho\Downloads\girlswar\_restore_tools\work\spine40_unity6000_probe_20260625_134314\Library\PackageCache\com.unity.multiplayer.center@f01f4ba8d00a)
    com.unity.modules.accessibility@1.0.0 (location: C:\Users\godho\Downloads\girlswar\_restore_tools\work\spine40_unity6000_probe_20260625_134314\Library\PackageCache\com.unity.modules.accessibility)
    com.unity.modules.adaptiveperformance@1.0.0 (location: C:\Users\godho\Downloads\girlswar\_restore_tools\work\spine40_unity6000_probe_20260625_134314\Library\PackageCache\com.unity.modules.adaptiveperformance)
    com.unity.modules.ai@1.0.0 (location: C:\Users\godho\Downloads\girlswar\_restore_tools\work\spine40_unity6000_probe_20260625_134314\Library\PackageCache\com.unity.modules.ai)
    com.unity.modules.androidjni@1.0.0 (location: C:\Users\godho\Downloads\girlswar\_restore_tools\work\spine40_unity6000_probe_20260625_134314\Library\PackageCache\com.unity.modules.androidjni)
    com.unity.modules.animation@1.0.0 (location: C:\Users\godho\Downloads\girlswar\_restore_tools\work\spine40_unity6000_probe_20260625_134314\Library\PackageCache\com.unity.modules.animation)
    com.unity.modules.assetbundle@1.0.0 (location: C:\Users\godho\Downloads\girlswar\_restore_tools\work\spine40_unity6000_probe_20260625_134314\Library\PackageCache\com.unity.modules.assetbundle)
    com.unity.modules.audio@1.0.0 (location: C:\Users\godho\Downloads\girlswar\_restore_tools\work\spine40_unity6000_probe_20260625_134314\Library\PackageCache\com.unity.modules.audio)
    com.unity.modules.cloth@1.0.0 (location: C:\Users\godho\Downloads\girlswar\_restore_tools\work\spine40_unity6000_probe_20260625_134314\Library\PackageCache\com.unity.modules.cloth)
    com.unity.modules.director@1.0.0 (location: C:\Users\godho\Downloads\girlswar\_restore_tools\work\spine40_unity6000_probe_20260625_134314\Library\PackageCache\com.unity.modules.director)
    com.unity.modules.imageconversion@1.0.0 (location: C:\Users\godho\Downloads\girlswar\_restore_tools\work\spine40_unity6000_probe_20260625_134314\Library\PackageCache\com.unity.modules.imageconversion)
    com.unity.modules.imgui@1.0.0 (location: C:\Users\godho\Downloads\girlswar\_restore_tools\work\spine40_unity6000_probe_20260625_134314\Library\PackageCache\com.unity.modules.imgui)
    com.unity.modules.jsonserialize@1.0.0 (location: C:\Users\godho\Downloads\girlswar\_restore_tools\work\spine40_unity6000_probe_20260625_134314\Library\PackageCache\com.unity.modules.jsonserialize)
    com.unity.modules.particlesystem@1.0.0 (location: C:\Users\godho\Downloads\girlswar\_restore_tools\work\spine40_unity6000_probe_20260625_134314\Library\PackageCache\com.unity.modules.particlesystem)
    com.unity.modules.physics@1.0.0 (location: C:\Users\godho\Downloads\girlswar\_restore_tools\work\spine40_unity6000_probe_20260625_134314\Library\PackageCache\com.unity.modules.physics)
    com.unity.modules.physics2d@1.0.0 (location: C:\Users\godho\Downloads\girlswar\_restore_tools\work\spine40_unity6000_probe_20260625_134314\Library\PackageCache\com.unity.modules.physics2d)
    com.unity.modules.screencapture@1.0.0 (location: C:\Users\godho\Downloads\girlswar\_restore_tools\work\spine40_unity6000_probe_20260625_134314\Library\PackageCache\com.unity.modules.screencapture)
    com.unity.modules.terrain@1.0.0 (location: C:\Users\godho\Downloads\girlswar\_restore_tools\work\spine40_unity6000_probe_20260625_134314\Library\PackageCache\com.unity.modules.terrain)
    com.unity.modules.terrainphysics@1.0.0 (location: C:\Users\godho\Downloads\girlswar\_restore_tools\work\spine40_unity6000_probe_20260625_134314\Library\PackageCache\com.unity.modules.terrainphysics)
    com.unity.modules.tilemap@1.0.0 (location: C:\Users\godho\Downloads\girlswar\_restore_tools\work\spine40_unity6000_probe_20260625_134314\Library\PackageCache\com.unity.modules.tilemap)
    com.unity.modules.ui@1.0.0 (location: C:\Users\godho\Downloads\girlswar\_restore_tools\work\spine40_unity6000_probe_20260625_134314\Library\PackageCache\com.unity.modules.ui)
    com.unity.modules.uielements@1.0.0 (location: C:\Users\godho\Downloads\girlswar\_restore_tools\work\spine40_unity6000_probe_20260625_134314\Library\PackageCache\com.unity.modules.uielements)
    com.unity.modules.umbra@1.0.0 (location: C:\Users\godho\Downloads\girlswar\_restore_tools\work\spine40_unity6000_probe_20260625_134314\Library\PackageCache\com.unity.modules.umbra)
    com.unity.modules.unityanalytics@1.0.0 (location: C:\Users\godho\Downloads\girlswar\_restore_tools\work\spine40_unity6000_probe_20260625_134314\Library\PackageCache\com.unity.modules.unityanalytics)
    com.unity.modules.unitywebrequest@1.0.0 (location: C:\Users\godho\Downloads\girlswar\_restore_tools\work\spine40_unity6000_probe_20260625_134314\Library\PackageCache\com.unity.modules.unitywebrequest)
    com.unity.modules.unitywebrequestassetbundle@1.0.0 (location: C:\Users\godho\Downloads\girlswar\_restore_tools\work\spine40_unity6000_probe_20260625_134314\Library\PackageCache\com.unity.modules.unitywebrequestassetbundle)
    com.unity.modules.unitywebrequestaudio@1.0.0 (location: C:\Users\godho\Downloads\girlswar\_restore_tools\work\spine40_unity6000_probe_20260625_134314\Library\PackageCache\com.unity.modules.unitywebrequestaudio)
    com.unity.modules.unitywebrequesttexture@1.0.0 (location: C:\Users\godho\Downloads\girlswar\_restore_tools\work\spine40_unity6000_probe_20260625_134314\Library\PackageCache\com.unity.modules.unitywebrequesttexture)
    com.unity.modules.unitywebrequestwww@1.0.0 (location: C:\Users\godho\Downloads\girlswar\_restore_tools\work\spine40_unity6000_probe_20260625_134314\Library\PackageCache\com.unity.modules.unitywebrequestwww)
    com.unity.modules.vectorgraphics@1.0.0 (location: C:\Users\godho\Downloads\girlswar\_restore_tools\work\spine40_unity6000_probe_20260625_134314\Library\PackageCache\com.unity.modules.vectorgraphics)
    com.unity.modules.vehicles@1.0.0 (location: C:\Users\godho\Downloads\girlswar\_restore_tools\work\spine40_unity6000_probe_20260625_134314\Library\PackageCache\com.unity.modules.vehicles)
    com.unity.modules.video@1.0.0 (location: C:\Users\godho\Downloads\girlswar\_restore_tools\work\spine40_unity6000_probe_20260625_134314\Library\PackageCache\com.unity.modules.video)
    com.unity.modules.vr@1.0.0 (location: C:\Users\godho\Downloads\girlswar\_restore_tools\work\spine40_unity6000_probe_20260625_134314\Library\PackageCache\com.unity.modules.vr)
    com.unity.modules.wind@1.0.0 (location: C:\Users\godho\Downloads\girlswar\_restore_tools\work\spine40_unity6000_probe_20260625_134314\Library\PackageCache\com.unity.modules.wind)
    com.unity.modules.xr@1.0.0 (location: C:\Users\godho\Downloads\girlswar\_restore_tools\work\spine40_unity6000_probe_20260625_134314\Library\PackageCache\com.unity.modules.xr)
    com.unity.ugui@2.0.0 (location: C:\Users\godho\Downloads\girlswar\_restore_tools\work\spine40_unity6000_probe_20260625_134314\Library\PackageCache\com.unity.ugui@1f2d1ab0d950)
    com.unity.modules.subsystems@1.0.0 (location: C:\Users\godho\Downloads\girlswar\_restore_tools\work\spine40_unity6000_probe_20260625_134314\Library\PackageCache\com.unity.modules.subsystems)
    com.unity.modules.hierarchycore@1.0.0 (location: C:\Users\godho\Downloads\girlswar\_restore_tools\work\spine40_unity6000_probe_20260625_134314\Library\PackageCache\com.unity.modules.hierarchycore)
[Subsystems] No new subsystems found in resolved package list.
[Package Manager] Done registering packages in 0.01 seconds
Starting: C:\Program Files\Unity\Hub\Editor\6000.4.9f1\Editor\Data\Tools\BuildPipeline\bee_backend.exe --ipc --defer-dag-verification --dagfile="Library/Bee/1900b0aE.dag" --continue-on-failure --profile="Library/Bee/backend1.traceevents" ScriptAssemblies
WorkingDir: C:/Users/godho/Downloads/girlswar/_restore_tools/work/spine40_unity6000_probe_20260625_134314
DisplayProgressbar: Compiling Scripts
ExitCode: 0 Duration: 0s75ms
*** Tundra build success (0.05 seconds), 0 items updated, 271 evaluated
AssetDatabase: script compilation time: 0.365230s
Begin MonoManager ReloadAssembly
Assembly Assembly-CSharp-Editor-firstpass.dll at Library/ScriptAssemblies/Assembly-CSharp-Editor-firstpass.dll not valid. Loading of assembly skipped.
Assembly Assembly-CSharp-firstpass.dll at Library/ScriptAssemblies/Assembly-CSharp-firstpass.dll not valid. Loading of assembly skipped.
Assembly Unity.Multiplayer.Center.Editor.Tests.dll at Library/ScriptAssemblies/Unity.Multiplayer.Center.Editor.Tests.dll not valid. Loading of assembly skipped.
Assembly Unity.Multiplayer.Center.Tests.dll at Library/ScriptAssemblies/Unity.Multiplayer.Center.Tests.dll not valid. Loading of assembly skipped.
Assembly Unity.TextMeshPro.Editor.Tests.dll at Library/ScriptAssemblies/Unity.TextMeshPro.Editor.Tests.dll not valid. Loading of assembly skipped.
Assembly Unity.TextMeshPro.Tests.dll at Library/ScriptAssemblies/Unity.TextMeshPro.Tests.dll not valid. Loading of assembly skipped.
Assembly UnityEditor.UI.Common.Tests.dll at Library/ScriptAssemblies/UnityEditor.UI.Common.Tests.dll not valid. Loading of assembly skipped.
Assembly UnityEditor.UI.EditorTests.dll at Library/ScriptAssemblies/UnityEditor.UI.EditorTests.dll not valid. Loading of assembly skipped.
Assembly UnityEngine.UI.Tests.dll at Library/ScriptAssemblies/UnityEngine.UI.Tests.dll not valid. Loading of assembly skipped.
Native extension for WindowsStandalone target not found
Native extension for WebGL target not found
ScheduleIndexationOnStartup MainProcess:True IndexOnStartup:True
Mono: successfully reloaded assembly
- Finished resetting the current domain, in  0.325 seconds
Domain Reload Profiling: 689ms
	BeginReloadAssembly (269ms)
		DisableScriptedObjects (24ms)
		CreateAndSetChildDomain (140ms)
	RebuildCommonClasses (26ms)
	RebuildNativeTypeToScriptingClass (8ms)
	initialDomainReloadingComplete (33ms)
	LoadAllAssembliesAndSetupDomain (28ms)
		LoadAssemblies (88ms)
		AnalyzeDomain (18ms)
			TypeCache.Refresh (11ms)
				TypeCache.ScanAssembly (6ms)
			BuildScriptInfoCaches (4ms)
	FinalizeReload (326ms)
		SetupLoadedEditorAssemblies (0ms)
			InitializePlatformSupportModulesInManaged (17ms)
			BeforeProcessingInitializeOnLoad (80ms)
			ProcessInitializeOnLoadAttributes (55ms)
			ProcessInitializeOnLoadMethodAttributes (32ms)
			AfterProcessingInitializeOnLoad (7ms)
		AwakeInstancesAfterBackupRestoration (19ms)
(Values over 0.050ms)
Asset Pipeline Refresh (id=21d9862388fa7b14b95774e934f79126): Total: 1.270 seconds - Initiated by InitialRefreshV2(ForceSynchronousImport)
	Summary:
		Imports: total=0 (actual=0, local cache=0, cache server=0)
		Asset DB Process Time: managed=0 ms, native=496 ms
		Asset DB Callback time: managed=13 ms, native=15 ms
		Scripting: domain reloads=1, domain reload time=366 ms, compile time=367 ms, other=12 ms
		Project Asset Count: scripts=336, non-scripts=835
		Asset File Changes: new=0, changed=0, moved=0, deleted=0
		Scan Filter Count: 0
	InvokePackagesCallback: 17.118ms
	ApplyChangesToAssetFolders: 0.612ms
	Scan: 89.826ms
	CategorizeScriptCompilationAssets: 1.199ms
	ProcessAssetsWithTransientArtifactChanges: 7.424ms
	CategorizeAssets: 4.861ms
	CompileScripts: 366.595ms
	ImportOutOfDateAssets: 327.084ms (326.724ms without children)
		UnloadImportedAssets: 0.085ms
		EnsureUptoDateAssetsAreRegisteredWithGuidPM: 0.090ms
		OnDemandSchedulerStart: 0.181ms
	PostProcessAllAssets: 13.121ms
		MonoPostProcessAllAssets: 13.059ms
			WindowAssetPostprocessingWatcher.OnPostprocessAllAssets 4.501ms
			SyncVS.PostprocessSyncProject 0.912ms
			SpeedTree9Postprocessor.OnPostprocessAllAssets 0.507ms
			ReferencedClipsPostProcessor.OnPostprocessAllAssets 0.293ms
			AssetDatabaseCallbacks.OnPostprocessAllAssets 0.145ms
			TerrainToolbarOverlayPostProcessor.OnPostprocessAllAssets 0.123ms
			RenderPipelineGlobalSettingsPostprocessor.OnPostprocessAllAssets 0.061ms
	UnloadStreamsBegin: 1.116ms
	GenerateScriptTypeHashes: 0.177ms
	GenerateScriptTypeSerializationHashes: 0.380ms
	Untracked: 436.112ms

Application.AssetDatabase Initial Refresh End
Scanning for USB devices : 2.031ms
Initializing Unity extensions:
[MODES] ModeService[none].Initialize
[MODES] ModeService[none].LoadModes
[MODES] Loading mode Default (0) for mode-current-id-girlswar_maininterface_unity
Unloading 46 Unused Serialized files (Serialized files now loaded: 0)
Unloading 699 unused Assets / (5.7 MB). Loaded Objects now: 1285.
Memory consumption went from 114.4 MB to 108.8 MB.
Total: 5.662300 ms (FindLiveObjects: 0.102500 ms CreateObjectMapping: 0.027400 ms MarkObjects: 3.439100 ms  DeleteObjects: 2.091200 ms)

[GirlsWarRestore][SpineRouteProbe] TraceRouteCluster start
UnityEngine.Debug:ExtractStackTraceNoAlloc (byte*,int,string)
UnityEngine.StackTraceUtility:ExtractStackTrace ()
UnityEngine.DebugLogHandler:Internal_Log (UnityEngine.LogType,UnityEngine.LogOption,string,UnityEngine.Object)
UnityEngine.DebugLogHandler:LogFormat (UnityEngine.LogType,UnityEngine.Object,string,object[])
UnityEngine.Logger:Log (UnityEngine.LogType,object)
UnityEngine.Debug:Log (object)
GirlsWarRestore.SpineProbeRouteClusterTransform:TraceRouteCluster () (at Assets/Editor/GirlsWarSpineProbeRouteClusterTransform.cs:42)

(Filename: Assets/Editor/GirlsWarSpineProbeRouteClusterTransform.cs Line: 42)

Start importing Assets/RestoreData/route_spine_source/maininterface_ext_8/Spine_shijieanniu.png using Guid(8f65e1fb5260d084786f1c70edec1fdd) (TextureImporter) -> (Import Result ID: 'be5abbb71ff7ba8a293f66e24e6736b2') in 0.0240346 seconds [static and dynamic dependencies]. Details - ImportResultOutputID=01cd816d2a1143c634571a3bff8ce670 DependenciesID=6ed8fb902077c8200d9168313701eee8 StaticDependenciesID=445c4b79e0eeb7efc7dd8350c225a1a1 
Asset Pipeline Refresh (id=a37d6807cd8a5d14f8deb9788c9d2006): Total: 0.076 seconds - Initiated by StopAssetImportingV2(NoUpdateAssetOptions)
Start importing Assets/RestoreData/route_spine_source/maininterface_ext_8/Spine_shijieanniu.atlas.txt using Guid(7414439058a98584da6d79d6129d589b) (TextScriptImporter) -> (Import Result ID: 'dd7cdb5af4084d4722d3900a905a8e4c') in 0.0015158 seconds [static dependencies only]. Details - ImportResultOutputID=17faecf9038a15cc3ee5684d16156f9e DependenciesID=b42b104562e0d809982e29d0eb574edd StaticDependenciesID=734ddec413058b23271bb4ad6c825450 
Launched and connected shader compiler UnityShaderCompiler.exe after 0.01 seconds
Start importing Assets/RestoreData/route_spine_source/maininterface_ext_8/Spine_shijieanniu_Material.mat using Guid(b3912667dd355da4ba94cbae9fdd49ca) (NativeFormatImporter) -> (Import Result ID: '97dd81d26e831bf7abaf86ba0572955b') in 0.0016009 seconds [static dependencies only]. Details - ImportResultOutputID=6a47136b06af6f695efedf82d3c00fd4 DependenciesID=c1643be326b676f624b2cc2bb7beb731 StaticDependenciesID=656fdcef72204a1933107c2a43a52aaf 
Start importing Assets/RestoreData/route_spine_source/maininterface_ext_8/Spine_shijieanniu_Atlas.asset using Guid(e9951e00e6a35f54fab585e6b590fb47) (NativeFormatImporter) -> (Import Result ID: 'f19ab22901fe76b5ab6ea40d3b83a40c') in 0.0012917 seconds [static dependencies only]. Details - ImportResultOutputID=38fb5274624d6f8d439e4a1488713d7b DependenciesID=fee98bb6986f885474f15fa7bf2e277c StaticDependenciesID=cfa15c23b625086417af7c11413aee88 
Spine_shijieanniu_Atlas :: Imported with 1 material
UnityEngine.Debug:ExtractStackTraceNoAlloc (byte*,int,string)
UnityEngine.StackTraceUtility:ExtractStackTrace ()
UnityEngine.DebugLogHandler:Internal_Log (UnityEngine.LogType,UnityEngine.LogOption,string,UnityEngine.Object)
UnityEngine.DebugLogHandler:LogFormat (UnityEngine.LogType,UnityEngine.Object,string,object[])
UnityEngine.Logger:Log (UnityEngine.LogType,object,UnityEngine.Object)
UnityEngine.Debug:Log (object,UnityEngine.Object)
Spine.Unity.Editor.AssetUtility:IngestSpineAtlas (UnityEngine.TextAsset,System.Collections.Generic.List`1<string>) (at Assets/Spine/Editor/spine-unity/Editor/Utility/AssetUtility.cs:618)
Spine.Unity.Editor.AssetUtility:ImportSpineContent (string[],System.Collections.Generic.List`1<string>,bool) (at Assets/Spine/Editor/spine-unity/Editor/Utility/AssetUtility.cs:329)
Spine.Unity.Editor.AssetUtility:HandleOnPostprocessAllAssets (string[],System.Collections.Generic.List`1<string>) (at Assets/Spine/Editor/spine-unity/Editor/Utility/AssetUtility.cs:113)
Spine.Unity.Editor.SpineEditorUtilities:OnPostprocessAllAssets (string[],string[],string[],string[]) (at Assets/Spine/Editor/spine-unity/Editor/Utility/SpineEditorUtilities.cs:98)
System.Reflection.RuntimeMethodInfo:Invoke (object,System.Reflection.BindingFlags,System.Reflection.Binder,object[],System.Globalization.CultureInfo)
System.Reflection.MethodBase:Invoke (object,object[])
UnityEditor.AssetPostprocessingInternal:InvokeMethod (System.Reflection.MethodInfo,object[])
UnityEditor.AssetPostprocessingInternal:PostprocessAllAssets (string[],string[],string[],string[],string[],bool)
UnityEditor.AssetDatabase:ImportAsset (string,UnityEditor.ImportAssetOptions)
GirlsWarRestore.SpineProbeRouteClusterTransform:ImportSource (GirlsWarRestore.SpineProbeRouteClusterTransform/SourceSpec) (at Assets/Editor/GirlsWarSpineProbeRouteClusterTransform.cs:108)
GirlsWarRestore.SpineProbeRouteClusterTransform:TraceRouteCluster () (at Assets/Editor/GirlsWarSpineProbeRouteClusterTransform.cs:56)

(Filename: Assets/Spine/Editor/spine-unity/Editor/Utility/AssetUtility.cs Line: 618)

Changes to 'Assets/RestoreData/route_spine_source/maininterface_ext_8/Spine_shijieanniu.skel.bytes' or atlas detected. Clearing SkeletonDataAsset: Assets/RestoreData/route_spine_source/maininterface_ext_8/Spine_shijieanniu_SkeletonData.asset
UnityEngine.Debug:ExtractStackTraceNoAlloc (byte*,int,string)
UnityEngine.StackTraceUtility:ExtractStackTrace ()
UnityEngine.DebugLogHandler:Internal_Log (UnityEngine.LogType,UnityEngine.LogOption,string,UnityEngine.Object)
UnityEngine.DebugLogHandler:LogFormat (UnityEngine.LogType,UnityEngine.Object,string,object[])
UnityEngine.Logger:LogFormat (UnityEngine.LogType,string,object[])
UnityEngine.Debug:LogFormat (string,object[])
Spine.Unity.Editor.AssetUtility:ReloadSkeletonData (string,Spine.Unity.SkeletonDataCompatibility/CompatibilityProblemInfo) (at Assets/Spine/Editor/spine-unity/Editor/Utility/AssetUtility.cs:464)
Spine.Unity.Editor.AssetUtility:ImportSpineContent (string[],System.Collections.Generic.List`1<string>,bool) (at Assets/Spine/Editor/spine-unity/Editor/Utility/AssetUtility.cs:345)
Spine.Unity.Editor.AssetUtility:HandleOnPostprocessAllAssets (string[],System.Collections.Generic.List`1<string>) (at Assets/Spine/Editor/spine-unity/Editor/Utility/AssetUtility.cs:113)
Spine.Unity.Editor.SpineEditorUtilities:OnPostprocessAllAssets (string[],string[],string[],string[]) (at Assets/Spine/Editor/spine-unity/Editor/Utility/SpineEditorUtilities.cs:98)
System.Reflection.RuntimeMethodInfo:Invoke (object,System.Reflection.BindingFlags,System.Reflection.Binder,object[],System.Globalization.CultureInfo)
System.Reflection.MethodBase:Invoke (object,object[])
UnityEditor.AssetPostprocessingInternal:InvokeMethod (System.Reflection.MethodInfo,object[])
UnityEditor.AssetPostprocessingInternal:PostprocessAllAssets (string[],string[],string[],string[],string[],bool)
UnityEditor.AssetDatabase:ImportAsset (string,UnityEditor.ImportAssetOptions)
GirlsWarRestore.SpineProbeRouteClusterTransform:ImportSource (GirlsWarRestore.SpineProbeRouteClusterTransform/SourceSpec) (at Assets/Editor/GirlsWarSpineProbeRouteClusterTransform.cs:108)
GirlsWarRestore.SpineProbeRouteClusterTransform:TraceRouteCluster () (at Assets/Editor/GirlsWarSpineProbeRouteClusterTransform.cs:56)

(Filename: Assets/Spine/Editor/spine-unity/Editor/Utility/AssetUtility.cs Line: 464)

Asset Pipeline Refresh (id=4d21aaecd02c40e4a84f94478fd6583b): Total: 0.100 seconds - Initiated by StopAssetImportingV2(NoUpdateAssetOptions)
Start importing Assets/RestoreData/route_spine_source/maininterface_ext_8/Spine_shijieanniu.skel.bytes using Guid(2ef5b695140d91a4e81c4c972e84ccec) (TextScriptImporter) -> (Import Result ID: '9be6214511d933177e573457408d180a') in 0.0016762 seconds [static dependencies only]. Details - ImportResultOutputID=a2c8d4e4df2159839290398096984794 DependenciesID=bdb5219de14a30220207b730550e9ffa StaticDependenciesID=de4bc3ad45de40e9a812eeb582d16056 
Changes to 'Assets/RestoreData/route_spine_source/maininterface_ext_8/Spine_shijieanniu.skel.bytes' or atlas detected. Clearing SkeletonDataAsset: Assets/RestoreData/route_spine_source/maininterface_ext_8/Spine_shijieanniu_SkeletonData.asset
UnityEngine.Debug:ExtractStackTraceNoAlloc (byte*,int,string)
UnityEngine.StackTraceUtility:ExtractStackTrace ()
UnityEngine.DebugLogHandler:Internal_Log (UnityEngine.LogType,UnityEngine.LogOption,string,UnityEngine.Object)
UnityEngine.DebugLogHandler:LogFormat (UnityEngine.LogType,UnityEngine.Object,string,object[])
UnityEngine.Logger:LogFormat (UnityEngine.LogType,string,object[])
UnityEngine.Debug:LogFormat (string,object[])
Spine.Unity.Editor.AssetUtility:ReloadSkeletonData (string,Spine.Unity.SkeletonDataCompatibility/CompatibilityProblemInfo) (at Assets/Spine/Editor/spine-unity/Editor/Utility/AssetUtility.cs:464)
Spine.Unity.Editor.AssetUtility:ImportSpineContent (string[],System.Collections.Generic.List`1<string>,bool) (at Assets/Spine/Editor/spine-unity/Editor/Utility/AssetUtility.cs:345)
Spine.Unity.Editor.AssetUtility:HandleOnPostprocessAllAssets (string[],System.Collections.Generic.List`1<string>) (at Assets/Spine/Editor/spine-unity/Editor/Utility/AssetUtility.cs:113)
Spine.Unity.Editor.SpineEditorUtilities:OnPostprocessAllAssets (string[],string[],string[],string[]) (at Assets/Spine/Editor/spine-unity/Editor/Utility/SpineEditorUtilities.cs:98)
System.Reflection.RuntimeMethodInfo:Invoke (object,System.Reflection.BindingFlags,System.Reflection.Binder,object[],System.Globalization.CultureInfo)
System.Reflection.MethodBase:Invoke (object,object[])
UnityEditor.AssetPostprocessingInternal:InvokeMethod (System.Reflection.MethodInfo,object[])
UnityEditor.AssetPostprocessingInternal:PostprocessAllAssets (string[],string[],string[],string[],string[],bool)
UnityEditor.AssetDatabase:ImportAsset (string,UnityEditor.ImportAssetOptions)
GirlsWarRestore.SpineProbeRouteClusterTransform:ImportSource (GirlsWarRestore.SpineProbeRouteClusterTransform/SourceSpec) (at Assets/Editor/GirlsWarSpineProbeRouteClusterTransform.cs:108)
GirlsWarRestore.SpineProbeRouteClusterTransform:TraceRouteCluster () (at Assets/Editor/GirlsWarSpineProbeRouteClusterTransform.cs:56)

(Filename: Assets/Spine/Editor/spine-unity/Editor/Utility/AssetUtility.cs Line: 464)

Asset Pipeline Refresh (id=fbcdcc3aba95196478dbd89bcb5a2566): Total: 0.015 seconds - Initiated by StopAssetImportingV2(NoUpdateAssetOptions)
Start importing Assets/RestoreData/route_spine_source/maininterface_ext_8/Spine_shijieanniu_Material.mat using Guid(b3912667dd355da4ba94cbae9fdd49ca) (NativeFormatImporter) -> (Import Result ID: '97dd81d26e831bf7abaf86ba0572955b') in 0.0015427 seconds [static dependencies only]. Details - ImportResultOutputID=6a47136b06af6f695efedf82d3c00fd4 DependenciesID=c1643be326b676f624b2cc2bb7beb731 StaticDependenciesID=656fdcef72204a1933107c2a43a52aaf 
Start importing Assets/RestoreData/route_spine_source/maininterface_ext_8/Spine_shijieanniu_Atlas.asset using Guid(e9951e00e6a35f54fab585e6b590fb47) (NativeFormatImporter) -> (Import Result ID: 'f19ab22901fe76b5ab6ea40d3b83a40c') in 0.0013556 seconds [static dependencies only]. Details - ImportResultOutputID=38fb5274624d6f8d439e4a1488713d7b DependenciesID=fee98bb6986f885474f15fa7bf2e277c StaticDependenciesID=cfa15c23b625086417af7c11413aee88 
Asset Pipeline Refresh (id=16a7f8ff14f1f51428b27896a110046f): Total: 0.011 seconds - Initiated by StopAssetImportingV2(NoUpdateAssetOptions)
Spine_shijieanniu_Atlas :: Imported with 1 material
UnityEngine.Debug:ExtractStackTraceNoAlloc (byte*,int,string)
UnityEngine.StackTraceUtility:ExtractStackTrace ()
UnityEngine.DebugLogHandler:Internal_Log (UnityEngine.LogType,UnityEngine.LogOption,string,UnityEngine.Object)
UnityEngine.DebugLogHandler:LogFormat (UnityEngine.LogType,UnityEngine.Object,string,object[])
UnityEngine.Logger:Log (UnityEngine.LogType,object,UnityEngine.Object)
UnityEngine.Debug:Log (object,UnityEngine.Object)
Spine.Unity.Editor.AssetUtility:IngestSpineAtlas (UnityEngine.TextAsset,System.Collections.Generic.List`1<string>) (at Assets/Spine/Editor/spine-unity/Editor/Utility/AssetUtility.cs:618)
Spine.Unity.Editor.AssetUtility:ImportSpineContent (string[],System.Collections.Generic.List`1<string>,bool) (at Assets/Spine/Editor/spine-unity/Editor/Utility/AssetUtility.cs:329)
GirlsWarRestore.SpineProbeRouteClusterTransform:ImportSource (GirlsWarRestore.SpineProbeRouteClusterTransform/SourceSpec) (at Assets/Editor/GirlsWarSpineProbeRouteClusterTransform.cs:110)
GirlsWarRestore.SpineProbeRouteClusterTransform:TraceRouteCluster () (at Assets/Editor/GirlsWarSpineProbeRouteClusterTransform.cs:56)

(Filename: Assets/Spine/Editor/spine-unity/Editor/Utility/AssetUtility.cs Line: 618)

Asset Pipeline Refresh (id=a84be7cc9b90df14a814674e461fa1cb): Total: 0.008 seconds - Initiated by RefreshV2(NoUpdateAssetOptions)
Start importing Assets/RestoreData/route_spine_source/npcprefabandres_8007/8007.png using Guid(04e870facb77eab4488162cd42abe360) (TextureImporter) -> (Import Result ID: '10e60b766762f7a19ea227d880a8fb9d') in 0.0046291 seconds [static and dynamic dependencies]. Details - ImportResultOutputID=7b5fd75465b3b20404efd945e150d9bb DependenciesID=78da492859fa5e5b30870c38973c58c9 StaticDependenciesID=83083417fd4ecd00c99be48d5101e09f 
Asset Pipeline Refresh (id=f36af973773f381448bc08c429a61e06): Total: 0.013 seconds - Initiated by StopAssetImportingV2(NoUpdateAssetOptions)
Start importing Assets/RestoreData/route_spine_source/npcprefabandres_8007/8007.atlas.txt using Guid(3dc573f1f566b1a4083787ef6e1335a9) (TextScriptImporter) -> (Import Result ID: 'd2add3b7f014795febf4aeeeda163906') in 0.0014405 seconds [static dependencies only]. Details - ImportResultOutputID=3296c8c6d0a3ce1f8737381f89945977 DependenciesID=492c4cac657596f09470357806d4a410 StaticDependenciesID=f67d61c1f98bc915b32d548685e8b148 
Start importing Assets/RestoreData/route_spine_source/npcprefabandres_8007/8007_Material.mat using Guid(e8cc4c9b1b448474e97620cebff06d86) (NativeFormatImporter) -> (Import Result ID: '4bca10e24fbaf422ddb385f73c50c3c4') in 0.0015141 seconds [static dependencies only]. Details - ImportResultOutputID=86dc422dbfd5f5d1ae3fd7748667708c DependenciesID=57021e5e056f554f60499423e521ed11 StaticDependenciesID=fc999b9121c99f5b5198ebc22d692f8c 
Start importing Assets/RestoreData/route_spine_source/npcprefabandres_8007/8007_Atlas.asset using Guid(258ef2daf0a665f4c89eea59a4729c5a) (NativeFormatImporter) -> (Import Result ID: '55756576021dbf925be1f9d3fd170114') in 0.0013463 seconds [static dependencies only]. Details - ImportResultOutputID=a66a5fcc4cfbc0ac69e388cd09fde2ff DependenciesID=c31a85abe48ca1bbd59ba91f63a681e6 StaticDependenciesID=68e0a6185919d0d535d9f54097743a74 
8007_Atlas :: Imported with 1 material
UnityEngine.Debug:ExtractStackTraceNoAlloc (byte*,int,string)
UnityEngine.StackTraceUtility:ExtractStackTrace ()
UnityEngine.DebugLogHandler:Internal_Log (UnityEngine.LogType,UnityEngine.LogOption,string,UnityEngine.Object)
UnityEngine.DebugLogHandler:LogFormat (UnityEngine.LogType,UnityEngine.Object,string,object[])
UnityEngine.Logger:Log (UnityEngine.LogType,object,UnityEngine.Object)
UnityEngine.Debug:Log (object,UnityEngine.Object)
Spine.Unity.Editor.AssetUtility:IngestSpineAtlas (UnityEngine.TextAsset,System.Collections.Generic.List`1<string>) (at Assets/Spine/Editor/spine-unity/Editor/Utility/AssetUtility.cs:618)
Spine.Unity.Editor.AssetUtility:ImportSpineContent (string[],System.Collections.Generic.List`1<string>,bool) (at Assets/Spine/Editor/spine-unity/Editor/Utility/AssetUtility.cs:329)
Spine.Unity.Editor.AssetUtility:HandleOnPostprocessAllAssets (string[],System.Collections.Generic.List`1<string>) (at Assets/Spine/Editor/spine-unity/Editor/Utility/AssetUtility.cs:113)
Spine.Unity.Editor.SpineEditorUtilities:OnPostprocessAllAssets (string[],string[],string[],string[]) (at Assets/Spine/Editor/spine-unity/Editor/Utility/SpineEditorUtilities.cs:98)
System.Reflection.RuntimeMethodInfo:Invoke (object,System.Reflection.BindingFlags,System.Reflection.Binder,object[],System.Globalization.CultureInfo)
System.Reflection.MethodBase:Invoke (object,object[])
UnityEditor.AssetPostprocessingInternal:InvokeMethod (System.Reflection.MethodInfo,object[])
UnityEditor.AssetPostprocessingInternal:PostprocessAllAssets (string[],string[],string[],string[],string[],bool)
UnityEditor.AssetDatabase:ImportAsset (string,UnityEditor.ImportAssetOptions)
GirlsWarRestore.SpineProbeRouteClusterTransform:ImportSource (GirlsWarRestore.SpineProbeRouteClusterTransform/SourceSpec) (at Assets/Editor/GirlsWarSpineProbeRouteClusterTransform.cs:108)
GirlsWarRestore.SpineProbeRouteClusterTransform:TraceRouteCluster () (at Assets/Editor/GirlsWarSpineProbeRouteClusterTransform.cs:56)

(Filename: Assets/Spine/Editor/spine-unity/Editor/Utility/AssetUtility.cs Line: 618)

IndexOutOfRangeException: Index was outside the bounds of the array.
  at Spine.SkeletonBinary.ReadSkeletonData (System.IO.Stream file) [0x001eb] in C:\Users\godho\Downloads\girlswar\_restore_tools\work\spine40_unity6000_probe_20260625_134314\Assets\Spine\Runtime\spine-csharp\SkeletonBinary.cs:175 
  at Spine.Unity.Editor.AssetUtility.AddRequiredAtlasRegionsFromBinary (System.String skeletonDataPath, System.Collections.Generic.List`1[T] requiredPaths) [0x00035] in C:\Users\godho\Downloads\girlswar\_restore_tools\work\spine40_unity6000_probe_20260625_134314\Assets\Spine\Editor\spine-unity\Editor\Utility\AssetUtility.cs:201 
  at Spine.Unity.Editor.AssetUtility.GetRequiredAtlasRegions (System.String skeletonDataPath) [0x0001a] in C:\Users\godho\Downloads\girlswar\_restore_tools\work\spine40_unity6000_probe_20260625_134314\Assets\Spine\Editor\spine-unity\Editor\Utility\AssetUtility.cs:125 
  at Spine.Unity.Editor.AssetUtility.ImportSpineContent (System.String[] imported, System.Collections.Generic.List`1[T] texturesWithoutMetaFile, System.Boolean reimport) [0x00262] in C:\Users\godho\Downloads\girlswar\_restore_tools\work\spine40_unity6000_probe_20260625_134314\Assets\Spine\Editor\spine-unity\Editor\Utility\AssetUtility.cs:364 
  at Spine.Unity.Editor.AssetUtility.HandleOnPostprocessAllAssets (System.String[] imported, System.Collections.Generic.List`1[T] texturesWithoutMetaFile) [0x00027] in C:\Users\godho\Downloads\girlswar\_restore_tools\work\spine40_unity6000_probe_20260625_134314\Assets\Spine\Editor\spine-unity\Editor\Utility\AssetUtility.cs:113 
  at Spine.Unity.Editor.SpineEditorUtilities.OnPostprocessAllAssets (System.String[] imported, System.String[] deleted, System.String[] moved, System.String[] movedFromAssetPaths) [0x00010] in C:\Users\godho\Downloads\girlswar\_restore_tools\work\spine40_unity6000_probe_20260625_134314\Assets\Spine\Editor\spine-unity\Editor\Utility\SpineEditorUtilities.cs:98 
  at (wrapper managed-to-native) System.Reflection.RuntimeMethodInfo.InternalInvoke(System.Reflection.RuntimeMethodInfo,object,object[],System.Exception&)
  at System.Reflection.RuntimeMethodInfo.Invoke (System.Object obj, System.Reflection.BindingFlags invokeAttr, System.Reflection.Binder binder, System.Object[] parameters, System.Globalization.CultureInfo culture) [0x0006a] in <f713e1c3c5f545ce9b1df47230f4f853>:0 
Rethrow as TargetInvocationException: Exception has been thrown by the target of an invocation.
  at System.Reflection.RuntimeMethodInfo.Invoke (System.Object obj, System.Reflection.BindingFlags invokeAttr, System.Reflection.Binder binder, System.Object[] parameters, System.Globalization.CultureInfo culture) [0x00083] in <f713e1c3c5f545ce9b1df47230f4f853>:0 
  at System.Reflection.MethodBase.Invoke (System.Object obj, System.Object[] parameters) [0x00000] in <f713e1c3c5f545ce9b1df47230f4f853>:0 
  at UnityEditor.AssetPostprocessingInternal.InvokeMethod (System.Reflection.MethodInfo method, System.Object[] args) [0x00031] in <d1fb1d0952624d8d8a5f883a28c2a524>:0 
  at UnityEditor.AssetPostprocessingInternal.PostprocessAllAssets (System.String[] importedAssets, System.String[] addedAssets, System.String[] deletedAssets, System.String[] movedAssets, System.String[] movedFromPathAssets, System.Boolean didDomainReload) [0x00104] in <d1fb1d0952624d8d8a5f883a28c2a524>:0 
UnityEngine.DebugLogHandler:Internal_LogException_Injected(Exception, IntPtr)
UnityEngine.DebugLogHandler:Internal_LogException(Exception, Object)
UnityEngine.DebugLogHandler:LogException(Exception, Object)
UnityEngine.Logger:LogException(Exception, Object)
UnityEngine.Debug:LogException(Exception)
UnityEditor.AssetPostprocessingInternal:PostprocessAllAssets(String[], String[], String[], String[], String[], Boolean)
UnityEditor.AssetDatabase:ImportAsset_Injected(ManagedSpanWrapper&, ImportAssetOptions)
UnityEditor.AssetDatabase:ImportAsset(String, ImportAssetOptions)
GirlsWarRestore.SpineProbeRouteClusterTransform:ImportSource(SourceSpec) (at Assets\Editor\GirlsWarSpineProbeRouteClusterTransform.cs:108)
GirlsWarRestore.SpineProbeRouteClusterTransform:TraceRouteCluster() (at Assets\Editor\GirlsWarSpineProbeRouteClusterTransform.cs:56)

(Filename: Assets/Spine/Runtime/spine-csharp/SkeletonBinary.cs Line: 175)

Asset Pipeline Refresh (id=8c40186fce1684943942f43399491c7a): Total: 0.028 seconds - Initiated by StopAssetImportingV2(NoUpdateAssetOptions)
Start importing Assets/RestoreData/route_spine_source/npcprefabandres_8007/8007.skel.bytes using Guid(7e86183f9b617c140890fd4bc2b9efff) (TextScriptImporter) -> (Import Result ID: 'eef80d9a404c108e89437926971824fa') in 0.0019888 seconds [static dependencies only]. Details - ImportResultOutputID=847fae306ef2ae16ee4e264fd40bf78c DependenciesID=e0dc1a4aeadc4b7fd999f62e39cc1fa0 StaticDependenciesID=578648c69286be3fb568c9ad442ad009 
IndexOutOfRangeException: Index was outside the bounds of the array.
  at Spine.SkeletonBinary.ReadSkeletonData (System.IO.Stream file) [0x001eb] in C:\Users\godho\Downloads\girlswar\_restore_tools\work\spine40_unity6000_probe_20260625_134314\Assets\Spine\Runtime\spine-csharp\SkeletonBinary.cs:175 
  at Spine.Unity.Editor.AssetUtility.AddRequiredAtlasRegionsFromBinary (System.String skeletonDataPath, System.Collections.Generic.List`1[T] requiredPaths) [0x00035] in C:\Users\godho\Downloads\girlswar\_restore_tools\work\spine40_unity6000_probe_20260625_134314\Assets\Spine\Editor\spine-unity\Editor\Utility\AssetUtility.cs:201 
  at Spine.Unity.Editor.AssetUtility.GetRequiredAtlasRegions (System.String skeletonDataPath) [0x0001a] in C:\Users\godho\Downloads\girlswar\_restore_tools\work\spine40_unity6000_probe_20260625_134314\Assets\Spine\Editor\spine-unity\Editor\Utility\AssetUtility.cs:125 
  at Spine.Unity.Editor.AssetUtility.ImportSpineContent (System.String[] imported, System.Collections.Generic.List`1[T] texturesWithoutMetaFile, System.Boolean reimport) [0x00262] in C:\Users\godho\Downloads\girlswar\_restore_tools\work\spine40_unity6000_probe_20260625_134314\Assets\Spine\Editor\spine-unity\Editor\Utility\AssetUtility.cs:364 
  at Spine.Unity.Editor.AssetUtility.HandleOnPostprocessAllAssets (System.String[] imported, System.Collections.Generic.List`1[T] texturesWithoutMetaFile) [0x00027] in C:\Users\godho\Downloads\girlswar\_restore_tools\work\spine40_unity6000_probe_20260625_134314\Assets\Spine\Editor\spine-unity\Editor\Utility\AssetUtility.cs:113 
  at Spine.Unity.Editor.SpineEditorUtilities.OnPostprocessAllAssets (System.String[] imported, System.String[] deleted, System.String[] moved, System.String[] movedFromAssetPaths) [0x00010] in C:\Users\godho\Downloads\girlswar\_restore_tools\work\spine40_unity6000_probe_20260625_134314\Assets\Spine\Editor\spine-unity\Editor\Utility\SpineEditorUtilities.cs:98 
  at (wrapper managed-to-native) System.Reflection.RuntimeMethodInfo.InternalInvoke(System.Reflection.RuntimeMethodInfo,object,object[],System.Exception&)
  at System.Reflection.RuntimeMethodInfo.Invoke (System.Object obj, System.Reflection.BindingFlags invokeAttr, System.Reflection.Binder binder, System.Object[] parameters, System.Globalization.CultureInfo culture) [0x0006a] in <f713e1c3c5f545ce9b1df47230f4f853>:0 
Rethrow as TargetInvocationException: Exception has been thrown by the target of an invocation.
  at System.Reflection.RuntimeMethodInfo.Invoke (System.Object obj, System.Reflection.BindingFlags invokeAttr, System.Reflection.Binder binder, System.Object[] parameters, System.Globalization.CultureInfo culture) [0x00083] in <f713e1c3c5f545ce9b1df47230f4f853>:0 
  at System.Reflection.MethodBase.Invoke (System.Object obj, System.Object[] parameters) [0x00000] in <f713e1c3c5f545ce9b1df47230f4f853>:0 
  at UnityEditor.AssetPostprocessingInternal.InvokeMethod (System.Reflection.MethodInfo method, System.Object[] args) [0x00031] in <d1fb1d0952624d8d8a5f883a28c2a524>:0 
  at UnityEditor.AssetPostprocessingInternal.PostprocessAllAssets (System.String[] importedAssets, System.String[] addedAssets, System.String[] deletedAssets, System.String[] movedAssets, System.String[] movedFromPathAssets, System.Boolean didDomainReload) [0x00104] in <d1fb1d0952624d8d8a5f883a28c2a524>:0 
UnityEngine.DebugLogHandler:Internal_LogException_Injected(Exception, IntPtr)
UnityEngine.DebugLogHandler:Internal_LogException(Exception, Object)
UnityEngine.DebugLogHandler:LogException(Exception, Object)
UnityEngine.Logger:LogException(Exception, Object)
UnityEngine.Debug:LogException(Exception)
UnityEditor.AssetPostprocessingInternal:PostprocessAllAssets(String[], String[], String[], String[], String[], Boolean)
UnityEditor.AssetDatabase:ImportAsset_Injected(ManagedSpanWrapper&, ImportAssetOptions)
UnityEditor.AssetDatabase:ImportAsset(String, ImportAssetOptions)
GirlsWarRestore.SpineProbeRouteClusterTransform:ImportSource(SourceSpec) (at Assets\Editor\GirlsWarSpineProbeRouteClusterTransform.cs:108)
GirlsWarRestore.SpineProbeRouteClusterTransform:TraceRouteCluster() (at Assets\Editor\GirlsWarSpineProbeRouteClusterTransform.cs:56)

(Filename: Assets/Spine/Runtime/spine-csharp/SkeletonBinary.cs Line: 175)

Asset Pipeline Refresh (id=e2d06cbf774484c40a3761b6334ed30e): Total: 0.011 seconds - Initiated by StopAssetImportingV2(NoUpdateAssetOptions)
Start importing Assets/RestoreData/route_spine_source/npcprefabandres_8007/8007_Material.mat using Guid(e8cc4c9b1b448474e97620cebff06d86) (NativeFormatImporter) -> (Import Result ID: '4bca10e24fbaf422ddb385f73c50c3c4') in 0.0015416 seconds [static dependencies only]. Details - ImportResultOutputID=86dc422dbfd5f5d1ae3fd7748667708c DependenciesID=57021e5e056f554f60499423e521ed11 StaticDependenciesID=fc999b9121c99f5b5198ebc22d692f8c 
Start importing Assets/RestoreData/route_spine_source/npcprefabandres_8007/8007_Atlas.asset using Guid(258ef2daf0a665f4c89eea59a4729c5a) (NativeFormatImporter) -> (Import Result ID: '55756576021dbf925be1f9d3fd170114') in 0.0012351 seconds [static dependencies only]. Details - ImportResultOutputID=a66a5fcc4cfbc0ac69e388cd09fde2ff DependenciesID=c31a85abe48ca1bbd59ba91f63a681e6 StaticDependenciesID=68e0a6185919d0d535d9f54097743a74 
Asset Pipeline Refresh (id=e1ef1f7ce1a3a6940a83e7fdbcf93a1f): Total: 0.011 seconds - Initiated by StopAssetImportingV2(NoUpdateAssetOptions)
8007_Atlas :: Imported with 1 material
UnityEngine.Debug:ExtractStackTraceNoAlloc (byte*,int,string)
UnityEngine.StackTraceUtility:ExtractStackTrace ()
UnityEngine.DebugLogHandler:Internal_Log (UnityEngine.LogType,UnityEngine.LogOption,string,UnityEngine.Object)
UnityEngine.DebugLogHandler:LogFormat (UnityEngine.LogType,UnityEngine.Object,string,object[])
UnityEngine.Logger:Log (UnityEngine.LogType,object,UnityEngine.Object)
UnityEngine.Debug:Log (object,UnityEngine.Object)
Spine.Unity.Editor.AssetUtility:IngestSpineAtlas (UnityEngine.TextAsset,System.Collections.Generic.List`1<string>) (at Assets/Spine/Editor/spine-unity/Editor/Utility/AssetUtility.cs:618)
Spine.Unity.Editor.AssetUtility:ImportSpineContent (string[],System.Collections.Generic.List`1<string>,bool) (at Assets/Spine/Editor/spine-unity/Editor/Utility/AssetUtility.cs:329)
GirlsWarRestore.SpineProbeRouteClusterTransform:ImportSource (GirlsWarRestore.SpineProbeRouteClusterTransform/SourceSpec) (at Assets/Editor/GirlsWarSpineProbeRouteClusterTransform.cs:110)
GirlsWarRestore.SpineProbeRouteClusterTransform:TraceRouteCluster () (at Assets/Editor/GirlsWarSpineProbeRouteClusterTransform.cs:56)

(Filename: Assets/Spine/Editor/spine-unity/Editor/Utility/AssetUtility.cs Line: 618)

[GirlsWarRestore][SpineRouteProbe] Source blocked key=8007 reason=IndexOutOfRangeException: Index was outside the bounds of the array.
UnityEngine.Debug:ExtractStackTraceNoAlloc (byte*,int,string)
UnityEngine.StackTraceUtility:ExtractStackTrace ()
UnityEngine.DebugLogHandler:Internal_Log (UnityEngine.LogType,UnityEngine.LogOption,string,UnityEngine.Object)
UnityEngine.DebugLogHandler:LogFormat (UnityEngine.LogType,UnityEngine.Object,string,object[])
UnityEngine.Logger:Log (UnityEngine.LogType,object)
UnityEngine.Debug:LogWarning (object)
GirlsWarRestore.SpineProbeRouteClusterTransform:TraceRouteCluster () (at Assets/Editor/GirlsWarSpineProbeRouteClusterTransform.cs:62)

(Filename: Assets/Editor/GirlsWarSpineProbeRouteClusterTransform.cs Line: 62)

Start importing Assets/RestoreData/reports/maininterface_route_spine_slot_bone_animation_transform_probe.json using Guid(298f7ed969e3d5f46aa7fa0f3a02ec98) (TextScriptImporter) -> (Import Result ID: '3696a5ebc70e7aaa5487b1523f4834d4') in 0.0060638 seconds [static dependencies only]. Details - ImportResultOutputID=37b504e4c7744181b046a75bb567f116 DependenciesID=f8cfa8d8a801bf073b0b900e2043bbce StaticDependenciesID=dcd05a87525c1056c609c6401ff1b13f 
Asset Pipeline Refresh (id=4bf381022d740fa469be45a9b4ff6132): Total: 0.039 seconds - Initiated by RefreshV2(NoUpdateAssetOptions)
[GirlsWarRestore][SpineRouteProbe] TraceRouteCluster complete rows=0
UnityEngine.Debug:ExtractStackTraceNoAlloc (byte*,int,string)
UnityEngine.StackTraceUtility:ExtractStackTrace ()
UnityEngine.DebugLogHandler:Internal_Log (UnityEngine.LogType,UnityEngine.LogOption,string,UnityEngine.Object)
UnityEngine.DebugLogHandler:LogFormat (UnityEngine.LogType,UnityEngine.Object,string,object[])
UnityEngine.Logger:Log (UnityEngine.LogType,object)
UnityEngine.Debug:Log (object)
GirlsWarRestore.SpineProbeRouteClusterTransform:TraceRouteCluster () (at Assets/Editor/GirlsWarSpineProbeRouteClusterTransform.cs:72)

(Filename: Assets/Editor/GirlsWarSpineProbeRouteClusterTransform.cs Line: 72)

Batchmode quit successfully invoked - shutting down!
Curl error 42: Callback aborted
[Physics::Module] Cleanup current backend.
[Physics::Module] Id: 0xf2b8ea05
Input System module state changed to: ShutdownInProgress.
Input Polling Thread exited.
Input System module state changed to: Shutdown.
[Licensing::IpcConnector] LicenseClient-godho-notifications channel disconnected successfully.
[Licensing::IpcConnector] LicenseClient-godho channel disconnected successfully.
AcceleratorClientConnectionCallback - disconnected - :0
Cleanup mono
CodeReloadManager destroyed
Exiting batchmode successfully now!
Exiting without the bug reporter. Application will terminate with return code 0