[Licensing::Module] Trying to connect to existing licensing client channel...
Built from '6000.4/staging' branch; Version is '6000.4.9f1 (f7258d6eebbe) revision 16197005'; Using compiler version '194234433'; Build Type 'Release'
[Licensing::IpcConnector] Channel LicenseClient-godho doesn't exist
OS: 'Windows 11  (10.0.26200) Professional' Language: 'ko' Physical Memory: 32022 MB
BatchMode: 1, IsHumanControllingUs: 0, StartBugReporterOnCrash: 0, Is64bit: 1
System  architecture: x64
Process architecture: x64
Date: 2026-06-25T13:37:11Z
[Licensing::Module] Successfully launched the LicensingClient (PId: 32528)

COMMAND LINE ARGUMENTS:
C:\Program Files\Unity\Hub\Editor\6000.4.9f1\Editor\Unity.exe
-batchmode
-quit
-projectPath
C:\Users\godho\Downloads\girlswar\girlswar_maininterface_unity
-executeMethod
GirlsWarRestore.MainInterface118RouteSkeletonGraphicUIMaterialBinder.BindAndCapture
-logFile
C:\Users\godho\Downloads\girlswar\reports\maininterface\unity_118_route_skeletongraphic_ui_material.log
Successfully changed project path to: C:\Users\godho\Downloads\girlswar\girlswar_maininterface_unity
C:/Users/godho/Downloads/girlswar/girlswar_maininterface_unity
[UnityMemory] Configuration Parameters - Can be set up in boot.config
    "memorysetup-temp-allocator-size-gi-baking-worker=262144"
    "memorysetup-temp-allocator-size-gi-baking-worker=262144"
    "memorysetup-temp-allocator-size-gi-baking-worker=262144"
    "memorysetup-temp-allocator-size-gi-baking-worker=262144"
    "memorysetup-temp-allocator-size-gi-baking-worker=262144"
    "memorysetup-temp-allocator-size-nav-mesh-worker=65536"
    "memorysetup-temp-allocator-size-audio-worker=65536"
    "memorysetup-temp-allocator-size-cloud-worker=32768"
    "memorysetup-temp-allocator-size-gfx=262144"
    "memorysetup-temp-allocator-size-preload-manager=33554432"
    "memorysetup-temp-allocator-size-job-worker=262144"
    "memorysetup-temp-allocator-size-background-worker=32768"
    "memorysetup-allocator-temp-initial-block-size-main=262144"
    "memorysetup-allocator-temp-initial-block-size-worker=262144"
    "memorysetup-bucket-allocator-granularity=16"
    "memorysetup-bucket-allocator-bucket-count=8"
    "memorysetup-bucket-allocator-block-size=33554432"
    "memorysetup-bucket-allocator-block-count=8"
    "memorysetup-main-allocator-block-size=16777216"
    "memorysetup-thread-allocator-block-size=16777216"
    "memorysetup-gfx-main-allocator-block-size=16777216"
    "memorysetup-gfx-thread-allocator-block-size=16777216"
    "memorysetup-cache-allocator-block-size=4194304"
    "memorysetup-typetree-allocator-block-size=2097152"
    "memorysetup-profiler-bucket-allocator-granularity=16"
    "memorysetup-profiler-bucket-allocator-bucket-count=8"
    "memorysetup-profiler-bucket-allocator-block-size=33554432"
    "memorysetup-profiler-bucket-allocator-block-count=8"
    "memorysetup-profiler-allocator-block-size=16777216"
    "memorysetup-profiler-editor-allocator-block-size=1048576"
    "memorysetup-temp-allocator-size-main=16777216"
    "memorysetup-job-temp-allocator-block-size=2097152"
    "memorysetup-job-temp-allocator-block-size-background=1048576"
    "memorysetup-job-temp-allocator-reduction-small-platforms=262144"
Player connection [30048]  Target information:

Player connection [30048]  * "[IP] 10.10.1.159 [Port] 55504 [Flags] 2 [Guid] 926496995 [EditorId] 926496995 [Version] 1048832 [Id] WindowsEditor(7,sjpark) [Debug] 1 [PackageName] WindowsEditor [ProjectName] Editor"

Player connection [30048]  * "[IP] 172.26.64.1 [Port] 55504 [Flags] 2 [Guid] 926496995 [EditorId] 926496995 [Version] 1048832 [Id] WindowsEditor(7,sjpark) [Debug] 1 [PackageName] WindowsEditor [ProjectName] Editor"

Player connection [30048]  * "[IP] 100.66.239.97 [Port] 55504 [Flags] 2 [Guid] 926496995 [EditorId] 926496995 [Version] 1048832 [Id] WindowsEditor(7,sjpark) [Debug] 1 [PackageName] WindowsEditor [ProjectName] Editor"

Player connection [30048] Host joined multi-casting on [225.0.0.222:54997]...
Player connection [30048] Host joined alternative multi-casting on [225.0.0.222:34997]...
Input System module state changed to: Initialized.
[Physics::Module] Initialized fallback backend.
[Physics::Module] Id: 0xdecafbad
Starting IPC server.
Waiting for clients to connect on \\.\pipe\Unity-LicenseClient-godho, press Ctrl-C to exit.
[Package Manager] Connected to IPC stream "Upm-35136" after 0.2 seconds.
[Licensing::Module] Licensing is not yet initialized.
[Licensing::IpcConnector] Successfully connected to: "LicenseClient-godho" at "2026-06-25T13:37:12.3081397Z"
[Licensing::Client] Code 10 while verifying Licensing Client signature (process Id: 32528, path: "C:/Program Files/Unity/Hub/Editor/6000.4.9f1/Editor/Data/Resources/Licensing/Client/Unity.Licensing.Client.exe")
[Licensing::Module] LicensingClient has failed validation; ignoring
[Licensing::Client] Handshaking with LicensingClient:
  Version:                 1.18.1+9fbee8e
  Session Id:              26cd27259ab747f98b182b3eb264bed8
  Correlation Id:          08e5684687aa593043ca3bf51a4a3e82
  External correlation Id: 3224579081040904018
  Machine Id:              nETCb6mCOTg3uD4qHH44hI9aRsg=
[Licensing::Module] Successfully connected to LicensingClient on channel: "LicenseClient-godho" (connect: 0.37s, validation: 0.03s, handshake: 0.04s)
[Licensing::IpcConnector] Successfully connected to: "LicenseClient-godho-notifications" at "2026-06-25T13:37:12.3831639Z"
[Licensing::Module] Connected to LicensingClient (PId: 32528, launch time: 0.03, total connection time: 0.45s)
[Licensing::Module] Error: Access token is unavailable; failed to update
[Licensing::Client] Successfully resolved entitlement details
[Licensing::Module] License group:
  Id: 14569760011564-UnityPersXXXX
  Product: Unity Personal
  Type: Assigned
  Expiration: Unlimited
[Licensing::Client] Successfully updated license, isAsync: True, time: 0.01
[Licensing::Client] Successfully resolved entitlement details
[Licensing::Module] Licensing Background thread has ended after 0.49s
[Licensing::Module] Licensing is initialized (took 0.15s).
[Licensing::Client] Successfully resolved entitlement details
Library Redirect Path: Library/
[Physics::Module] Selected backend.
[Physics::Module] Name: PhysX
[Physics::Module] Id: 0xf2b8ea05
[Physics::Module] SDK Version: 4.1.2
[Physics::Module] Integration Version: 1.0.0
[Physics::Module] Threading Mode: Multi-Threaded
Artifact Garbage Collection - Removed 1 unused hashed content files
Initialize engine version: 6000.4.9f1 (f7258d6eebbe)
[Subsystems] Discovering subsystems at path C:/Program Files/Unity/Hub/Editor/6000.4.9f1/Editor/Data/Resources/UnitySubsystems
[Subsystems] Discovering subsystems at path C:/Users/godho/Downloads/girlswar/girlswar_maininterface_unity/Assets
GfxDevice: creating device client; kGfxThreadingModeNonThreaded
d3d12: failed to query info queue interface (0x80004002).
Direct3D:
    Version:         Direct3D 12 [level 12.2]
    Renderer:        Intel(R) Graphics (ID=0x7d67)
    Vendor:          Intel
    VRAM:            18252 MB
    App VRAM Budget: 17484 MB
    Driver:          32.0.101.8425
    Unified Memory Architecture
Initialize mono
Mono path[0] = 'C:/Program Files/Unity/Hub/Editor/6000.4.9f1/Editor/Data/Managed'
Mono path[1] = 'C:/Program Files/Unity/Hub/Editor/6000.4.9f1/Editor/Data/MonoBleedingEdge/lib/mono/unityjit-win32'
Mono config path = 'C:/Program Files/Unity/Hub/Editor/6000.4.9f1/Editor/Data/MonoBleedingEdge/etc'
Using monoOptions --debugger-agent=transport=dt_socket,embedding=1,server=y,suspend=n,address=127.0.0.1:56136
CodeReloadManager initialized
Using cacheserver namespaces - metadata:defaultmetadata, artifacts:defaultartifacts
Using cacheserver namespaces - metadata:defaultmetadata, artifacts:defaultartifacts
ImportWorker Server TCP listen port: 0
AcceleratorClientConnectionCallback - disconnected - :0
Begin MonoManager ReloadAssembly
Registering precompiled unity dll's ...
Register platform support module: C:/Program Files/Unity/Hub/Editor/6000.4.9f1/Editor/Data/PlaybackEngines/WebGLSupport/UnityEditor.WebGL.Extensions.dll
Register platform support module: C:/Program Files/Unity/Hub/Editor/6000.4.9f1/Editor/Data/PlaybackEngines/WindowsStandaloneSupport/UnityEditor.WindowsStandalone.Extensions.dll
Registered in 0.002476 seconds.
Native extension for WindowsStandalone target not found
Native extension for WebGL target not found
Package Manager log level set to [2]
ScheduleIndexationOnStartup MainProcess:False IndexOnStartup:False
Mono: successfully reloaded assembly
- Finished resetting the current domain, in  0.279 seconds
Domain Reload Profiling: 615ms
	BeginReloadAssembly (114ms)
		CreateAndSetChildDomain (16ms)
	RebuildCommonClasses (26ms)
	RebuildNativeTypeToScriptingClass (8ms)
	initialDomainReloadingComplete (47ms)
	LoadAllAssembliesAndSetupDomain (140ms)
		LoadAssemblies (95ms)
		AnalyzeDomain (133ms)
			TypeCache.Refresh (131ms)
				TypeCache.ScanAssembly (120ms)
	FinalizeReload (280ms)
		SetupLoadedEditorAssemblies (0ms)
			InitializePlatformSupportModulesInManaged (32ms)
			BeforeProcessingInitializeOnLoad (57ms)
			ProcessInitializeOnLoadAttributes (78ms)
			ProcessInitializeOnLoadMethodAttributes (70ms)
[Licensing::Client] Successfully resolved entitlement details
Application.AssetDatabase Initial Refresh Start
[Package Manager] Restoring resolved packages state from cache
[Licensing::Client] Successfully resolved entitlement details
[Package Manager] Registered 38 packages:
  Built-in packages:
    com.unity.multiplayer.center@1.0.1 (location: C:\Users\godho\Downloads\girlswar\girlswar_maininterface_unity\Library\PackageCache\com.unity.multiplayer.center@f01f4ba8d00a)
    com.unity.modules.accessibility@1.0.0 (location: C:\Users\godho\Downloads\girlswar\girlswar_maininterface_unity\Library\PackageCache\com.unity.modules.accessibility)
    com.unity.modules.adaptiveperformance@1.0.0 (location: C:\Users\godho\Downloads\girlswar\girlswar_maininterface_unity\Library\PackageCache\com.unity.modules.adaptiveperformance)
    com.unity.modules.ai@1.0.0 (location: C:\Users\godho\Downloads\girlswar\girlswar_maininterface_unity\Library\PackageCache\com.unity.modules.ai)
    com.unity.modules.androidjni@1.0.0 (location: C:\Users\godho\Downloads\girlswar\girlswar_maininterface_unity\Library\PackageCache\com.unity.modules.androidjni)
    com.unity.modules.animation@1.0.0 (location: C:\Users\godho\Downloads\girlswar\girlswar_maininterface_unity\Library\PackageCache\com.unity.modules.animation)
    com.unity.modules.assetbundle@1.0.0 (location: C:\Users\godho\Downloads\girlswar\girlswar_maininterface_unity\Library\PackageCache\com.unity.modules.assetbundle)
    com.unity.modules.audio@1.0.0 (location: C:\Users\godho\Downloads\girlswar\girlswar_maininterface_unity\Library\PackageCache\com.unity.modules.audio)
    com.unity.modules.cloth@1.0.0 (location: C:\Users\godho\Downloads\girlswar\girlswar_maininterface_unity\Library\PackageCache\com.unity.modules.cloth)
    com.unity.modules.director@1.0.0 (location: C:\Users\godho\Downloads\girlswar\girlswar_maininterface_unity\Library\PackageCache\com.unity.modules.director)
    com.unity.modules.imageconversion@1.0.0 (location: C:\Users\godho\Downloads\girlswar\girlswar_maininterface_unity\Library\PackageCache\com.unity.modules.imageconversion)
    com.unity.modules.imgui@1.0.0 (location: C:\Users\godho\Downloads\girlswar\girlswar_maininterface_unity\Library\PackageCache\com.unity.modules.imgui)
    com.unity.modules.jsonserialize@1.0.0 (location: C:\Users\godho\Downloads\girlswar\girlswar_maininterface_unity\Library\PackageCache\com.unity.modules.jsonserialize)
    com.unity.modules.particlesystem@1.0.0 (location: C:\Users\godho\Downloads\girlswar\girlswar_maininterface_unity\Library\PackageCache\com.unity.modules.particlesystem)
    com.unity.modules.physics@1.0.0 (location: C:\Users\godho\Downloads\girlswar\girlswar_maininterface_unity\Library\PackageCache\com.unity.modules.physics)
    com.unity.modules.physics2d@1.0.0 (location: C:\Users\godho\Downloads\girlswar\girlswar_maininterface_unity\Library\PackageCache\com.unity.modules.physics2d)
    com.unity.modules.screencapture@1.0.0 (location: C:\Users\godho\Downloads\girlswar\girlswar_maininterface_unity\Library\PackageCache\com.unity.modules.screencapture)
    com.unity.modules.terrain@1.0.0 (location: C:\Users\godho\Downloads\girlswar\girlswar_maininterface_unity\Library\PackageCache\com.unity.modules.terrain)
    com.unity.modules.terrainphysics@1.0.0 (location: C:\Users\godho\Downloads\girlswar\girlswar_maininterface_unity\Library\PackageCache\com.unity.modules.terrainphysics)
    com.unity.modules.tilemap@1.0.0 (location: C:\Users\godho\Downloads\girlswar\girlswar_maininterface_unity\Library\PackageCache\com.unity.modules.tilemap)
    com.unity.modules.ui@1.0.0 (location: C:\Users\godho\Downloads\girlswar\girlswar_maininterface_unity\Library\PackageCache\com.unity.modules.ui)
    com.unity.modules.uielements@1.0.0 (location: C:\Users\godho\Downloads\girlswar\girlswar_maininterface_unity\Library\PackageCache\com.unity.modules.uielements)
    com.unity.modules.umbra@1.0.0 (location: C:\Users\godho\Downloads\girlswar\girlswar_maininterface_unity\Library\PackageCache\com.unity.modules.umbra)
    com.unity.modules.unityanalytics@1.0.0 (location: C:\Users\godho\Downloads\girlswar\girlswar_maininterface_unity\Library\PackageCache\com.unity.modules.unityanalytics)
    com.unity.modules.unitywebrequest@1.0.0 (location: C:\Users\godho\Downloads\girlswar\girlswar_maininterface_unity\Library\PackageCache\com.unity.modules.unitywebrequest)
    com.unity.modules.unitywebrequestassetbundle@1.0.0 (location: C:\Users\godho\Downloads\girlswar\girlswar_maininterface_unity\Library\PackageCache\com.unity.modules.unitywebrequestassetbundle)
    com.unity.modules.unitywebrequestaudio@1.0.0 (location: C:\Users\godho\Downloads\girlswar\girlswar_maininterface_unity\Library\PackageCache\com.unity.modules.unitywebrequestaudio)
    com.unity.modules.unitywebrequesttexture@1.0.0 (location: C:\Users\godho\Downloads\girlswar\girlswar_maininterface_unity\Library\PackageCache\com.unity.modules.unitywebrequesttexture)
    com.unity.modules.unitywebrequestwww@1.0.0 (location: C:\Users\godho\Downloads\girlswar\girlswar_maininterface_unity\Library\PackageCache\com.unity.modules.unitywebrequestwww)
    com.unity.modules.vectorgraphics@1.0.0 (location: C:\Users\godho\Downloads\girlswar\girlswar_maininterface_unity\Library\PackageCache\com.unity.modules.vectorgraphics)
    com.unity.modules.vehicles@1.0.0 (location: C:\Users\godho\Downloads\girlswar\girlswar_maininterface_unity\Library\PackageCache\com.unity.modules.vehicles)
    com.unity.modules.video@1.0.0 (location: C:\Users\godho\Downloads\girlswar\girlswar_maininterface_unity\Library\PackageCache\com.unity.modules.video)
    com.unity.modules.vr@1.0.0 (location: C:\Users\godho\Downloads\girlswar\girlswar_maininterface_unity\Library\PackageCache\com.unity.modules.vr)
    com.unity.modules.wind@1.0.0 (location: C:\Users\godho\Downloads\girlswar\girlswar_maininterface_unity\Library\PackageCache\com.unity.modules.wind)
    com.unity.modules.xr@1.0.0 (location: C:\Users\godho\Downloads\girlswar\girlswar_maininterface_unity\Library\PackageCache\com.unity.modules.xr)
    com.unity.ugui@2.0.0 (location: C:\Users\godho\Downloads\girlswar\girlswar_maininterface_unity\Library\PackageCache\com.unity.ugui@1f2d1ab0d950)
    com.unity.modules.subsystems@1.0.0 (location: C:\Users\godho\Downloads\girlswar\girlswar_maininterface_unity\Library\PackageCache\com.unity.modules.subsystems)
    com.unity.modules.hierarchycore@1.0.0 (location: C:\Users\godho\Downloads\girlswar\girlswar_maininterface_unity\Library\PackageCache\com.unity.modules.hierarchycore)
[Subsystems] No new subsystems found in resolved package list.
[Package Manager] Done registering packages in 0.01 seconds
[ScriptCompilation] Requested script compilation because: AssetDatabase observed changes in script compilation related files
info: Microsoft.Hosting.Lifetime[14]
      Now listening on: http://localhost:80
info: Microsoft.Hosting.Lifetime[0]
      Application started. Press Ctrl+C to shut down.
info: Microsoft.Hosting.Lifetime[0]
      Hosting environment: Production
info: Microsoft.Hosting.Lifetime[0]
      Content root path: C:\Users\godho\Downloads\girlswar\girlswar_maininterface_unity
info: Microsoft.AspNetCore.Hosting.Diagnostics[1]
      Request starting HTTP/2 POST http://ilpp/UnityILPP.PostProcessing/Ping - application/grpc -
info: Microsoft.AspNetCore.Routing.EndpointMiddleware[0]
      Executing endpoint 'gRPC - /UnityILPP.PostProcessing/Ping'
info: Microsoft.AspNetCore.Routing.EndpointMiddleware[1]
      Executed endpoint 'gRPC - /UnityILPP.PostProcessing/Ping'
info: Microsoft.AspNetCore.Hosting.Diagnostics[2]
      Request finished HTTP/2 POST http://ilpp/UnityILPP.PostProcessing/Ping - 200 - application/grpc 21.2665ms
Starting: C:\Program Files\Unity\Hub\Editor\6000.4.9f1\Editor\Data\Tools\BuildPipeline\bee_backend.exe --ipc --defer-dag-verification --dagfile="Library/Bee/1900b0aE.dag" --continue-on-failure --profile="Library/Bee/backend1.traceevents" ScriptAssemblies
WorkingDir: C:/Users/godho/Downloads/girlswar/girlswar_maininterface_unity
DisplayProgressbar: Compiling Scripts
Starting: C:\Program Files\Unity\Hub\Editor\6000.4.9f1\Editor\Data\netcorerun\netcorerun.exe "C:\Program Files\Unity\Hub\Editor\6000.4.9f1\Editor\Data\Tools\BuildPipeline\ScriptCompilationBuildProgram.exe" "Library/Bee/1900b0aE.dag.json" "Library/Bee/1900b0aE-inputdata.json" "Library\Bee\buildprogram0.traceevents"
WorkingDir: C:/Users/godho/Downloads/girlswar/girlswar_maininterface_unity
ExitCode: 4 Duration: 0s72ms
Rebuilding DAG because FileSignature timestamp changed: Library/Bee/1900b0aE-inputdata.json
*** Tundra requires additional run (0.04 seconds), 0 items updated, 247 evaluated
ExitCode: 0 Duration: 0s215ms
Starting: C:\Program Files\Unity\Hub\Editor\6000.4.9f1\Editor\Data\Tools\BuildPipeline\bee_backend.exe --ipc --defer-dag-verification --dagfile="Library/Bee/1900b0aE.dag" --continue-on-failure --dagfilejson="Library\Bee\1900b0aE.dag.json" --profile="Library/Bee/backend2.traceevents" ScriptAssemblies
WorkingDir: C:/Users/godho/Downloads/girlswar/girlswar_maininterface_unity
ExitCode: 0 Duration: 1s858ms
Finished compiling graph: 250 nodes, 2434 flattened edges (2284 ToBuild, 24 ToUse), maximum node priority 128
[191/247    0s] WriteText Library/Bee/artifacts/1900b0aE.dag/Assembly-CSharp-Editor.rsp
[244/247    1s] Csc Library/Bee/artifacts/1900b0aE.dag/Assembly-CSharp-Editor.dll (+2 others)
Assets\Editor\MainInterfaceSceneBuilder.cs(329,17): warning CS0162: Unreachable code detected

Assets\Editor\MainInterfaceSceneBuilder.cs(378,26): warning CS0618: 'Object.FindFirstObjectByType<T>()' is obsolete: 'FindFirstObjectByType has been deprecated because it relies on instance ID ordering. Use FindAnyObjectByType instead, which does not depend on ordering.'

Assets\Editor\MainInterfaceRouteTmpVariantMaterialAudit.cs(93,111): warning CS0618: 'FindObjectsSortMode' is obsolete: 'FindObjectsSortMode has been deprecated. Use the FindObjectsByType overloads that do not take a FindObjectsSortMode parameter.'

Assets\Editor\MainInterfaceRouteTmpVariantMaterialAudit.cs(93,28): warning CS0618: 'Object.FindObjectsByType<T>(FindObjectsInactive, FindObjectsSortMode)' is obsolete: 'FindObjectsByType with FindObjectsSortMode parameter has been deprecated. Use FindObjectsByType<T>() or FindObjectsByType<T>(FindObjectsInactive) instead. InstanceID will be replaced in the future with EntityId and previous sort order cannot be maintained.'

Assets\Editor\MainInterfaceGuildMainWhitePanelTrace.cs(256,87): warning CS0618: 'Object.GetInstanceID()' is obsolete: 'GetInstanceID is deprecated. Use GetEntityId instead. This will be removed in a future version.'

Assets\Editor\MainInterfaceGuildMainWhitePanelTrace.cs(256,50): warning CS0618: 'Unsupported.GetLocalIdentifierInFile(int)' is obsolete: 'GetLocalIdentifierInFile() is deprecated. Use GetLocalIdentifierInFileForPersistentObject() instead.'

Assets\Editor\MainInterfaceGuildMainWhitePanelTrace.cs(265,91): warning CS0618: 'Object.GetInstanceID()' is obsolete: 'GetInstanceID is deprecated. Use GetEntityId instead. This will be removed in a future version.'

Assets\Editor\MainInterfaceGuildMainWhitePanelTrace.cs(265,54): warning CS0618: 'Unsupported.GetLocalIdentifierInFile(int)' is obsolete: 'GetLocalIdentifierInFile() is deprecated. Use GetLocalIdentifierInFileForPersistentObject() instead.'

Assets\Editor\MainInterfaceRouteLabelRectOverrideRevalidation.cs(104,111): warning CS0618: 'FindObjectsSortMode' is obsolete: 'FindObjectsSortMode has been deprecated. Use the FindObjectsByType overloads that do not take a FindObjectsSortMode parameter.'

Assets\Editor\MainInterfaceRouteLabelRectOverrideRevalidation.cs(104,30): warning CS0618: 'Object.FindObjectsByType<T>(FindObjectsInactive, FindObjectsSortMode)' is obsolete: 'FindObjectsByType with FindObjectsSortMode parameter has been deprecated. Use FindObjectsByType<T>() or FindObjectsByType<T>(FindObjectsInactive) instead. InstanceID will be replaced in the future with EntityId and previous sort order cannot be maintained.'

Assets\Editor\MainInterfaceRouteLabelRectOverrideRevalidation.cs(154,53): warning CS0618: 'TMP_Text.enableWordWrapping' is obsolete: 'The enabledWordWrapping property is now obsolete. Please use the textWrappingMode property instead.'

Assets\Editor\MainInterfaceRouteSkeletonGraphicReplayIntegration.cs(264,104): warning CS0618: 'FindObjectsSortMode' is obsolete: 'FindObjectsSortMode has been deprecated. Use the FindObjectsByType overloads that do not take a FindObjectsSortMode parameter.'

Assets\Editor\MainInterfaceRouteSkeletonGraphicReplayIntegration.cs(264,23): warning CS0618: 'Object.FindObjectsByType<T>(FindObjectsInactive, FindObjectsSortMode)' is obsolete: 'FindObjectsByType with FindObjectsSortMode parameter has been deprecated. Use FindObjectsByType<T>() or FindObjectsByType<T>(FindObjectsInactive) instead. InstanceID will be replaced in the future with EntityId and previous sort order cannot be maintained.'

Assets\Editor\MainInterface116RouteSpineRuntimeBridgeReplay.cs(214,26): warning CS0618: 'Object.FindFirstObjectByType<T>()' is obsolete: 'FindFirstObjectByType has been deprecated because it relies on instance ID ordering. Use FindAnyObjectByType instead, which does not depend on ordering.'

Assets\Editor\MainInterface116RouteSpineRuntimeBridgeReplay.cs(252,112): warning CS0618: 'FindObjectsSortMode' is obsolete: 'FindObjectsSortMode has been deprecated. Use the FindObjectsByType overloads that do not take a FindObjectsSortMode parameter.'

Assets\Editor\MainInterface116RouteSpineRuntimeBridgeReplay.cs(252,37): warning CS0618: 'Object.FindObjectsByType<T>(FindObjectsInactive, FindObjectsSortMode)' is obsolete: 'FindObjectsByType with FindObjectsSortMode parameter has been deprecated. Use FindObjectsByType<T>() or FindObjectsByType<T>(FindObjectsInactive) instead. InstanceID will be replaced in the future with EntityId and previous sort order cannot be maintained.'

Assets\Editor\MainInterface118RouteSkeletonGraphicUIMaterialBinder.cs(278,26): warning CS0618: 'Object.FindFirstObjectByType<T>()' is obsolete: 'FindFirstObjectByType has been deprecated because it relies on instance ID ordering. Use FindAnyObjectByType instead, which does not depend on ordering.'

Assets\Editor\MainInterface118RouteSkeletonGraphicUIMaterialBinder.cs(316,112): warning CS0618: 'FindObjectsSortMode' is obsolete: 'FindObjectsSortMode has been deprecated. Use the FindObjectsByType overloads that do not take a FindObjectsSortMode parameter.'

Assets\Editor\MainInterface118RouteSkeletonGraphicUIMaterialBinder.cs(316,37): warning CS0618: 'Object.FindObjectsByType<T>(FindObjectsInactive, FindObjectsSortMode)' is obsolete: 'FindObjectsByType with FindObjectsSortMode parameter has been deprecated. Use FindObjectsByType<T>() or FindObjectsByType<T>(FindObjectsInactive) instead. InstanceID will be replaced in the future with EntityId and previous sort order cannot be maintained.'

Assets\Editor\MainInterface116RouteSpineRuntimeBridgeReplay.cs(298,104): warning CS0618: 'FindObjectsSortMode' is obsolete: 'FindObjectsSortMode has been deprecated. Use the FindObjectsByType overloads that do not take a FindObjectsSortMode parameter.'

Assets\Editor\MainInterface116RouteSpineRuntimeBridgeReplay.cs(298,23): warning CS0618: 'Object.FindObjectsByType<T>(FindObjectsInactive, FindObjectsSortMode)' is obsolete: 'FindObjectsByType with FindObjectsSortMode parameter has been deprecated. Use FindObjectsByType<T>() or FindObjectsByType<T>(FindObjectsInactive) instead. InstanceID will be replaced in the future with EntityId and previous sort order cannot be maintained.'

Assets\Editor\MainInterfaceSceneBuilder.cs(794,21): warning CS0618: 'TMP_Text.enableWordWrapping' is obsolete: 'The enabledWordWrapping property is now obsolete. Please use the textWrappingMode property instead.'

Assets\Editor\MainInterfaceSceneBuilder.cs(797,21): warning CS0618: 'TMP_Text.enableKerning' is obsolete: 'The "enableKerning" property has been deprecated. Use the "fontFeatures" property to control what features are enabled on the text component.'

Assets\Editor\MainInterface118RouteSkeletonGraphicUIMaterialBinder.cs(365,104): warning CS0618: 'FindObjectsSortMode' is obsolete: 'FindObjectsSortMode has been deprecated. Use the FindObjectsByType overloads that do not take a FindObjectsSortMode parameter.'

Assets\Editor\MainInterface118RouteSkeletonGraphicUIMaterialBinder.cs(365,23): warning CS0618: 'Object.FindObjectsByType<T>(FindObjectsInactive, FindObjectsSortMode)' is obsolete: 'FindObjectsByType with FindObjectsSortMode parameter has been deprecated. Use FindObjectsByType<T>() or FindObjectsByType<T>(FindObjectsInactive) instead. InstanceID will be replaced in the future with EntityId and previous sort order cannot be maintained.'

Assets\Editor\MainInterface117RouteSkeletonGraphicLayoutValidation.cs(233,116): warning CS0618: 'FindObjectsSortMode' is obsolete: 'FindObjectsSortMode has been deprecated. Use the FindObjectsByType overloads that do not take a FindObjectsSortMode parameter.'

Assets\Editor\MainInterface117RouteSkeletonGraphicLayoutValidation.cs(233,35): warning CS0618: 'Object.FindObjectsByType<T>(FindObjectsInactive, FindObjectsSortMode)' is obsolete: 'FindObjectsByType with FindObjectsSortMode parameter has been deprecated. Use FindObjectsByType<T>() or FindObjectsByType<T>(FindObjectsInactive) instead. InstanceID will be replaced in the future with EntityId and previous sort order cannot be maintained.'

Assets\Editor\MainInterface117RouteSkeletonGraphicLayoutValidation.cs(276,97): warning CS0618: 'FindObjectsSortMode' is obsolete: 'FindObjectsSortMode has been deprecated. Use the FindObjectsByType overloads that do not take a FindObjectsSortMode parameter.'

Assets\Editor\MainInterface117RouteSkeletonGraphicLayoutValidation.cs(276,20): warning CS0618: 'Object.FindObjectsByType<T>(FindObjectsInactive, FindObjectsSortMode)' is obsolete: 'FindObjectsByType with FindObjectsSortMode parameter has been deprecated. Use FindObjectsByType<T>() or FindObjectsByType<T>(FindObjectsInactive) instead. InstanceID will be replaced in the future with EntityId and previous sort order cannot be maintained.'

Assets\Editor\MainInterfaceNavigationTargetReferenceTrace.cs(294,73): warning CS0618: 'Object.GetInstanceID()' is obsolete: 'GetInstanceID is deprecated. Use GetEntityId instead. This will be removed in a future version.'

Assets\Editor\MainInterfaceNavigationTargetReferenceTrace.cs(294,36): warning CS0618: 'Unsupported.GetLocalIdentifierInFile(int)' is obsolete: 'GetLocalIdentifierInFile() is deprecated. Use GetLocalIdentifierInFileForPersistentObject() instead.'

Assets\Editor\MainInterfaceNavigationTargetReferenceTrace.cs(305,67): warning CS0618: 'SerializedProperty.objectReferenceInstanceIDValue' is obsolete: 'objectReferenceInstanceIDValue is obsolete. Use objectReferenceEntityIdValue instead'

Assets\Editor\MainInterfaceNavigationTargetReferenceTrace.cs(307,20): warning CS0618: 'SerializedProperty.objectReferenceInstanceIDValue' is obsolete: 'objectReferenceInstanceIDValue is obsolete. Use objectReferenceEntityIdValue instead'

Assets\Editor\MainInterfaceNavigationTargetReferenceTrace.cs(308,32): warning CS0618: 'SerializedProperty.objectReferenceInstanceIDValue' is obsolete: 'objectReferenceInstanceIDValue is obsolete. Use objectReferenceEntityIdValue instead'

Assets\Editor\MainInterface117RouteSkeletonGraphicLayoutValidation.cs(283,26): warning CS0618: 'Object.FindFirstObjectByType<T>()' is obsolete: 'FindFirstObjectByType has been deprecated because it relies on instance ID ordering. Use FindAnyObjectByType instead, which does not depend on ordering.'

Assets\Editor\MainInterface117RouteSkeletonGraphicLayoutValidation.cs(321,112): warning CS0618: 'FindObjectsSortMode' is obsolete: 'FindObjectsSortMode has been deprecated. Use the FindObjectsByType overloads that do not take a FindObjectsSortMode parameter.'

Assets\Editor\MainInterface117RouteSkeletonGraphicLayoutValidation.cs(321,37): warning CS0618: 'Object.FindObjectsByType<T>(FindObjectsInactive, FindObjectsSortMode)' is obsolete: 'FindObjectsByType with FindObjectsSortMode parameter has been deprecated. Use FindObjectsByType<T>() or FindObjectsByType<T>(FindObjectsInactive) instead. InstanceID will be replaced in the future with EntityId and previous sort order cannot be maintained.'

Assets\Editor\MainInterface117RouteSkeletonGraphicLayoutValidation.cs(366,104): warning CS0618: 'FindObjectsSortMode' is obsolete: 'FindObjectsSortMode has been deprecated. Use the FindObjectsByType overloads that do not take a FindObjectsSortMode parameter.'

Assets\Editor\MainInterface117RouteSkeletonGraphicLayoutValidation.cs(366,23): warning CS0618: 'Object.FindObjectsByType<T>(FindObjectsInactive, FindObjectsSortMode)' is obsolete: 'FindObjectsByType with FindObjectsSortMode parameter has been deprecated. Use FindObjectsByType<T>() or FindObjectsByType<T>(FindObjectsInactive) instead. InstanceID will be replaced in the future with EntityId and previous sort order cannot be maintained.'

Assets\Editor\MainInterfaceRouteNonImageRendererEffectRuntimeStateTrace.cs(336,113): warning CS0618: 'FindObjectsSortMode' is obsolete: 'FindObjectsSortMode has been deprecated. Use the FindObjectsByType overloads that do not take a FindObjectsSortMode parameter.'

Assets\Editor\MainInterfaceRouteNonImageRendererEffectRuntimeStateTrace.cs(336,32): warning CS0618: 'Object.FindObjectsByType<T>(FindObjectsInactive, FindObjectsSortMode)' is obsolete: 'FindObjectsByType with FindObjectsSortMode parameter has been deprecated. Use FindObjectsByType<T>() or FindObjectsByType<T>(FindObjectsInactive) instead. InstanceID will be replaced in the future with EntityId and previous sort order cannot be maintained.'
[245/247    0s] CopyFiles Library/ScriptAssemblies/Assembly-CSharp-Editor.pdb
[246/247    0s] CopyFiles Library/ScriptAssemblies/Assembly-CSharp-Editor.dll
*** Tundra build success (1.84 seconds), 4 items updated, 247 evaluated
Assets\Editor\MainInterfaceSceneBuilder.cs(329,17): warning CS0162: Unreachable code detected
Assets\Editor\MainInterfaceSceneBuilder.cs(378,26): warning CS0618: 'Object.FindFirstObjectByType<T>()' is obsolete: 'FindFirstObjectByType has been deprecated because it relies on instance ID ordering. Use FindAnyObjectByType instead, which does not depend on ordering.'
Assets\Editor\MainInterfaceRouteTmpVariantMaterialAudit.cs(93,111): warning CS0618: 'FindObjectsSortMode' is obsolete: 'FindObjectsSortMode has been deprecated. Use the FindObjectsByType overloads that do not take a FindObjectsSortMode parameter.'
Assets\Editor\MainInterfaceRouteTmpVariantMaterialAudit.cs(93,28): warning CS0618: 'Object.FindObjectsByType<T>(FindObjectsInactive, FindObjectsSortMode)' is obsolete: 'FindObjectsByType with FindObjectsSortMode parameter has been deprecated. Use FindObjectsByType<T>() or FindObjectsByType<T>(FindObjectsInactive) instead. InstanceID will be replaced in the future with EntityId and previous sort order cannot be maintained.'
Assets\Editor\MainInterfaceGuildMainWhitePanelTrace.cs(256,87): warning CS0618: 'Object.GetInstanceID()' is obsolete: 'GetInstanceID is deprecated. Use GetEntityId instead. This will be removed in a future version.'
Assets\Editor\MainInterfaceGuildMainWhitePanelTrace.cs(256,50): warning CS0618: 'Unsupported.GetLocalIdentifierInFile(int)' is obsolete: 'GetLocalIdentifierInFile() is deprecated. Use GetLocalIdentifierInFileForPersistentObject() instead.'
Assets\Editor\MainInterfaceGuildMainWhitePanelTrace.cs(265,91): warning CS0618: 'Object.GetInstanceID()' is obsolete: 'GetInstanceID is deprecated. Use GetEntityId instead. This will be removed in a future version.'
Assets\Editor\MainInterfaceGuildMainWhitePanelTrace.cs(265,54): warning CS0618: 'Unsupported.GetLocalIdentifierInFile(int)' is obsolete: 'GetLocalIdentifierInFile() is deprecated. Use GetLocalIdentifierInFileForPersistentObject() instead.'
Assets\Editor\MainInterfaceRouteLabelRectOverrideRevalidation.cs(104,111): warning CS0618: 'FindObjectsSortMode' is obsolete: 'FindObjectsSortMode has been deprecated. Use the FindObjectsByType overloads that do not take a FindObjectsSortMode parameter.'
Assets\Editor\MainInterfaceRouteLabelRectOverrideRevalidation.cs(104,30): warning CS0618: 'Object.FindObjectsByType<T>(FindObjectsInactive, FindObjectsSortMode)' is obsolete: 'FindObjectsByType with FindObjectsSortMode parameter has been deprecated. Use FindObjectsByType<T>() or FindObjectsByType<T>(FindObjectsInactive) instead. InstanceID will be replaced in the future with EntityId and previous sort order cannot be maintained.'
Assets\Editor\MainInterfaceRouteLabelRectOverrideRevalidation.cs(154,53): warning CS0618: 'TMP_Text.enableWordWrapping' is obsolete: 'The enabledWordWrapping property is now obsolete. Please use the textWrappingMode property instead.'
Assets\Editor\MainInterfaceRouteSkeletonGraphicReplayIntegration.cs(264,104): warning CS0618: 'FindObjectsSortMode' is obsolete: 'FindObjectsSortMode has been deprecated. Use the FindObjectsByType overloads that do not take a FindObjectsSortMode parameter.'
Assets\Editor\MainInterfaceRouteSkeletonGraphicReplayIntegration.cs(264,23): warning CS0618: 'Object.FindObjectsByType<T>(FindObjectsInactive, FindObjectsSortMode)' is obsolete: 'FindObjectsByType with FindObjectsSortMode parameter has been deprecated. Use FindObjectsByType<T>() or FindObjectsByType<T>(FindObjectsInactive) instead. InstanceID will be replaced in the future with EntityId and previous sort order cannot be maintained.'
Assets\Editor\MainInterface116RouteSpineRuntimeBridgeReplay.cs(214,26): warning CS0618: 'Object.FindFirstObjectByType<T>()' is obsolete: 'FindFirstObjectByType has been deprecated because it relies on instance ID ordering. Use FindAnyObjectByType instead, which does not depend on ordering.'
Assets\Editor\MainInterface116RouteSpineRuntimeBridgeReplay.cs(252,112): warning CS0618: 'FindObjectsSortMode' is obsolete: 'FindObjectsSortMode has been deprecated. Use the FindObjectsByType overloads that do not take a FindObjectsSortMode parameter.'
Assets\Editor\MainInterface116RouteSpineRuntimeBridgeReplay.cs(252,37): warning CS0618: 'Object.FindObjectsByType<T>(FindObjectsInactive, FindObjectsSortMode)' is obsolete: 'FindObjectsByType with FindObjectsSortMode parameter has been deprecated. Use FindObjectsByType<T>() or FindObjectsByType<T>(FindObjectsInactive) instead. InstanceID will be replaced in the future with EntityId and previous sort order cannot be maintained.'
Assets\Editor\MainInterface118RouteSkeletonGraphicUIMaterialBinder.cs(278,26): warning CS0618: 'Object.FindFirstObjectByType<T>()' is obsolete: 'FindFirstObjectByType has been deprecated because it relies on instance ID ordering. Use FindAnyObjectByType instead, which does not depend on ordering.'
Assets\Editor\MainInterface118RouteSkeletonGraphicUIMaterialBinder.cs(316,112): warning CS0618: 'FindObjectsSortMode' is obsolete: 'FindObjectsSortMode has been deprecated. Use the FindObjectsByType overloads that do not take a FindObjectsSortMode parameter.'
Assets\Editor\MainInterface118RouteSkeletonGraphicUIMaterialBinder.cs(316,37): warning CS0618: 'Object.FindObjectsByType<T>(FindObjectsInactive, FindObjectsSortMode)' is obsolete: 'FindObjectsByType with FindObjectsSortMode parameter has been deprecated. Use FindObjectsByType<T>() or FindObjectsByType<T>(FindObjectsInactive) instead. InstanceID will be replaced in the future with EntityId and previous sort order cannot be maintained.'
Assets\Editor\MainInterface116RouteSpineRuntimeBridgeReplay.cs(298,104): warning CS0618: 'FindObjectsSortMode' is obsolete: 'FindObjectsSortMode has been deprecated. Use the FindObjectsByType overloads that do not take a FindObjectsSortMode parameter.'
Assets\Editor\MainInterface116RouteSpineRuntimeBridgeReplay.cs(298,23): warning CS0618: 'Object.FindObjectsByType<T>(FindObjectsInactive, FindObjectsSortMode)' is obsolete: 'FindObjectsByType with FindObjectsSortMode parameter has been deprecated. Use FindObjectsByType<T>() or FindObjectsByType<T>(FindObjectsInactive) instead. InstanceID will be replaced in the future with EntityId and previous sort order cannot be maintained.'
Assets\Editor\MainInterfaceSceneBuilder.cs(794,21): warning CS0618: 'TMP_Text.enableWordWrapping' is obsolete: 'The enabledWordWrapping property is now obsolete. Please use the textWrappingMode property instead.'
Assets\Editor\MainInterfaceSceneBuilder.cs(797,21): warning CS0618: 'TMP_Text.enableKerning' is obsolete: 'The "enableKerning" property has been deprecated. Use the "fontFeatures" property to control what features are enabled on the text component.'
Assets\Editor\MainInterface118RouteSkeletonGraphicUIMaterialBinder.cs(365,104): warning CS0618: 'FindObjectsSortMode' is obsolete: 'FindObjectsSortMode has been deprecated. Use the FindObjectsByType overloads that do not take a FindObjectsSortMode parameter.'
Assets\Editor\MainInterface118RouteSkeletonGraphicUIMaterialBinder.cs(365,23): warning CS0618: 'Object.FindObjectsByType<T>(FindObjectsInactive, FindObjectsSortMode)' is obsolete: 'FindObjectsByType with FindObjectsSortMode parameter has been deprecated. Use FindObjectsByType<T>() or FindObjectsByType<T>(FindObjectsInactive) instead. InstanceID will be replaced in the future with EntityId and previous sort order cannot be maintained.'
Assets\Editor\MainInterface117RouteSkeletonGraphicLayoutValidation.cs(233,116): warning CS0618: 'FindObjectsSortMode' is obsolete: 'FindObjectsSortMode has been deprecated. Use the FindObjectsByType overloads that do not take a FindObjectsSortMode parameter.'
Assets\Editor\MainInterface117RouteSkeletonGraphicLayoutValidation.cs(233,35): warning CS0618: 'Object.FindObjectsByType<T>(FindObjectsInactive, FindObjectsSortMode)' is obsolete: 'FindObjectsByType with FindObjectsSortMode parameter has been deprecated. Use FindObjectsByType<T>() or FindObjectsByType<T>(FindObjectsInactive) instead. InstanceID will be replaced in the future with EntityId and previous sort order cannot be maintained.'
Assets\Editor\MainInterface117RouteSkeletonGraphicLayoutValidation.cs(276,97): warning CS0618: 'FindObjectsSortMode' is obsolete: 'FindObjectsSortMode has been deprecated. Use the FindObjectsByType overloads that do not take a FindObjectsSortMode parameter.'
Assets\Editor\MainInterface117RouteSkeletonGraphicLayoutValidation.cs(276,20): warning CS0618: 'Object.FindObjectsByType<T>(FindObjectsInactive, FindObjectsSortMode)' is obsolete: 'FindObjectsByType with FindObjectsSortMode parameter has been deprecated. Use FindObjectsByType<T>() or FindObjectsByType<T>(FindObjectsInactive) instead. InstanceID will be replaced in the future with EntityId and previous sort order cannot be maintained.'
Assets\Editor\MainInterfaceNavigationTargetReferenceTrace.cs(294,73): warning CS0618: 'Object.GetInstanceID()' is obsolete: 'GetInstanceID is deprecated. Use GetEntityId instead. This will be removed in a future version.'
Assets\Editor\MainInterfaceNavigationTargetReferenceTrace.cs(294,36): warning CS0618: 'Unsupported.GetLocalIdentifierInFile(int)' is obsolete: 'GetLocalIdentifierInFile() is deprecated. Use GetLocalIdentifierInFileForPersistentObject() instead.'
Assets\Editor\MainInterfaceNavigationTargetReferenceTrace.cs(305,67): warning CS0618: 'SerializedProperty.objectReferenceInstanceIDValue' is obsolete: 'objectReferenceInstanceIDValue is obsolete. Use objectReferenceEntityIdValue instead'
Assets\Editor\MainInterfaceNavigationTargetReferenceTrace.cs(307,20): warning CS0618: 'SerializedProperty.objectReferenceInstanceIDValue' is obsolete: 'objectReferenceInstanceIDValue is obsolete. Use objectReferenceEntityIdValue instead'
Assets\Editor\MainInterfaceNavigationTargetReferenceTrace.cs(308,32): warning CS0618: 'SerializedProperty.objectReferenceInstanceIDValue' is obsolete: 'objectReferenceInstanceIDValue is obsolete. Use objectReferenceEntityIdValue instead'
Assets\Editor\MainInterface117RouteSkeletonGraphicLayoutValidation.cs(283,26): warning CS0618: 'Object.FindFirstObjectByType<T>()' is obsolete: 'FindFirstObjectByType has been deprecated because it relies on instance ID ordering. Use FindAnyObjectByType instead, which does not depend on ordering.'
Assets\Editor\MainInterface117RouteSkeletonGraphicLayoutValidation.cs(321,112): warning CS0618: 'FindObjectsSortMode' is obsolete: 'FindObjectsSortMode has been deprecated. Use the FindObjectsByType overloads that do not take a FindObjectsSortMode parameter.'
Assets\Editor\MainInterface117RouteSkeletonGraphicLayoutValidation.cs(321,37): warning CS0618: 'Object.FindObjectsByType<T>(FindObjectsInactive, FindObjectsSortMode)' is obsolete: 'FindObjectsByType with FindObjectsSortMode parameter has been deprecated. Use FindObjectsByType<T>() or FindObjectsByType<T>(FindObjectsInactive) instead. InstanceID will be replaced in the future with EntityId and previous sort order cannot be maintained.'
Assets\Editor\MainInterface117RouteSkeletonGraphicLayoutValidation.cs(366,104): warning CS0618: 'FindObjectsSortMode' is obsolete: 'FindObjectsSortMode has been deprecated. Use the FindObjectsByType overloads that do not take a FindObjectsSortMode parameter.'
Assets\Editor\MainInterface117RouteSkeletonGraphicLayoutValidation.cs(366,23): warning CS0618: 'Object.FindObjectsByType<T>(FindObjectsInactive, FindObjectsSortMode)' is obsolete: 'FindObjectsByType with FindObjectsSortMode parameter has been deprecated. Use FindObjectsByType<T>() or FindObjectsByType<T>(FindObjectsInactive) instead. InstanceID will be replaced in the future with EntityId and previous sort order cannot be maintained.'
Assets\Editor\MainInterfaceRouteNonImageRendererEffectRuntimeStateTrace.cs(336,113): warning CS0618: 'FindObjectsSortMode' is obsolete: 'FindObjectsSortMode has been deprecated. Use the FindObjectsByType overloads that do not take a FindObjectsSortMode parameter.'
Assets\Editor\MainInterfaceRouteNonImageRendererEffectRuntimeStateTrace.cs(336,32): warning CS0618: 'Object.FindObjectsByType<T>(FindObjectsInactive, FindObjectsSortMode)' is obsolete: 'FindObjectsByType with FindObjectsSortMode parameter has been deprecated. Use FindObjectsByType<T>() or FindObjectsByType<T>(FindObjectsInactive) instead. InstanceID will be replaced in the future with EntityId and previous sort order cannot be maintained.'
AssetDatabase: script compilation time: 2.450950s
Begin MonoManager ReloadAssembly
Assembly Assembly-CSharp-Editor-firstpass.dll at Library/ScriptAssemblies/Assembly-CSharp-Editor-firstpass.dll not valid. Loading of assembly skipped.
Assembly Assembly-CSharp-firstpass.dll at Library/ScriptAssemblies/Assembly-CSharp-firstpass.dll not valid. Loading of assembly skipped.
Assembly Unity.Multiplayer.Center.Editor.Tests.dll at Library/ScriptAssemblies/Unity.Multiplayer.Center.Editor.Tests.dll not valid. Loading of assembly skipped.
Assembly Unity.Multiplayer.Center.Tests.dll at Library/ScriptAssemblies/Unity.Multiplayer.Center.Tests.dll not valid. Loading of assembly skipped.
Assembly Unity.TextMeshPro.Editor.Tests.dll at Library/ScriptAssemblies/Unity.TextMeshPro.Editor.Tests.dll not valid. Loading of assembly skipped.
Assembly Unity.TextMeshPro.Tests.dll at Library/ScriptAssemblies/Unity.TextMeshPro.Tests.dll not valid. Loading of assembly skipped.
Assembly UnityEditor.UI.Common.Tests.dll at Library/ScriptAssemblies/UnityEditor.UI.Common.Tests.dll not valid. Loading of assembly skipped.
Assembly UnityEditor.UI.EditorTests.dll at Library/ScriptAssemblies/UnityEditor.UI.EditorTests.dll not valid. Loading of assembly skipped.
Assembly UnityEngine.UI.Tests.dll at Library/ScriptAssemblies/UnityEngine.UI.Tests.dll not valid. Loading of assembly skipped.
Native extension for WindowsStandalone target not found
Native extension for WebGL target not found
ScheduleIndexationOnStartup MainProcess:True IndexOnStartup:True
Mono: successfully reloaded assembly
- Finished resetting the current domain, in  0.289 seconds
Domain Reload Profiling: 667ms
	BeginReloadAssembly (283ms)
		DisableScriptedObjects (18ms)
		CreateAndSetChildDomain (139ms)
	RebuildCommonClasses (26ms)
	RebuildNativeTypeToScriptingClass (8ms)
	initialDomainReloadingComplete (36ms)
	LoadAllAssembliesAndSetupDomain (24ms)
		LoadAssemblies (95ms)
		AnalyzeDomain (16ms)
			TypeCache.Refresh (10ms)
				TypeCache.ScanAssembly (6ms)
			BuildScriptInfoCaches (3ms)
	FinalizeReload (290ms)
		SetupLoadedEditorAssemblies (0ms)
			InitializePlatformSupportModulesInManaged (18ms)
			BeforeProcessingInitializeOnLoad (75ms)
			ProcessInitializeOnLoadAttributes (53ms)
			ProcessInitializeOnLoadMethodAttributes (29ms)
			AfterProcessingInitializeOnLoad (6ms)
		AwakeInstancesAfterBackupRestoration (21ms)
Start importing Assets/Scenes/MainInterface_RouteSpineRuntimeReplay_Validated.unity using Guid(d64693a244a6268448d8f8034a8f4f90) (DefaultImporter) -> (Import Result ID: 'eba744fd835254d61a8c01685f3504ac') in 0.0057126 seconds [static dependencies only]. Details - ImportResultOutputID=c27c689b44f24b61f7613827524ac9e7 DependenciesID=719db8db4c20c234561980b92e097a0f StaticDependenciesID=3709450fe640a1c7f45d45dcaf7f29a7
Start importing Assets/Scenes/MainInterface_Wireframe.unity using Guid(eb8b24cc809bed742b8bd84aa3cb817c) (DefaultImporter) -> (Import Result ID: '4f8b4eddf60381a4a6b323b8077d62f9') in 0.0006718 seconds [static dependencies only]. Details - ImportResultOutputID=b99b9c6f6cd72acc35933c391b07b6f7 DependenciesID=2aece571721b163d808d76f3d0926d54 StaticDependenciesID=2a1ab5f1979c80c0f9ce5156a4fbac78
Start importing Assets/RestoreCaptures/maininterface_route_spine_runtime_bridge_validated_1680x720.png using Guid(bdcbbcb42533afc45919aca8b0df95c8) (TextureImporter) -> (Import Result ID: 'f8c2d8cc6036479b3bed2fe91d09a9b8') in 0.0377761 seconds [static and dynamic dependencies]. Details - ImportResultOutputID=38543090e0ddc2e091480132edb1a95a DependenciesID=90eaf0afb5d559dfda8398e146fd6ecf StaticDependenciesID=84b4ec7e693c60971cf14491eee7b85f
Start importing Assets/RestoreData/reports/maininterface_117_route_skeletongraphic_layout_validation.csv using Guid(10c40487b1abb97469f14cc62f0211a5) (TextScriptImporter) -> (Import Result ID: '8fe2f8a4d9c0434fd79c1dec82d9dc98') in 0.0021142 seconds [static dependencies only]. Details - ImportResultOutputID=bb7709ff176545d6605a1ea32362cd0f DependenciesID=1fc8a25c650158d7f1503957c1a573ef StaticDependenciesID=465e23359015de2e0a993f6272cb9c40
Start importing Assets/RestoreData/maininterface_117_route_skeletongraphic_layout_validation.json using Guid(925b98f5c9c3f7e4eb7450dace2774f7) (TextScriptImporter) -> (Import Result ID: '28b8715fb39eaafa7a3bb7ef25f895b8') in 0.0014323 seconds [static dependencies only]. Details - ImportResultOutputID=00e9feb1f4d220f5e37b816ff732fc8d DependenciesID=38a8f2d759a0ba06eebe05915d96a843 StaticDependenciesID=0ab53bf1bf22afc14bf2610e047380bd
(Values over 0.050ms)
Asset Pipeline Refresh (id=208e9cf1daa512144b6b29d38f49bc44): Total: 3.352 seconds - Initiated by InitialRefreshV2(ForceSynchronousImport)
	Summary:
		Imports: total=5 (actual=5, local cache=0, cache server=0)
		Asset DB Process Time: managed=2 ms, native=449 ms
		Asset DB Callback time: managed=43 ms, native=14 ms
		Scripting: domain reloads=1, domain reload time=380 ms, compile time=2452 ms, other=9 ms
		Project Asset Count: scripts=294, non-scripts=737
		Asset File Changes: new=1, changed=6, moved=0, deleted=0
		Scan Filter Count: 0
	InvokePackagesCallback: 14.682ms
	ApplyChangesToAssetFolders: 0.528ms
	Scan: 33.825ms
	OnSourceAssetsModified: 0.698ms
	CategorizeScriptCompilationAssets: 1.131ms
	ProcessAssetsWithTransientArtifactChanges: 5.424ms
	CategorizeAssets: 4.221ms
	CompileScripts: 2452.383ms
	ImportOutOfDateAssets: 341.635ms (291.235ms without children)
		ImportManagerImport: 50.014ms (0.822ms without children)
		UnloadImportedAssets: 0.087ms
		EnsureUptoDateAssetsAreRegisteredWithGuidPM: 0.091ms
		OnDemandSchedulerStart: 0.198ms
	PostProcessAllAssets: 44.126ms
		VCAutoAddAssetPostprocess 1.014ms
		VersionControlSettings.HiddenFilePostprocess 0.060ms
		MonoPostProcessAllAssets: 42.397ms
			AssetPostprocessor.OnPostprocessAllAssets 13.142ms
			StyleCatalogPostProcessor.OnPostprocessAllAssets 7.618ms
			BuilderAssetPostprocessor.OnPostprocessAllAssets 5.001ms
			WindowAssetPostprocessingWatcher.OnPostprocessAllAssets 4.557ms
			TextAssetPostProcessor.OnPostprocessAllAssets 1.212ms
			AssetChangedListener.OnPostprocessAllAssets 1.108ms
			SyncVS.PostprocessSyncProject 0.969ms
			RetainedModeAssetPostprocessor.OnPostprocessAllAssets 0.772ms
			SpeedTree9Postprocessor.OnPostprocessAllAssets 0.551ms
			ArtifactBrowserPostProcessor.OnPostprocessAllAssets 0.434ms
			TMPro_TexturePostProcessor.OnPostprocessAllAssets 0.277ms
			ReferencedClipsPostProcessor.OnPostprocessAllAssets 0.240ms
			AudioMixerPostprocessor.OnPostprocessAllAssets 0.224ms
			TerrainToolbarOverlayPostProcessor.OnPostprocessAllAssets 0.153ms
			SpeedTreePostProcessor.OnPostprocessAllAssets 0.147ms
			AssetEvents.OnPostprocessAllAssets 0.139ms
			AssetDatabaseCallbacks.OnPostprocessAllAssets 0.099ms
			ConfigAssetsTracker.OnPostprocessAllAssets 0.074ms
			ScenarioDriftAssetsTracker.OnPostprocessAllAssets 0.070ms
			RenderPipelineGlobalSettingsPostprocessor.OnPostprocessAllAssets 0.066ms
			AudioContainerPostProcessor.OnPostprocessAllAssets 0.053ms
	PostAssetChangesProfiler: 0.625ms
	UnloadStreamsBegin: 1.113ms
	PersistCurrentRevisions: 0.116ms
	GenerateScriptTypeHashes: 0.190ms
	GenerateScriptTypeSerializationHashes: 0.409ms
	Untracked: 446.450ms

Application.AssetDatabase Initial Refresh End
Launched and connected shader compiler UnityShaderCompiler.exe after 0.01 seconds
Scanning for USB devices : 1.997ms
Initializing Unity extensions:
[MODES] ModeService[none].Initialize
[MODES] ModeService[none].LoadModes
[MODES] Loading mode Default (0) for mode-current-id-girlswar_maininterface_unity
Unloading 58 Unused Serialized files (Serialized files now loaded: 0)
Unloading 608 unused Assets / (6.2 MB). Loaded Objects now: 1193.
Memory consumption went from 120.6 MB to 114.4 MB.
Total: 5.493700 ms (FindLiveObjects: 0.087300 ms CreateObjectMapping: 0.023600 ms MarkObjects: 3.175200 ms  DeleteObjects: 2.205500 ms)

Opening scene 'Assets/Scenes/MainInterface_RouteSpineRuntimeReplay_Validated.unity'
Unloading 138 Unused Serialized files (Serialized files now loaded: 0)
Loaded scene 'Assets/Scenes/MainInterface_RouteSpineRuntimeReplay_Validated.unity'
	Deserialize:            80.423 ms
	Integration:            100.867 ms
	Integration of assets:  7.365 ms
	Thread Wait Time:       0.166 ms
	Total Operation Time:   188.821 ms
Unloading 6 unused Assets / (160.1 KB). Loaded Objects now: 4229.
Memory consumption went from 130.7 MB to 130.6 MB.
Total: 3.587200 ms (FindLiveObjects: 0.176100 ms CreateObjectMapping: 0.027900 ms MarkObjects: 3.264700 ms  DeleteObjects: 0.118000 ms)

Start importing Assets/Scenes/MainInterface_RouteSpineRuntimeReplay_UIMaterialBound.unity using Guid(91d8e638d624d9342a014af51b05f822) (DefaultImporter) -> (Import Result ID: 'bab9f29dfb0fd26e6e48ddc320879ca3') in 0.0007595 seconds [static dependencies only]. Details - ImportResultOutputID=be7945cb8b700b207b978a9ccb6ba8a0 DependenciesID=96ab97b5cad6e3ce505d0d5b00e0e02d StaticDependenciesID=228d440b52f5ed90826a3201806b3a2d
Asset Pipeline Refresh (id=83f0bf71f91d8c740b5f83b6b40a765c): Total: 0.024 seconds - Initiated by StopAssetImportingV2(NoUpdateAssetOptions)
Opening scene 'Assets/Scenes/MainInterface_RouteSpineRuntimeReplay_UIMaterialBound.unity'
Unloading 0 Unused Serialized files (Serialized files now loaded: 0)
Loaded scene 'Assets/Scenes/MainInterface_RouteSpineRuntimeReplay_UIMaterialBound.unity'
	Deserialize:            24.115 ms
	Integration:            9.764 ms
	Integration of assets:  0.039 ms
	Thread Wait Time:       0.022 ms
	Total Operation Time:   33.940 ms
Unloading 2 unused Assets / (1.3 KB). Loaded Objects now: 4237.
Memory consumption went from 124.6 MB to 124.6 MB.
Total: 3.421000 ms (FindLiveObjects: 0.211100 ms CreateObjectMapping: 0.032200 ms MarkObjects: 3.149200 ms  DeleteObjects: 0.027900 ms)

Start importing Assets/RestoreCaptures/maininterface_route_spine_runtime_ui_material_bound_1680x720.png using Guid(71dc446f7a0121f468d856b2a28d4086) (TextureImporter) -> (Import Result ID: '7fab1873cf3aecec31bddb66c88f9c1a') in 0.0578241 seconds [static and dynamic dependencies]. Details - ImportResultOutputID=8c5e4c46d40637819192e2a65499eae3 DependenciesID=2dd16e583ed4d48836362fbc77bd95a5 StaticDependenciesID=a76f6b06d9bc08680282518c5394f27b
Asset Pipeline Refresh (id=f84d932be101d6e4db0f61b369a7ecc4): Total: 0.111 seconds - Initiated by RefreshV2(NoUpdateAssetOptions)
Start importing Assets/RestoreData/maininterface_118_route_skeletongraphic_ui_material_shader_pass_binding.json using Guid(b3f7590be2d4c9346b56ef12b1c6c413) (TextScriptImporter) -> (Import Result ID: '80ebbad8b2013e00f8b986e40b6fce01') in 0.0029319 seconds [static dependencies only]. Details - ImportResultOutputID=604e7e14f13830890bd503b5bbbc461d DependenciesID=ba48efa2f66d7bc7dfd2a603000c55bd StaticDependenciesID=782050702ebce1673011a3d343dd1565
Start importing Assets/RestoreData/reports/maininterface_118_route_skeletongraphic_ui_material_shader_pass_binding.csv using Guid(cc34bac1eac6dec45bd862b63952218b) (TextScriptImporter) -> (Import Result ID: 'd006cc36ecfcac9c8beddd0b90adeb76') in 0.002517 seconds [static dependencies only]. Details - ImportResultOutputID=0afa7e12cf9827fabc2fb9c84b2e4c72 DependenciesID=8717ccbf7e8dafac4e1d417992ea9b97 StaticDependenciesID=29b1e48107af49274d756e0b4ddcca12
Asset Pipeline Refresh (id=6761d915c9a16384ca56ed939d627b2a): Total: 0.082 seconds - Initiated by RefreshV2(NoUpdateAssetOptions)
[GirlsWarRestore] UI118 route SkeletonGraphic UI material binding complete: Assets/RestoreData/maininterface_118_route_skeletongraphic_ui_material_shader_pass_binding.json
UnityEngine.Debug:ExtractStackTraceNoAlloc (byte*,int,string)
UnityEngine.StackTraceUtility:ExtractStackTrace ()
UnityEngine.DebugLogHandler:Internal_Log (UnityEngine.LogType,UnityEngine.LogOption,string,UnityEngine.Object)
UnityEngine.DebugLogHandler:LogFormat (UnityEngine.LogType,UnityEngine.Object,string,object[])
UnityEngine.Logger:Log (UnityEngine.LogType,object)
UnityEngine.Debug:Log (object)
GirlsWarRestore.MainInterface118RouteSkeletonGraphicUIMaterialBinder:BindAndCapture () (at Assets/Editor/MainInterface118RouteSkeletonGraphicUIMaterialBinder.cs:96)

(Filename: Assets/Editor/MainInterface118RouteSkeletonGraphicUIMaterialBinder.cs Line: 96)

Batchmode quit successfully invoked - shutting down!
[Physics::Module] Cleanup current backend.
[Physics::Module] Id: 0xf2b8ea05
Input System module state changed to: ShutdownInProgress.
Input Polling Thread exited.
Input System module state changed to: Shutdown.
[Licensing::IpcConnector] LicenseClient-godho-notifications channel disconnected successfully.
[Licensing::IpcConnector] LicenseClient-godho channel disconnected successfully.
AcceleratorClientConnectionCallback - disconnected - :0
Cleanup mono
CodeReloadManager destroyed
Shut down.
abort_threads: Failed aborting id: 000000000000511C, mono_thread_manage will ignore it

abort_threads: Failed aborting id: 00000000000068C8, mono_thread_manage will ignore it

abort_threads: Failed aborting id: 000000000000511C, mono_thread_manage will ignore it

abort_threads: Failed aborting id: 00000000000068C8, mono_thread_manage will ignore it

Exiting batchmode successfully now!
Exiting without the bug reporter. Application will terminate with return code 0