[Licensing::Module] Trying to connect to existing licensing client channel...
Built from '6000.4/staging' branch; Version is '6000.4.9f1 (f7258d6eebbe) revision 16197005'; Using compiler version '194234433'; Build Type 'Release'
[Licensing::IpcConnector] Channel LicenseClient-godho doesn't exist
OS: 'Windows 11  (10.0.26200) Professional' Language: 'ko' Physical Memory: 32022 MB
BatchMode: 1, IsHumanControllingUs: 0, StartBugReporterOnCrash: 0, Is64bit: 1
System  architecture: x64
Process architecture: x64
Date: 2026-06-25T13:54:58Z
[Licensing::Module] Successfully launched the LicensingClient (PId: 18344)

COMMAND LINE ARGUMENTS:
C:\Program Files\Unity\Hub\Editor\6000.4.9f1\Editor\Unity.exe
-batchmode
-quit
-projectPath
C:\Users\godho\Downloads\girlswar\girlswar_maininterface_unity
-executeMethod
GirlsWarRestore.MainInterface119RouteSkeletonGraphicMeshBoundsTrace.Trace
-logFile
C:\Users\godho\Downloads\girlswar\reports\maininterface\unity_119_route_skeletongraphic_mesh_bounds.log
Successfully changed project path to: C:\Users\godho\Downloads\girlswar\girlswar_maininterface_unity
C:/Users/godho/Downloads/girlswar/girlswar_maininterface_unity
[UnityMemory] Configuration Parameters - Can be set up in boot.config
    "memorysetup-temp-allocator-size-gi-baking-worker=262144"
    "memorysetup-temp-allocator-size-gi-baking-worker=262144"
    "memorysetup-temp-allocator-size-gi-baking-worker=262144"
    "memorysetup-temp-allocator-size-gi-baking-worker=262144"
    "memorysetup-temp-allocator-size-gi-baking-worker=262144"
    "memorysetup-temp-allocator-size-nav-mesh-worker=65536"
    "memorysetup-temp-allocator-size-audio-worker=65536"
    "memorysetup-temp-allocator-size-cloud-worker=32768"
    "memorysetup-temp-allocator-size-gfx=262144"
    "memorysetup-temp-allocator-size-preload-manager=33554432"
    "memorysetup-temp-allocator-size-job-worker=262144"
    "memorysetup-temp-allocator-size-background-worker=32768"
    "memorysetup-allocator-temp-initial-block-size-main=262144"
    "memorysetup-allocator-temp-initial-block-size-worker=262144"
    "memorysetup-bucket-allocator-granularity=16"
    "memorysetup-bucket-allocator-bucket-count=8"
    "memorysetup-bucket-allocator-block-size=33554432"
    "memorysetup-bucket-allocator-block-count=8"
    "memorysetup-main-allocator-block-size=16777216"
    "memorysetup-thread-allocator-block-size=16777216"
    "memorysetup-gfx-main-allocator-block-size=16777216"
    "memorysetup-gfx-thread-allocator-block-size=16777216"
    "memorysetup-cache-allocator-block-size=4194304"
    "memorysetup-typetree-allocator-block-size=2097152"
    "memorysetup-profiler-bucket-allocator-granularity=16"
    "memorysetup-profiler-bucket-allocator-bucket-count=8"
    "memorysetup-profiler-bucket-allocator-block-size=33554432"
    "memorysetup-profiler-bucket-allocator-block-count=8"
    "memorysetup-profiler-allocator-block-size=16777216"
    "memorysetup-profiler-editor-allocator-block-size=1048576"
    "memorysetup-temp-allocator-size-main=16777216"
    "memorysetup-job-temp-allocator-block-size=2097152"
    "memorysetup-job-temp-allocator-block-size-background=1048576"
    "memorysetup-job-temp-allocator-reduction-small-platforms=262144"
Player connection [22040]  Target information:

Player connection [22040]  * "[IP] 10.10.1.159 [Port] 55504 [Flags] 2 [Guid] 1941101850 [EditorId] 1941101850 [Version] 1048832 [Id] WindowsEditor(7,sjpark) [Debug] 1 [PackageName] WindowsEditor [ProjectName] Editor"

Player connection [22040]  * "[IP] 172.26.64.1 [Port] 55504 [Flags] 2 [Guid] 1941101850 [EditorId] 1941101850 [Version] 1048832 [Id] WindowsEditor(7,sjpark) [Debug] 1 [PackageName] WindowsEditor [ProjectName] Editor"

Player connection [22040]  * "[IP] 100.66.239.97 [Port] 55504 [Flags] 2 [Guid] 1941101850 [EditorId] 1941101850 [Version] 1048832 [Id] WindowsEditor(7,sjpark) [Debug] 1 [PackageName] WindowsEditor [ProjectName] Editor"

Player connection [22040] Host joined multi-casting on [225.0.0.222:54997]...
Player connection [22040] Host joined alternative multi-casting on [225.0.0.222:34997]...
Input System module state changed to: Initialized.
[Physics::Module] Initialized fallback backend.
[Physics::Module] Id: 0xdecafbad
Starting IPC server.
Waiting for clients to connect on \\.\pipe\Unity-LicenseClient-godho, press Ctrl-C to exit.
[Package Manager] Connected to IPC stream "Upm-31520" after 0.2 seconds.
[Licensing::Module] Licensing is not yet initialized.
[Licensing::IpcConnector] Successfully connected to: "LicenseClient-godho" at "2026-06-25T13:54:58.7423445Z"
[Licensing::Client] Code 10 while verifying Licensing Client signature (process Id: 18344, path: "C:/Program Files/Unity/Hub/Editor/6000.4.9f1/Editor/Data/Resources/Licensing/Client/Unity.Licensing.Client.exe")
[Licensing::Module] LicensingClient has failed validation; ignoring
[Licensing::Client] Handshaking with LicensingClient:
  Version:                 1.18.1+9fbee8e
  Session Id:              6b3cd26877e948468d4204547b953eed
  Correlation Id:          f9d33d5dc9a85da8c9953c29b578017f
  External correlation Id: 2756329195013050297
  Machine Id:              nETCb6mCOTg3uD4qHH44hI9aRsg=
[Licensing::Module] Successfully connected to LicensingClient on channel: "LicenseClient-godho" (connect: 0.37s, validation: 0.03s, handshake: 0.04s)
[Licensing::IpcConnector] Successfully connected to: "LicenseClient-godho-notifications" at "2026-06-25T13:54:58.8150809Z"
[Licensing::Module] Connected to LicensingClient (PId: 18344, launch time: 0.00, total connection time: 0.44s)
[Licensing::Module] Error: Access token is unavailable; failed to update
[Licensing::Client] Successfully resolved entitlement details
[Licensing::Module] License group:
  Id: 14569760011564-UnityPersXXXX
  Product: Unity Personal
  Type: Assigned
  Expiration: Unlimited
[Licensing::Client] Successfully updated license, isAsync: True, time: 0.01
[Licensing::Client] Successfully resolved entitlement details
[Licensing::Module] Licensing Background thread has ended after 0.47s
[Licensing::Module] Licensing is initialized (took 0.16s).
[Licensing::Client] Successfully resolved entitlement details
Library Redirect Path: Library/
[Physics::Module] Selected backend.
[Physics::Module] Name: PhysX
[Physics::Module] Id: 0xf2b8ea05
[Physics::Module] SDK Version: 4.1.2
[Physics::Module] Integration Version: 1.0.0
[Physics::Module] Threading Mode: Multi-Threaded
Artifact Garbage Collection - Removed 1 unused hashed content files
Initialize engine version: 6000.4.9f1 (f7258d6eebbe)
[Subsystems] Discovering subsystems at path C:/Program Files/Unity/Hub/Editor/6000.4.9f1/Editor/Data/Resources/UnitySubsystems
[Subsystems] Discovering subsystems at path C:/Users/godho/Downloads/girlswar/girlswar_maininterface_unity/Assets
GfxDevice: creating device client; kGfxThreadingModeNonThreaded
d3d12: failed to query info queue interface (0x80004002).
Direct3D:
    Version:         Direct3D 12 [level 12.2]
    Renderer:        Intel(R) Graphics (ID=0x7d67)
    Vendor:          Intel
    VRAM:            18252 MB
    App VRAM Budget: 17484 MB
    Driver:          32.0.101.8425
    Unified Memory Architecture
Initialize mono
Mono path[0] = 'C:/Program Files/Unity/Hub/Editor/6000.4.9f1/Editor/Data/Managed'
Mono path[1] = 'C:/Program Files/Unity/Hub/Editor/6000.4.9f1/Editor/Data/MonoBleedingEdge/lib/mono/unityjit-win32'
Mono config path = 'C:/Program Files/Unity/Hub/Editor/6000.4.9f1/Editor/Data/MonoBleedingEdge/etc'
Using monoOptions --debugger-agent=transport=dt_socket,embedding=1,server=y,suspend=n,address=127.0.0.1:56520
CodeReloadManager initialized
Using cacheserver namespaces - metadata:defaultmetadata, artifacts:defaultartifacts
Using cacheserver namespaces - metadata:defaultmetadata, artifacts:defaultartifacts
ImportWorker Server TCP listen port: 0
AcceleratorClientConnectionCallback - disconnected - :0
Begin MonoManager ReloadAssembly
Registering precompiled unity dll's ...
Register platform support module: C:/Program Files/Unity/Hub/Editor/6000.4.9f1/Editor/Data/PlaybackEngines/WebGLSupport/UnityEditor.WebGL.Extensions.dll
Register platform support module: C:/Program Files/Unity/Hub/Editor/6000.4.9f1/Editor/Data/PlaybackEngines/WindowsStandaloneSupport/UnityEditor.WindowsStandalone.Extensions.dll
Registered in 0.001936 seconds.
Native extension for WindowsStandalone target not found
Native extension for WebGL target not found
Package Manager log level set to [2]
ScheduleIndexationOnStartup MainProcess:False IndexOnStartup:False
Mono: successfully reloaded assembly
- Finished resetting the current domain, in  0.268 seconds
Domain Reload Profiling: 574ms
	BeginReloadAssembly (99ms)
		CreateAndSetChildDomain (4ms)
	RebuildCommonClasses (25ms)
	RebuildNativeTypeToScriptingClass (8ms)
	initialDomainReloadingComplete (43ms)
	LoadAllAssembliesAndSetupDomain (130ms)
		LoadAssemblies (93ms)
		AnalyzeDomain (123ms)
			TypeCache.Refresh (122ms)
				TypeCache.ScanAssembly (112ms)
	FinalizeReload (269ms)
		SetupLoadedEditorAssemblies (0ms)
			InitializePlatformSupportModulesInManaged (32ms)
			BeforeProcessingInitializeOnLoad (55ms)
			ProcessInitializeOnLoadAttributes (71ms)
			ProcessInitializeOnLoadMethodAttributes (69ms)
[Licensing::Client] Successfully resolved entitlement details
Application.AssetDatabase Initial Refresh Start
[Package Manager] Restoring resolved packages state from cache
[Licensing::Client] Successfully resolved entitlement details
[Package Manager] Registered 38 packages:
  Built-in packages:
    com.unity.multiplayer.center@1.0.1 (location: C:\Users\godho\Downloads\girlswar\girlswar_maininterface_unity\Library\PackageCache\com.unity.multiplayer.center@f01f4ba8d00a)
    com.unity.modules.accessibility@1.0.0 (location: C:\Users\godho\Downloads\girlswar\girlswar_maininterface_unity\Library\PackageCache\com.unity.modules.accessibility)
    com.unity.modules.adaptiveperformance@1.0.0 (location: C:\Users\godho\Downloads\girlswar\girlswar_maininterface_unity\Library\PackageCache\com.unity.modules.adaptiveperformance)
    com.unity.modules.ai@1.0.0 (location: C:\Users\godho\Downloads\girlswar\girlswar_maininterface_unity\Library\PackageCache\com.unity.modules.ai)
    com.unity.modules.androidjni@1.0.0 (location: C:\Users\godho\Downloads\girlswar\girlswar_maininterface_unity\Library\PackageCache\com.unity.modules.androidjni)
    com.unity.modules.animation@1.0.0 (location: C:\Users\godho\Downloads\girlswar\girlswar_maininterface_unity\Library\PackageCache\com.unity.modules.animation)
    com.unity.modules.assetbundle@1.0.0 (location: C:\Users\godho\Downloads\girlswar\girlswar_maininterface_unity\Library\PackageCache\com.unity.modules.assetbundle)
    com.unity.modules.audio@1.0.0 (location: C:\Users\godho\Downloads\girlswar\girlswar_maininterface_unity\Library\PackageCache\com.unity.modules.audio)
    com.unity.modules.cloth@1.0.0 (location: C:\Users\godho\Downloads\girlswar\girlswar_maininterface_unity\Library\PackageCache\com.unity.modules.cloth)
    com.unity.modules.director@1.0.0 (location: C:\Users\godho\Downloads\girlswar\girlswar_maininterface_unity\Library\PackageCache\com.unity.modules.director)
    com.unity.modules.imageconversion@1.0.0 (location: C:\Users\godho\Downloads\girlswar\girlswar_maininterface_unity\Library\PackageCache\com.unity.modules.imageconversion)
    com.unity.modules.imgui@1.0.0 (location: C:\Users\godho\Downloads\girlswar\girlswar_maininterface_unity\Library\PackageCache\com.unity.modules.imgui)
    com.unity.modules.jsonserialize@1.0.0 (location: C:\Users\godho\Downloads\girlswar\girlswar_maininterface_unity\Library\PackageCache\com.unity.modules.jsonserialize)
    com.unity.modules.particlesystem@1.0.0 (location: C:\Users\godho\Downloads\girlswar\girlswar_maininterface_unity\Library\PackageCache\com.unity.modules.particlesystem)
    com.unity.modules.physics@1.0.0 (location: C:\Users\godho\Downloads\girlswar\girlswar_maininterface_unity\Library\PackageCache\com.unity.modules.physics)
    com.unity.modules.physics2d@1.0.0 (location: C:\Users\godho\Downloads\girlswar\girlswar_maininterface_unity\Library\PackageCache\com.unity.modules.physics2d)
    com.unity.modules.screencapture@1.0.0 (location: C:\Users\godho\Downloads\girlswar\girlswar_maininterface_unity\Library\PackageCache\com.unity.modules.screencapture)
    com.unity.modules.terrain@1.0.0 (location: C:\Users\godho\Downloads\girlswar\girlswar_maininterface_unity\Library\PackageCache\com.unity.modules.terrain)
    com.unity.modules.terrainphysics@1.0.0 (location: C:\Users\godho\Downloads\girlswar\girlswar_maininterface_unity\Library\PackageCache\com.unity.modules.terrainphysics)
    com.unity.modules.tilemap@1.0.0 (location: C:\Users\godho\Downloads\girlswar\girlswar_maininterface_unity\Library\PackageCache\com.unity.modules.tilemap)
    com.unity.modules.ui@1.0.0 (location: C:\Users\godho\Downloads\girlswar\girlswar_maininterface_unity\Library\PackageCache\com.unity.modules.ui)
    com.unity.modules.uielements@1.0.0 (location: C:\Users\godho\Downloads\girlswar\girlswar_maininterface_unity\Library\PackageCache\com.unity.modules.uielements)
    com.unity.modules.umbra@1.0.0 (location: C:\Users\godho\Downloads\girlswar\girlswar_maininterface_unity\Library\PackageCache\com.unity.modules.umbra)
    com.unity.modules.unityanalytics@1.0.0 (location: C:\Users\godho\Downloads\girlswar\girlswar_maininterface_unity\Library\PackageCache\com.unity.modules.unityanalytics)
    com.unity.modules.unitywebrequest@1.0.0 (location: C:\Users\godho\Downloads\girlswar\girlswar_maininterface_unity\Library\PackageCache\com.unity.modules.unitywebrequest)
    com.unity.modules.unitywebrequestassetbundle@1.0.0 (location: C:\Users\godho\Downloads\girlswar\girlswar_maininterface_unity\Library\PackageCache\com.unity.modules.unitywebrequestassetbundle)
    com.unity.modules.unitywebrequestaudio@1.0.0 (location: C:\Users\godho\Downloads\girlswar\girlswar_maininterface_unity\Library\PackageCache\com.unity.modules.unitywebrequestaudio)
    com.unity.modules.unitywebrequesttexture@1.0.0 (location: C:\Users\godho\Downloads\girlswar\girlswar_maininterface_unity\Library\PackageCache\com.unity.modules.unitywebrequesttexture)
    com.unity.modules.unitywebrequestwww@1.0.0 (location: C:\Users\godho\Downloads\girlswar\girlswar_maininterface_unity\Library\PackageCache\com.unity.modules.unitywebrequestwww)
    com.unity.modules.vectorgraphics@1.0.0 (location: C:\Users\godho\Downloads\girlswar\girlswar_maininterface_unity\Library\PackageCache\com.unity.modules.vectorgraphics)
    com.unity.modules.vehicles@1.0.0 (location: C:\Users\godho\Downloads\girlswar\girlswar_maininterface_unity\Library\PackageCache\com.unity.modules.vehicles)
    com.unity.modules.video@1.0.0 (location: C:\Users\godho\Downloads\girlswar\girlswar_maininterface_unity\Library\PackageCache\com.unity.modules.video)
    com.unity.modules.vr@1.0.0 (location: C:\Users\godho\Downloads\girlswar\girlswar_maininterface_unity\Library\PackageCache\com.unity.modules.vr)
    com.unity.modules.wind@1.0.0 (location: C:\Users\godho\Downloads\girlswar\girlswar_maininterface_unity\Library\PackageCache\com.unity.modules.wind)
    com.unity.modules.xr@1.0.0 (location: C:\Users\godho\Downloads\girlswar\girlswar_maininterface_unity\Library\PackageCache\com.unity.modules.xr)
    com.unity.ugui@2.0.0 (location: C:\Users\godho\Downloads\girlswar\girlswar_maininterface_unity\Library\PackageCache\com.unity.ugui@1f2d1ab0d950)
    com.unity.modules.subsystems@1.0.0 (location: C:\Users\godho\Downloads\girlswar\girlswar_maininterface_unity\Library\PackageCache\com.unity.modules.subsystems)
    com.unity.modules.hierarchycore@1.0.0 (location: C:\Users\godho\Downloads\girlswar\girlswar_maininterface_unity\Library\PackageCache\com.unity.modules.hierarchycore)
[Subsystems] No new subsystems found in resolved package list.
[Package Manager] Done registering packages in 0.01 seconds
[ScriptCompilation] Requested script compilation because: AssetDatabase observed changes in script compilation related files
info: Microsoft.Hosting.Lifetime[14]
      Now listening on: http://localhost:80
info: Microsoft.Hosting.Lifetime[0]
      Application started. Press Ctrl+C to shut down.
info: Microsoft.Hosting.Lifetime[0]
      Hosting environment: Production
info: Microsoft.Hosting.Lifetime[0]
      Content root path: C:\Users\godho\Downloads\girlswar\girlswar_maininterface_unity
info: Microsoft.AspNetCore.Hosting.Diagnostics[1]
      Request starting HTTP/2 POST http://ilpp/UnityILPP.PostProcessing/Ping - application/grpc -
info: Microsoft.AspNetCore.Routing.EndpointMiddleware[0]
      Executing endpoint 'gRPC - /UnityILPP.PostProcessing/Ping'
info: Microsoft.AspNetCore.Routing.EndpointMiddleware[1]
      Executed endpoint 'gRPC - /UnityILPP.PostProcessing/Ping'
info: Microsoft.AspNetCore.Hosting.Diagnostics[2]
      Request finished HTTP/2 POST http://ilpp/UnityILPP.PostProcessing/Ping - 200 - application/grpc 20.9869ms
Starting: C:\Program Files\Unity\Hub\Editor\6000.4.9f1\Editor\Data\Tools\BuildPipeline\bee_backend.exe --ipc --defer-dag-verification --dagfile="Library/Bee/1900b0aE.dag" --continue-on-failure --profile="Library/Bee/backend1.traceevents" ScriptAssemblies
WorkingDir: C:/Users/godho/Downloads/girlswar/girlswar_maininterface_unity
DisplayProgressbar: Compiling Scripts
ExitCode: 0 Duration: 1s818ms
[244/247    1s] Csc Library/Bee/artifacts/1900b0aE.dag/Assembly-CSharp-Editor.dll (+2 others)
Assets\Editor\MainInterfaceRouteTmpVariantMaterialAudit.cs(93,111): warning CS0618: 'FindObjectsSortMode' is obsolete: 'FindObjectsSortMode has been deprecated. Use the FindObjectsByType overloads that do not take a FindObjectsSortMode parameter.'

Assets\Editor\MainInterfaceRouteTmpVariantMaterialAudit.cs(93,28): warning CS0618: 'Object.FindObjectsByType<T>(FindObjectsInactive, FindObjectsSortMode)' is obsolete: 'FindObjectsByType with FindObjectsSortMode parameter has been deprecated. Use FindObjectsByType<T>() or FindObjectsByType<T>(FindObjectsInactive) instead. InstanceID will be replaced in the future with EntityId and previous sort order cannot be maintained.'

Assets\Editor\MainInterfaceSceneBuilder.cs(329,17): warning CS0162: Unreachable code detected

Assets\Editor\MainInterfaceSceneBuilder.cs(378,26): warning CS0618: 'Object.FindFirstObjectByType<T>()' is obsolete: 'FindFirstObjectByType has been deprecated because it relies on instance ID ordering. Use FindAnyObjectByType instead, which does not depend on ordering.'

Assets\Editor\MainInterfaceGuildMainWhitePanelTrace.cs(256,87): warning CS0618: 'Object.GetInstanceID()' is obsolete: 'GetInstanceID is deprecated. Use GetEntityId instead. This will be removed in a future version.'

Assets\Editor\MainInterfaceGuildMainWhitePanelTrace.cs(256,50): warning CS0618: 'Unsupported.GetLocalIdentifierInFile(int)' is obsolete: 'GetLocalIdentifierInFile() is deprecated. Use GetLocalIdentifierInFileForPersistentObject() instead.'

Assets\Editor\MainInterfaceGuildMainWhitePanelTrace.cs(265,91): warning CS0618: 'Object.GetInstanceID()' is obsolete: 'GetInstanceID is deprecated. Use GetEntityId instead. This will be removed in a future version.'

Assets\Editor\MainInterfaceGuildMainWhitePanelTrace.cs(265,54): warning CS0618: 'Unsupported.GetLocalIdentifierInFile(int)' is obsolete: 'GetLocalIdentifierInFile() is deprecated. Use GetLocalIdentifierInFileForPersistentObject() instead.'

Assets\Editor\MainInterfaceRouteSkeletonGraphicReplayIntegration.cs(264,104): warning CS0618: 'FindObjectsSortMode' is obsolete: 'FindObjectsSortMode has been deprecated. Use the FindObjectsByType overloads that do not take a FindObjectsSortMode parameter.'

Assets\Editor\MainInterfaceRouteSkeletonGraphicReplayIntegration.cs(264,23): warning CS0618: 'Object.FindObjectsByType<T>(FindObjectsInactive, FindObjectsSortMode)' is obsolete: 'FindObjectsByType with FindObjectsSortMode parameter has been deprecated. Use FindObjectsByType<T>() or FindObjectsByType<T>(FindObjectsInactive) instead. InstanceID will be replaced in the future with EntityId and previous sort order cannot be maintained.'

Assets\Editor\MainInterfaceRouteLabelRectOverrideRevalidation.cs(104,111): warning CS0618: 'FindObjectsSortMode' is obsolete: 'FindObjectsSortMode has been deprecated. Use the FindObjectsByType overloads that do not take a FindObjectsSortMode parameter.'

Assets\Editor\MainInterfaceRouteLabelRectOverrideRevalidation.cs(104,30): warning CS0618: 'Object.FindObjectsByType<T>(FindObjectsInactive, FindObjectsSortMode)' is obsolete: 'FindObjectsByType with FindObjectsSortMode parameter has been deprecated. Use FindObjectsByType<T>() or FindObjectsByType<T>(FindObjectsInactive) instead. InstanceID will be replaced in the future with EntityId and previous sort order cannot be maintained.'

Assets\Editor\MainInterfaceRouteLabelRectOverrideRevalidation.cs(154,53): warning CS0618: 'TMP_Text.enableWordWrapping' is obsolete: 'The enabledWordWrapping property is now obsolete. Please use the textWrappingMode property instead.'

Assets\Editor\MainInterface116RouteSpineRuntimeBridgeReplay.cs(214,26): warning CS0618: 'Object.FindFirstObjectByType<T>()' is obsolete: 'FindFirstObjectByType has been deprecated because it relies on instance ID ordering. Use FindAnyObjectByType instead, which does not depend on ordering.'

Assets\Editor\MainInterface116RouteSpineRuntimeBridgeReplay.cs(252,112): warning CS0618: 'FindObjectsSortMode' is obsolete: 'FindObjectsSortMode has been deprecated. Use the FindObjectsByType overloads that do not take a FindObjectsSortMode parameter.'

Assets\Editor\MainInterface116RouteSpineRuntimeBridgeReplay.cs(252,37): warning CS0618: 'Object.FindObjectsByType<T>(FindObjectsInactive, FindObjectsSortMode)' is obsolete: 'FindObjectsByType with FindObjectsSortMode parameter has been deprecated. Use FindObjectsByType<T>() or FindObjectsByType<T>(FindObjectsInactive) instead. InstanceID will be replaced in the future with EntityId and previous sort order cannot be maintained.'

Assets\Editor\MainInterface116RouteSpineRuntimeBridgeReplay.cs(298,104): warning CS0618: 'FindObjectsSortMode' is obsolete: 'FindObjectsSortMode has been deprecated. Use the FindObjectsByType overloads that do not take a FindObjectsSortMode parameter.'

Assets\Editor\MainInterface116RouteSpineRuntimeBridgeReplay.cs(298,23): warning CS0618: 'Object.FindObjectsByType<T>(FindObjectsInactive, FindObjectsSortMode)' is obsolete: 'FindObjectsByType with FindObjectsSortMode parameter has been deprecated. Use FindObjectsByType<T>() or FindObjectsByType<T>(FindObjectsInactive) instead. InstanceID will be replaced in the future with EntityId and previous sort order cannot be maintained.'

Assets\Editor\MainInterface117RouteSkeletonGraphicLayoutValidation.cs(233,116): warning CS0618: 'FindObjectsSortMode' is obsolete: 'FindObjectsSortMode has been deprecated. Use the FindObjectsByType overloads that do not take a FindObjectsSortMode parameter.'

Assets\Editor\MainInterface117RouteSkeletonGraphicLayoutValidation.cs(233,35): warning CS0618: 'Object.FindObjectsByType<T>(FindObjectsInactive, FindObjectsSortMode)' is obsolete: 'FindObjectsByType with FindObjectsSortMode parameter has been deprecated. Use FindObjectsByType<T>() or FindObjectsByType<T>(FindObjectsInactive) instead. InstanceID will be replaced in the future with EntityId and previous sort order cannot be maintained.'

Assets\Editor\MainInterface117RouteSkeletonGraphicLayoutValidation.cs(276,97): warning CS0618: 'FindObjectsSortMode' is obsolete: 'FindObjectsSortMode has been deprecated. Use the FindObjectsByType overloads that do not take a FindObjectsSortMode parameter.'

Assets\Editor\MainInterface117RouteSkeletonGraphicLayoutValidation.cs(276,20): warning CS0618: 'Object.FindObjectsByType<T>(FindObjectsInactive, FindObjectsSortMode)' is obsolete: 'FindObjectsByType with FindObjectsSortMode parameter has been deprecated. Use FindObjectsByType<T>() or FindObjectsByType<T>(FindObjectsInactive) instead. InstanceID will be replaced in the future with EntityId and previous sort order cannot be maintained.'

Assets\Editor\MainInterfaceNavigationTargetReferenceTrace.cs(294,73): warning CS0618: 'Object.GetInstanceID()' is obsolete: 'GetInstanceID is deprecated. Use GetEntityId instead. This will be removed in a future version.'

Assets\Editor\MainInterfaceNavigationTargetReferenceTrace.cs(294,36): warning CS0618: 'Unsupported.GetLocalIdentifierInFile(int)' is obsolete: 'GetLocalIdentifierInFile() is deprecated. Use GetLocalIdentifierInFileForPersistentObject() instead.'

Assets\Editor\MainInterfaceNavigationTargetReferenceTrace.cs(305,67): warning CS0618: 'SerializedProperty.objectReferenceInstanceIDValue' is obsolete: 'objectReferenceInstanceIDValue is obsolete. Use objectReferenceEntityIdValue instead'

Assets\Editor\MainInterfaceNavigationTargetReferenceTrace.cs(307,20): warning CS0618: 'SerializedProperty.objectReferenceInstanceIDValue' is obsolete: 'objectReferenceInstanceIDValue is obsolete. Use objectReferenceEntityIdValue instead'

Assets\Editor\MainInterfaceNavigationTargetReferenceTrace.cs(308,32): warning CS0618: 'SerializedProperty.objectReferenceInstanceIDValue' is obsolete: 'objectReferenceInstanceIDValue is obsolete. Use objectReferenceEntityIdValue instead'

Assets\Editor\MainInterface118RouteSkeletonGraphicUIMaterialBinder.cs(278,26): warning CS0618: 'Object.FindFirstObjectByType<T>()' is obsolete: 'FindFirstObjectByType has been deprecated because it relies on instance ID ordering. Use FindAnyObjectByType instead, which does not depend on ordering.'

Assets\Editor\MainInterface118RouteSkeletonGraphicUIMaterialBinder.cs(316,112): warning CS0618: 'FindObjectsSortMode' is obsolete: 'FindObjectsSortMode has been deprecated. Use the FindObjectsByType overloads that do not take a FindObjectsSortMode parameter.'

Assets\Editor\MainInterface118RouteSkeletonGraphicUIMaterialBinder.cs(316,37): warning CS0618: 'Object.FindObjectsByType<T>(FindObjectsInactive, FindObjectsSortMode)' is obsolete: 'FindObjectsByType with FindObjectsSortMode parameter has been deprecated. Use FindObjectsByType<T>() or FindObjectsByType<T>(FindObjectsInactive) instead. InstanceID will be replaced in the future with EntityId and previous sort order cannot be maintained.'

Assets\Editor\MainInterface118RouteSkeletonGraphicUIMaterialBinder.cs(365,104): warning CS0618: 'FindObjectsSortMode' is obsolete: 'FindObjectsSortMode has been deprecated. Use the FindObjectsByType overloads that do not take a FindObjectsSortMode parameter.'

Assets\Editor\MainInterface118RouteSkeletonGraphicUIMaterialBinder.cs(365,23): warning CS0618: 'Object.FindObjectsByType<T>(FindObjectsInactive, FindObjectsSortMode)' is obsolete: 'FindObjectsByType with FindObjectsSortMode parameter has been deprecated. Use FindObjectsByType<T>() or FindObjectsByType<T>(FindObjectsInactive) instead. InstanceID will be replaced in the future with EntityId and previous sort order cannot be maintained.'

Assets\Editor\MainInterface117RouteSkeletonGraphicLayoutValidation.cs(283,26): warning CS0618: 'Object.FindFirstObjectByType<T>()' is obsolete: 'FindFirstObjectByType has been deprecated because it relies on instance ID ordering. Use FindAnyObjectByType instead, which does not depend on ordering.'

Assets\Editor\MainInterface117RouteSkeletonGraphicLayoutValidation.cs(321,112): warning CS0618: 'FindObjectsSortMode' is obsolete: 'FindObjectsSortMode has been deprecated. Use the FindObjectsByType overloads that do not take a FindObjectsSortMode parameter.'

Assets\Editor\MainInterface117RouteSkeletonGraphicLayoutValidation.cs(321,37): warning CS0618: 'Object.FindObjectsByType<T>(FindObjectsInactive, FindObjectsSortMode)' is obsolete: 'FindObjectsByType with FindObjectsSortMode parameter has been deprecated. Use FindObjectsByType<T>() or FindObjectsByType<T>(FindObjectsInactive) instead. InstanceID will be replaced in the future with EntityId and previous sort order cannot be maintained.'

Assets\Editor\MainInterface117RouteSkeletonGraphicLayoutValidation.cs(366,104): warning CS0618: 'FindObjectsSortMode' is obsolete: 'FindObjectsSortMode has been deprecated. Use the FindObjectsByType overloads that do not take a FindObjectsSortMode parameter.'

Assets\Editor\MainInterface117RouteSkeletonGraphicLayoutValidation.cs(366,23): warning CS0618: 'Object.FindObjectsByType<T>(FindObjectsInactive, FindObjectsSortMode)' is obsolete: 'FindObjectsByType with FindObjectsSortMode parameter has been deprecated. Use FindObjectsByType<T>() or FindObjectsByType<T>(FindObjectsInactive) instead. InstanceID will be replaced in the future with EntityId and previous sort order cannot be maintained.'

Assets\Editor\MainInterface119RouteSkeletonGraphicMeshBoundsTrace.cs(381,104): warning CS0618: 'FindObjectsSortMode' is obsolete: 'FindObjectsSortMode has been deprecated. Use the FindObjectsByType overloads that do not take a FindObjectsSortMode parameter.'

Assets\Editor\MainInterface119RouteSkeletonGraphicMeshBoundsTrace.cs(381,23): warning CS0618: 'Object.FindObjectsByType<T>(FindObjectsInactive, FindObjectsSortMode)' is obsolete: 'FindObjectsByType with FindObjectsSortMode parameter has been deprecated. Use FindObjectsByType<T>() or FindObjectsByType<T>(FindObjectsInactive) instead. InstanceID will be replaced in the future with EntityId and previous sort order cannot be maintained.'

Assets\Editor\MainInterfaceSceneBuilder.cs(794,21): warning CS0618: 'TMP_Text.enableWordWrapping' is obsolete: 'The enabledWordWrapping property is now obsolete. Please use the textWrappingMode property instead.'

Assets\Editor\MainInterfaceSceneBuilder.cs(797,21): warning CS0618: 'TMP_Text.enableKerning' is obsolete: 'The "enableKerning" property has been deprecated. Use the "fontFeatures" property to control what features are enabled on the text component.'

Assets\Editor\MainInterfaceRouteNonImageRendererEffectRuntimeStateTrace.cs(336,113): warning CS0618: 'FindObjectsSortMode' is obsolete: 'FindObjectsSortMode has been deprecated. Use the FindObjectsByType overloads that do not take a FindObjectsSortMode parameter.'

Assets\Editor\MainInterfaceRouteNonImageRendererEffectRuntimeStateTrace.cs(336,32): warning CS0618: 'Object.FindObjectsByType<T>(FindObjectsInactive, FindObjectsSortMode)' is obsolete: 'FindObjectsByType with FindObjectsSortMode parameter has been deprecated. Use FindObjectsByType<T>() or FindObjectsByType<T>(FindObjectsInactive) instead. InstanceID will be replaced in the future with EntityId and previous sort order cannot be maintained.'
[245/247    0s] CopyFiles Library/ScriptAssemblies/Assembly-CSharp-Editor.pdb
[246/247    0s] CopyFiles Library/ScriptAssemblies/Assembly-CSharp-Editor.dll
*** Tundra build success (1.79 seconds), 3 items updated, 247 evaluated
Assets\Editor\MainInterfaceRouteTmpVariantMaterialAudit.cs(93,111): warning CS0618: 'FindObjectsSortMode' is obsolete: 'FindObjectsSortMode has been deprecated. Use the FindObjectsByType overloads that do not take a FindObjectsSortMode parameter.'
Assets\Editor\MainInterfaceRouteTmpVariantMaterialAudit.cs(93,28): warning CS0618: 'Object.FindObjectsByType<T>(FindObjectsInactive, FindObjectsSortMode)' is obsolete: 'FindObjectsByType with FindObjectsSortMode parameter has been deprecated. Use FindObjectsByType<T>() or FindObjectsByType<T>(FindObjectsInactive) instead. InstanceID will be replaced in the future with EntityId and previous sort order cannot be maintained.'
Assets\Editor\MainInterfaceSceneBuilder.cs(329,17): warning CS0162: Unreachable code detected
Assets\Editor\MainInterfaceSceneBuilder.cs(378,26): warning CS0618: 'Object.FindFirstObjectByType<T>()' is obsolete: 'FindFirstObjectByType has been deprecated because it relies on instance ID ordering. Use FindAnyObjectByType instead, which does not depend on ordering.'
Assets\Editor\MainInterfaceGuildMainWhitePanelTrace.cs(256,87): warning CS0618: 'Object.GetInstanceID()' is obsolete: 'GetInstanceID is deprecated. Use GetEntityId instead. This will be removed in a future version.'
Assets\Editor\MainInterfaceGuildMainWhitePanelTrace.cs(256,50): warning CS0618: 'Unsupported.GetLocalIdentifierInFile(int)' is obsolete: 'GetLocalIdentifierInFile() is deprecated. Use GetLocalIdentifierInFileForPersistentObject() instead.'
Assets\Editor\MainInterfaceGuildMainWhitePanelTrace.cs(265,91): warning CS0618: 'Object.GetInstanceID()' is obsolete: 'GetInstanceID is deprecated. Use GetEntityId instead. This will be removed in a future version.'
Assets\Editor\MainInterfaceGuildMainWhitePanelTrace.cs(265,54): warning CS0618: 'Unsupported.GetLocalIdentifierInFile(int)' is obsolete: 'GetLocalIdentifierInFile() is deprecated. Use GetLocalIdentifierInFileForPersistentObject() instead.'
Assets\Editor\MainInterfaceRouteSkeletonGraphicReplayIntegration.cs(264,104): warning CS0618: 'FindObjectsSortMode' is obsolete: 'FindObjectsSortMode has been deprecated. Use the FindObjectsByType overloads that do not take a FindObjectsSortMode parameter.'
Assets\Editor\MainInterfaceRouteSkeletonGraphicReplayIntegration.cs(264,23): warning CS0618: 'Object.FindObjectsByType<T>(FindObjectsInactive, FindObjectsSortMode)' is obsolete: 'FindObjectsByType with FindObjectsSortMode parameter has been deprecated. Use FindObjectsByType<T>() or FindObjectsByType<T>(FindObjectsInactive) instead. InstanceID will be replaced in the future with EntityId and previous sort order cannot be maintained.'
Assets\Editor\MainInterfaceRouteLabelRectOverrideRevalidation.cs(104,111): warning CS0618: 'FindObjectsSortMode' is obsolete: 'FindObjectsSortMode has been deprecated. Use the FindObjectsByType overloads that do not take a FindObjectsSortMode parameter.'
Assets\Editor\MainInterfaceRouteLabelRectOverrideRevalidation.cs(104,30): warning CS0618: 'Object.FindObjectsByType<T>(FindObjectsInactive, FindObjectsSortMode)' is obsolete: 'FindObjectsByType with FindObjectsSortMode parameter has been deprecated. Use FindObjectsByType<T>() or FindObjectsByType<T>(FindObjectsInactive) instead. InstanceID will be replaced in the future with EntityId and previous sort order cannot be maintained.'
Assets\Editor\MainInterfaceRouteLabelRectOverrideRevalidation.cs(154,53): warning CS0618: 'TMP_Text.enableWordWrapping' is obsolete: 'The enabledWordWrapping property is now obsolete. Please use the textWrappingMode property instead.'
Assets\Editor\MainInterface116RouteSpineRuntimeBridgeReplay.cs(214,26): warning CS0618: 'Object.FindFirstObjectByType<T>()' is obsolete: 'FindFirstObjectByType has been deprecated because it relies on instance ID ordering. Use FindAnyObjectByType instead, which does not depend on ordering.'
Assets\Editor\MainInterface116RouteSpineRuntimeBridgeReplay.cs(252,112): warning CS0618: 'FindObjectsSortMode' is obsolete: 'FindObjectsSortMode has been deprecated. Use the FindObjectsByType overloads that do not take a FindObjectsSortMode parameter.'
Assets\Editor\MainInterface116RouteSpineRuntimeBridgeReplay.cs(252,37): warning CS0618: 'Object.FindObjectsByType<T>(FindObjectsInactive, FindObjectsSortMode)' is obsolete: 'FindObjectsByType with FindObjectsSortMode parameter has been deprecated. Use FindObjectsByType<T>() or FindObjectsByType<T>(FindObjectsInactive) instead. InstanceID will be replaced in the future with EntityId and previous sort order cannot be maintained.'
Assets\Editor\MainInterface116RouteSpineRuntimeBridgeReplay.cs(298,104): warning CS0618: 'FindObjectsSortMode' is obsolete: 'FindObjectsSortMode has been deprecated. Use the FindObjectsByType overloads that do not take a FindObjectsSortMode parameter.'
Assets\Editor\MainInterface116RouteSpineRuntimeBridgeReplay.cs(298,23): warning CS0618: 'Object.FindObjectsByType<T>(FindObjectsInactive, FindObjectsSortMode)' is obsolete: 'FindObjectsByType with FindObjectsSortMode parameter has been deprecated. Use FindObjectsByType<T>() or FindObjectsByType<T>(FindObjectsInactive) instead. InstanceID will be replaced in the future with EntityId and previous sort order cannot be maintained.'
Assets\Editor\MainInterface117RouteSkeletonGraphicLayoutValidation.cs(233,116): warning CS0618: 'FindObjectsSortMode' is obsolete: 'FindObjectsSortMode has been deprecated. Use the FindObjectsByType overloads that do not take a FindObjectsSortMode parameter.'
Assets\Editor\MainInterface117RouteSkeletonGraphicLayoutValidation.cs(233,35): warning CS0618: 'Object.FindObjectsByType<T>(FindObjectsInactive, FindObjectsSortMode)' is obsolete: 'FindObjectsByType with FindObjectsSortMode parameter has been deprecated. Use FindObjectsByType<T>() or FindObjectsByType<T>(FindObjectsInactive) instead. InstanceID will be replaced in the future with EntityId and previous sort order cannot be maintained.'
Assets\Editor\MainInterface117RouteSkeletonGraphicLayoutValidation.cs(276,97): warning CS0618: 'FindObjectsSortMode' is obsolete: 'FindObjectsSortMode has been deprecated. Use the FindObjectsByType overloads that do not take a FindObjectsSortMode parameter.'
Assets\Editor\MainInterface117RouteSkeletonGraphicLayoutValidation.cs(276,20): warning CS0618: 'Object.FindObjectsByType<T>(FindObjectsInactive, FindObjectsSortMode)' is obsolete: 'FindObjectsByType with FindObjectsSortMode parameter has been deprecated. Use FindObjectsByType<T>() or FindObjectsByType<T>(FindObjectsInactive) instead. InstanceID will be replaced in the future with EntityId and previous sort order cannot be maintained.'
Assets\Editor\MainInterfaceNavigationTargetReferenceTrace.cs(294,73): warning CS0618: 'Object.GetInstanceID()' is obsolete: 'GetInstanceID is deprecated. Use GetEntityId instead. This will be removed in a future version.'
Assets\Editor\MainInterfaceNavigationTargetReferenceTrace.cs(294,36): warning CS0618: 'Unsupported.GetLocalIdentifierInFile(int)' is obsolete: 'GetLocalIdentifierInFile() is deprecated. Use GetLocalIdentifierInFileForPersistentObject() instead.'
Assets\Editor\MainInterfaceNavigationTargetReferenceTrace.cs(305,67): warning CS0618: 'SerializedProperty.objectReferenceInstanceIDValue' is obsolete: 'objectReferenceInstanceIDValue is obsolete. Use objectReferenceEntityIdValue instead'
Assets\Editor\MainInterfaceNavigationTargetReferenceTrace.cs(307,20): warning CS0618: 'SerializedProperty.objectReferenceInstanceIDValue' is obsolete: 'objectReferenceInstanceIDValue is obsolete. Use objectReferenceEntityIdValue instead'
Assets\Editor\MainInterfaceNavigationTargetReferenceTrace.cs(308,32): warning CS0618: 'SerializedProperty.objectReferenceInstanceIDValue' is obsolete: 'objectReferenceInstanceIDValue is obsolete. Use objectReferenceEntityIdValue instead'
Assets\Editor\MainInterface118RouteSkeletonGraphicUIMaterialBinder.cs(278,26): warning CS0618: 'Object.FindFirstObjectByType<T>()' is obsolete: 'FindFirstObjectByType has been deprecated because it relies on instance ID ordering. Use FindAnyObjectByType instead, which does not depend on ordering.'
Assets\Editor\MainInterface118RouteSkeletonGraphicUIMaterialBinder.cs(316,112): warning CS0618: 'FindObjectsSortMode' is obsolete: 'FindObjectsSortMode has been deprecated. Use the FindObjectsByType overloads that do not take a FindObjectsSortMode parameter.'
Assets\Editor\MainInterface118RouteSkeletonGraphicUIMaterialBinder.cs(316,37): warning CS0618: 'Object.FindObjectsByType<T>(FindObjectsInactive, FindObjectsSortMode)' is obsolete: 'FindObjectsByType with FindObjectsSortMode parameter has been deprecated. Use FindObjectsByType<T>() or FindObjectsByType<T>(FindObjectsInactive) instead. InstanceID will be replaced in the future with EntityId and previous sort order cannot be maintained.'
Assets\Editor\MainInterface118RouteSkeletonGraphicUIMaterialBinder.cs(365,104): warning CS0618: 'FindObjectsSortMode' is obsolete: 'FindObjectsSortMode has been deprecated. Use the FindObjectsByType overloads that do not take a FindObjectsSortMode parameter.'
Assets\Editor\MainInterface118RouteSkeletonGraphicUIMaterialBinder.cs(365,23): warning CS0618: 'Object.FindObjectsByType<T>(FindObjectsInactive, FindObjectsSortMode)' is obsolete: 'FindObjectsByType with FindObjectsSortMode parameter has been deprecated. Use FindObjectsByType<T>() or FindObjectsByType<T>(FindObjectsInactive) instead. InstanceID will be replaced in the future with EntityId and previous sort order cannot be maintained.'
Assets\Editor\MainInterface117RouteSkeletonGraphicLayoutValidation.cs(283,26): warning CS0618: 'Object.FindFirstObjectByType<T>()' is obsolete: 'FindFirstObjectByType has been deprecated because it relies on instance ID ordering. Use FindAnyObjectByType instead, which does not depend on ordering.'
Assets\Editor\MainInterface117RouteSkeletonGraphicLayoutValidation.cs(321,112): warning CS0618: 'FindObjectsSortMode' is obsolete: 'FindObjectsSortMode has been deprecated. Use the FindObjectsByType overloads that do not take a FindObjectsSortMode parameter.'
Assets\Editor\MainInterface117RouteSkeletonGraphicLayoutValidation.cs(321,37): warning CS0618: 'Object.FindObjectsByType<T>(FindObjectsInactive, FindObjectsSortMode)' is obsolete: 'FindObjectsByType with FindObjectsSortMode parameter has been deprecated. Use FindObjectsByType<T>() or FindObjectsByType<T>(FindObjectsInactive) instead. InstanceID will be replaced in the future with EntityId and previous sort order cannot be maintained.'
Assets\Editor\MainInterface117RouteSkeletonGraphicLayoutValidation.cs(366,104): warning CS0618: 'FindObjectsSortMode' is obsolete: 'FindObjectsSortMode has been deprecated. Use the FindObjectsByType overloads that do not take a FindObjectsSortMode parameter.'
Assets\Editor\MainInterface117RouteSkeletonGraphicLayoutValidation.cs(366,23): warning CS0618: 'Object.FindObjectsByType<T>(FindObjectsInactive, FindObjectsSortMode)' is obsolete: 'FindObjectsByType with FindObjectsSortMode parameter has been deprecated. Use FindObjectsByType<T>() or FindObjectsByType<T>(FindObjectsInactive) instead. InstanceID will be replaced in the future with EntityId and previous sort order cannot be maintained.'
Assets\Editor\MainInterface119RouteSkeletonGraphicMeshBoundsTrace.cs(381,104): warning CS0618: 'FindObjectsSortMode' is obsolete: 'FindObjectsSortMode has been deprecated. Use the FindObjectsByType overloads that do not take a FindObjectsSortMode parameter.'
Assets\Editor\MainInterface119RouteSkeletonGraphicMeshBoundsTrace.cs(381,23): warning CS0618: 'Object.FindObjectsByType<T>(FindObjectsInactive, FindObjectsSortMode)' is obsolete: 'FindObjectsByType with FindObjectsSortMode parameter has been deprecated. Use FindObjectsByType<T>() or FindObjectsByType<T>(FindObjectsInactive) instead. InstanceID will be replaced in the future with EntityId and previous sort order cannot be maintained.'
Assets\Editor\MainInterfaceSceneBuilder.cs(794,21): warning CS0618: 'TMP_Text.enableWordWrapping' is obsolete: 'The enabledWordWrapping property is now obsolete. Please use the textWrappingMode property instead.'
Assets\Editor\MainInterfaceSceneBuilder.cs(797,21): warning CS0618: 'TMP_Text.enableKerning' is obsolete: 'The "enableKerning" property has been deprecated. Use the "fontFeatures" property to control what features are enabled on the text component.'
Assets\Editor\MainInterfaceRouteNonImageRendererEffectRuntimeStateTrace.cs(336,113): warning CS0618: 'FindObjectsSortMode' is obsolete: 'FindObjectsSortMode has been deprecated. Use the FindObjectsByType overloads that do not take a FindObjectsSortMode parameter.'
Assets\Editor\MainInterfaceRouteNonImageRendererEffectRuntimeStateTrace.cs(336,32): warning CS0618: 'Object.FindObjectsByType<T>(FindObjectsInactive, FindObjectsSortMode)' is obsolete: 'FindObjectsByType with FindObjectsSortMode parameter has been deprecated. Use FindObjectsByType<T>() or FindObjectsByType<T>(FindObjectsInactive) instead. InstanceID will be replaced in the future with EntityId and previous sort order cannot be maintained.'
AssetDatabase: script compilation time: 2.112947s
Begin MonoManager ReloadAssembly
Assembly Assembly-CSharp-Editor-firstpass.dll at Library/ScriptAssemblies/Assembly-CSharp-Editor-firstpass.dll not valid. Loading of assembly skipped.
Assembly Assembly-CSharp-firstpass.dll at Library/ScriptAssemblies/Assembly-CSharp-firstpass.dll not valid. Loading of assembly skipped.
Assembly Unity.Multiplayer.Center.Editor.Tests.dll at Library/ScriptAssemblies/Unity.Multiplayer.Center.Editor.Tests.dll not valid. Loading of assembly skipped.
Assembly Unity.Multiplayer.Center.Tests.dll at Library/ScriptAssemblies/Unity.Multiplayer.Center.Tests.dll not valid. Loading of assembly skipped.
Assembly Unity.TextMeshPro.Editor.Tests.dll at Library/ScriptAssemblies/Unity.TextMeshPro.Editor.Tests.dll not valid. Loading of assembly skipped.
Assembly Unity.TextMeshPro.Tests.dll at Library/ScriptAssemblies/Unity.TextMeshPro.Tests.dll not valid. Loading of assembly skipped.
Assembly UnityEditor.UI.Common.Tests.dll at Library/ScriptAssemblies/UnityEditor.UI.Common.Tests.dll not valid. Loading of assembly skipped.
Assembly UnityEditor.UI.EditorTests.dll at Library/ScriptAssemblies/UnityEditor.UI.EditorTests.dll not valid. Loading of assembly skipped.
Assembly UnityEngine.UI.Tests.dll at Library/ScriptAssemblies/UnityEngine.UI.Tests.dll not valid. Loading of assembly skipped.
Native extension for WindowsStandalone target not found
Native extension for WebGL target not found
ScheduleIndexationOnStartup MainProcess:True IndexOnStartup:True
Mono: successfully reloaded assembly
- Finished resetting the current domain, in  0.290 seconds
Domain Reload Profiling: 635ms
	BeginReloadAssembly (261ms)
		DisableScriptedObjects (16ms)
		CreateAndSetChildDomain (140ms)
	RebuildCommonClasses (22ms)
	RebuildNativeTypeToScriptingClass (8ms)
	initialDomainReloadingComplete (29ms)
	LoadAllAssembliesAndSetupDomain (24ms)
		LoadAssemblies (79ms)
		AnalyzeDomain (16ms)
			TypeCache.Refresh (10ms)
				TypeCache.ScanAssembly (5ms)
			BuildScriptInfoCaches (3ms)
	FinalizeReload (291ms)
		SetupLoadedEditorAssemblies (0ms)
			InitializePlatformSupportModulesInManaged (18ms)
			BeforeProcessingInitializeOnLoad (75ms)
			ProcessInitializeOnLoadAttributes (56ms)
			ProcessInitializeOnLoadMethodAttributes (31ms)
			AfterProcessingInitializeOnLoad (7ms)
		AwakeInstancesAfterBackupRestoration (20ms)
(Values over 0.050ms)
Asset Pipeline Refresh (id=de54cfe6596f8694c9a33e467ccea2f8): Total: 2.922 seconds - Initiated by InitialRefreshV2(ForceSynchronousImport)
	Summary:
		Imports: total=0 (actual=0, local cache=0, cache server=0)
		Asset DB Process Time: managed=0 ms, native=392 ms
		Asset DB Callback time: managed=40 ms, native=17 ms
		Scripting: domain reloads=1, domain reload time=346 ms, compile time=2114 ms, other=9 ms
		Project Asset Count: scripts=294, non-scripts=743
		Asset File Changes: new=0, changed=1, moved=0, deleted=0
		Scan Filter Count: 0
	InvokePackagesCallback: 17.025ms
	ApplyChangesToAssetFolders: 0.509ms
	Scan: 25.136ms
	OnSourceAssetsModified: 0.697ms
	CategorizeScriptCompilationAssets: 1.036ms
	ProcessAssetsWithTransientArtifactChanges: 5.343ms
	CategorizeAssets: 4.073ms
	CompileScripts: 2114.277ms
	ImportOutOfDateAssets: 291.860ms (291.522ms without children)
		UnloadImportedAssets: 0.082ms
		EnsureUptoDateAssetsAreRegisteredWithGuidPM: 0.081ms
		OnDemandSchedulerStart: 0.172ms
	PostProcessAllAssets: 41.478ms
		VCAutoAddAssetPostprocess 0.778ms
		MonoPostProcessAllAssets: 40.344ms
			AssetPostprocessor.OnPostprocessAllAssets 12.454ms
			StyleCatalogPostProcessor.OnPostprocessAllAssets 7.587ms
			WindowAssetPostprocessingWatcher.OnPostprocessAllAssets 5.532ms
			BuilderAssetPostprocessor.OnPostprocessAllAssets 3.785ms
			AssetChangedListener.OnPostprocessAllAssets 1.001ms
			SyncVS.PostprocessSyncProject 0.930ms
			RetainedModeAssetPostprocessor.OnPostprocessAllAssets 0.798ms
			SpeedTree9Postprocessor.OnPostprocessAllAssets 0.509ms
			TextAssetPostProcessor.OnPostprocessAllAssets 0.393ms
			ArtifactBrowserPostProcessor.OnPostprocessAllAssets 0.332ms
			TMPro_TexturePostProcessor.OnPostprocessAllAssets 0.296ms
			ReferencedClipsPostProcessor.OnPostprocessAllAssets 0.221ms
			AudioMixerPostprocessor.OnPostprocessAllAssets 0.159ms
			TerrainToolbarOverlayPostProcessor.OnPostprocessAllAssets 0.144ms
			AssetEvents.OnPostprocessAllAssets 0.134ms
			SpeedTreePostProcessor.OnPostprocessAllAssets 0.102ms
			AssetDatabaseCallbacks.OnPostprocessAllAssets 0.095ms
			ConfigAssetsTracker.OnPostprocessAllAssets 0.074ms
			ScenarioDriftAssetsTracker.OnPostprocessAllAssets 0.071ms
			RenderPipelineGlobalSettingsPostprocessor.OnPostprocessAllAssets 0.064ms
			AudioContainerPostProcessor.OnPostprocessAllAssets 0.052ms
	PostAssetChangesProfiler: 1.603ms
	UnloadStreamsBegin: 1.126ms
	GenerateScriptTypeHashes: 0.196ms
	GenerateScriptTypeSerializationHashes: 0.425ms
	Untracked: 413.209ms

Application.AssetDatabase Initial Refresh End
Launched and connected shader compiler UnityShaderCompiler.exe after 0.01 seconds
Scanning for USB devices : 2.107ms
Initializing Unity extensions:
[MODES] ModeService[none].Initialize
[MODES] ModeService[none].LoadModes
[MODES] Loading mode Default (0) for mode-current-id-girlswar_maininterface_unity
Unloading 58 Unused Serialized files (Serialized files now loaded: 0)
Unloading 609 unused Assets / (6.2 MB). Loaded Objects now: 1192.
Memory consumption went from 119.7 MB to 113.5 MB.
Total: 5.223700 ms (FindLiveObjects: 0.086700 ms CreateObjectMapping: 0.026100 ms MarkObjects: 2.943400 ms  DeleteObjects: 2.165700 ms)

Opening scene 'Assets/Scenes/MainInterface_RouteSpineRuntimeReplay_UIMaterialBound.unity'
Unloading 136 Unused Serialized files (Serialized files now loaded: 0)
Loaded scene 'Assets/Scenes/MainInterface_RouteSpineRuntimeReplay_UIMaterialBound.unity'
	Deserialize:            77.218 ms
	Integration:            103.679 ms
	Integration of assets:  7.984 ms
	Thread Wait Time:       0.097 ms
	Total Operation Time:   188.978 ms
Unloading 1 unused Assets / (0.5 KB). Loaded Objects now: 4237.
Memory consumption went from 131.5 MB to 131.5 MB.
Total: 3.443600 ms (FindLiveObjects: 0.188000 ms CreateObjectMapping: 0.021600 ms MarkObjects: 3.220900 ms  DeleteObjects: 0.012400 ms)

Start importing Assets/RestoreData/maininterface_119_route_skeletongraphic_mesh_bounds_canvasrenderer_submesh_material.json using Guid(88ce934e65e5f8a4bb0610e770622aec) (TextScriptImporter) -> (Import Result ID: 'dc3a3b702dae3eb0ae9377a40647f57e') in 0.0057366 seconds [static dependencies only]. Details - ImportResultOutputID=e4dd91a148e258cbc483f8a579a3d652 DependenciesID=a4079727f29c14aea368a875ba7dbdd6 StaticDependenciesID=6a7a014cd71c3f8e59dadecfe6503392
Start importing Assets/RestoreData/reports/maininterface_119_route_skeletongraphic_mesh_bounds_canvasrenderer_submesh_material.csv using Guid(aa376c3fb2528ac419f1330f91af7a41) (TextScriptImporter) -> (Import Result ID: '254816cc8a4d871c352366d032122191') in 0.0017603 seconds [static dependencies only]. Details - ImportResultOutputID=6938b5dd685678a58d9cee0ba93a0c6e DependenciesID=e93128904fac2341e0a680b3c7eb3f06 StaticDependenciesID=34902373419d54ef05c854697ac4cb18
Asset Pipeline Refresh (id=ed78253c3ce35f24483504976b3d571a): Total: 0.053 seconds - Initiated by RefreshV2(NoUpdateAssetOptions)
[GirlsWarRestore] UI119 route SkeletonGraphic mesh bounds trace complete: Assets/RestoreData/maininterface_119_route_skeletongraphic_mesh_bounds_canvasrenderer_submesh_material.json
UnityEngine.Debug:ExtractStackTraceNoAlloc (byte*,int,string)
UnityEngine.StackTraceUtility:ExtractStackTrace ()
UnityEngine.DebugLogHandler:Internal_Log (UnityEngine.LogType,UnityEngine.LogOption,string,UnityEngine.Object)
UnityEngine.DebugLogHandler:LogFormat (UnityEngine.LogType,UnityEngine.Object,string,object[])
UnityEngine.Logger:Log (UnityEngine.LogType,object)
UnityEngine.Debug:Log (object)
GirlsWarRestore.MainInterface119RouteSkeletonGraphicMeshBoundsTrace:Trace () (at Assets/Editor/MainInterface119RouteSkeletonGraphicMeshBoundsTrace.cs:94)

(Filename: Assets/Editor/MainInterface119RouteSkeletonGraphicMeshBoundsTrace.cs Line: 94)

Batchmode quit successfully invoked - shutting down!
[Physics::Module] Cleanup current backend.
[Physics::Module] Id: 0xf2b8ea05
Input System module state changed to: ShutdownInProgress.
Input Polling Thread exited.
Input System module state changed to: Shutdown.
[Licensing::IpcConnector] LicenseClient-godho-notifications channel disconnected successfully.
[Licensing::IpcConnector] LicenseClient-godho channel disconnected successfully.
AcceleratorClientConnectionCallback - disconnected - :0
Cleanup mono
CodeReloadManager destroyed
Shut down.
abort_threads: Failed aborting id: 0000000000004CA0, mono_thread_manage will ignore it

abort_threads: Failed aborting id: 0000000000002428, mono_thread_manage will ignore it

abort_threads: Failed aborting id: 0000000000004CA0, mono_thread_manage will ignore it

abort_threads: Failed aborting id: 0000000000002428, mono_thread_manage will ignore it

debugger-agent: Unable to listen on 3772
Exiting batchmode successfully now!
Exiting without the bug reporter. Application will terminate with return code 0