[Licensing::Module] Trying to connect to existing licensing client channel...
Built from '6000.4/staging' branch; Version is '6000.4.9f1 (f7258d6eebbe) revision 16197005'; Using compiler version '194234433'; Build Type 'Release'
[Licensing::IpcConnector] Channel LicenseClient-godho doesn't exist
OS: 'Windows 11  (10.0.26200) Professional' Language: 'ko' Physical Memory: 32022 MB
BatchMode: 1, IsHumanControllingUs: 0, StartBugReporterOnCrash: 0, Is64bit: 1
System  architecture: x64
Process architecture: x64
Date: 2026-06-25T10:08:22Z
[Licensing::Module] Successfully launched the LicensingClient (PId: 23780)

COMMAND LINE ARGUMENTS:
C:\Program Files\Unity\Hub\Editor\6000.4.9f1\Editor\Unity.exe
-batchmode
-quit
-projectPath
C:\Users\godho\Downloads\girlswar\girlswar_battle_unity
-executeMethod
BattleHudCanvasScalerSpriteTextureLuaStateClip05Editor.Build
-logFile
C:\Users\godho\Downloads\girlswar\reports\battle\BATTLE_24_CANVAS_SCALER_SPRITE_TEXTURE_LUA_STATE_CLIP05.log
Successfully changed project path to: C:\Users\godho\Downloads\girlswar\girlswar_battle_unity
C:/Users/godho/Downloads/girlswar/girlswar_battle_unity
[UnityMemory] Configuration Parameters - Can be set up in boot.config
    "memorysetup-temp-allocator-size-gi-baking-worker=262144"
    "memorysetup-temp-allocator-size-gi-baking-worker=262144"
    "memorysetup-temp-allocator-size-gi-baking-worker=262144"
    "memorysetup-temp-allocator-size-gi-baking-worker=262144"
    "memorysetup-temp-allocator-size-gi-baking-worker=262144"
    "memorysetup-temp-allocator-size-nav-mesh-worker=65536"
    "memorysetup-temp-allocator-size-audio-worker=65536"
    "memorysetup-temp-allocator-size-cloud-worker=32768"
    "memorysetup-temp-allocator-size-gfx=262144"
    "memorysetup-temp-allocator-size-preload-manager=33554432"
    "memorysetup-temp-allocator-size-job-worker=262144"
    "memorysetup-temp-allocator-size-background-worker=32768"
    "memorysetup-allocator-temp-initial-block-size-main=262144"
    "memorysetup-allocator-temp-initial-block-size-worker=262144"
    "memorysetup-bucket-allocator-granularity=16"
    "memorysetup-bucket-allocator-bucket-count=8"
    "memorysetup-bucket-allocator-block-size=33554432"
    "memorysetup-bucket-allocator-block-count=8"
    "memorysetup-main-allocator-block-size=16777216"
    "memorysetup-thread-allocator-block-size=16777216"
    "memorysetup-gfx-main-allocator-block-size=16777216"
    "memorysetup-gfx-thread-allocator-block-size=16777216"
    "memorysetup-cache-allocator-block-size=4194304"
    "memorysetup-typetree-allocator-block-size=2097152"
    "memorysetup-profiler-bucket-allocator-granularity=16"
    "memorysetup-profiler-bucket-allocator-bucket-count=8"
    "memorysetup-profiler-bucket-allocator-block-size=33554432"
    "memorysetup-profiler-bucket-allocator-block-count=8"
    "memorysetup-profiler-allocator-block-size=16777216"
    "memorysetup-profiler-editor-allocator-block-size=1048576"
    "memorysetup-temp-allocator-size-main=16777216"
    "memorysetup-job-temp-allocator-block-size=2097152"
    "memorysetup-job-temp-allocator-block-size-background=1048576"
    "memorysetup-job-temp-allocator-reduction-small-platforms=262144"
Player connection [30572]  Target information:

Player connection [30572]  * "[IP] 10.10.1.159 [Port] 55504 [Flags] 2 [Guid] 3742567972 [EditorId] 3742567972 [Version] 1048832 [Id] WindowsEditor(7,sjpark) [Debug] 1 [PackageName] WindowsEditor [ProjectName] Editor" 

Player connection [30572]  * "[IP] 172.26.64.1 [Port] 55504 [Flags] 2 [Guid] 3742567972 [EditorId] 3742567972 [Version] 1048832 [Id] WindowsEditor(7,sjpark) [Debug] 1 [PackageName] WindowsEditor [ProjectName] Editor" 

Player connection [30572]  * "[IP] 100.66.239.97 [Port] 55504 [Flags] 2 [Guid] 3742567972 [EditorId] 3742567972 [Version] 1048832 [Id] WindowsEditor(7,sjpark) [Debug] 1 [PackageName] WindowsEditor [ProjectName] Editor" 

Player connection [30572] Host joined multi-casting on [225.0.0.222:54997]...
Player connection [30572] Host joined alternative multi-casting on [225.0.0.222:34997]...
Input System module state changed to: Initialized.
[Physics::Module] Initialized fallback backend.
[Physics::Module] Id: 0xdecafbad
[Package Manager] Connected to IPC stream "Upm-11952" after 0.2 seconds.
[Licensing::Module] Licensing is not yet initialized.
[Licensing::IpcConnector] Successfully connected to: "LicenseClient-godho" at "2026-06-25T10:08:22.6670195Z"
[Licensing::Client] Code 10 while verifying Licensing Client signature (process Id: 23780, path: "C:/Program Files/Unity/Hub/Editor/6000.4.9f1/Editor/Data/Resources/Licensing/Client/Unity.Licensing.Client.exe")
[Licensing::Module] LicensingClient has failed validation; ignoring
[Licensing::Client] Handshaking with LicensingClient:
  Version:                 1.18.1+9fbee8e
  Session Id:              b5aa99bba50d42298965127117240e87
  Correlation Id:          7b648c347bacb5e8f4c4d6e58c5b3f78
  External correlation Id: 4131160355934059188
  Machine Id:              nETCb6mCOTg3uD4qHH44hI9aRsg=
[Licensing::Module] Successfully connected to LicensingClient on channel: "LicenseClient-godho" (connect: 0.37s, validation: 0.04s, handshake: 0.04s)
[Licensing::IpcConnector] Successfully connected to: "LicenseClient-godho-notifications" at "2026-06-25T10:08:22.7489525Z"
[Licensing::Module] Connected to LicensingClient (PId: 23780, launch time: 0.00, total connection time: 0.46s)
[Licensing::Module] Error: Access token is unavailable; failed to update
[Licensing::Client] Successfully resolved entitlement details
[Licensing::Module] License group:
  Id: 14569760011564-UnityPersXXXX
  Product: Unity Personal
  Type: Assigned
  Expiration: Unlimited
[Licensing::Client] Successfully updated license, isAsync: True, time: 0.01
[Licensing::Client] Successfully resolved entitlement details
[Licensing::Module] Licensing Background thread has ended after 0.48s
[Licensing::Module] Licensing is initialized (took 0.14s).
[Licensing::Client] Successfully resolved entitlement details
Library Redirect Path: Library/
[Physics::Module] Selected backend.
[Physics::Module] Name: PhysX
[Physics::Module] Id: 0xf2b8ea05
[Physics::Module] SDK Version: 4.1.2
[Physics::Module] Integration Version: 1.0.0
[Physics::Module] Threading Mode: Multi-Threaded
Artifact Garbage Collection - Removed 1 unused hashed content files
Initialize engine version: 6000.4.9f1 (f7258d6eebbe)
[Subsystems] Discovering subsystems at path C:/Program Files/Unity/Hub/Editor/6000.4.9f1/Editor/Data/Resources/UnitySubsystems
[Subsystems] Discovering subsystems at path C:/Users/godho/Downloads/girlswar/girlswar_battle_unity/Assets
GfxDevice: creating device client; kGfxThreadingModeNonThreaded
d3d12: failed to query info queue interface (0x80004002).
Direct3D:
    Version:         Direct3D 12 [level 12.2]
    Renderer:        Intel(R) Graphics (ID=0x7d67)
    Vendor:          Intel
    VRAM:            18252 MB
    App VRAM Budget: 17484 MB
    Driver:          32.0.101.8425
    Unified Memory Architecture
Initialize mono
Mono path[0] = 'C:/Program Files/Unity/Hub/Editor/6000.4.9f1/Editor/Data/Managed'
Mono path[1] = 'C:/Program Files/Unity/Hub/Editor/6000.4.9f1/Editor/Data/MonoBleedingEdge/lib/mono/unityjit-win32'
Mono config path = 'C:/Program Files/Unity/Hub/Editor/6000.4.9f1/Editor/Data/MonoBleedingEdge/etc'
Using monoOptions --debugger-agent=transport=dt_socket,embedding=1,server=y,suspend=n,address=127.0.0.1:56952
CodeReloadManager initialized
Using cacheserver namespaces - metadata:defaultmetadata, artifacts:defaultartifacts
Using cacheserver namespaces - metadata:defaultmetadata, artifacts:defaultartifacts
ImportWorker Server TCP listen port: 0
AcceleratorClientConnectionCallback - disconnected - :0
Begin MonoManager ReloadAssembly
Registering precompiled unity dll's ...
Register platform support module: C:/Program Files/Unity/Hub/Editor/6000.4.9f1/Editor/Data/PlaybackEngines/WebGLSupport/UnityEditor.WebGL.Extensions.dll
Register platform support module: C:/Program Files/Unity/Hub/Editor/6000.4.9f1/Editor/Data/PlaybackEngines/WindowsStandaloneSupport/UnityEditor.WindowsStandalone.Extensions.dll
Registered in 0.002025 seconds.
Native extension for WindowsStandalone target not found
Native extension for WebGL target not found
Package Manager log level set to [2]
ScheduleIndexationOnStartup MainProcess:False IndexOnStartup:False
Mono: successfully reloaded assembly
- Finished resetting the current domain, in  0.264 seconds
Domain Reload Profiling: 574ms
	BeginReloadAssembly (104ms)
		CreateAndSetChildDomain (5ms)
	RebuildCommonClasses (25ms)
	RebuildNativeTypeToScriptingClass (8ms)
	initialDomainReloadingComplete (43ms)
	LoadAllAssembliesAndSetupDomain (129ms)
		LoadAssemblies (96ms)
		AnalyzeDomain (123ms)
			TypeCache.Refresh (121ms)
				TypeCache.ScanAssembly (112ms)
	FinalizeReload (265ms)
		SetupLoadedEditorAssemblies (0ms)
			InitializePlatformSupportModulesInManaged (30ms)
			BeforeProcessingInitializeOnLoad (55ms)
			ProcessInitializeOnLoadAttributes (72ms)
			ProcessInitializeOnLoadMethodAttributes (66ms)
[Licensing::Client] Successfully resolved entitlement details
Application.AssetDatabase Initial Refresh Start
[Package Manager] Restoring resolved packages state from cache
[Licensing::Client] Successfully resolved entitlement details
[Package Manager] Registered 38 packages:
  Built-in packages:
    com.unity.ugui@2.0.0 (location: C:\Users\godho\Downloads\girlswar\girlswar_battle_unity\Library\PackageCache\com.unity.ugui@1f2d1ab0d950)
    com.unity.multiplayer.center@1.0.1 (location: C:\Users\godho\Downloads\girlswar\girlswar_battle_unity\Library\PackageCache\com.unity.multiplayer.center@f01f4ba8d00a)
    com.unity.modules.accessibility@1.0.0 (location: C:\Users\godho\Downloads\girlswar\girlswar_battle_unity\Library\PackageCache\com.unity.modules.accessibility)
    com.unity.modules.adaptiveperformance@1.0.0 (location: C:\Users\godho\Downloads\girlswar\girlswar_battle_unity\Library\PackageCache\com.unity.modules.adaptiveperformance)
    com.unity.modules.ai@1.0.0 (location: C:\Users\godho\Downloads\girlswar\girlswar_battle_unity\Library\PackageCache\com.unity.modules.ai)
    com.unity.modules.androidjni@1.0.0 (location: C:\Users\godho\Downloads\girlswar\girlswar_battle_unity\Library\PackageCache\com.unity.modules.androidjni)
    com.unity.modules.animation@1.0.0 (location: C:\Users\godho\Downloads\girlswar\girlswar_battle_unity\Library\PackageCache\com.unity.modules.animation)
    com.unity.modules.assetbundle@1.0.0 (location: C:\Users\godho\Downloads\girlswar\girlswar_battle_unity\Library\PackageCache\com.unity.modules.assetbundle)
    com.unity.modules.audio@1.0.0 (location: C:\Users\godho\Downloads\girlswar\girlswar_battle_unity\Library\PackageCache\com.unity.modules.audio)
    com.unity.modules.cloth@1.0.0 (location: C:\Users\godho\Downloads\girlswar\girlswar_battle_unity\Library\PackageCache\com.unity.modules.cloth)
    com.unity.modules.director@1.0.0 (location: C:\Users\godho\Downloads\girlswar\girlswar_battle_unity\Library\PackageCache\com.unity.modules.director)
    com.unity.modules.imageconversion@1.0.0 (location: C:\Users\godho\Downloads\girlswar\girlswar_battle_unity\Library\PackageCache\com.unity.modules.imageconversion)
    com.unity.modules.imgui@1.0.0 (location: C:\Users\godho\Downloads\girlswar\girlswar_battle_unity\Library\PackageCache\com.unity.modules.imgui)
    com.unity.modules.jsonserialize@1.0.0 (location: C:\Users\godho\Downloads\girlswar\girlswar_battle_unity\Library\PackageCache\com.unity.modules.jsonserialize)
    com.unity.modules.particlesystem@1.0.0 (location: C:\Users\godho\Downloads\girlswar\girlswar_battle_unity\Library\PackageCache\com.unity.modules.particlesystem)
    com.unity.modules.physics@1.0.0 (location: C:\Users\godho\Downloads\girlswar\girlswar_battle_unity\Library\PackageCache\com.unity.modules.physics)
    com.unity.modules.physics2d@1.0.0 (location: C:\Users\godho\Downloads\girlswar\girlswar_battle_unity\Library\PackageCache\com.unity.modules.physics2d)
    com.unity.modules.screencapture@1.0.0 (location: C:\Users\godho\Downloads\girlswar\girlswar_battle_unity\Library\PackageCache\com.unity.modules.screencapture)
    com.unity.modules.terrain@1.0.0 (location: C:\Users\godho\Downloads\girlswar\girlswar_battle_unity\Library\PackageCache\com.unity.modules.terrain)
    com.unity.modules.terrainphysics@1.0.0 (location: C:\Users\godho\Downloads\girlswar\girlswar_battle_unity\Library\PackageCache\com.unity.modules.terrainphysics)
    com.unity.modules.tilemap@1.0.0 (location: C:\Users\godho\Downloads\girlswar\girlswar_battle_unity\Library\PackageCache\com.unity.modules.tilemap)
    com.unity.modules.ui@1.0.0 (location: C:\Users\godho\Downloads\girlswar\girlswar_battle_unity\Library\PackageCache\com.unity.modules.ui)
    com.unity.modules.uielements@1.0.0 (location: C:\Users\godho\Downloads\girlswar\girlswar_battle_unity\Library\PackageCache\com.unity.modules.uielements)
    com.unity.modules.umbra@1.0.0 (location: C:\Users\godho\Downloads\girlswar\girlswar_battle_unity\Library\PackageCache\com.unity.modules.umbra)
    com.unity.modules.unityanalytics@1.0.0 (location: C:\Users\godho\Downloads\girlswar\girlswar_battle_unity\Library\PackageCache\com.unity.modules.unityanalytics)
    com.unity.modules.unitywebrequest@1.0.0 (location: C:\Users\godho\Downloads\girlswar\girlswar_battle_unity\Library\PackageCache\com.unity.modules.unitywebrequest)
    com.unity.modules.unitywebrequestassetbundle@1.0.0 (location: C:\Users\godho\Downloads\girlswar\girlswar_battle_unity\Library\PackageCache\com.unity.modules.unitywebrequestassetbundle)
    com.unity.modules.unitywebrequestaudio@1.0.0 (location: C:\Users\godho\Downloads\girlswar\girlswar_battle_unity\Library\PackageCache\com.unity.modules.unitywebrequestaudio)
    com.unity.modules.unitywebrequesttexture@1.0.0 (location: C:\Users\godho\Downloads\girlswar\girlswar_battle_unity\Library\PackageCache\com.unity.modules.unitywebrequesttexture)
    com.unity.modules.unitywebrequestwww@1.0.0 (location: C:\Users\godho\Downloads\girlswar\girlswar_battle_unity\Library\PackageCache\com.unity.modules.unitywebrequestwww)
    com.unity.modules.vectorgraphics@1.0.0 (location: C:\Users\godho\Downloads\girlswar\girlswar_battle_unity\Library\PackageCache\com.unity.modules.vectorgraphics)
    com.unity.modules.vehicles@1.0.0 (location: C:\Users\godho\Downloads\girlswar\girlswar_battle_unity\Library\PackageCache\com.unity.modules.vehicles)
    com.unity.modules.video@1.0.0 (location: C:\Users\godho\Downloads\girlswar\girlswar_battle_unity\Library\PackageCache\com.unity.modules.video)
    com.unity.modules.vr@1.0.0 (location: C:\Users\godho\Downloads\girlswar\girlswar_battle_unity\Library\PackageCache\com.unity.modules.vr)
    com.unity.modules.wind@1.0.0 (location: C:\Users\godho\Downloads\girlswar\girlswar_battle_unity\Library\PackageCache\com.unity.modules.wind)
    com.unity.modules.xr@1.0.0 (location: C:\Users\godho\Downloads\girlswar\girlswar_battle_unity\Library\PackageCache\com.unity.modules.xr)
    com.unity.modules.subsystems@1.0.0 (location: C:\Users\godho\Downloads\girlswar\girlswar_battle_unity\Library\PackageCache\com.unity.modules.subsystems)
    com.unity.modules.hierarchycore@1.0.0 (location: C:\Users\godho\Downloads\girlswar\girlswar_battle_unity\Library\PackageCache\com.unity.modules.hierarchycore)
[Subsystems] No new subsystems found in resolved package list.
[Package Manager] Done registering packages in 0.01 seconds
[ScriptCompilation] Requested script compilation because: AssetDatabase observed changes in script compilation related files
Starting: C:\Program Files\Unity\Hub\Editor\6000.4.9f1\Editor\Data\Tools\BuildPipeline\bee_backend.exe --ipc --defer-dag-verification --dagfile="Library/Bee/1900b0aE.dag" --continue-on-failure --profile="Library/Bee/backend1.traceevents" ScriptAssemblies
WorkingDir: C:/Users/godho/Downloads/girlswar/girlswar_battle_unity
DisplayProgressbar: Compiling Scripts
Starting: C:\Program Files\Unity\Hub\Editor\6000.4.9f1\Editor\Data\netcorerun\netcorerun.exe "C:\Program Files\Unity\Hub\Editor\6000.4.9f1\Editor\Data\Tools\BuildPipeline\ScriptCompilationBuildProgram.exe" "Library/Bee/1900b0aE.dag.json" "Library/Bee/1900b0aE-inputdata.json" "Library\Bee\buildprogram0.traceevents"
WorkingDir: C:/Users/godho/Downloads/girlswar/girlswar_battle_unity
ExitCode: 4 Duration: 0s80ms
Rebuilding DAG because FileSignature timestamp changed: Library/Bee/1900b0aE-inputdata.json
*** Tundra requires additional run (0.06 seconds), 0 items updated, 255 evaluated
ExitCode: 0 Duration: 0s218ms
Starting: C:\Program Files\Unity\Hub\Editor\6000.4.9f1\Editor\Data\Tools\BuildPipeline\bee_backend.exe --ipc --defer-dag-verification --dagfile="Library/Bee/1900b0aE.dag" --continue-on-failure --dagfilejson="Library\Bee\1900b0aE.dag.json" --profile="Library/Bee/backend2.traceevents" ScriptAssemblies
WorkingDir: C:/Users/godho/Downloads/girlswar/girlswar_battle_unity
ExitCode: 0 Duration: 1s686ms
Finished compiling graph: 258 nodes, 2633 flattened edges (2457 ToBuild, 26 ToUse), maximum node priority 144
[195/255    0s] WriteText Library/Bee/artifacts/1900b0aE.dag/Assembly-CSharp-Editor.rsp
[252/255    1s] Csc Library/Bee/artifacts/1900b0aE.dag/Assembly-CSharp-Editor.dll (+2 others)
Assets\Editor\BattleHudVisualSanityEditor.cs(95,30): warning CS0618: 'Object.FindObjectsOfType<T>(bool)' is obsolete: 'Object.FindObjectsOfType has been deprecated. Use Object.FindObjectsByType instead which lets you decide whether you need the results sorted or not.  FindObjectsOfType sorts the results by InstanceID but if you do not need this using FindObjectSortMode.None is considerably faster.'

Assets\Editor\BattleHudVisualSanityEditor.cs(96,30): warning CS0618: 'Object.FindObjectsOfType<T>(bool)' is obsolete: 'Object.FindObjectsOfType has been deprecated. Use Object.FindObjectsByType instead which lets you decide whether you need the results sorted or not.  FindObjectsOfType sorts the results by InstanceID but if you do not need this using FindObjectSortMode.None is considerably faster.'

Assets\Editor\BattleHudVisualSanityEditor.cs(97,31): warning CS0618: 'Object.FindObjectsOfType<T>(bool)' is obsolete: 'Object.FindObjectsOfType has been deprecated. Use Object.FindObjectsByType instead which lets you decide whether you need the results sorted or not.  FindObjectsOfType sorts the results by InstanceID but if you do not need this using FindObjectSortMode.None is considerably faster.'

Assets\Editor\BattleHudAttachToFlowEditor.cs(216,24): warning CS0618: 'Object.FindObjectOfType<T>()' is obsolete: 'Object.FindObjectOfType has been deprecated. Use Object.FindAnyObjectByType instead.'

Assets\Editor\BattleHudVisualSanityEditor.cs(184,30): warning CS0618: 'Object.FindObjectsOfType<T>(bool)' is obsolete: 'Object.FindObjectsOfType has been deprecated. Use Object.FindObjectsByType instead which lets you decide whether you need the results sorted or not.  FindObjectsOfType sorts the results by InstanceID but if you do not need this using FindObjectSortMode.None is considerably faster.'

Assets\Editor\BattleHudVisualSanityEditor.cs(188,29): warning CS0618: 'Object.FindObjectsOfType<T>(bool)' is obsolete: 'Object.FindObjectsOfType has been deprecated. Use Object.FindObjectsByType instead which lets you decide whether you need the results sorted or not.  FindObjectsOfType sorts the results by InstanceID but if you do not need this using FindObjectSortMode.None is considerably faster.'

Assets\Editor\BattleHudVisualSanityEditor.cs(192,34): warning CS0618: 'Object.FindObjectsOfType<T>(bool)' is obsolete: 'Object.FindObjectsOfType has been deprecated. Use Object.FindObjectsByType instead which lets you decide whether you need the results sorted or not.  FindObjectsOfType sorts the results by InstanceID but if you do not need this using FindObjectSortMode.None is considerably faster.'

Assets\Editor\BattleHudVisualSanityEditor.cs(201,30): warning CS0618: 'Object.FindObjectsOfType<T>(bool)' is obsolete: 'Object.FindObjectsOfType has been deprecated. Use Object.FindObjectsByType instead which lets you decide whether you need the results sorted or not.  FindObjectsOfType sorts the results by InstanceID but if you do not need this using FindObjectSortMode.None is considerably faster.'

Assets\Editor\BattleHudVisualSanityEditor.cs(205,29): warning CS0618: 'Object.FindObjectsOfType<T>(bool)' is obsolete: 'Object.FindObjectsOfType has been deprecated. Use Object.FindObjectsByType instead which lets you decide whether you need the results sorted or not.  FindObjectsOfType sorts the results by InstanceID but if you do not need this using FindObjectSortMode.None is considerably faster.'

Assets\Editor\BattleHudVisualSanityEditor.cs(209,34): warning CS0618: 'Object.FindObjectsOfType<T>(bool)' is obsolete: 'Object.FindObjectsOfType has been deprecated. Use Object.FindObjectsByType instead which lets you decide whether you need the results sorted or not.  FindObjectsOfType sorts the results by InstanceID but if you do not need this using FindObjectSortMode.None is considerably faster.'

Assets\Editor\BattleHudVisualSanityEditor.cs(279,28): warning CS0618: 'Object.FindObjectsOfType<T>(bool)' is obsolete: 'Object.FindObjectsOfType has been deprecated. Use Object.FindObjectsByType instead which lets you decide whether you need the results sorted or not.  FindObjectsOfType sorts the results by InstanceID but if you do not need this using FindObjectSortMode.None is considerably faster.'

Assets\Editor\BattleHudSpriteFontJoinEditor.cs(173,30): warning CS0618: 'Object.FindObjectsOfType<T>(bool)' is obsolete: 'Object.FindObjectsOfType has been deprecated. Use Object.FindObjectsByType instead which lets you decide whether you need the results sorted or not.  FindObjectsOfType sorts the results by InstanceID but if you do not need this using FindObjectSortMode.None is considerably faster.'

Assets\Editor\BattleHudSpriteFontJoinEditor.cs(177,29): warning CS0618: 'Object.FindObjectsOfType<T>(bool)' is obsolete: 'Object.FindObjectsOfType has been deprecated. Use Object.FindObjectsByType instead which lets you decide whether you need the results sorted or not.  FindObjectsOfType sorts the results by InstanceID but if you do not need this using FindObjectSortMode.None is considerably faster.'

Assets\Editor\BattleUIComponentTypeReconstructionEditor.cs(164,22): warning CS0618: 'Object.FindObjectOfType<T>()' is obsolete: 'Object.FindObjectOfType has been deprecated. Use Object.FindAnyObjectByType instead.'

Assets\Editor\BattleHudSpriteFontJoinEditor.cs(223,22): warning CS0618: 'Object.FindObjectOfType<T>()' is obsolete: 'Object.FindObjectOfType has been deprecated. Use Object.FindAnyObjectByType instead.'

Assets\Editor\BattleHudRuntimeBindingSpritePptrTraceEditor.cs(225,30): warning CS0618: 'Object.FindObjectsOfType<T>(bool)' is obsolete: 'Object.FindObjectsOfType has been deprecated. Use Object.FindObjectsByType instead which lets you decide whether you need the results sorted or not.  FindObjectsOfType sorts the results by InstanceID but if you do not need this using FindObjectSortMode.None is considerably faster.'

Assets\Editor\BattleHudRuntimeBindingSpritePptrTraceEditor.cs(226,29): warning CS0618: 'Object.FindObjectsOfType<T>(bool)' is obsolete: 'Object.FindObjectsOfType has been deprecated. Use Object.FindObjectsByType instead which lets you decide whether you need the results sorted or not.  FindObjectsOfType sorts the results by InstanceID but if you do not need this using FindObjectSortMode.None is considerably faster.'

Assets\Editor\BattleHudRuntimeBindingSpritePptrTraceEditor.cs(227,34): warning CS0618: 'Object.FindObjectsOfType<T>(bool)' is obsolete: 'Object.FindObjectsOfType has been deprecated. Use Object.FindObjectsByType instead which lets you decide whether you need the results sorted or not.  FindObjectsOfType sorts the results by InstanceID but if you do not need this using FindObjectSortMode.None is considerably faster.'

Assets\Editor\BattleHudExternalDependencyLoadClip05Editor.cs(228,30): warning CS0618: 'Object.FindObjectsOfType<T>(bool)' is obsolete: 'Object.FindObjectsOfType has been deprecated. Use Object.FindObjectsByType instead which lets you decide whether you need the results sorted or not.  FindObjectsOfType sorts the results by InstanceID but if you do not need this using FindObjectSortMode.None is considerably faster.'

Assets\Editor\BattleHudExternalDependencyLoadClip05Editor.cs(229,29): warning CS0618: 'Object.FindObjectsOfType<T>(bool)' is obsolete: 'Object.FindObjectsOfType has been deprecated. Use Object.FindObjectsByType instead which lets you decide whether you need the results sorted or not.  FindObjectsOfType sorts the results by InstanceID but if you do not need this using FindObjectSortMode.None is considerably faster.'

Assets\Editor\BattleHudExternalDependencyLoadClip05Editor.cs(230,34): warning CS0618: 'Object.FindObjectsOfType<T>(bool)' is obsolete: 'Object.FindObjectsOfType has been deprecated. Use Object.FindObjectsByType instead which lets you decide whether you need the results sorted or not.  FindObjectsOfType sorts the results by InstanceID but if you do not need this using FindObjectSortMode.None is considerably faster.'

Assets\Editor\BattleHudCanvasScalerSpriteTextureLuaStateClip05Editor.cs(313,55): warning CS0618: 'Object.GetInstanceID()' is obsolete: 'GetInstanceID is deprecated. Use GetEntityId instead. This will be removed in a future version.'

Assets\Editor\BattleHudCanvasScalerSpriteTextureLuaStateClip05Editor.cs(324,30): warning CS0618: 'Object.FindObjectsOfType<T>(bool)' is obsolete: 'Object.FindObjectsOfType has been deprecated. Use Object.FindObjectsByType instead which lets you decide whether you need the results sorted or not.  FindObjectsOfType sorts the results by InstanceID but if you do not need this using FindObjectSortMode.None is considerably faster.'

Assets\Editor\BattleHudCanvasScalerSpriteTextureLuaStateClip05Editor.cs(325,29): warning CS0618: 'Object.FindObjectsOfType<T>(bool)' is obsolete: 'Object.FindObjectsOfType has been deprecated. Use Object.FindObjectsByType instead which lets you decide whether you need the results sorted or not.  FindObjectsOfType sorts the results by InstanceID but if you do not need this using FindObjectSortMode.None is considerably faster.'

Assets\Editor\BattleHudCanvasScalerSpriteTextureLuaStateClip05Editor.cs(326,34): warning CS0618: 'Object.FindObjectsOfType<T>(bool)' is obsolete: 'Object.FindObjectsOfType has been deprecated. Use Object.FindObjectsByType instead which lets you decide whether you need the results sorted or not.  FindObjectsOfType sorts the results by InstanceID but if you do not need this using FindObjectSortMode.None is considerably faster.'
[253/255    0s] CopyFiles Library/ScriptAssemblies/Assembly-CSharp-Editor.pdb
[254/255    0s] CopyFiles Library/ScriptAssemblies/Assembly-CSharp-Editor.dll
*** Tundra build success (1.67 seconds), 4 items updated, 255 evaluated
Assets\Editor\BattleHudVisualSanityEditor.cs(95,30): warning CS0618: 'Object.FindObjectsOfType<T>(bool)' is obsolete: 'Object.FindObjectsOfType has been deprecated. Use Object.FindObjectsByType instead which lets you decide whether you need the results sorted or not.  FindObjectsOfType sorts the results by InstanceID but if you do not need this using FindObjectSortMode.None is considerably faster.'
Assets\Editor\BattleHudVisualSanityEditor.cs(96,30): warning CS0618: 'Object.FindObjectsOfType<T>(bool)' is obsolete: 'Object.FindObjectsOfType has been deprecated. Use Object.FindObjectsByType instead which lets you decide whether you need the results sorted or not.  FindObjectsOfType sorts the results by InstanceID but if you do not need this using FindObjectSortMode.None is considerably faster.'
Assets\Editor\BattleHudVisualSanityEditor.cs(97,31): warning CS0618: 'Object.FindObjectsOfType<T>(bool)' is obsolete: 'Object.FindObjectsOfType has been deprecated. Use Object.FindObjectsByType instead which lets you decide whether you need the results sorted or not.  FindObjectsOfType sorts the results by InstanceID but if you do not need this using FindObjectSortMode.None is considerably faster.'
Assets\Editor\BattleHudAttachToFlowEditor.cs(216,24): warning CS0618: 'Object.FindObjectOfType<T>()' is obsolete: 'Object.FindObjectOfType has been deprecated. Use Object.FindAnyObjectByType instead.'
Assets\Editor\BattleHudVisualSanityEditor.cs(184,30): warning CS0618: 'Object.FindObjectsOfType<T>(bool)' is obsolete: 'Object.FindObjectsOfType has been deprecated. Use Object.FindObjectsByType instead which lets you decide whether you need the results sorted or not.  FindObjectsOfType sorts the results by InstanceID but if you do not need this using FindObjectSortMode.None is considerably faster.'
Assets\Editor\BattleHudVisualSanityEditor.cs(188,29): warning CS0618: 'Object.FindObjectsOfType<T>(bool)' is obsolete: 'Object.FindObjectsOfType has been deprecated. Use Object.FindObjectsByType instead which lets you decide whether you need the results sorted or not.  FindObjectsOfType sorts the results by InstanceID but if you do not need this using FindObjectSortMode.None is considerably faster.'
Assets\Editor\BattleHudVisualSanityEditor.cs(192,34): warning CS0618: 'Object.FindObjectsOfType<T>(bool)' is obsolete: 'Object.FindObjectsOfType has been deprecated. Use Object.FindObjectsByType instead which lets you decide whether you need the results sorted or not.  FindObjectsOfType sorts the results by InstanceID but if you do not need this using FindObjectSortMode.None is considerably faster.'
Assets\Editor\BattleHudVisualSanityEditor.cs(201,30): warning CS0618: 'Object.FindObjectsOfType<T>(bool)' is obsolete: 'Object.FindObjectsOfType has been deprecated. Use Object.FindObjectsByType instead which lets you decide whether you need the results sorted or not.  FindObjectsOfType sorts the results by InstanceID but if you do not need this using FindObjectSortMode.None is considerably faster.'
Assets\Editor\BattleHudVisualSanityEditor.cs(205,29): warning CS0618: 'Object.FindObjectsOfType<T>(bool)' is obsolete: 'Object.FindObjectsOfType has been deprecated. Use Object.FindObjectsByType instead which lets you decide whether you need the results sorted or not.  FindObjectsOfType sorts the results by InstanceID but if you do not need this using FindObjectSortMode.None is considerably faster.'
Assets\Editor\BattleHudVisualSanityEditor.cs(209,34): warning CS0618: 'Object.FindObjectsOfType<T>(bool)' is obsolete: 'Object.FindObjectsOfType has been deprecated. Use Object.FindObjectsByType instead which lets you decide whether you need the results sorted or not.  FindObjectsOfType sorts the results by InstanceID but if you do not need this using FindObjectSortMode.None is considerably faster.'
Assets\Editor\BattleHudVisualSanityEditor.cs(279,28): warning CS0618: 'Object.FindObjectsOfType<T>(bool)' is obsolete: 'Object.FindObjectsOfType has been deprecated. Use Object.FindObjectsByType instead which lets you decide whether you need the results sorted or not.  FindObjectsOfType sorts the results by InstanceID but if you do not need this using FindObjectSortMode.None is considerably faster.'
Assets\Editor\BattleHudSpriteFontJoinEditor.cs(173,30): warning CS0618: 'Object.FindObjectsOfType<T>(bool)' is obsolete: 'Object.FindObjectsOfType has been deprecated. Use Object.FindObjectsByType instead which lets you decide whether you need the results sorted or not.  FindObjectsOfType sorts the results by InstanceID but if you do not need this using FindObjectSortMode.None is considerably faster.'
Assets\Editor\BattleHudSpriteFontJoinEditor.cs(177,29): warning CS0618: 'Object.FindObjectsOfType<T>(bool)' is obsolete: 'Object.FindObjectsOfType has been deprecated. Use Object.FindObjectsByType instead which lets you decide whether you need the results sorted or not.  FindObjectsOfType sorts the results by InstanceID but if you do not need this using FindObjectSortMode.None is considerably faster.'
Assets\Editor\BattleUIComponentTypeReconstructionEditor.cs(164,22): warning CS0618: 'Object.FindObjectOfType<T>()' is obsolete: 'Object.FindObjectOfType has been deprecated. Use Object.FindAnyObjectByType instead.'
Assets\Editor\BattleHudSpriteFontJoinEditor.cs(223,22): warning CS0618: 'Object.FindObjectOfType<T>()' is obsolete: 'Object.FindObjectOfType has been deprecated. Use Object.FindAnyObjectByType instead.'
Assets\Editor\BattleHudRuntimeBindingSpritePptrTraceEditor.cs(225,30): warning CS0618: 'Object.FindObjectsOfType<T>(bool)' is obsolete: 'Object.FindObjectsOfType has been deprecated. Use Object.FindObjectsByType instead which lets you decide whether you need the results sorted or not.  FindObjectsOfType sorts the results by InstanceID but if you do not need this using FindObjectSortMode.None is considerably faster.'
Assets\Editor\BattleHudRuntimeBindingSpritePptrTraceEditor.cs(226,29): warning CS0618: 'Object.FindObjectsOfType<T>(bool)' is obsolete: 'Object.FindObjectsOfType has been deprecated. Use Object.FindObjectsByType instead which lets you decide whether you need the results sorted or not.  FindObjectsOfType sorts the results by InstanceID but if you do not need this using FindObjectSortMode.None is considerably faster.'
Assets\Editor\BattleHudRuntimeBindingSpritePptrTraceEditor.cs(227,34): warning CS0618: 'Object.FindObjectsOfType<T>(bool)' is obsolete: 'Object.FindObjectsOfType has been deprecated. Use Object.FindObjectsByType instead which lets you decide whether you need the results sorted or not.  FindObjectsOfType sorts the results by InstanceID but if you do not need this using FindObjectSortMode.None is considerably faster.'
Assets\Editor\BattleHudExternalDependencyLoadClip05Editor.cs(228,30): warning CS0618: 'Object.FindObjectsOfType<T>(bool)' is obsolete: 'Object.FindObjectsOfType has been deprecated. Use Object.FindObjectsByType instead which lets you decide whether you need the results sorted or not.  FindObjectsOfType sorts the results by InstanceID but if you do not need this using FindObjectSortMode.None is considerably faster.'
Assets\Editor\BattleHudExternalDependencyLoadClip05Editor.cs(229,29): warning CS0618: 'Object.FindObjectsOfType<T>(bool)' is obsolete: 'Object.FindObjectsOfType has been deprecated. Use Object.FindObjectsByType instead which lets you decide whether you need the results sorted or not.  FindObjectsOfType sorts the results by InstanceID but if you do not need this using FindObjectSortMode.None is considerably faster.'
Assets\Editor\BattleHudExternalDependencyLoadClip05Editor.cs(230,34): warning CS0618: 'Object.FindObjectsOfType<T>(bool)' is obsolete: 'Object.FindObjectsOfType has been deprecated. Use Object.FindObjectsByType instead which lets you decide whether you need the results sorted or not.  FindObjectsOfType sorts the results by InstanceID but if you do not need this using FindObjectSortMode.None is considerably faster.'
Assets\Editor\BattleHudCanvasScalerSpriteTextureLuaStateClip05Editor.cs(313,55): warning CS0618: 'Object.GetInstanceID()' is obsolete: 'GetInstanceID is deprecated. Use GetEntityId instead. This will be removed in a future version.'
Assets\Editor\BattleHudCanvasScalerSpriteTextureLuaStateClip05Editor.cs(324,30): warning CS0618: 'Object.FindObjectsOfType<T>(bool)' is obsolete: 'Object.FindObjectsOfType has been deprecated. Use Object.FindObjectsByType instead which lets you decide whether you need the results sorted or not.  FindObjectsOfType sorts the results by InstanceID but if you do not need this using FindObjectSortMode.None is considerably faster.'
Assets\Editor\BattleHudCanvasScalerSpriteTextureLuaStateClip05Editor.cs(325,29): warning CS0618: 'Object.FindObjectsOfType<T>(bool)' is obsolete: 'Object.FindObjectsOfType has been deprecated. Use Object.FindObjectsByType instead which lets you decide whether you need the results sorted or not.  FindObjectsOfType sorts the results by InstanceID but if you do not need this using FindObjectSortMode.None is considerably faster.'
Assets\Editor\BattleHudCanvasScalerSpriteTextureLuaStateClip05Editor.cs(326,34): warning CS0618: 'Object.FindObjectsOfType<T>(bool)' is obsolete: 'Object.FindObjectsOfType has been deprecated. Use Object.FindObjectsByType instead which lets you decide whether you need the results sorted or not.  FindObjectsOfType sorts the results by InstanceID but if you do not need this using FindObjectSortMode.None is considerably faster.'
AssetDatabase: script compilation time: 2.293287s
Begin MonoManager ReloadAssembly
Assembly Assembly-CSharp-Editor-firstpass.dll at Library/ScriptAssemblies/Assembly-CSharp-Editor-firstpass.dll not valid. Loading of assembly skipped.
Assembly Unity.Multiplayer.Center.Editor.Tests.dll at Library/ScriptAssemblies/Unity.Multiplayer.Center.Editor.Tests.dll not valid. Loading of assembly skipped.
Assembly Unity.Multiplayer.Center.Tests.dll at Library/ScriptAssemblies/Unity.Multiplayer.Center.Tests.dll not valid. Loading of assembly skipped.
Assembly Unity.TextMeshPro.Editor.Tests.dll at Library/ScriptAssemblies/Unity.TextMeshPro.Editor.Tests.dll not valid. Loading of assembly skipped.
Assembly Unity.TextMeshPro.Tests.dll at Library/ScriptAssemblies/Unity.TextMeshPro.Tests.dll not valid. Loading of assembly skipped.
Assembly UnityEditor.UI.Common.Tests.dll at Library/ScriptAssemblies/UnityEditor.UI.Common.Tests.dll not valid. Loading of assembly skipped.
Assembly UnityEditor.UI.EditorTests.dll at Library/ScriptAssemblies/UnityEditor.UI.EditorTests.dll not valid. Loading of assembly skipped.
Assembly UnityEngine.UI.Tests.dll at Library/ScriptAssemblies/UnityEngine.UI.Tests.dll not valid. Loading of assembly skipped.
Native extension for WindowsStandalone target not found
Native extension for WebGL target not found
ScheduleIndexationOnStartup MainProcess:True IndexOnStartup:True
Mono: successfully reloaded assembly
- Finished resetting the current domain, in  0.314 seconds
Domain Reload Profiling: 693ms
	BeginReloadAssembly (285ms)
		DisableScriptedObjects (18ms)
		CreateAndSetChildDomain (146ms)
	RebuildCommonClasses (27ms)
	RebuildNativeTypeToScriptingClass (8ms)
	initialDomainReloadingComplete (34ms)
	LoadAllAssembliesAndSetupDomain (24ms)
		LoadAssemblies (94ms)
		AnalyzeDomain (15ms)
			TypeCache.Refresh (9ms)
				TypeCache.ScanAssembly (4ms)
			BuildScriptInfoCaches (3ms)
	FinalizeReload (315ms)
		SetupLoadedEditorAssemblies (0ms)
			InitializePlatformSupportModulesInManaged (20ms)
			BeforeProcessingInitializeOnLoad (83ms)
			ProcessInitializeOnLoadAttributes (56ms)
			ProcessInitializeOnLoadMethodAttributes (30ms)
			AfterProcessingInitializeOnLoad (5ms)
		AwakeInstancesAfterBackupRestoration (20ms)
Start importing Assets/RestoreData/battle/BATTLE_HUD_EXTERNAL_DEPENDENCY_LOAD_CLIP05_VISUAL.json using Guid(d864ed7b4883c034d8ac3c355435de1d) (TextScriptImporter) -> (Import Result ID: '1703ec981be1b776b3f9947ce398d0d8') in 0.007159 seconds [static dependencies only]. Details - ImportResultOutputID=e9104488c322201ed9d7ec8241fd8cb0 DependenciesID=63db216a9636e7d7b1cc79406b3ba502 StaticDependenciesID=7e9982d06765a7f49d5b0191b66e0ae6 
Start importing Assets/RestoreData/battle/BATTLE_HUD_EXTERNAL_DEPENDENCY_LOAD_CLIP05_VISUAL_COMPONENTS.csv using Guid(0fd74d810ab517d4b8553726732d0717) (TextScriptImporter) -> (Import Result ID: '961fdd244a1de7cc1e022207955d6edd') in 0.0021361 seconds [static dependencies only]. Details - ImportResultOutputID=06deece87fb7d0407fa3111fb90f983b DependenciesID=f0e263a9afa3262d2fafaf4a85fc36b3 StaticDependenciesID=bb2b7ba52ff67524322445a6d1ac159f 
(Values over 0.050ms)
Asset Pipeline Refresh (id=9e32c24cacd770d4fbc1220113dd9a25): Total: 3.164 seconds - Initiated by InitialRefreshV2(ForceSynchronousImport)
	Summary:
		Imports: total=2 (actual=2, local cache=0, cache server=0)
		Asset DB Process Time: managed=1 ms, native=422 ms
		Asset DB Callback time: managed=39 ms, native=15 ms
		Scripting: domain reloads=1, domain reload time=382 ms, compile time=2295 ms, other=8 ms
		Project Asset Count: scripts=220, non-scripts=213
		Asset File Changes: new=1, changed=3, moved=0, deleted=0
		Scan Filter Count: 0
	InvokePackagesCallback: 15.365ms
	ApplyChangesToAssetFolders: 0.572ms
	Scan: 29.974ms
	OnSourceAssetsModified: 0.658ms
	CategorizeScriptCompilationAssets: 0.847ms
	ProcessAssetsWithTransientArtifactChanges: 5.363ms
	CategorizeAssets: 1.880ms
	CompileScripts: 2294.592ms
	ImportOutOfDateAssets: 326.651ms (315.889ms without children)
		ImportManagerImport: 10.434ms (0.640ms without children)
		UnloadImportedAssets: 0.110ms
		OnDemandSchedulerStart: 0.166ms
	PostProcessAllAssets: 39.572ms
		VCAutoAddAssetPostprocess 0.663ms
		VersionControlSettings.HiddenFilePostprocess 0.051ms
		MonoPostProcessAllAssets: 38.503ms
			AssetPostprocessor.OnPostprocessAllAssets 10.659ms
			StyleCatalogPostProcessor.OnPostprocessAllAssets 8.488ms
			WindowAssetPostprocessingWatcher.OnPostprocessAllAssets 4.690ms
			BuilderAssetPostprocessor.OnPostprocessAllAssets 3.738ms
			AssetChangedListener.OnPostprocessAllAssets 1.019ms
			SyncVS.PostprocessSyncProject 0.895ms
			RetainedModeAssetPostprocessor.OnPostprocessAllAssets 0.826ms
			SpeedTree9Postprocessor.OnPostprocessAllAssets 0.504ms
			TextAssetPostProcessor.OnPostprocessAllAssets 0.391ms
			ArtifactBrowserPostProcessor.OnPostprocessAllAssets 0.327ms
			TMPro_TexturePostProcessor.OnPostprocessAllAssets 0.277ms
			ReferencedClipsPostProcessor.OnPostprocessAllAssets 0.224ms
			AssetEvents.OnPostprocessAllAssets 0.182ms
			AudioMixerPostprocessor.OnPostprocessAllAssets 0.171ms
			TerrainToolbarOverlayPostProcessor.OnPostprocessAllAssets 0.144ms
			AssetDatabaseCallbacks.OnPostprocessAllAssets 0.099ms
			SpeedTreePostProcessor.OnPostprocessAllAssets 0.095ms
			ConfigAssetsTracker.OnPostprocessAllAssets 0.081ms
			RenderPipelineGlobalSettingsPostprocessor.OnPostprocessAllAssets 0.080ms
			ScenarioDriftAssetsTracker.OnPostprocessAllAssets 0.078ms
	PostAssetChangesProfiler: 0.591ms
	UnloadStreamsBegin: 1.097ms
	PersistCurrentRevisions: 0.064ms
	GenerateScriptTypeHashes: 0.213ms
	GenerateScriptTypeSerializationHashes: 0.505ms
	Untracked: 442.389ms

Application.AssetDatabase Initial Refresh End
Launched and connected shader compiler UnityShaderCompiler.exe after 0.01 seconds
Scanning for USB devices : 2.589ms
Initializing Unity extensions:
[MODES] ModeService[none].Initialize
[MODES] ModeService[none].LoadModes
[MODES] Loading mode Default (0) for mode-current-id-girlswar_battle_unity
Unloading 4 Unused Serialized files (Serialized files now loaded: 0)
Unloading 456 unused Assets / (0.7 MB). Loaded Objects now: 1094.
Memory consumption went from 99.6 MB to 98.9 MB.
Total: 3.429200 ms (FindLiveObjects: 0.075800 ms CreateObjectMapping: 0.019900 ms MarkObjects: 2.978900 ms  DeleteObjects: 0.352400 ms)

Opening scene 'Assets/Scenes/BattleRuntimeFlowSkillEffectPlayableMarkers.unity'
Unloading 0 Unused Serialized files (Serialized files now loaded: 0)
Loaded scene 'Assets/Scenes/BattleRuntimeFlowSkillEffectPlayableMarkers.unity'
	Deserialize:            14.665 ms
	Integration:            56.042 ms
	Integration of assets:  0.030 ms
	Thread Wait Time:       0.025 ms
	Total Operation Time:   70.762 ms
Unloading 1 unused Assets / (0.5 KB). Loaded Objects now: 1470.
Memory consumption went from 98.1 MB to 98.1 MB.
Total: 2.878900 ms (FindLiveObjects: 0.070300 ms CreateObjectMapping: 0.009200 ms MarkObjects: 2.786300 ms  DeleteObjects: 0.012500 ms)

Start importing Assets/RestoreCaptures/battle_hud/BattleHudCanvasScalerSpriteTextureLuaStateClip05_1680x720.png using Guid(88584e7accb833c4893eb140c04c1cc7) (TextureImporter) -> (Import Result ID: '6a770c7ad4edb2c2966366d8c402cbe4') in 0.0288687 seconds [static and dynamic dependencies]. Details - ImportResultOutputID=6b33a144612099ab9def9684b6a91480 DependenciesID=3b047fcd0d7308709864086992965903 StaticDependenciesID=b74bce4c68190d349c7473b60f2966d0 
Start importing Assets/RestoreData/battle/BATTLE_HUD_CANVAS_SCALER_SPRITE_TEXTURE_LUA_ACTIVE_STATE_CLIP05_COMPONENTS.csv using Guid(052c7e5959989a241b882390e1ae39ec) (TextScriptImporter) -> (Import Result ID: '82cf8c904e7613017e17ad27b4f1dd21') in 0.0031081 seconds [static dependencies only]. Details - ImportResultOutputID=2ad0860879f3ada4709e970871d5e427 DependenciesID=d4c4d84a86a1fe450832f0288ecab8b0 StaticDependenciesID=8dac82bad7b01da9ba5da0fc148bb637 
Start importing Assets/RestoreData/battle/BATTLE_HUD_CANVAS_SCALER_SPRITE_TEXTURE_LUA_ACTIVE_STATE_CLIP05.json using Guid(1fce0f94645c11342ac4e89698fba031) (TextScriptImporter) -> (Import Result ID: 'f4098a59e24320ab907df4f445e3b0d0') in 0.0027921 seconds [static dependencies only]. Details - ImportResultOutputID=2bf0c0f474f6416e445854d9b61fee62 DependenciesID=fb3672e639cc771785d5fadd9a259d7d StaticDependenciesID=52392cdd1329dac58736bbda13a20dff 
Asset Pipeline Refresh (id=3b3b5fd4508eb364b8fd0cdd0ce2976e): Total: 0.109 seconds - Initiated by RefreshV2(NoUpdateAssetOptions)
BattleHudCanvasScalerSpriteTextureLuaStateClip05 generated. rows=505, deps=8, visibleOriginal=48, placeholders=0
UnityEngine.Debug:ExtractStackTraceNoAlloc (byte*,int,string)
UnityEngine.StackTraceUtility:ExtractStackTrace ()
UnityEngine.DebugLogHandler:Internal_Log (UnityEngine.LogType,UnityEngine.LogOption,string,UnityEngine.Object)
UnityEngine.DebugLogHandler:LogFormat (UnityEngine.LogType,UnityEngine.Object,string,object[])
UnityEngine.Logger:Log (UnityEngine.LogType,object)
UnityEngine.Debug:Log (object)
BattleHudCanvasScalerSpriteTextureLuaStateClip05Editor:Build () (at Assets/Editor/BattleHudCanvasScalerSpriteTextureLuaStateClip05Editor.cs:58)

(Filename: Assets/Editor/BattleHudCanvasScalerSpriteTextureLuaStateClip05Editor.cs Line: 58)

Batchmode quit successfully invoked - shutting down!
[Physics::Module] Cleanup current backend.
[Physics::Module] Id: 0xf2b8ea05
Input System module state changed to: ShutdownInProgress.
Input Polling Thread exited.
Input System module state changed to: Shutdown.
[Licensing::IpcConnector] LicenseClient-godho-notifications channel disconnected successfully.
[Licensing::IpcConnector] LicenseClient-godho channel disconnected successfully.
AcceleratorClientConnectionCallback - disconnected - :0
Cleanup mono
CodeReloadManager destroyed
Exiting batchmode successfully now!
Exiting without the bug reporter. Application will terminate with return code 0