[Licensing::Module] Trying to connect to existing licensing client channel...
Built from '6000.4/staging' branch; Version is '6000.4.9f1 (f7258d6eebbe) revision 16197005'; Using compiler version '194234433'; Build Type 'Release'
[Licensing::IpcConnector] Channel LicenseClient-godho doesn't exist
OS: 'Windows 11  (10.0.26200) Professional' Language: 'ko' Physical Memory: 32022 MB
BatchMode: 1, IsHumanControllingUs: 0, StartBugReporterOnCrash: 0, Is64bit: 1
System  architecture: x64
Process architecture: x64
Date: 2026-06-25T11:47:45Z
[Licensing::Module] Successfully launched the LicensingClient (PId: 19620)

COMMAND LINE ARGUMENTS:
C:\Program Files\Unity\Hub\Editor\6000.4.9f1\Editor\Unity.exe
-batchmode
-quit
-projectPath
C:\Users\godho\Downloads\girlswar\girlswar_battle_unity
-executeMethod
BattleActorSpineAnimationRuntimeProbeEditor.Build
-logFile
C:\Users\godho\Downloads\girlswar\reports\battle\BATTLE_31_ACTOR_SPINE_ANIMATION_RUNTIME_PROBE.log
Successfully changed project path to: C:\Users\godho\Downloads\girlswar\girlswar_battle_unity
C:/Users/godho/Downloads/girlswar/girlswar_battle_unity
[UnityMemory] Configuration Parameters - Can be set up in boot.config
    "memorysetup-temp-allocator-size-gi-baking-worker=262144"
    "memorysetup-temp-allocator-size-gi-baking-worker=262144"
    "memorysetup-temp-allocator-size-gi-baking-worker=262144"
    "memorysetup-temp-allocator-size-gi-baking-worker=262144"
    "memorysetup-temp-allocator-size-gi-baking-worker=262144"
    "memorysetup-temp-allocator-size-nav-mesh-worker=65536"
    "memorysetup-temp-allocator-size-audio-worker=65536"
    "memorysetup-temp-allocator-size-cloud-worker=32768"
    "memorysetup-temp-allocator-size-gfx=262144"
    "memorysetup-temp-allocator-size-preload-manager=33554432"
    "memorysetup-temp-allocator-size-job-worker=262144"
    "memorysetup-temp-allocator-size-background-worker=32768"
    "memorysetup-allocator-temp-initial-block-size-main=262144"
    "memorysetup-allocator-temp-initial-block-size-worker=262144"
    "memorysetup-bucket-allocator-granularity=16"
    "memorysetup-bucket-allocator-bucket-count=8"
    "memorysetup-bucket-allocator-block-size=33554432"
    "memorysetup-bucket-allocator-block-count=8"
    "memorysetup-main-allocator-block-size=16777216"
    "memorysetup-thread-allocator-block-size=16777216"
    "memorysetup-gfx-main-allocator-block-size=16777216"
    "memorysetup-gfx-thread-allocator-block-size=16777216"
    "memorysetup-cache-allocator-block-size=4194304"
    "memorysetup-typetree-allocator-block-size=2097152"
    "memorysetup-profiler-bucket-allocator-granularity=16"
    "memorysetup-profiler-bucket-allocator-bucket-count=8"
    "memorysetup-profiler-bucket-allocator-block-size=33554432"
    "memorysetup-profiler-bucket-allocator-block-count=8"
    "memorysetup-profiler-allocator-block-size=16777216"
    "memorysetup-profiler-editor-allocator-block-size=1048576"
    "memorysetup-temp-allocator-size-main=16777216"
    "memorysetup-job-temp-allocator-block-size=2097152"
    "memorysetup-job-temp-allocator-block-size-background=1048576"
    "memorysetup-job-temp-allocator-reduction-small-platforms=262144"
Player connection [34576]  Target information:

Player connection [34576]  * "[IP] 10.10.1.159 [Port] 55504 [Flags] 2 [Guid] 3110773437 [EditorId] 3110773437 [Version] 1048832 [Id] WindowsEditor(7,sjpark) [Debug] 1 [PackageName] WindowsEditor [ProjectName] Editor" 

Player connection [34576]  * "[IP] 172.26.64.1 [Port] 55504 [Flags] 2 [Guid] 3110773437 [EditorId] 3110773437 [Version] 1048832 [Id] WindowsEditor(7,sjpark) [Debug] 1 [PackageName] WindowsEditor [ProjectName] Editor" 

Player connection [34576]  * "[IP] 100.66.239.97 [Port] 55504 [Flags] 2 [Guid] 3110773437 [EditorId] 3110773437 [Version] 1048832 [Id] WindowsEditor(7,sjpark) [Debug] 1 [PackageName] WindowsEditor [ProjectName] Editor" 

Player connection [34576] Host joined multi-casting on [225.0.0.222:54997]...
Player connection [34576] Host joined alternative multi-casting on [225.0.0.222:34997]...
Input System module state changed to: Initialized.
[Physics::Module] Initialized fallback backend.
[Physics::Module] Id: 0xdecafbad
[Package Manager] Connected to IPC stream "Upm-13588" after 0.2 seconds.
[Licensing::Module] Licensing is not yet initialized.
[Licensing::IpcConnector] Successfully connected to: "LicenseClient-godho" at "2026-06-25T11:47:45.7350902Z"
[Licensing::Client] Code 10 while verifying Licensing Client signature (process Id: 19620, path: "C:/Program Files/Unity/Hub/Editor/6000.4.9f1/Editor/Data/Resources/Licensing/Client/Unity.Licensing.Client.exe")
[Licensing::Module] LicensingClient has failed validation; ignoring
[Licensing::Client] Handshaking with LicensingClient:
  Version:                 1.18.1+9fbee8e
  Session Id:              bd74ce8394f0432c93e8a49e9b29f36f
  Correlation Id:          c10675923f9a9c783e3927a8ef66a2c3
  External correlation Id: 245716785551358698
  Machine Id:              nETCb6mCOTg3uD4qHH44hI9aRsg=
[Licensing::Module] Successfully connected to LicensingClient on channel: "LicenseClient-godho" (connect: 0.37s, validation: 0.03s, handshake: 0.04s)
[Licensing::IpcConnector] Successfully connected to: "LicenseClient-godho-notifications" at "2026-06-25T11:47:45.8119276Z"
[Licensing::Module] Connected to LicensingClient (PId: 19620, launch time: 0.00, total connection time: 0.45s)
[Licensing::Module] Error: Access token is unavailable; failed to update
[Licensing::Client] Successfully resolved entitlement details
[Licensing::Module] License group:
  Id: 14569760011564-UnityPersXXXX
  Product: Unity Personal
  Type: Assigned
  Expiration: Unlimited
[Licensing::Client] Successfully updated license, isAsync: True, time: 0.01
[Licensing::Client] Successfully resolved entitlement details
[Licensing::Module] Licensing Background thread has ended after 0.48s
[Licensing::Module] Licensing is initialized (took 0.14s).
[Licensing::Client] Successfully resolved entitlement details
Library Redirect Path: Library/
[Physics::Module] Selected backend.
[Physics::Module] Name: PhysX
[Physics::Module] Id: 0xf2b8ea05
[Physics::Module] SDK Version: 4.1.2
[Physics::Module] Integration Version: 1.0.0
[Physics::Module] Threading Mode: Multi-Threaded
Artifact Garbage Collection - Removed 1 unused hashed content files
Initialize engine version: 6000.4.9f1 (f7258d6eebbe)
[Subsystems] Discovering subsystems at path C:/Program Files/Unity/Hub/Editor/6000.4.9f1/Editor/Data/Resources/UnitySubsystems
[Subsystems] Discovering subsystems at path C:/Users/godho/Downloads/girlswar/girlswar_battle_unity/Assets
GfxDevice: creating device client; kGfxThreadingModeNonThreaded
d3d12: failed to query info queue interface (0x80004002).
Direct3D:
    Version:         Direct3D 12 [level 12.2]
    Renderer:        Intel(R) Graphics (ID=0x7d67)
    Vendor:          Intel
    VRAM:            18252 MB
    App VRAM Budget: 17484 MB
    Driver:          32.0.101.8425
    Unified Memory Architecture
Initialize mono
Mono path[0] = 'C:/Program Files/Unity/Hub/Editor/6000.4.9f1/Editor/Data/Managed'
Mono path[1] = 'C:/Program Files/Unity/Hub/Editor/6000.4.9f1/Editor/Data/MonoBleedingEdge/lib/mono/unityjit-win32'
Mono config path = 'C:/Program Files/Unity/Hub/Editor/6000.4.9f1/Editor/Data/MonoBleedingEdge/etc'
Using monoOptions --debugger-agent=transport=dt_socket,embedding=1,server=y,suspend=n,address=127.0.0.1:56588
CodeReloadManager initialized
Using cacheserver namespaces - metadata:defaultmetadata, artifacts:defaultartifacts
Using cacheserver namespaces - metadata:defaultmetadata, artifacts:defaultartifacts
ImportWorker Server TCP listen port: 0
AcceleratorClientConnectionCallback - disconnected - :0
Begin MonoManager ReloadAssembly
Registering precompiled unity dll's ...
Register platform support module: C:/Program Files/Unity/Hub/Editor/6000.4.9f1/Editor/Data/PlaybackEngines/WebGLSupport/UnityEditor.WebGL.Extensions.dll
Register platform support module: C:/Program Files/Unity/Hub/Editor/6000.4.9f1/Editor/Data/PlaybackEngines/WindowsStandaloneSupport/UnityEditor.WindowsStandalone.Extensions.dll
Registered in 0.002712 seconds.
Native extension for WindowsStandalone target not found
Native extension for WebGL target not found
Package Manager log level set to [2]
ScheduleIndexationOnStartup MainProcess:False IndexOnStartup:False
Mono: successfully reloaded assembly
- Finished resetting the current domain, in  0.260 seconds
Domain Reload Profiling: 571ms
	BeginReloadAssembly (103ms)
		CreateAndSetChildDomain (7ms)
	RebuildCommonClasses (24ms)
	RebuildNativeTypeToScriptingClass (8ms)
	initialDomainReloadingComplete (43ms)
	LoadAllAssembliesAndSetupDomain (131ms)
		LoadAssemblies (94ms)
		AnalyzeDomain (124ms)
			TypeCache.Refresh (123ms)
				TypeCache.ScanAssembly (113ms)
	FinalizeReload (261ms)
		SetupLoadedEditorAssemblies (0ms)
			InitializePlatformSupportModulesInManaged (30ms)
			BeforeProcessingInitializeOnLoad (55ms)
			ProcessInitializeOnLoadAttributes (69ms)
			ProcessInitializeOnLoadMethodAttributes (65ms)
[Licensing::Client] Successfully resolved entitlement details
Application.AssetDatabase Initial Refresh Start
[Package Manager] Restoring resolved packages state from cache
[Licensing::Client] Successfully resolved entitlement details
[Package Manager] Registered 38 packages:
  Built-in packages:
    com.unity.ugui@2.0.0 (location: C:\Users\godho\Downloads\girlswar\girlswar_battle_unity\Library\PackageCache\com.unity.ugui@1f2d1ab0d950)
    com.unity.multiplayer.center@1.0.1 (location: C:\Users\godho\Downloads\girlswar\girlswar_battle_unity\Library\PackageCache\com.unity.multiplayer.center@f01f4ba8d00a)
    com.unity.modules.accessibility@1.0.0 (location: C:\Users\godho\Downloads\girlswar\girlswar_battle_unity\Library\PackageCache\com.unity.modules.accessibility)
    com.unity.modules.adaptiveperformance@1.0.0 (location: C:\Users\godho\Downloads\girlswar\girlswar_battle_unity\Library\PackageCache\com.unity.modules.adaptiveperformance)
    com.unity.modules.ai@1.0.0 (location: C:\Users\godho\Downloads\girlswar\girlswar_battle_unity\Library\PackageCache\com.unity.modules.ai)
    com.unity.modules.androidjni@1.0.0 (location: C:\Users\godho\Downloads\girlswar\girlswar_battle_unity\Library\PackageCache\com.unity.modules.androidjni)
    com.unity.modules.animation@1.0.0 (location: C:\Users\godho\Downloads\girlswar\girlswar_battle_unity\Library\PackageCache\com.unity.modules.animation)
    com.unity.modules.assetbundle@1.0.0 (location: C:\Users\godho\Downloads\girlswar\girlswar_battle_unity\Library\PackageCache\com.unity.modules.assetbundle)
    com.unity.modules.audio@1.0.0 (location: C:\Users\godho\Downloads\girlswar\girlswar_battle_unity\Library\PackageCache\com.unity.modules.audio)
    com.unity.modules.cloth@1.0.0 (location: C:\Users\godho\Downloads\girlswar\girlswar_battle_unity\Library\PackageCache\com.unity.modules.cloth)
    com.unity.modules.director@1.0.0 (location: C:\Users\godho\Downloads\girlswar\girlswar_battle_unity\Library\PackageCache\com.unity.modules.director)
    com.unity.modules.imageconversion@1.0.0 (location: C:\Users\godho\Downloads\girlswar\girlswar_battle_unity\Library\PackageCache\com.unity.modules.imageconversion)
    com.unity.modules.imgui@1.0.0 (location: C:\Users\godho\Downloads\girlswar\girlswar_battle_unity\Library\PackageCache\com.unity.modules.imgui)
    com.unity.modules.jsonserialize@1.0.0 (location: C:\Users\godho\Downloads\girlswar\girlswar_battle_unity\Library\PackageCache\com.unity.modules.jsonserialize)
    com.unity.modules.particlesystem@1.0.0 (location: C:\Users\godho\Downloads\girlswar\girlswar_battle_unity\Library\PackageCache\com.unity.modules.particlesystem)
    com.unity.modules.physics@1.0.0 (location: C:\Users\godho\Downloads\girlswar\girlswar_battle_unity\Library\PackageCache\com.unity.modules.physics)
    com.unity.modules.physics2d@1.0.0 (location: C:\Users\godho\Downloads\girlswar\girlswar_battle_unity\Library\PackageCache\com.unity.modules.physics2d)
    com.unity.modules.screencapture@1.0.0 (location: C:\Users\godho\Downloads\girlswar\girlswar_battle_unity\Library\PackageCache\com.unity.modules.screencapture)
    com.unity.modules.terrain@1.0.0 (location: C:\Users\godho\Downloads\girlswar\girlswar_battle_unity\Library\PackageCache\com.unity.modules.terrain)
    com.unity.modules.terrainphysics@1.0.0 (location: C:\Users\godho\Downloads\girlswar\girlswar_battle_unity\Library\PackageCache\com.unity.modules.terrainphysics)
    com.unity.modules.tilemap@1.0.0 (location: C:\Users\godho\Downloads\girlswar\girlswar_battle_unity\Library\PackageCache\com.unity.modules.tilemap)
    com.unity.modules.ui@1.0.0 (location: C:\Users\godho\Downloads\girlswar\girlswar_battle_unity\Library\PackageCache\com.unity.modules.ui)
    com.unity.modules.uielements@1.0.0 (location: C:\Users\godho\Downloads\girlswar\girlswar_battle_unity\Library\PackageCache\com.unity.modules.uielements)
    com.unity.modules.umbra@1.0.0 (location: C:\Users\godho\Downloads\girlswar\girlswar_battle_unity\Library\PackageCache\com.unity.modules.umbra)
    com.unity.modules.unityanalytics@1.0.0 (location: C:\Users\godho\Downloads\girlswar\girlswar_battle_unity\Library\PackageCache\com.unity.modules.unityanalytics)
    com.unity.modules.unitywebrequest@1.0.0 (location: C:\Users\godho\Downloads\girlswar\girlswar_battle_unity\Library\PackageCache\com.unity.modules.unitywebrequest)
    com.unity.modules.unitywebrequestassetbundle@1.0.0 (location: C:\Users\godho\Downloads\girlswar\girlswar_battle_unity\Library\PackageCache\com.unity.modules.unitywebrequestassetbundle)
    com.unity.modules.unitywebrequestaudio@1.0.0 (location: C:\Users\godho\Downloads\girlswar\girlswar_battle_unity\Library\PackageCache\com.unity.modules.unitywebrequestaudio)
    com.unity.modules.unitywebrequesttexture@1.0.0 (location: C:\Users\godho\Downloads\girlswar\girlswar_battle_unity\Library\PackageCache\com.unity.modules.unitywebrequesttexture)
    com.unity.modules.unitywebrequestwww@1.0.0 (location: C:\Users\godho\Downloads\girlswar\girlswar_battle_unity\Library\PackageCache\com.unity.modules.unitywebrequestwww)
    com.unity.modules.vectorgraphics@1.0.0 (location: C:\Users\godho\Downloads\girlswar\girlswar_battle_unity\Library\PackageCache\com.unity.modules.vectorgraphics)
    com.unity.modules.vehicles@1.0.0 (location: C:\Users\godho\Downloads\girlswar\girlswar_battle_unity\Library\PackageCache\com.unity.modules.vehicles)
    com.unity.modules.video@1.0.0 (location: C:\Users\godho\Downloads\girlswar\girlswar_battle_unity\Library\PackageCache\com.unity.modules.video)
    com.unity.modules.vr@1.0.0 (location: C:\Users\godho\Downloads\girlswar\girlswar_battle_unity\Library\PackageCache\com.unity.modules.vr)
    com.unity.modules.wind@1.0.0 (location: C:\Users\godho\Downloads\girlswar\girlswar_battle_unity\Library\PackageCache\com.unity.modules.wind)
    com.unity.modules.xr@1.0.0 (location: C:\Users\godho\Downloads\girlswar\girlswar_battle_unity\Library\PackageCache\com.unity.modules.xr)
    com.unity.modules.subsystems@1.0.0 (location: C:\Users\godho\Downloads\girlswar\girlswar_battle_unity\Library\PackageCache\com.unity.modules.subsystems)
    com.unity.modules.hierarchycore@1.0.0 (location: C:\Users\godho\Downloads\girlswar\girlswar_battle_unity\Library\PackageCache\com.unity.modules.hierarchycore)
[Subsystems] No new subsystems found in resolved package list.
[Package Manager] Done registering packages in 0.01 seconds
[ScriptCompilation] Requested script compilation because: AssetDatabase observed changes in script compilation related files
Starting: C:\Program Files\Unity\Hub\Editor\6000.4.9f1\Editor\Data\Tools\BuildPipeline\bee_backend.exe --ipc --defer-dag-verification --dagfile="Library/Bee/1900b0aE.dag" --continue-on-failure --profile="Library/Bee/backend1.traceevents" ScriptAssemblies
WorkingDir: C:/Users/godho/Downloads/girlswar/girlswar_battle_unity
DisplayProgressbar: Compiling Scripts
Starting: C:\Program Files\Unity\Hub\Editor\6000.4.9f1\Editor\Data\netcorerun\netcorerun.exe "C:\Program Files\Unity\Hub\Editor\6000.4.9f1\Editor\Data\Tools\BuildPipeline\ScriptCompilationBuildProgram.exe" "Library/Bee/1900b0aE.dag.json" "Library/Bee/1900b0aE-inputdata.json" "Library\Bee\buildprogram0.traceevents"
WorkingDir: C:/Users/godho/Downloads/girlswar/girlswar_battle_unity
ExitCode: 4 Duration: 0s71ms
Rebuilding DAG because FileSignature timestamp changed: Library/Bee/1900b0aE-inputdata.json
*** Tundra requires additional run (0.05 seconds), 0 items updated, 255 evaluated
ExitCode: 0 Duration: 0s205ms
Starting: C:\Program Files\Unity\Hub\Editor\6000.4.9f1\Editor\Data\Tools\BuildPipeline\bee_backend.exe --ipc --defer-dag-verification --dagfile="Library/Bee/1900b0aE.dag" --continue-on-failure --dagfilejson="Library\Bee\1900b0aE.dag.json" --profile="Library/Bee/backend2.traceevents" ScriptAssemblies
WorkingDir: C:/Users/godho/Downloads/girlswar/girlswar_battle_unity
ExitCode: 0 Duration: 1s744ms
Finished compiling graph: 258 nodes, 2633 flattened edges (2457 ToBuild, 26 ToUse), maximum node priority 144
[195/255    0s] WriteText Library/Bee/artifacts/1900b0aE.dag/Assembly-CSharp-Editor.rsp
[252/255    1s] Csc Library/Bee/artifacts/1900b0aE.dag/Assembly-CSharp-Editor.dll (+2 others)
Assets\Editor\BattleHudVisualSanityEditor.cs(95,30): warning CS0618: 'Object.FindObjectsOfType<T>(bool)' is obsolete: 'Object.FindObjectsOfType has been deprecated. Use Object.FindObjectsByType instead which lets you decide whether you need the results sorted or not.  FindObjectsOfType sorts the results by InstanceID but if you do not need this using FindObjectSortMode.None is considerably faster.'

Assets\Editor\BattleHudVisualSanityEditor.cs(96,30): warning CS0618: 'Object.FindObjectsOfType<T>(bool)' is obsolete: 'Object.FindObjectsOfType has been deprecated. Use Object.FindObjectsByType instead which lets you decide whether you need the results sorted or not.  FindObjectsOfType sorts the results by InstanceID but if you do not need this using FindObjectSortMode.None is considerably faster.'

Assets\Editor\BattleHudVisualSanityEditor.cs(97,31): warning CS0618: 'Object.FindObjectsOfType<T>(bool)' is obsolete: 'Object.FindObjectsOfType has been deprecated. Use Object.FindObjectsByType instead which lets you decide whether you need the results sorted or not.  FindObjectsOfType sorts the results by InstanceID but if you do not need this using FindObjectSortMode.None is considerably faster.'

Assets\Editor\BattleHudAttachToFlowEditor.cs(216,24): warning CS0618: 'Object.FindObjectOfType<T>()' is obsolete: 'Object.FindObjectOfType has been deprecated. Use Object.FindAnyObjectByType instead.'

Assets\Editor\BattleUIComponentTypeReconstructionEditor.cs(164,22): warning CS0618: 'Object.FindObjectOfType<T>()' is obsolete: 'Object.FindObjectOfType has been deprecated. Use Object.FindAnyObjectByType instead.'

Assets\Editor\BattleHudVisualSanityEditor.cs(184,30): warning CS0618: 'Object.FindObjectsOfType<T>(bool)' is obsolete: 'Object.FindObjectsOfType has been deprecated. Use Object.FindObjectsByType instead which lets you decide whether you need the results sorted or not.  FindObjectsOfType sorts the results by InstanceID but if you do not need this using FindObjectSortMode.None is considerably faster.'

Assets\Editor\BattleHudVisualSanityEditor.cs(188,29): warning CS0618: 'Object.FindObjectsOfType<T>(bool)' is obsolete: 'Object.FindObjectsOfType has been deprecated. Use Object.FindObjectsByType instead which lets you decide whether you need the results sorted or not.  FindObjectsOfType sorts the results by InstanceID but if you do not need this using FindObjectSortMode.None is considerably faster.'

Assets\Editor\BattleHudVisualSanityEditor.cs(192,34): warning CS0618: 'Object.FindObjectsOfType<T>(bool)' is obsolete: 'Object.FindObjectsOfType has been deprecated. Use Object.FindObjectsByType instead which lets you decide whether you need the results sorted or not.  FindObjectsOfType sorts the results by InstanceID but if you do not need this using FindObjectSortMode.None is considerably faster.'

Assets\Editor\BattleHudVisualSanityEditor.cs(201,30): warning CS0618: 'Object.FindObjectsOfType<T>(bool)' is obsolete: 'Object.FindObjectsOfType has been deprecated. Use Object.FindObjectsByType instead which lets you decide whether you need the results sorted or not.  FindObjectsOfType sorts the results by InstanceID but if you do not need this using FindObjectSortMode.None is considerably faster.'

Assets\Editor\BattleHudVisualSanityEditor.cs(205,29): warning CS0618: 'Object.FindObjectsOfType<T>(bool)' is obsolete: 'Object.FindObjectsOfType has been deprecated. Use Object.FindObjectsByType instead which lets you decide whether you need the results sorted or not.  FindObjectsOfType sorts the results by InstanceID but if you do not need this using FindObjectSortMode.None is considerably faster.'

Assets\Editor\BattleHudVisualSanityEditor.cs(209,34): warning CS0618: 'Object.FindObjectsOfType<T>(bool)' is obsolete: 'Object.FindObjectsOfType has been deprecated. Use Object.FindObjectsByType instead which lets you decide whether you need the results sorted or not.  FindObjectsOfType sorts the results by InstanceID but if you do not need this using FindObjectSortMode.None is considerably faster.'

Assets\Editor\BattleHudSpriteFontJoinEditor.cs(173,30): warning CS0618: 'Object.FindObjectsOfType<T>(bool)' is obsolete: 'Object.FindObjectsOfType has been deprecated. Use Object.FindObjectsByType instead which lets you decide whether you need the results sorted or not.  FindObjectsOfType sorts the results by InstanceID but if you do not need this using FindObjectSortMode.None is considerably faster.'

Assets\Editor\BattleHudSpriteFontJoinEditor.cs(177,29): warning CS0618: 'Object.FindObjectsOfType<T>(bool)' is obsolete: 'Object.FindObjectsOfType has been deprecated. Use Object.FindObjectsByType instead which lets you decide whether you need the results sorted or not.  FindObjectsOfType sorts the results by InstanceID but if you do not need this using FindObjectSortMode.None is considerably faster.'

Assets\Editor\BattleHudExternalDependencyLoadClip05Editor.cs(228,30): warning CS0618: 'Object.FindObjectsOfType<T>(bool)' is obsolete: 'Object.FindObjectsOfType has been deprecated. Use Object.FindObjectsByType instead which lets you decide whether you need the results sorted or not.  FindObjectsOfType sorts the results by InstanceID but if you do not need this using FindObjectSortMode.None is considerably faster.'

Assets\Editor\BattleHudExternalDependencyLoadClip05Editor.cs(229,29): warning CS0618: 'Object.FindObjectsOfType<T>(bool)' is obsolete: 'Object.FindObjectsOfType has been deprecated. Use Object.FindObjectsByType instead which lets you decide whether you need the results sorted or not.  FindObjectsOfType sorts the results by InstanceID but if you do not need this using FindObjectSortMode.None is considerably faster.'

Assets\Editor\BattleHudExternalDependencyLoadClip05Editor.cs(230,34): warning CS0618: 'Object.FindObjectsOfType<T>(bool)' is obsolete: 'Object.FindObjectsOfType has been deprecated. Use Object.FindObjectsByType instead which lets you decide whether you need the results sorted or not.  FindObjectsOfType sorts the results by InstanceID but if you do not need this using FindObjectSortMode.None is considerably faster.'

Assets\Editor\BattleHudRuntimeBindingSpritePptrTraceEditor.cs(225,30): warning CS0618: 'Object.FindObjectsOfType<T>(bool)' is obsolete: 'Object.FindObjectsOfType has been deprecated. Use Object.FindObjectsByType instead which lets you decide whether you need the results sorted or not.  FindObjectsOfType sorts the results by InstanceID but if you do not need this using FindObjectSortMode.None is considerably faster.'

Assets\Editor\BattleHudRuntimeBindingSpritePptrTraceEditor.cs(226,29): warning CS0618: 'Object.FindObjectsOfType<T>(bool)' is obsolete: 'Object.FindObjectsOfType has been deprecated. Use Object.FindObjectsByType instead which lets you decide whether you need the results sorted or not.  FindObjectsOfType sorts the results by InstanceID but if you do not need this using FindObjectSortMode.None is considerably faster.'

Assets\Editor\BattleHudRuntimeBindingSpritePptrTraceEditor.cs(227,34): warning CS0618: 'Object.FindObjectsOfType<T>(bool)' is obsolete: 'Object.FindObjectsOfType has been deprecated. Use Object.FindObjectsByType instead which lets you decide whether you need the results sorted or not.  FindObjectsOfType sorts the results by InstanceID but if you do not need this using FindObjectSortMode.None is considerably faster.'

Assets\Editor\BattleHudVisualSanityEditor.cs(279,28): warning CS0618: 'Object.FindObjectsOfType<T>(bool)' is obsolete: 'Object.FindObjectsOfType has been deprecated. Use Object.FindObjectsByType instead which lets you decide whether you need the results sorted or not.  FindObjectsOfType sorts the results by InstanceID but if you do not need this using FindObjectSortMode.None is considerably faster.'

Assets\Editor\BattleCorrectMapSceneHudPreviewClip05Editor.cs(404,30): warning CS0618: 'Object.FindObjectsOfType<T>(bool)' is obsolete: 'Object.FindObjectsOfType has been deprecated. Use Object.FindObjectsByType instead which lets you decide whether you need the results sorted or not.  FindObjectsOfType sorts the results by InstanceID but if you do not need this using FindObjectSortMode.None is considerably faster.'

Assets\Editor\BattleCorrectMapSceneHudPreviewClip05Editor.cs(409,29): warning CS0618: 'Object.FindObjectsOfType<T>(bool)' is obsolete: 'Object.FindObjectsOfType has been deprecated. Use Object.FindObjectsByType instead which lets you decide whether you need the results sorted or not.  FindObjectsOfType sorts the results by InstanceID but if you do not need this using FindObjectSortMode.None is considerably faster.'

Assets\Editor\BattleCorrectMapSceneHudPreviewClip05Editor.cs(414,34): warning CS0618: 'Object.FindObjectsOfType<T>(bool)' is obsolete: 'Object.FindObjectsOfType has been deprecated. Use Object.FindObjectsByType instead which lets you decide whether you need the results sorted or not.  FindObjectsOfType sorts the results by InstanceID but if you do not need this using FindObjectSortMode.None is considerably faster.'

Assets\Editor\BattleHudSpriteFontJoinEditor.cs(223,22): warning CS0618: 'Object.FindObjectOfType<T>()' is obsolete: 'Object.FindObjectOfType has been deprecated. Use Object.FindAnyObjectByType instead.'

Assets\Editor\BattleHudCanvasScalerSpriteTextureLuaStateClip05Editor.cs(313,55): warning CS0618: 'Object.GetInstanceID()' is obsolete: 'GetInstanceID is deprecated. Use GetEntityId instead. This will be removed in a future version.'

Assets\Editor\BattleHudCanvasScalerSpriteTextureLuaStateClip05Editor.cs(324,30): warning CS0618: 'Object.FindObjectsOfType<T>(bool)' is obsolete: 'Object.FindObjectsOfType has been deprecated. Use Object.FindObjectsByType instead which lets you decide whether you need the results sorted or not.  FindObjectsOfType sorts the results by InstanceID but if you do not need this using FindObjectSortMode.None is considerably faster.'

Assets\Editor\BattleHudCanvasScalerSpriteTextureLuaStateClip05Editor.cs(325,29): warning CS0618: 'Object.FindObjectsOfType<T>(bool)' is obsolete: 'Object.FindObjectsOfType has been deprecated. Use Object.FindObjectsByType instead which lets you decide whether you need the results sorted or not.  FindObjectsOfType sorts the results by InstanceID but if you do not need this using FindObjectSortMode.None is considerably faster.'

Assets\Editor\BattleHudCanvasScalerSpriteTextureLuaStateClip05Editor.cs(326,34): warning CS0618: 'Object.FindObjectsOfType<T>(bool)' is obsolete: 'Object.FindObjectsOfType has been deprecated. Use Object.FindObjectsByType instead which lets you decide whether you need the results sorted or not.  FindObjectsOfType sorts the results by InstanceID but if you do not need this using FindObjectSortMode.None is considerably faster.'

Assets\Editor\BattleHudSpriteAtlasTextureRuntimeBindingClip05Editor.cs(437,55): warning CS0618: 'Object.GetInstanceID()' is obsolete: 'GetInstanceID is deprecated. Use GetEntityId instead. This will be removed in a future version.'

Assets\Editor\BattleHudSpriteAtlasTextureRuntimeBindingClip05Editor.cs(458,30): warning CS0618: 'Object.FindObjectsOfType<T>(bool)' is obsolete: 'Object.FindObjectsOfType has been deprecated. Use Object.FindObjectsByType instead which lets you decide whether you need the results sorted or not.  FindObjectsOfType sorts the results by InstanceID but if you do not need this using FindObjectSortMode.None is considerably faster.'

Assets\Editor\BattleHudSpriteAtlasTextureRuntimeBindingClip05Editor.cs(459,29): warning CS0618: 'Object.FindObjectsOfType<T>(bool)' is obsolete: 'Object.FindObjectsOfType has been deprecated. Use Object.FindObjectsByType instead which lets you decide whether you need the results sorted or not.  FindObjectsOfType sorts the results by InstanceID but if you do not need this using FindObjectSortMode.None is considerably faster.'

Assets\Editor\BattleHudSpriteAtlasTextureRuntimeBindingClip05Editor.cs(460,34): warning CS0618: 'Object.FindObjectsOfType<T>(bool)' is obsolete: 'Object.FindObjectsOfType has been deprecated. Use Object.FindObjectsByType instead which lets you decide whether you need the results sorted or not.  FindObjectsOfType sorts the results by InstanceID but if you do not need this using FindObjectSortMode.None is considerably faster.'
[253/255    0s] CopyFiles Library/ScriptAssemblies/Assembly-CSharp-Editor.pdb
[254/255    0s] CopyFiles Library/ScriptAssemblies/Assembly-CSharp-Editor.dll
*** Tundra build success (1.73 seconds), 4 items updated, 255 evaluated
Assets\Editor\BattleHudVisualSanityEditor.cs(95,30): warning CS0618: 'Object.FindObjectsOfType<T>(bool)' is obsolete: 'Object.FindObjectsOfType has been deprecated. Use Object.FindObjectsByType instead which lets you decide whether you need the results sorted or not.  FindObjectsOfType sorts the results by InstanceID but if you do not need this using FindObjectSortMode.None is considerably faster.'
Assets\Editor\BattleHudVisualSanityEditor.cs(96,30): warning CS0618: 'Object.FindObjectsOfType<T>(bool)' is obsolete: 'Object.FindObjectsOfType has been deprecated. Use Object.FindObjectsByType instead which lets you decide whether you need the results sorted or not.  FindObjectsOfType sorts the results by InstanceID but if you do not need this using FindObjectSortMode.None is considerably faster.'
Assets\Editor\BattleHudVisualSanityEditor.cs(97,31): warning CS0618: 'Object.FindObjectsOfType<T>(bool)' is obsolete: 'Object.FindObjectsOfType has been deprecated. Use Object.FindObjectsByType instead which lets you decide whether you need the results sorted or not.  FindObjectsOfType sorts the results by InstanceID but if you do not need this using FindObjectSortMode.None is considerably faster.'
Assets\Editor\BattleHudAttachToFlowEditor.cs(216,24): warning CS0618: 'Object.FindObjectOfType<T>()' is obsolete: 'Object.FindObjectOfType has been deprecated. Use Object.FindAnyObjectByType instead.'
Assets\Editor\BattleUIComponentTypeReconstructionEditor.cs(164,22): warning CS0618: 'Object.FindObjectOfType<T>()' is obsolete: 'Object.FindObjectOfType has been deprecated. Use Object.FindAnyObjectByType instead.'
Assets\Editor\BattleHudVisualSanityEditor.cs(184,30): warning CS0618: 'Object.FindObjectsOfType<T>(bool)' is obsolete: 'Object.FindObjectsOfType has been deprecated. Use Object.FindObjectsByType instead which lets you decide whether you need the results sorted or not.  FindObjectsOfType sorts the results by InstanceID but if you do not need this using FindObjectSortMode.None is considerably faster.'
Assets\Editor\BattleHudVisualSanityEditor.cs(188,29): warning CS0618: 'Object.FindObjectsOfType<T>(bool)' is obsolete: 'Object.FindObjectsOfType has been deprecated. Use Object.FindObjectsByType instead which lets you decide whether you need the results sorted or not.  FindObjectsOfType sorts the results by InstanceID but if you do not need this using FindObjectSortMode.None is considerably faster.'
Assets\Editor\BattleHudVisualSanityEditor.cs(192,34): warning CS0618: 'Object.FindObjectsOfType<T>(bool)' is obsolete: 'Object.FindObjectsOfType has been deprecated. Use Object.FindObjectsByType instead which lets you decide whether you need the results sorted or not.  FindObjectsOfType sorts the results by InstanceID but if you do not need this using FindObjectSortMode.None is considerably faster.'
Assets\Editor\BattleHudVisualSanityEditor.cs(201,30): warning CS0618: 'Object.FindObjectsOfType<T>(bool)' is obsolete: 'Object.FindObjectsOfType has been deprecated. Use Object.FindObjectsByType instead which lets you decide whether you need the results sorted or not.  FindObjectsOfType sorts the results by InstanceID but if you do not need this using FindObjectSortMode.None is considerably faster.'
Assets\Editor\BattleHudVisualSanityEditor.cs(205,29): warning CS0618: 'Object.FindObjectsOfType<T>(bool)' is obsolete: 'Object.FindObjectsOfType has been deprecated. Use Object.FindObjectsByType instead which lets you decide whether you need the results sorted or not.  FindObjectsOfType sorts the results by InstanceID but if you do not need this using FindObjectSortMode.None is considerably faster.'
Assets\Editor\BattleHudVisualSanityEditor.cs(209,34): warning CS0618: 'Object.FindObjectsOfType<T>(bool)' is obsolete: 'Object.FindObjectsOfType has been deprecated. Use Object.FindObjectsByType instead which lets you decide whether you need the results sorted or not.  FindObjectsOfType sorts the results by InstanceID but if you do not need this using FindObjectSortMode.None is considerably faster.'
Assets\Editor\BattleHudSpriteFontJoinEditor.cs(173,30): warning CS0618: 'Object.FindObjectsOfType<T>(bool)' is obsolete: 'Object.FindObjectsOfType has been deprecated. Use Object.FindObjectsByType instead which lets you decide whether you need the results sorted or not.  FindObjectsOfType sorts the results by InstanceID but if you do not need this using FindObjectSortMode.None is considerably faster.'
Assets\Editor\BattleHudSpriteFontJoinEditor.cs(177,29): warning CS0618: 'Object.FindObjectsOfType<T>(bool)' is obsolete: 'Object.FindObjectsOfType has been deprecated. Use Object.FindObjectsByType instead which lets you decide whether you need the results sorted or not.  FindObjectsOfType sorts the results by InstanceID but if you do not need this using FindObjectSortMode.None is considerably faster.'
Assets\Editor\BattleHudExternalDependencyLoadClip05Editor.cs(228,30): warning CS0618: 'Object.FindObjectsOfType<T>(bool)' is obsolete: 'Object.FindObjectsOfType has been deprecated. Use Object.FindObjectsByType instead which lets you decide whether you need the results sorted or not.  FindObjectsOfType sorts the results by InstanceID but if you do not need this using FindObjectSortMode.None is considerably faster.'
Assets\Editor\BattleHudExternalDependencyLoadClip05Editor.cs(229,29): warning CS0618: 'Object.FindObjectsOfType<T>(bool)' is obsolete: 'Object.FindObjectsOfType has been deprecated. Use Object.FindObjectsByType instead which lets you decide whether you need the results sorted or not.  FindObjectsOfType sorts the results by InstanceID but if you do not need this using FindObjectSortMode.None is considerably faster.'
Assets\Editor\BattleHudExternalDependencyLoadClip05Editor.cs(230,34): warning CS0618: 'Object.FindObjectsOfType<T>(bool)' is obsolete: 'Object.FindObjectsOfType has been deprecated. Use Object.FindObjectsByType instead which lets you decide whether you need the results sorted or not.  FindObjectsOfType sorts the results by InstanceID but if you do not need this using FindObjectSortMode.None is considerably faster.'
Assets\Editor\BattleHudRuntimeBindingSpritePptrTraceEditor.cs(225,30): warning CS0618: 'Object.FindObjectsOfType<T>(bool)' is obsolete: 'Object.FindObjectsOfType has been deprecated. Use Object.FindObjectsByType instead which lets you decide whether you need the results sorted or not.  FindObjectsOfType sorts the results by InstanceID but if you do not need this using FindObjectSortMode.None is considerably faster.'
Assets\Editor\BattleHudRuntimeBindingSpritePptrTraceEditor.cs(226,29): warning CS0618: 'Object.FindObjectsOfType<T>(bool)' is obsolete: 'Object.FindObjectsOfType has been deprecated. Use Object.FindObjectsByType instead which lets you decide whether you need the results sorted or not.  FindObjectsOfType sorts the results by InstanceID but if you do not need this using FindObjectSortMode.None is considerably faster.'
Assets\Editor\BattleHudRuntimeBindingSpritePptrTraceEditor.cs(227,34): warning CS0618: 'Object.FindObjectsOfType<T>(bool)' is obsolete: 'Object.FindObjectsOfType has been deprecated. Use Object.FindObjectsByType instead which lets you decide whether you need the results sorted or not.  FindObjectsOfType sorts the results by InstanceID but if you do not need this using FindObjectSortMode.None is considerably faster.'
Assets\Editor\BattleHudVisualSanityEditor.cs(279,28): warning CS0618: 'Object.FindObjectsOfType<T>(bool)' is obsolete: 'Object.FindObjectsOfType has been deprecated. Use Object.FindObjectsByType instead which lets you decide whether you need the results sorted or not.  FindObjectsOfType sorts the results by InstanceID but if you do not need this using FindObjectSortMode.None is considerably faster.'
Assets\Editor\BattleCorrectMapSceneHudPreviewClip05Editor.cs(404,30): warning CS0618: 'Object.FindObjectsOfType<T>(bool)' is obsolete: 'Object.FindObjectsOfType has been deprecated. Use Object.FindObjectsByType instead which lets you decide whether you need the results sorted or not.  FindObjectsOfType sorts the results by InstanceID but if you do not need this using FindObjectSortMode.None is considerably faster.'
Assets\Editor\BattleCorrectMapSceneHudPreviewClip05Editor.cs(409,29): warning CS0618: 'Object.FindObjectsOfType<T>(bool)' is obsolete: 'Object.FindObjectsOfType has been deprecated. Use Object.FindObjectsByType instead which lets you decide whether you need the results sorted or not.  FindObjectsOfType sorts the results by InstanceID but if you do not need this using FindObjectSortMode.None is considerably faster.'
Assets\Editor\BattleCorrectMapSceneHudPreviewClip05Editor.cs(414,34): warning CS0618: 'Object.FindObjectsOfType<T>(bool)' is obsolete: 'Object.FindObjectsOfType has been deprecated. Use Object.FindObjectsByType instead which lets you decide whether you need the results sorted or not.  FindObjectsOfType sorts the results by InstanceID but if you do not need this using FindObjectSortMode.None is considerably faster.'
Assets\Editor\BattleHudSpriteFontJoinEditor.cs(223,22): warning CS0618: 'Object.FindObjectOfType<T>()' is obsolete: 'Object.FindObjectOfType has been deprecated. Use Object.FindAnyObjectByType instead.'
Assets\Editor\BattleHudCanvasScalerSpriteTextureLuaStateClip05Editor.cs(313,55): warning CS0618: 'Object.GetInstanceID()' is obsolete: 'GetInstanceID is deprecated. Use GetEntityId instead. This will be removed in a future version.'
Assets\Editor\BattleHudCanvasScalerSpriteTextureLuaStateClip05Editor.cs(324,30): warning CS0618: 'Object.FindObjectsOfType<T>(bool)' is obsolete: 'Object.FindObjectsOfType has been deprecated. Use Object.FindObjectsByType instead which lets you decide whether you need the results sorted or not.  FindObjectsOfType sorts the results by InstanceID but if you do not need this using FindObjectSortMode.None is considerably faster.'
Assets\Editor\BattleHudCanvasScalerSpriteTextureLuaStateClip05Editor.cs(325,29): warning CS0618: 'Object.FindObjectsOfType<T>(bool)' is obsolete: 'Object.FindObjectsOfType has been deprecated. Use Object.FindObjectsByType instead which lets you decide whether you need the results sorted or not.  FindObjectsOfType sorts the results by InstanceID but if you do not need this using FindObjectSortMode.None is considerably faster.'
Assets\Editor\BattleHudCanvasScalerSpriteTextureLuaStateClip05Editor.cs(326,34): warning CS0618: 'Object.FindObjectsOfType<T>(bool)' is obsolete: 'Object.FindObjectsOfType has been deprecated. Use Object.FindObjectsByType instead which lets you decide whether you need the results sorted or not.  FindObjectsOfType sorts the results by InstanceID but if you do not need this using FindObjectSortMode.None is considerably faster.'
Assets\Editor\BattleHudSpriteAtlasTextureRuntimeBindingClip05Editor.cs(437,55): warning CS0618: 'Object.GetInstanceID()' is obsolete: 'GetInstanceID is deprecated. Use GetEntityId instead. This will be removed in a future version.'
Assets\Editor\BattleHudSpriteAtlasTextureRuntimeBindingClip05Editor.cs(458,30): warning CS0618: 'Object.FindObjectsOfType<T>(bool)' is obsolete: 'Object.FindObjectsOfType has been deprecated. Use Object.FindObjectsByType instead which lets you decide whether you need the results sorted or not.  FindObjectsOfType sorts the results by InstanceID but if you do not need this using FindObjectSortMode.None is considerably faster.'
Assets\Editor\BattleHudSpriteAtlasTextureRuntimeBindingClip05Editor.cs(459,29): warning CS0618: 'Object.FindObjectsOfType<T>(bool)' is obsolete: 'Object.FindObjectsOfType has been deprecated. Use Object.FindObjectsByType instead which lets you decide whether you need the results sorted or not.  FindObjectsOfType sorts the results by InstanceID but if you do not need this using FindObjectSortMode.None is considerably faster.'
Assets\Editor\BattleHudSpriteAtlasTextureRuntimeBindingClip05Editor.cs(460,34): warning CS0618: 'Object.FindObjectsOfType<T>(bool)' is obsolete: 'Object.FindObjectsOfType has been deprecated. Use Object.FindObjectsByType instead which lets you decide whether you need the results sorted or not.  FindObjectsOfType sorts the results by InstanceID but if you do not need this using FindObjectSortMode.None is considerably faster.'
AssetDatabase: script compilation time: 2.315617s
Begin MonoManager ReloadAssembly
Assembly Assembly-CSharp-Editor-firstpass.dll at Library/ScriptAssemblies/Assembly-CSharp-Editor-firstpass.dll not valid. Loading of assembly skipped.
Assembly Unity.Multiplayer.Center.Editor.Tests.dll at Library/ScriptAssemblies/Unity.Multiplayer.Center.Editor.Tests.dll not valid. Loading of assembly skipped.
Assembly Unity.Multiplayer.Center.Tests.dll at Library/ScriptAssemblies/Unity.Multiplayer.Center.Tests.dll not valid. Loading of assembly skipped.
Assembly Unity.TextMeshPro.Editor.Tests.dll at Library/ScriptAssemblies/Unity.TextMeshPro.Editor.Tests.dll not valid. Loading of assembly skipped.
Assembly Unity.TextMeshPro.Tests.dll at Library/ScriptAssemblies/Unity.TextMeshPro.Tests.dll not valid. Loading of assembly skipped.
Assembly UnityEditor.UI.Common.Tests.dll at Library/ScriptAssemblies/UnityEditor.UI.Common.Tests.dll not valid. Loading of assembly skipped.
Assembly UnityEditor.UI.EditorTests.dll at Library/ScriptAssemblies/UnityEditor.UI.EditorTests.dll not valid. Loading of assembly skipped.
Assembly UnityEngine.UI.Tests.dll at Library/ScriptAssemblies/UnityEngine.UI.Tests.dll not valid. Loading of assembly skipped.
Native extension for WindowsStandalone target not found
Native extension for WebGL target not found
ScheduleIndexationOnStartup MainProcess:True IndexOnStartup:True
Mono: successfully reloaded assembly
- Finished resetting the current domain, in  0.292 seconds
Domain Reload Profiling: 671ms
	BeginReloadAssembly (290ms)
		DisableScriptedObjects (17ms)
		CreateAndSetChildDomain (164ms)
	RebuildCommonClasses (25ms)
	RebuildNativeTypeToScriptingClass (8ms)
	initialDomainReloadingComplete (32ms)
	LoadAllAssembliesAndSetupDomain (23ms)
		LoadAssemblies (83ms)
		AnalyzeDomain (15ms)
			TypeCache.Refresh (9ms)
				TypeCache.ScanAssembly (4ms)
			BuildScriptInfoCaches (4ms)
	FinalizeReload (293ms)
		SetupLoadedEditorAssemblies (0ms)
			InitializePlatformSupportModulesInManaged (18ms)
			BeforeProcessingInitializeOnLoad (75ms)
			ProcessInitializeOnLoadAttributes (57ms)
			ProcessInitializeOnLoadMethodAttributes (31ms)
			AfterProcessingInitializeOnLoad (5ms)
		AwakeInstancesAfterBackupRestoration (18ms)
Start importing Assets/RestoreData/battle/BATTLE_HERO_CARD_RUNTIME_LAYOUT_ACTOR_ANIMATION_TRACE.json using Guid(83262138bf40446469a745390565bbca) (TextScriptImporter) -> (Import Result ID: '97740e792a2c1d5f1362758dede5e629') in 0.0128651 seconds [static dependencies only]. Details - ImportResultOutputID=c7982bf7d75b0928609efb1dacd92fe8 DependenciesID=be497df29f7fc9ae461879f47c39ef4a StaticDependenciesID=8a4b99559427f1a514c7b8361e20d2cc 
Start importing Assets/RestoreData/battle/BATTLE_HERO_CARD_RUNTIME_LAYOUT_ACTOR_ANIMATION_TRACE_GAPS.csv using Guid(d8d513932075d354baa92ca6abdfea4f) (TextScriptImporter) -> (Import Result ID: '735931fda5502732aedb6476cfbe557d') in 0.0026411 seconds [static dependencies only]. Details - ImportResultOutputID=bcbca1158290b868a7da3894a43c9275 DependenciesID=a8f4f222d520d72e0e8c2833dd1017e0 StaticDependenciesID=2badc67b45b30ca2be2e5940d61da4de 
(Values over 0.050ms)
Asset Pipeline Refresh (id=3982f0738c4d93542bf470ac3561cd18): Total: 3.163 seconds - Initiated by InitialRefreshV2(ForceSynchronousImport)
	Summary:
		Imports: total=2 (actual=2, local cache=0, cache server=0)
		Asset DB Process Time: managed=1 ms, native=403 ms
		Asset DB Callback time: managed=38 ms, native=12 ms
		Scripting: domain reloads=1, domain reload time=382 ms, compile time=2317 ms, other=8 ms
		Project Asset Count: scripts=220, non-scripts=228
		Asset File Changes: new=3, changed=3, moved=0, deleted=0
		Scan Filter Count: 0
	InvokePackagesCallback: 12.953ms
	ApplyChangesToAssetFolders: 0.519ms
	Scan: 32.107ms
	OnSourceAssetsModified: 0.588ms
	CategorizeScriptCompilationAssets: 0.838ms
	ProcessAssetsWithTransientArtifactChanges: 4.905ms
	CategorizeAssets: 1.815ms
	CompileScripts: 2316.920ms
	ImportOutOfDateAssets: 310.752ms (293.684ms without children)
		ImportManagerImport: 16.801ms (0.753ms without children)
		UnloadImportedAssets: 0.083ms
		OnDemandSchedulerStart: 0.135ms
	PostProcessAllAssets: 37.748ms
		VersionControlSettings.HiddenFilePostprocess 0.097ms
		MonoPostProcessAllAssets: 37.201ms
			AssetPostprocessor.OnPostprocessAllAssets 10.638ms
			StyleCatalogPostProcessor.OnPostprocessAllAssets 8.030ms
			WindowAssetPostprocessingWatcher.OnPostprocessAllAssets 4.268ms
			BuilderAssetPostprocessor.OnPostprocessAllAssets 3.763ms
			AssetChangedListener.OnPostprocessAllAssets 1.022ms
			SyncVS.PostprocessSyncProject 0.883ms
			RetainedModeAssetPostprocessor.OnPostprocessAllAssets 0.798ms
			SpeedTree9Postprocessor.OnPostprocessAllAssets 0.505ms
			TextAssetPostProcessor.OnPostprocessAllAssets 0.393ms
			ArtifactBrowserPostProcessor.OnPostprocessAllAssets 0.336ms
			TMPro_TexturePostProcessor.OnPostprocessAllAssets 0.292ms
			ReferencedClipsPostProcessor.OnPostprocessAllAssets 0.207ms
			AudioMixerPostprocessor.OnPostprocessAllAssets 0.157ms
			TerrainToolbarOverlayPostProcessor.OnPostprocessAllAssets 0.148ms
			AssetEvents.OnPostprocessAllAssets 0.125ms
			SpeedTreePostProcessor.OnPostprocessAllAssets 0.114ms
			AssetDatabaseCallbacks.OnPostprocessAllAssets 0.103ms
			ConfigAssetsTracker.OnPostprocessAllAssets 0.084ms
			ScenarioDriftAssetsTracker.OnPostprocessAllAssets 0.074ms
			RenderPipelineGlobalSettingsPostprocessor.OnPostprocessAllAssets 0.069ms
	PostAssetChangesProfiler: 0.595ms
	UnloadStreamsBegin: 1.097ms
	PersistCurrentRevisions: 0.064ms
	GenerateScriptTypeHashes: 0.168ms
	GenerateScriptTypeSerializationHashes: 0.365ms
	Untracked: 437.767ms

Application.AssetDatabase Initial Refresh End
Launched and connected shader compiler UnityShaderCompiler.exe after 0.01 seconds
Scanning for USB devices : 1.893ms
Initializing Unity extensions:
[MODES] ModeService[none].Initialize
[MODES] ModeService[none].LoadModes
[MODES] Loading mode Default (0) for mode-current-id-girlswar_battle_unity
Unloading 4 Unused Serialized files (Serialized files now loaded: 0)
Unloading 460 unused Assets / (0.7 MB). Loaded Objects now: 1098.
Memory consumption went from 99.6 MB to 98.9 MB.
Total: 3.534500 ms (FindLiveObjects: 0.075500 ms CreateObjectMapping: 0.014400 ms MarkObjects: 3.114500 ms  DeleteObjects: 0.327800 ms)

Unloading 0 Unused Serialized files (Serialized files now loaded: 0)
Unloading 0 unused Assets / (0 B). Loaded Objects now: 1098.
Memory consumption went from 98.5 MB to 98.5 MB.
Total: 2.828000 ms (FindLiveObjects: 0.045800 ms CreateObjectMapping: 0.008700 ms MarkObjects: 2.768100 ms  DeleteObjects: 0.004600 ms)

Start importing Assets/Scenes/Battle31ActorSpineAnimationRuntimeProbe.unity using Guid(fd8f6c23552e4e147bd80ecaea835476) (DefaultImporter) -> (Import Result ID: '310a0f5da35fc317c9844f646aee0b7a') in 0.0015006 seconds [static dependencies only]. Details - ImportResultOutputID=0585b48fcee571695a1ef3581534b00c DependenciesID=d35ec026223f057c1fed47e74a611923 StaticDependenciesID=7405966c7a2ffac599b2c0f9f5e8477d 
Could not extract GUID in text file Assets/Scenes/Battle31ActorSpineAnimationRuntimeProbe.unity at line 227.
UnityEngine.Debug:ExtractStackTraceNoAlloc (byte*,int,string)
UnityEngine.StackTraceUtility:ExtractStackTrace ()
UnityEditor.SceneManagement.EditorSceneManager:SaveSceneInternal (UnityEngine.SceneManagement.Scene,string,bool)
UnityEditor.SceneManagement.EditorSceneManager:SaveScene (UnityEngine.SceneManagement.Scene,string,bool)
UnityEditor.SceneManagement.EditorSceneManager:SaveScene (UnityEngine.SceneManagement.Scene,string)
BattleActorSpineAnimationRuntimeProbeEditor:Build () (at Assets/Editor/BattleActorSpineAnimationRuntimeProbeEditor.cs:59)

[Assets/Editor/BattleActorSpineAnimationRuntimeProbeEditor.cs line 59]

Could not extract GUID in text file Assets/Scenes/Battle31ActorSpineAnimationRuntimeProbe.unity at line 258.
UnityEngine.Debug:ExtractStackTraceNoAlloc (byte*,int,string)
UnityEngine.StackTraceUtility:ExtractStackTrace ()
UnityEditor.SceneManagement.EditorSceneManager:SaveSceneInternal (UnityEngine.SceneManagement.Scene,string,bool)
UnityEditor.SceneManagement.EditorSceneManager:SaveScene (UnityEngine.SceneManagement.Scene,string,bool)
UnityEditor.SceneManagement.EditorSceneManager:SaveScene (UnityEngine.SceneManagement.Scene,string)
BattleActorSpineAnimationRuntimeProbeEditor:Build () (at Assets/Editor/BattleActorSpineAnimationRuntimeProbeEditor.cs:59)

[Assets/Editor/BattleActorSpineAnimationRuntimeProbeEditor.cs line 59]

Could not extract GUID in text file Assets/Scenes/Battle31ActorSpineAnimationRuntimeProbe.unity at line 330.
UnityEngine.Debug:ExtractStackTraceNoAlloc (byte*,int,string)
UnityEngine.StackTraceUtility:ExtractStackTrace ()
UnityEditor.SceneManagement.EditorSceneManager:SaveSceneInternal (UnityEngine.SceneManagement.Scene,string,bool)
UnityEditor.SceneManagement.EditorSceneManager:SaveScene (UnityEngine.SceneManagement.Scene,string,bool)
UnityEditor.SceneManagement.EditorSceneManager:SaveScene (UnityEngine.SceneManagement.Scene,string)
BattleActorSpineAnimationRuntimeProbeEditor:Build () (at Assets/Editor/BattleActorSpineAnimationRuntimeProbeEditor.cs:59)

[Assets/Editor/BattleActorSpineAnimationRuntimeProbeEditor.cs line 59]

Could not extract GUID in text file Assets/Scenes/Battle31ActorSpineAnimationRuntimeProbe.unity at line 331.
UnityEngine.Debug:ExtractStackTraceNoAlloc (byte*,int,string)
UnityEngine.StackTraceUtility:ExtractStackTrace ()
UnityEditor.SceneManagement.EditorSceneManager:SaveSceneInternal (UnityEngine.SceneManagement.Scene,string,bool)
UnityEditor.SceneManagement.EditorSceneManager:SaveScene (UnityEngine.SceneManagement.Scene,string,bool)
UnityEditor.SceneManagement.EditorSceneManager:SaveScene (UnityEngine.SceneManagement.Scene,string)
BattleActorSpineAnimationRuntimeProbeEditor:Build () (at Assets/Editor/BattleActorSpineAnimationRuntimeProbeEditor.cs:59)

[Assets/Editor/BattleActorSpineAnimationRuntimeProbeEditor.cs line 59]

Could not extract GUID in text file Assets/Scenes/Battle31ActorSpineAnimationRuntimeProbe.unity at line 362.
UnityEngine.Debug:ExtractStackTraceNoAlloc (byte*,int,string)
UnityEngine.StackTraceUtility:ExtractStackTrace ()
UnityEditor.SceneManagement.EditorSceneManager:SaveSceneInternal (UnityEngine.SceneManagement.Scene,string,bool)
UnityEditor.SceneManagement.EditorSceneManager:SaveScene (UnityEngine.SceneManagement.Scene,string,bool)
UnityEditor.SceneManagement.EditorSceneManager:SaveScene (UnityEngine.SceneManagement.Scene,string)
BattleActorSpineAnimationRuntimeProbeEditor:Build () (at Assets/Editor/BattleActorSpineAnimationRuntimeProbeEditor.cs:59)

[Assets/Editor/BattleActorSpineAnimationRuntimeProbeEditor.cs line 59]

Could not extract GUID in text file Assets/Scenes/Battle31ActorSpineAnimationRuntimeProbe.unity at line 614.
UnityEngine.Debug:ExtractStackTraceNoAlloc (byte*,int,string)
UnityEngine.StackTraceUtility:ExtractStackTrace ()
UnityEditor.SceneManagement.EditorSceneManager:SaveSceneInternal (UnityEngine.SceneManagement.Scene,string,bool)
UnityEditor.SceneManagement.EditorSceneManager:SaveScene (UnityEngine.SceneManagement.Scene,string,bool)
UnityEditor.SceneManagement.EditorSceneManager:SaveScene (UnityEngine.SceneManagement.Scene,string)
BattleActorSpineAnimationRuntimeProbeEditor:Build () (at Assets/Editor/BattleActorSpineAnimationRuntimeProbeEditor.cs:59)

[Assets/Editor/BattleActorSpineAnimationRuntimeProbeEditor.cs line 59]

Could not extract GUID in text file Assets/Scenes/Battle31ActorSpineAnimationRuntimeProbe.unity at line 645.
UnityEngine.Debug:ExtractStackTraceNoAlloc (byte*,int,string)
UnityEngine.StackTraceUtility:ExtractStackTrace ()
UnityEditor.SceneManagement.EditorSceneManager:SaveSceneInternal (UnityEngine.SceneManagement.Scene,string,bool)
UnityEditor.SceneManagement.EditorSceneManager:SaveScene (UnityEngine.SceneManagement.Scene,string,bool)
UnityEditor.SceneManagement.EditorSceneManager:SaveScene (UnityEngine.SceneManagement.Scene,string)
BattleActorSpineAnimationRuntimeProbeEditor:Build () (at Assets/Editor/BattleActorSpineAnimationRuntimeProbeEditor.cs:59)

[Assets/Editor/BattleActorSpineAnimationRuntimeProbeEditor.cs line 59]

Asset Pipeline Refresh (id=9f62aa954da2c35429ce3335ef17e555): Total: 0.018 seconds - Initiated by StopAssetImportingV2(NoUpdateAssetOptions)
Start importing Assets/RestoreCaptures/battle_actor using Guid(0823d4bab840749438845c0150e4be79) (DefaultImporter) -> (Import Result ID: '6fbc08c548fba53b9eaa4f800398f0cd') in 0.0016065 seconds [static dependencies only]. Details - ImportResultOutputID=fdacebbe1c9affb074eeeec5defd0b45 DependenciesID=714c82de40a837283c2695ce5d0e1f74 StaticDependenciesID=bb16e5daf6813151ec342b6a828ba00b 
Start importing Assets/RestoreCaptures/battle_actor/Battle31ActorSpineAnimationRuntimeProbe_1920x1080.png using Guid(ff06cc045c9cba340ab15f56f014c4e5) (TextureImporter) -> (Import Result ID: '002a018fe6ef52ef382f5259e2426aab') in 0.0331724 seconds [static and dynamic dependencies]. Details - ImportResultOutputID=c83d5b85406cd775b5e445381958ac48 DependenciesID=b74ceeee3285c6e2ad8b2ca6efc72a0f StaticDependenciesID=5a952cf2e28c1405dac6cc48b4897055 
Start importing Assets/RestoreData/battle/BATTLE_31_ACTOR_SPINE_ANIMATION_RUNTIME_PROBE_UNITY.json using Guid(902ed083b50749545a9eb77f52256512) (TextScriptImporter) -> (Import Result ID: '627889ee43aee932f9a3dc6c64860d4e') in 0.0038242 seconds [static dependencies only]. Details - ImportResultOutputID=121b368e605302be591665b3201d76a9 DependenciesID=5a28bf4c3baf7f2b4354086ed1551b24 StaticDependenciesID=2ffd7bd76d556908c46198b0003361d9 
Start importing Assets/RestoreData/battle/BATTLE_31_ACTOR_SPINE_ANIMATION_RUNTIME_PROBE_COMPONENTS.csv using Guid(23614635ce3ec564e92758aedede86ce) (TextScriptImporter) -> (Import Result ID: '55cf7bd753ee6f0c79c8f14f585f2515') in 0.0023719 seconds [static dependencies only]. Details - ImportResultOutputID=d36f4024bd596dcd13b1e9b60f5343c5 DependenciesID=38f5d0a6854943d5326bdb1371850202 StaticDependenciesID=f5e1370e0b42084af808aab255f17eaa 
Asset Pipeline Refresh (id=4839b39f23b78f844ab7a5fd877c3f0b): Total: 0.085 seconds - Initiated by RefreshV2(NoUpdateAssetOptions)
BATTLE31 actor spine animation runtime probe complete. actors=3, componentRows=3
UnityEngine.Debug:ExtractStackTraceNoAlloc (byte*,int,string)
UnityEngine.StackTraceUtility:ExtractStackTrace ()
UnityEngine.DebugLogHandler:Internal_Log (UnityEngine.LogType,UnityEngine.LogOption,string,UnityEngine.Object)
UnityEngine.DebugLogHandler:LogFormat (UnityEngine.LogType,UnityEngine.Object,string,object[])
UnityEngine.Logger:Log (UnityEngine.LogType,object)
UnityEngine.Debug:Log (object)
BattleActorSpineAnimationRuntimeProbeEditor:Build () (at Assets/Editor/BattleActorSpineAnimationRuntimeProbeEditor.cs:65)

(Filename: Assets/Editor/BattleActorSpineAnimationRuntimeProbeEditor.cs Line: 65)

Batchmode quit successfully invoked - shutting down!
Curl error 42: Callback aborted
[Physics::Module] Cleanup current backend.
[Physics::Module] Id: 0xf2b8ea05
Input System module state changed to: ShutdownInProgress.
Input Polling Thread exited.
Input System module state changed to: Shutdown.
[Licensing::IpcConnector] LicenseClient-godho-notifications channel disconnected successfully.
[Licensing::IpcConnector] LicenseClient-godho channel disconnected successfully.
AcceleratorClientConnectionCallback - disconnected - :0
Cleanup mono
CodeReloadManager destroyed
Exiting batchmode successfully now!
Exiting without the bug reporter. Application will terminate with return code 0