[Licensing::Module] Trying to connect to existing licensing client channel...
Built from '6000.4/staging' branch; Version is '6000.4.9f1 (f7258d6eebbe) revision 16197005'; Using compiler version '194234433'; Build Type 'Release'
[Licensing::IpcConnector] Channel LicenseClient-godho doesn't exist
OS: 'Windows 11  (10.0.26200) Professional' Language: 'ko' Physical Memory: 32022 MB
BatchMode: 1, IsHumanControllingUs: 0, StartBugReporterOnCrash: 0, Is64bit: 1
System  architecture: x64
Process architecture: x64
Date: 2026-06-25T09:01:34Z
[Licensing::Module] Successfully launched the LicensingClient (PId: 18580)

COMMAND LINE ARGUMENTS:
C:\Program Files\Unity\Hub\Editor\6000.4.9f1\Editor\Unity.exe
-batchmode
-quit
-projectPath
C:\Users\godho\Downloads\girlswar\_restore_tools\..\girlswar_battle_unity
-executeMethod
BattleHudAttachToFlowEditor.Build
-logFile
C:\Users\godho\Downloads\girlswar\_restore_tools\..\reports\battle\BATTLE_17_ATTACH_BATTLE_HUD.log
Successfully changed project path to: C:\Users\godho\Downloads\girlswar\_restore_tools\..\girlswar_battle_unity
C:/Users/godho/Downloads/girlswar/girlswar_battle_unity
[UnityMemory] Configuration Parameters - Can be set up in boot.config
    "memorysetup-temp-allocator-size-gi-baking-worker=262144"
    "memorysetup-temp-allocator-size-gi-baking-worker=262144"
    "memorysetup-temp-allocator-size-gi-baking-worker=262144"
    "memorysetup-temp-allocator-size-gi-baking-worker=262144"
    "memorysetup-temp-allocator-size-gi-baking-worker=262144"
    "memorysetup-temp-allocator-size-nav-mesh-worker=65536"
    "memorysetup-temp-allocator-size-audio-worker=65536"
    "memorysetup-temp-allocator-size-cloud-worker=32768"
    "memorysetup-temp-allocator-size-gfx=262144"
    "memorysetup-temp-allocator-size-preload-manager=33554432"
    "memorysetup-temp-allocator-size-job-worker=262144"
    "memorysetup-temp-allocator-size-background-worker=32768"
    "memorysetup-allocator-temp-initial-block-size-main=262144"
    "memorysetup-allocator-temp-initial-block-size-worker=262144"
    "memorysetup-bucket-allocator-granularity=16"
    "memorysetup-bucket-allocator-bucket-count=8"
    "memorysetup-bucket-allocator-block-size=33554432"
    "memorysetup-bucket-allocator-block-count=8"
    "memorysetup-main-allocator-block-size=16777216"
    "memorysetup-thread-allocator-block-size=16777216"
    "memorysetup-gfx-main-allocator-block-size=16777216"
    "memorysetup-gfx-thread-allocator-block-size=16777216"
    "memorysetup-cache-allocator-block-size=4194304"
    "memorysetup-typetree-allocator-block-size=2097152"
    "memorysetup-profiler-bucket-allocator-granularity=16"
    "memorysetup-profiler-bucket-allocator-bucket-count=8"
    "memorysetup-profiler-bucket-allocator-block-size=33554432"
    "memorysetup-profiler-bucket-allocator-block-count=8"
    "memorysetup-profiler-allocator-block-size=16777216"
    "memorysetup-profiler-editor-allocator-block-size=1048576"
    "memorysetup-temp-allocator-size-main=16777216"
    "memorysetup-job-temp-allocator-block-size=2097152"
    "memorysetup-job-temp-allocator-block-size-background=1048576"
    "memorysetup-job-temp-allocator-reduction-small-platforms=262144"
Player connection [35164]  Target information:

Player connection [35164]  * "[IP] 10.10.1.159 [Port] 55504 [Flags] 2 [Guid] 3934232316 [EditorId] 3934232316 [Version] 1048832 [Id] WindowsEditor(7,sjpark) [Debug] 1 [PackageName] WindowsEditor [ProjectName] Editor" 

Player connection [35164]  * "[IP] 172.26.64.1 [Port] 55504 [Flags] 2 [Guid] 3934232316 [EditorId] 3934232316 [Version] 1048832 [Id] WindowsEditor(7,sjpark) [Debug] 1 [PackageName] WindowsEditor [ProjectName] Editor" 

Player connection [35164]  * "[IP] 100.66.239.97 [Port] 55504 [Flags] 2 [Guid] 3934232316 [EditorId] 3934232316 [Version] 1048832 [Id] WindowsEditor(7,sjpark) [Debug] 1 [PackageName] WindowsEditor [ProjectName] Editor" 

Player connection [35164] Host joined multi-casting on [225.0.0.222:54997]...
Player connection [35164] Host joined alternative multi-casting on [225.0.0.222:34997]...
Input System module state changed to: Initialized.
[Physics::Module] Initialized fallback backend.
[Physics::Module] Id: 0xdecafbad
[Licensing::IpcConnector] Successfully connected to: "LicenseClient-godho" at "2026-06-25T09:01:34.812642Z"
[Package Manager] Connected to IPC stream "Upm-23848" after 0.2 seconds.
[Licensing::Module] Licensing is not yet initialized.
[Licensing::Client] Code 10 while verifying Licensing Client signature (process Id: 18580, path: "C:/Program Files/Unity/Hub/Editor/6000.4.9f1/Editor/Data/Resources/Licensing/Client/Unity.Licensing.Client.exe")
[Licensing::Module] LicensingClient has failed validation; ignoring
[Licensing::Client] Handshaking with LicensingClient:
  Version:                 1.18.1+9fbee8e
  Session Id:              be4230b2000e46b591af6c65ef468fa5
  Correlation Id:          8fcdce41612a67eee2bc8286fb152ab3
  External correlation Id: 6429488662568506720
  Machine Id:              nETCb6mCOTg3uD4qHH44hI9aRsg=
[Licensing::Module] Successfully connected to LicensingClient on channel: "LicenseClient-godho" (connect: 0.37s, validation: 0.04s, handshake: 0.05s)
[Licensing::IpcConnector] Successfully connected to: "LicenseClient-godho-notifications" at "2026-06-25T09:01:34.9018572Z"
[Licensing::Module] Connected to LicensingClient (PId: 18580, launch time: 0.00, total connection time: 0.46s)
[Licensing::Module] Error: Access token is unavailable; failed to update
[Licensing::Client] Successfully resolved entitlement details
[Licensing::Module] License group:
  Id: 14569760011564-UnityPersXXXX
  Product: Unity Personal
  Type: Assigned
  Expiration: Unlimited
[Licensing::Client] Successfully updated license, isAsync: True, time: 0.01
[Licensing::Client] Successfully resolved entitlement details
[Licensing::Module] Licensing Background thread has ended after 0.49s
[Licensing::Module] Licensing is initialized (took 0.10s).
[Licensing::Client] Successfully resolved entitlement details
Library Redirect Path: Library/
[Physics::Module] Selected backend.
[Physics::Module] Name: PhysX
[Physics::Module] Id: 0xf2b8ea05
[Physics::Module] SDK Version: 4.1.2
[Physics::Module] Integration Version: 1.0.0
[Physics::Module] Threading Mode: Multi-Threaded
Initialize engine version: 6000.4.9f1 (f7258d6eebbe)
[Subsystems] Discovering subsystems at path C:/Program Files/Unity/Hub/Editor/6000.4.9f1/Editor/Data/Resources/UnitySubsystems
[Subsystems] Discovering subsystems at path C:/Users/godho/Downloads/girlswar/girlswar_battle_unity/Assets
GfxDevice: creating device client; kGfxThreadingModeNonThreaded
d3d12: failed to query info queue interface (0x80004002).
Direct3D:
    Version:         Direct3D 12 [level 12.2]
    Renderer:        Intel(R) Graphics (ID=0x7d67)
    Vendor:          Intel
    VRAM:            18252 MB
    App VRAM Budget: 17484 MB
    Driver:          32.0.101.8425
    Unified Memory Architecture
Initialize mono
Mono path[0] = 'C:/Program Files/Unity/Hub/Editor/6000.4.9f1/Editor/Data/Managed'
Mono path[1] = 'C:/Program Files/Unity/Hub/Editor/6000.4.9f1/Editor/Data/MonoBleedingEdge/lib/mono/unityjit-win32'
Mono config path = 'C:/Program Files/Unity/Hub/Editor/6000.4.9f1/Editor/Data/MonoBleedingEdge/etc'
Using monoOptions --debugger-agent=transport=dt_socket,embedding=1,server=y,suspend=n,address=127.0.0.1:56848
CodeReloadManager initialized
Using cacheserver namespaces - metadata:defaultmetadata, artifacts:defaultartifacts
Using cacheserver namespaces - metadata:defaultmetadata, artifacts:defaultartifacts
ImportWorker Server TCP listen port: 0
AcceleratorClientConnectionCallback - disconnected - :0
Begin MonoManager ReloadAssembly
Registering precompiled unity dll's ...
Register platform support module: C:/Program Files/Unity/Hub/Editor/6000.4.9f1/Editor/Data/PlaybackEngines/WebGLSupport/UnityEditor.WebGL.Extensions.dll
Register platform support module: C:/Program Files/Unity/Hub/Editor/6000.4.9f1/Editor/Data/PlaybackEngines/WindowsStandaloneSupport/UnityEditor.WindowsStandalone.Extensions.dll
Registered in 0.003110 seconds.
Native extension for WindowsStandalone target not found
Native extension for WebGL target not found
Package Manager log level set to [2]
ScheduleIndexationOnStartup MainProcess:False IndexOnStartup:False
Mono: successfully reloaded assembly
- Finished resetting the current domain, in  0.264 seconds
Domain Reload Profiling: 608ms
	BeginReloadAssembly (105ms)
		CreateAndSetChildDomain (5ms)
	RebuildCommonClasses (25ms)
	RebuildNativeTypeToScriptingClass (8ms)
	initialDomainReloadingComplete (54ms)
	LoadAllAssembliesAndSetupDomain (151ms)
		LoadAssemblies (97ms)
		AnalyzeDomain (144ms)
			TypeCache.Refresh (142ms)
				TypeCache.ScanAssembly (130ms)
	FinalizeReload (265ms)
		SetupLoadedEditorAssemblies (0ms)
			InitializePlatformSupportModulesInManaged (33ms)
			BeforeProcessingInitializeOnLoad (56ms)
			ProcessInitializeOnLoadAttributes (70ms)
			ProcessInitializeOnLoadMethodAttributes (62ms)
[Licensing::Client] Successfully resolved entitlement details
Application.AssetDatabase Initial Refresh Start
[Package Manager] Restoring resolved packages state from cache
[Licensing::Client] Successfully resolved entitlement details
[Package Manager] Registered 37 packages:
  Built-in packages:
    com.unity.multiplayer.center@1.0.1 (location: C:\Users\godho\Downloads\girlswar\girlswar_battle_unity\Library\PackageCache\com.unity.multiplayer.center@f01f4ba8d00a)
    com.unity.modules.accessibility@1.0.0 (location: C:\Users\godho\Downloads\girlswar\girlswar_battle_unity\Library\PackageCache\com.unity.modules.accessibility)
    com.unity.modules.adaptiveperformance@1.0.0 (location: C:\Users\godho\Downloads\girlswar\girlswar_battle_unity\Library\PackageCache\com.unity.modules.adaptiveperformance)
    com.unity.modules.ai@1.0.0 (location: C:\Users\godho\Downloads\girlswar\girlswar_battle_unity\Library\PackageCache\com.unity.modules.ai)
    com.unity.modules.androidjni@1.0.0 (location: C:\Users\godho\Downloads\girlswar\girlswar_battle_unity\Library\PackageCache\com.unity.modules.androidjni)
    com.unity.modules.animation@1.0.0 (location: C:\Users\godho\Downloads\girlswar\girlswar_battle_unity\Library\PackageCache\com.unity.modules.animation)
    com.unity.modules.assetbundle@1.0.0 (location: C:\Users\godho\Downloads\girlswar\girlswar_battle_unity\Library\PackageCache\com.unity.modules.assetbundle)
    com.unity.modules.audio@1.0.0 (location: C:\Users\godho\Downloads\girlswar\girlswar_battle_unity\Library\PackageCache\com.unity.modules.audio)
    com.unity.modules.cloth@1.0.0 (location: C:\Users\godho\Downloads\girlswar\girlswar_battle_unity\Library\PackageCache\com.unity.modules.cloth)
    com.unity.modules.director@1.0.0 (location: C:\Users\godho\Downloads\girlswar\girlswar_battle_unity\Library\PackageCache\com.unity.modules.director)
    com.unity.modules.imageconversion@1.0.0 (location: C:\Users\godho\Downloads\girlswar\girlswar_battle_unity\Library\PackageCache\com.unity.modules.imageconversion)
    com.unity.modules.imgui@1.0.0 (location: C:\Users\godho\Downloads\girlswar\girlswar_battle_unity\Library\PackageCache\com.unity.modules.imgui)
    com.unity.modules.jsonserialize@1.0.0 (location: C:\Users\godho\Downloads\girlswar\girlswar_battle_unity\Library\PackageCache\com.unity.modules.jsonserialize)
    com.unity.modules.particlesystem@1.0.0 (location: C:\Users\godho\Downloads\girlswar\girlswar_battle_unity\Library\PackageCache\com.unity.modules.particlesystem)
    com.unity.modules.physics@1.0.0 (location: C:\Users\godho\Downloads\girlswar\girlswar_battle_unity\Library\PackageCache\com.unity.modules.physics)
    com.unity.modules.physics2d@1.0.0 (location: C:\Users\godho\Downloads\girlswar\girlswar_battle_unity\Library\PackageCache\com.unity.modules.physics2d)
    com.unity.modules.screencapture@1.0.0 (location: C:\Users\godho\Downloads\girlswar\girlswar_battle_unity\Library\PackageCache\com.unity.modules.screencapture)
    com.unity.modules.terrain@1.0.0 (location: C:\Users\godho\Downloads\girlswar\girlswar_battle_unity\Library\PackageCache\com.unity.modules.terrain)
    com.unity.modules.terrainphysics@1.0.0 (location: C:\Users\godho\Downloads\girlswar\girlswar_battle_unity\Library\PackageCache\com.unity.modules.terrainphysics)
    com.unity.modules.tilemap@1.0.0 (location: C:\Users\godho\Downloads\girlswar\girlswar_battle_unity\Library\PackageCache\com.unity.modules.tilemap)
    com.unity.modules.ui@1.0.0 (location: C:\Users\godho\Downloads\girlswar\girlswar_battle_unity\Library\PackageCache\com.unity.modules.ui)
    com.unity.modules.uielements@1.0.0 (location: C:\Users\godho\Downloads\girlswar\girlswar_battle_unity\Library\PackageCache\com.unity.modules.uielements)
    com.unity.modules.umbra@1.0.0 (location: C:\Users\godho\Downloads\girlswar\girlswar_battle_unity\Library\PackageCache\com.unity.modules.umbra)
    com.unity.modules.unityanalytics@1.0.0 (location: C:\Users\godho\Downloads\girlswar\girlswar_battle_unity\Library\PackageCache\com.unity.modules.unityanalytics)
    com.unity.modules.unitywebrequest@1.0.0 (location: C:\Users\godho\Downloads\girlswar\girlswar_battle_unity\Library\PackageCache\com.unity.modules.unitywebrequest)
    com.unity.modules.unitywebrequestassetbundle@1.0.0 (location: C:\Users\godho\Downloads\girlswar\girlswar_battle_unity\Library\PackageCache\com.unity.modules.unitywebrequestassetbundle)
    com.unity.modules.unitywebrequestaudio@1.0.0 (location: C:\Users\godho\Downloads\girlswar\girlswar_battle_unity\Library\PackageCache\com.unity.modules.unitywebrequestaudio)
    com.unity.modules.unitywebrequesttexture@1.0.0 (location: C:\Users\godho\Downloads\girlswar\girlswar_battle_unity\Library\PackageCache\com.unity.modules.unitywebrequesttexture)
    com.unity.modules.unitywebrequestwww@1.0.0 (location: C:\Users\godho\Downloads\girlswar\girlswar_battle_unity\Library\PackageCache\com.unity.modules.unitywebrequestwww)
    com.unity.modules.vectorgraphics@1.0.0 (location: C:\Users\godho\Downloads\girlswar\girlswar_battle_unity\Library\PackageCache\com.unity.modules.vectorgraphics)
    com.unity.modules.vehicles@1.0.0 (location: C:\Users\godho\Downloads\girlswar\girlswar_battle_unity\Library\PackageCache\com.unity.modules.vehicles)
    com.unity.modules.video@1.0.0 (location: C:\Users\godho\Downloads\girlswar\girlswar_battle_unity\Library\PackageCache\com.unity.modules.video)
    com.unity.modules.vr@1.0.0 (location: C:\Users\godho\Downloads\girlswar\girlswar_battle_unity\Library\PackageCache\com.unity.modules.vr)
    com.unity.modules.wind@1.0.0 (location: C:\Users\godho\Downloads\girlswar\girlswar_battle_unity\Library\PackageCache\com.unity.modules.wind)
    com.unity.modules.xr@1.0.0 (location: C:\Users\godho\Downloads\girlswar\girlswar_battle_unity\Library\PackageCache\com.unity.modules.xr)
    com.unity.modules.subsystems@1.0.0 (location: C:\Users\godho\Downloads\girlswar\girlswar_battle_unity\Library\PackageCache\com.unity.modules.subsystems)
    com.unity.modules.hierarchycore@1.0.0 (location: C:\Users\godho\Downloads\girlswar\girlswar_battle_unity\Library\PackageCache\com.unity.modules.hierarchycore)
[Subsystems] No new subsystems found in resolved package list.
[Package Manager] Done registering packages in 0.01 seconds
[ScriptCompilation] Requested script compilation because: AssetDatabase observed changes in script compilation related files
Starting: C:\Program Files\Unity\Hub\Editor\6000.4.9f1\Editor\Data\Tools\BuildPipeline\bee_backend.exe --ipc --defer-dag-verification --dagfile="Library/Bee/1900b0aE.dag" --continue-on-failure --profile="Library/Bee/backend1.traceevents" ScriptAssemblies
WorkingDir: C:/Users/godho/Downloads/girlswar/girlswar_battle_unity
DisplayProgressbar: Compiling Scripts
ExitCode: 4 Duration: 0s60ms
Rebuilding DAG because FileSignature timestamp changed: Library/Bee/1900b0aE-inputdata.json
*** Tundra requires additional run (0.04 seconds), 0 items updated, 177 evaluated
Starting: C:\Program Files\Unity\Hub\Editor\6000.4.9f1\Editor\Data\netcorerun\netcorerun.exe "C:\Program Files\Unity\Hub\Editor\6000.4.9f1\Editor\Data\Tools\BuildPipeline\ScriptCompilationBuildProgram.exe" "Library/Bee/1900b0aE.dag.json" "Library/Bee/1900b0aE-inputdata.json" "Library\Bee\buildprogram0.traceevents"
WorkingDir: C:/Users/godho/Downloads/girlswar/girlswar_battle_unity
ExitCode: 0 Duration: 0s180ms
Starting: C:\Program Files\Unity\Hub\Editor\6000.4.9f1\Editor\Data\Tools\BuildPipeline\bee_backend.exe --ipc --defer-dag-verification --dagfile="Library/Bee/1900b0aE.dag" --continue-on-failure --dagfilejson="Library\Bee\1900b0aE.dag.json" --profile="Library/Bee/backend2.traceevents" ScriptAssemblies
WorkingDir: C:/Users/godho/Downloads/girlswar/girlswar_battle_unity
ExitCode: 0 Duration: 1s616ms
Finished compiling graph: 180 nodes, 967 flattened edges (935 ToBuild, 8 ToUse), maximum node priority 46
[159/177    0s] WriteText Library/Bee/artifacts/1900b0aE.dag/Assembly-CSharp-Editor.rsp
[174/177    1s] Csc Library/Bee/artifacts/1900b0aE.dag/Assembly-CSharp-Editor.dll (+2 others)
Assets\Editor\BattleHudAttachToFlowEditor.cs(216,24): warning CS0618: 'Object.FindObjectOfType<T>()' is obsolete: 'Object.FindObjectOfType has been deprecated. Use Object.FindAnyObjectByType instead.'
[175/177    0s] CopyFiles Library/ScriptAssemblies/Assembly-CSharp-Editor.pdb
[176/177    0s] CopyFiles Library/ScriptAssemblies/Assembly-CSharp-Editor.dll
*** Tundra build success (1.60 seconds), 4 items updated, 177 evaluated
Assets\Editor\BattleHudAttachToFlowEditor.cs(216,24): warning CS0618: 'Object.FindObjectOfType<T>()' is obsolete: 'Object.FindObjectOfType has been deprecated. Use Object.FindAnyObjectByType instead.'
AssetDatabase: script compilation time: 2.155241s
Begin MonoManager ReloadAssembly
Assembly Assembly-CSharp-Editor-firstpass.dll at Library/ScriptAssemblies/Assembly-CSharp-Editor-firstpass.dll not valid. Loading of assembly skipped.
Assembly Assembly-CSharp-firstpass.dll at Library/ScriptAssemblies/Assembly-CSharp-firstpass.dll not valid. Loading of assembly skipped.
Assembly Unity.Multiplayer.Center.Editor.Tests.dll at Library/ScriptAssemblies/Unity.Multiplayer.Center.Editor.Tests.dll not valid. Loading of assembly skipped.
Assembly Unity.Multiplayer.Center.Tests.dll at Library/ScriptAssemblies/Unity.Multiplayer.Center.Tests.dll not valid. Loading of assembly skipped.
Native extension for WindowsStandalone target not found
Native extension for WebGL target not found
ScheduleIndexationOnStartup MainProcess:True IndexOnStartup:True
Mono: successfully reloaded assembly
- Finished resetting the current domain, in  0.315 seconds
Domain Reload Profiling: 661ms
	BeginReloadAssembly (265ms)
		DisableScriptedObjects (17ms)
		CreateAndSetChildDomain (141ms)
	RebuildCommonClasses (24ms)
	RebuildNativeTypeToScriptingClass (8ms)
	initialDomainReloadingComplete (32ms)
	LoadAllAssembliesAndSetupDomain (16ms)
		LoadAssemblies (81ms)
		AnalyzeDomain (8ms)
			TypeCache.Refresh (6ms)
	FinalizeReload (316ms)
		SetupLoadedEditorAssemblies (0ms)
			InitializePlatformSupportModulesInManaged (19ms)
			BeforeProcessingInitializeOnLoad (82ms)
			ProcessInitializeOnLoadAttributes (60ms)
			ProcessInitializeOnLoadMethodAttributes (34ms)
			AfterProcessingInitializeOnLoad (9ms)
		AwakeInstancesAfterBackupRestoration (22ms)
Start importing Assets/RestoreData/battle/BATTLE_FLOW_WITH_HUD_ATTACH_MANIFEST.json using Guid(a0bc81c1b514fb94ea6617ec6910b62a) (TextScriptImporter) -> (Import Result ID: 'eb2cb5f90cab5217066a1d6a57f8ab57') in 0.0151212 seconds [static dependencies only]. Details - ImportResultOutputID=8f9731760a3c3fc6bfe0ba7b3015f2bf DependenciesID=1c7df78dc6487b36289912157c858ebe StaticDependenciesID=b38ed97ae8b0b0f6fd6b732c7cb1b039 
(Values over 0.050ms)
Asset Pipeline Refresh (id=a0dbfb3cc0834a0448091340d876314d): Total: 3.009 seconds - Initiated by InitialRefreshV2(ForceSynchronousImport)
	Summary:
		Imports: total=1 (actual=1, local cache=0, cache server=0)
		Asset DB Process Time: managed=1 ms, native=441 ms
		Asset DB Callback time: managed=37 ms, native=14 ms
		Scripting: domain reloads=1, domain reload time=348 ms, compile time=2157 ms, other=8 ms
		Project Asset Count: scripts=124, non-scripts=137
		Asset File Changes: new=2, changed=2, moved=0, deleted=0
		Scan Filter Count: 0
	InvokePackagesCallback: 15.537ms
	ApplyChangesToAssetFolders: 0.643ms
	Scan: 46.931ms
	OnSourceAssetsModified: 0.560ms
	CategorizeScriptCompilationAssets: 0.214ms
	ProcessAssetsWithTransientArtifactChanges: 0.950ms
	CategorizeAssets: 1.191ms
	CompileScripts: 2156.628ms
	ImportOutOfDateAssets: 333.105ms (316.642ms without children)
		ImportManagerImport: 16.177ms (0.682ms without children)
		UnloadImportedAssets: 0.084ms
		OnDemandSchedulerStart: 0.143ms
	PostProcessAllAssets: 37.444ms
		VersionControlSettings.HiddenFilePostprocess 0.083ms
		MonoPostProcessAllAssets: 36.939ms
			AssetPostprocessor.OnPostprocessAllAssets 9.686ms
			StyleCatalogPostProcessor.OnPostprocessAllAssets 7.617ms
			WindowAssetPostprocessingWatcher.OnPostprocessAllAssets 4.612ms
			BuilderAssetPostprocessor.OnPostprocessAllAssets 4.443ms
			AssetChangedListener.OnPostprocessAllAssets 1.012ms
			SyncVS.PostprocessSyncProject 0.949ms
			RetainedModeAssetPostprocessor.OnPostprocessAllAssets 0.750ms
			SpeedTree9Postprocessor.OnPostprocessAllAssets 0.504ms
			ArtifactBrowserPostProcessor.OnPostprocessAllAssets 0.402ms
			TextAssetPostProcessor.OnPostprocessAllAssets 0.385ms
			ReferencedClipsPostProcessor.OnPostprocessAllAssets 0.225ms
			AudioMixerPostprocessor.OnPostprocessAllAssets 0.164ms
			AssetEvents.OnPostprocessAllAssets 0.151ms
			TerrainToolbarOverlayPostProcessor.OnPostprocessAllAssets 0.147ms
			ScenarioDriftAssetsTracker.OnPostprocessAllAssets 0.119ms
			AssetDatabaseCallbacks.OnPostprocessAllAssets 0.103ms
			SpeedTreePostProcessor.OnPostprocessAllAssets 0.100ms
			ConfigAssetsTracker.OnPostprocessAllAssets 0.090ms
			RenderPipelineGlobalSettingsPostprocessor.OnPostprocessAllAssets 0.064ms
	PostAssetChangesProfiler: 0.605ms
	UnloadStreamsBegin: 1.089ms
	PersistCurrentRevisions: 0.096ms
	GenerateScriptTypeHashes: 0.231ms
	GenerateScriptTypeSerializationHashes: 0.500ms
	Untracked: 407.478ms

Application.AssetDatabase Initial Refresh End
Launched and connected shader compiler UnityShaderCompiler.exe after 0.01 seconds
Scanning for USB devices : 3.008ms
Initializing Unity extensions:
[MODES] ModeService[none].Initialize
[MODES] ModeService[none].LoadModes
[MODES] Loading mode Default (0) for mode-current-id-girlswar_battle_unity
Unloading 3 Unused Serialized files (Serialized files now loaded: 0)
Unloading 88 unused Assets / (0.5 MB). Loaded Objects now: 727.
Memory consumption went from 95.1 MB to 94.6 MB.
Total: 3.744700 ms (FindLiveObjects: 0.069600 ms CreateObjectMapping: 0.010600 ms MarkObjects: 3.435000 ms  DeleteObjects: 0.225500 ms)

Opening scene 'Assets/Scenes/BattleRuntimeFlowSkillEffectPlayableMarkers.unity'
Unloading 0 Unused Serialized files (Serialized files now loaded: 0)
Loaded scene 'Assets/Scenes/BattleRuntimeFlowSkillEffectPlayableMarkers.unity'
	Deserialize:            16.584 ms
	Integration:            128.360 ms
	Integration of assets:  0.043 ms
	Thread Wait Time:       0.475 ms
	Total Operation Time:   145.462 ms
Unloading 1 unused Assets / (0.5 KB). Loaded Objects now: 1103.
Memory consumption went from 94.3 MB to 94.3 MB.
Total: 2.856700 ms (FindLiveObjects: 0.052900 ms CreateObjectMapping: 0.005800 ms MarkObjects: 2.782200 ms  DeleteObjects: 0.014900 ms)

Start importing Assets/Scenes/BattleRuntimeFlowWithHudPrototype.unity using Guid(1f74217e2c6d7fe45bdd7972d473a5f1) (DefaultImporter) -> (Import Result ID: 'd64383e445a9464ec6c92fe3c6fdf790') in 0.0013217 seconds [static dependencies only]. Details - ImportResultOutputID=24bbfaccd3d70b667d9e9114596a7d51 DependenciesID=507f6c25496a0d71454c9f573a4de4cf StaticDependenciesID=3d1d9d82c476a6e92788e15fa2fb0591 
Could not extract GUID in text file Assets/Scenes/BattleRuntimeFlowWithHudPrototype.unity at line 7030.
UnityEngine.Debug:ExtractStackTraceNoAlloc (byte*,int,string)
UnityEngine.StackTraceUtility:ExtractStackTrace ()
UnityEditor.SceneManagement.EditorSceneManager:SaveSceneInternal (UnityEngine.SceneManagement.Scene,string,bool)
UnityEditor.SceneManagement.EditorSceneManager:SaveScene (UnityEngine.SceneManagement.Scene,string,bool)
UnityEditor.SceneManagement.EditorSceneManager:SaveScene (UnityEngine.SceneManagement.Scene,string)
BattleHudAttachToFlowEditor:Build () (at Assets/Editor/BattleHudAttachToFlowEditor.cs:59)

[Assets/Editor/BattleHudAttachToFlowEditor.cs line 59]

Could not extract GUID in text file Assets/Scenes/BattleRuntimeFlowWithHudPrototype.unity at line 12490.
UnityEngine.Debug:ExtractStackTraceNoAlloc (byte*,int,string)
UnityEngine.StackTraceUtility:ExtractStackTrace ()
UnityEditor.SceneManagement.EditorSceneManager:SaveSceneInternal (UnityEngine.SceneManagement.Scene,string,bool)
UnityEditor.SceneManagement.EditorSceneManager:SaveScene (UnityEngine.SceneManagement.Scene,string,bool)
UnityEditor.SceneManagement.EditorSceneManager:SaveScene (UnityEngine.SceneManagement.Scene,string)
BattleHudAttachToFlowEditor:Build () (at Assets/Editor/BattleHudAttachToFlowEditor.cs:59)

[Assets/Editor/BattleHudAttachToFlowEditor.cs line 59]

Could not extract GUID in text file Assets/Scenes/BattleRuntimeFlowWithHudPrototype.unity at line 23184.
UnityEngine.Debug:ExtractStackTraceNoAlloc (byte*,int,string)
UnityEngine.StackTraceUtility:ExtractStackTrace ()
UnityEditor.SceneManagement.EditorSceneManager:SaveSceneInternal (UnityEngine.SceneManagement.Scene,string,bool)
UnityEditor.SceneManagement.EditorSceneManager:SaveScene (UnityEngine.SceneManagement.Scene,string,bool)
UnityEditor.SceneManagement.EditorSceneManager:SaveScene (UnityEngine.SceneManagement.Scene,string)
BattleHudAttachToFlowEditor:Build () (at Assets/Editor/BattleHudAttachToFlowEditor.cs:59)

[Assets/Editor/BattleHudAttachToFlowEditor.cs line 59]

Could not extract GUID in text file Assets/Scenes/BattleRuntimeFlowWithHudPrototype.unity at line 28275.
UnityEngine.Debug:ExtractStackTraceNoAlloc (byte*,int,string)
UnityEngine.StackTraceUtility:ExtractStackTrace ()
UnityEditor.SceneManagement.EditorSceneManager:SaveSceneInternal (UnityEngine.SceneManagement.Scene,string,bool)
UnityEditor.SceneManagement.EditorSceneManager:SaveScene (UnityEngine.SceneManagement.Scene,string,bool)
UnityEditor.SceneManagement.EditorSceneManager:SaveScene (UnityEngine.SceneManagement.Scene,string)
BattleHudAttachToFlowEditor:Build () (at Assets/Editor/BattleHudAttachToFlowEditor.cs:59)

[Assets/Editor/BattleHudAttachToFlowEditor.cs line 59]

Could not extract GUID in text file Assets/Scenes/BattleRuntimeFlowWithHudPrototype.unity at line 34746.
UnityEngine.Debug:ExtractStackTraceNoAlloc (byte*,int,string)
UnityEngine.StackTraceUtility:ExtractStackTrace ()
UnityEditor.SceneManagement.EditorSceneManager:SaveSceneInternal (UnityEngine.SceneManagement.Scene,string,bool)
UnityEditor.SceneManagement.EditorSceneManager:SaveScene (UnityEngine.SceneManagement.Scene,string,bool)
UnityEditor.SceneManagement.EditorSceneManager:SaveScene (UnityEngine.SceneManagement.Scene,string)
BattleHudAttachToFlowEditor:Build () (at Assets/Editor/BattleHudAttachToFlowEditor.cs:59)

[Assets/Editor/BattleHudAttachToFlowEditor.cs line 59]

Could not extract GUID in text file Assets/Scenes/BattleRuntimeFlowWithHudPrototype.unity at line 35544.
UnityEngine.Debug:ExtractStackTraceNoAlloc (byte*,int,string)
UnityEngine.StackTraceUtility:ExtractStackTrace ()
UnityEditor.SceneManagement.EditorSceneManager:SaveSceneInternal (UnityEngine.SceneManagement.Scene,string,bool)
UnityEditor.SceneManagement.EditorSceneManager:SaveScene (UnityEngine.SceneManagement.Scene,string,bool)
UnityEditor.SceneManagement.EditorSceneManager:SaveScene (UnityEngine.SceneManagement.Scene,string)
BattleHudAttachToFlowEditor:Build () (at Assets/Editor/BattleHudAttachToFlowEditor.cs:59)

[Assets/Editor/BattleHudAttachToFlowEditor.cs line 59]

Could not extract GUID in text file Assets/Scenes/BattleRuntimeFlowWithHudPrototype.unity at line 44496.
UnityEngine.Debug:ExtractStackTraceNoAlloc (byte*,int,string)
UnityEngine.StackTraceUtility:ExtractStackTrace ()
UnityEditor.SceneManagement.EditorSceneManager:SaveSceneInternal (UnityEngine.SceneManagement.Scene,string,bool)
UnityEditor.SceneManagement.EditorSceneManager:SaveScene (UnityEngine.SceneManagement.Scene,string,bool)
UnityEditor.SceneManagement.EditorSceneManager:SaveScene (UnityEngine.SceneManagement.Scene,string)
BattleHudAttachToFlowEditor:Build () (at Assets/Editor/BattleHudAttachToFlowEditor.cs:59)

[Assets/Editor/BattleHudAttachToFlowEditor.cs line 59]

Could not extract GUID in text file Assets/Scenes/BattleRuntimeFlowWithHudPrototype.unity at line 51235.
UnityEngine.Debug:ExtractStackTraceNoAlloc (byte*,int,string)
UnityEngine.StackTraceUtility:ExtractStackTrace ()
UnityEditor.SceneManagement.EditorSceneManager:SaveSceneInternal (UnityEngine.SceneManagement.Scene,string,bool)
UnityEditor.SceneManagement.EditorSceneManager:SaveScene (UnityEngine.SceneManagement.Scene,string,bool)
UnityEditor.SceneManagement.EditorSceneManager:SaveScene (UnityEngine.SceneManagement.Scene,string)
BattleHudAttachToFlowEditor:Build () (at Assets/Editor/BattleHudAttachToFlowEditor.cs:59)

[Assets/Editor/BattleHudAttachToFlowEditor.cs line 59]

Could not extract GUID in text file Assets/Scenes/BattleRuntimeFlowWithHudPrototype.unity at line 52244.
UnityEngine.Debug:ExtractStackTraceNoAlloc (byte*,int,string)
UnityEngine.StackTraceUtility:ExtractStackTrace ()
UnityEditor.SceneManagement.EditorSceneManager:SaveSceneInternal (UnityEngine.SceneManagement.Scene,string,bool)
UnityEditor.SceneManagement.EditorSceneManager:SaveScene (UnityEngine.SceneManagement.Scene,string,bool)
UnityEditor.SceneManagement.EditorSceneManager:SaveScene (UnityEngine.SceneManagement.Scene,string)
BattleHudAttachToFlowEditor:Build () (at Assets/Editor/BattleHudAttachToFlowEditor.cs:59)

[Assets/Editor/BattleHudAttachToFlowEditor.cs line 59]

Could not extract GUID in text file Assets/Scenes/BattleRuntimeFlowWithHudPrototype.unity at line 73994.
UnityEngine.Debug:ExtractStackTraceNoAlloc (byte*,int,string)
UnityEngine.StackTraceUtility:ExtractStackTrace ()
UnityEditor.SceneManagement.EditorSceneManager:SaveSceneInternal (UnityEngine.SceneManagement.Scene,string,bool)
UnityEditor.SceneManagement.EditorSceneManager:SaveScene (UnityEngine.SceneManagement.Scene,string,bool)
UnityEditor.SceneManagement.EditorSceneManager:SaveScene (UnityEngine.SceneManagement.Scene,string)
BattleHudAttachToFlowEditor:Build () (at Assets/Editor/BattleHudAttachToFlowEditor.cs:59)

[Assets/Editor/BattleHudAttachToFlowEditor.cs line 59]

Could not extract GUID in text file Assets/Scenes/BattleRuntimeFlowWithHudPrototype.unity at line 85401.
UnityEngine.Debug:ExtractStackTraceNoAlloc (byte*,int,string)
UnityEngine.StackTraceUtility:ExtractStackTrace ()
UnityEditor.SceneManagement.EditorSceneManager:SaveSceneInternal (UnityEngine.SceneManagement.Scene,string,bool)
UnityEditor.SceneManagement.EditorSceneManager:SaveScene (UnityEngine.SceneManagement.Scene,string,bool)
UnityEditor.SceneManagement.EditorSceneManager:SaveScene (UnityEngine.SceneManagement.Scene,string)
BattleHudAttachToFlowEditor:Build () (at Assets/Editor/BattleHudAttachToFlowEditor.cs:59)

[Assets/Editor/BattleHudAttachToFlowEditor.cs line 59]

Could not extract GUID in text file Assets/Scenes/BattleRuntimeFlowWithHudPrototype.unity at line 96668.
UnityEngine.Debug:ExtractStackTraceNoAlloc (byte*,int,string)
UnityEngine.StackTraceUtility:ExtractStackTrace ()
UnityEditor.SceneManagement.EditorSceneManager:SaveSceneInternal (UnityEngine.SceneManagement.Scene,string,bool)
UnityEditor.SceneManagement.EditorSceneManager:SaveScene (UnityEngine.SceneManagement.Scene,string,bool)
UnityEditor.SceneManagement.EditorSceneManager:SaveScene (UnityEngine.SceneManagement.Scene,string)
BattleHudAttachToFlowEditor:Build () (at Assets/Editor/BattleHudAttachToFlowEditor.cs:59)

[Assets/Editor/BattleHudAttachToFlowEditor.cs line 59]

Could not extract GUID in text file Assets/Scenes/BattleRuntimeFlowWithHudPrototype.unity at line 103668.
UnityEngine.Debug:ExtractStackTraceNoAlloc (byte*,int,string)
UnityEngine.StackTraceUtility:ExtractStackTrace ()
UnityEditor.SceneManagement.EditorSceneManager:SaveSceneInternal (UnityEngine.SceneManagement.Scene,string,bool)
UnityEditor.SceneManagement.EditorSceneManager:SaveScene (UnityEngine.SceneManagement.Scene,string,bool)
UnityEditor.SceneManagement.EditorSceneManager:SaveScene (UnityEngine.SceneManagement.Scene,string)
BattleHudAttachToFlowEditor:Build () (at Assets/Editor/BattleHudAttachToFlowEditor.cs:59)

[Assets/Editor/BattleHudAttachToFlowEditor.cs line 59]

Could not extract GUID in text file Assets/Scenes/BattleRuntimeFlowWithHudPrototype.unity at line 124784.
UnityEngine.Debug:ExtractStackTraceNoAlloc (byte*,int,string)
UnityEngine.StackTraceUtility:ExtractStackTrace ()
UnityEditor.SceneManagement.EditorSceneManager:SaveSceneInternal (UnityEngine.SceneManagement.Scene,string,bool)
UnityEditor.SceneManagement.EditorSceneManager:SaveScene (UnityEngine.SceneManagement.Scene,string,bool)
UnityEditor.SceneManagement.EditorSceneManager:SaveScene (UnityEngine.SceneManagement.Scene,string)
BattleHudAttachToFlowEditor:Build () (at Assets/Editor/BattleHudAttachToFlowEditor.cs:59)

[Assets/Editor/BattleHudAttachToFlowEditor.cs line 59]

Could not extract GUID in text file Assets/Scenes/BattleRuntimeFlowWithHudPrototype.unity at line 132233.
UnityEngine.Debug:ExtractStackTraceNoAlloc (byte*,int,string)
UnityEngine.StackTraceUtility:ExtractStackTrace ()
UnityEditor.SceneManagement.EditorSceneManager:SaveSceneInternal (UnityEngine.SceneManagement.Scene,string,bool)
UnityEditor.SceneManagement.EditorSceneManager:SaveScene (UnityEngine.SceneManagement.Scene,string,bool)
UnityEditor.SceneManagement.EditorSceneManager:SaveScene (UnityEngine.SceneManagement.Scene,string)
BattleHudAttachToFlowEditor:Build () (at Assets/Editor/BattleHudAttachToFlowEditor.cs:59)

[Assets/Editor/BattleHudAttachToFlowEditor.cs line 59]

Could not extract GUID in text file Assets/Scenes/BattleRuntimeFlowWithHudPrototype.unity at line 151078.
UnityEngine.Debug:ExtractStackTraceNoAlloc (byte*,int,string)
UnityEngine.StackTraceUtility:ExtractStackTrace ()
UnityEditor.SceneManagement.EditorSceneManager:SaveSceneInternal (UnityEngine.SceneManagement.Scene,string,bool)
UnityEditor.SceneManagement.EditorSceneManager:SaveScene (UnityEngine.SceneManagement.Scene,string,bool)
UnityEditor.SceneManagement.EditorSceneManager:SaveScene (UnityEngine.SceneManagement.Scene,string)
BattleHudAttachToFlowEditor:Build () (at Assets/Editor/BattleHudAttachToFlowEditor.cs:59)

[Assets/Editor/BattleHudAttachToFlowEditor.cs line 59]

Could not extract GUID in text file Assets/Scenes/BattleRuntimeFlowWithHudPrototype.unity at line 156680.
UnityEngine.Debug:ExtractStackTraceNoAlloc (byte*,int,string)
UnityEngine.StackTraceUtility:ExtractStackTrace ()
UnityEditor.SceneManagement.EditorSceneManager:SaveSceneInternal (UnityEngine.SceneManagement.Scene,string,bool)
UnityEditor.SceneManagement.EditorSceneManager:SaveScene (UnityEngine.SceneManagement.Scene,string,bool)
UnityEditor.SceneManagement.EditorSceneManager:SaveScene (UnityEngine.SceneManagement.Scene,string)
BattleHudAttachToFlowEditor:Build () (at Assets/Editor/BattleHudAttachToFlowEditor.cs:59)

[Assets/Editor/BattleHudAttachToFlowEditor.cs line 59]

Could not extract GUID in text file Assets/Scenes/BattleRuntimeFlowWithHudPrototype.unity at line 156726.
UnityEngine.Debug:ExtractStackTraceNoAlloc (byte*,int,string)
UnityEngine.StackTraceUtility:ExtractStackTrace ()
UnityEditor.SceneManagement.EditorSceneManager:SaveSceneInternal (UnityEngine.SceneManagement.Scene,string,bool)
UnityEditor.SceneManagement.EditorSceneManager:SaveScene (UnityEngine.SceneManagement.Scene,string,bool)
UnityEditor.SceneManagement.EditorSceneManager:SaveScene (UnityEngine.SceneManagement.Scene,string)
BattleHudAttachToFlowEditor:Build () (at Assets/Editor/BattleHudAttachToFlowEditor.cs:59)

[Assets/Editor/BattleHudAttachToFlowEditor.cs line 59]

Could not extract GUID in text file Assets/Scenes/BattleRuntimeFlowWithHudPrototype.unity at line 163217.
UnityEngine.Debug:ExtractStackTraceNoAlloc (byte*,int,string)
UnityEngine.StackTraceUtility:ExtractStackTrace ()
UnityEditor.SceneManagement.EditorSceneManager:SaveSceneInternal (UnityEngine.SceneManagement.Scene,string,bool)
UnityEditor.SceneManagement.EditorSceneManager:SaveScene (UnityEngine.SceneManagement.Scene,string,bool)
UnityEditor.SceneManagement.EditorSceneManager:SaveScene (UnityEngine.SceneManagement.Scene,string)
BattleHudAttachToFlowEditor:Build () (at Assets/Editor/BattleHudAttachToFlowEditor.cs:59)

[Assets/Editor/BattleHudAttachToFlowEditor.cs line 59]

Could not extract GUID in text file Assets/Scenes/BattleRuntimeFlowWithHudPrototype.unity at line 169098.
UnityEngine.Debug:ExtractStackTraceNoAlloc (byte*,int,string)
UnityEngine.StackTraceUtility:ExtractStackTrace ()
UnityEditor.SceneManagement.EditorSceneManager:SaveSceneInternal (UnityEngine.SceneManagement.Scene,string,bool)
UnityEditor.SceneManagement.EditorSceneManager:SaveScene (UnityEngine.SceneManagement.Scene,string,bool)
UnityEditor.SceneManagement.EditorSceneManager:SaveScene (UnityEngine.SceneManagement.Scene,string)
BattleHudAttachToFlowEditor:Build () (at Assets/Editor/BattleHudAttachToFlowEditor.cs:59)

[Assets/Editor/BattleHudAttachToFlowEditor.cs line 59]

Could not extract GUID in text file Assets/Scenes/BattleRuntimeFlowWithHudPrototype.unity at line 174153.
UnityEngine.Debug:ExtractStackTraceNoAlloc (byte*,int,string)
UnityEngine.StackTraceUtility:ExtractStackTrace ()
UnityEditor.SceneManagement.EditorSceneManager:SaveSceneInternal (UnityEngine.SceneManagement.Scene,string,bool)
UnityEditor.SceneManagement.EditorSceneManager:SaveScene (UnityEngine.SceneManagement.Scene,string,bool)
UnityEditor.SceneManagement.EditorSceneManager:SaveScene (UnityEngine.SceneManagement.Scene,string)
BattleHudAttachToFlowEditor:Build () (at Assets/Editor/BattleHudAttachToFlowEditor.cs:59)

[Assets/Editor/BattleHudAttachToFlowEditor.cs line 59]

Could not extract GUID in text file Assets/Scenes/BattleRuntimeFlowWithHudPrototype.unity at line 174199.
UnityEngine.Debug:ExtractStackTraceNoAlloc (byte*,int,string)
UnityEngine.StackTraceUtility:ExtractStackTrace ()
UnityEditor.SceneManagement.EditorSceneManager:SaveSceneInternal (UnityEngine.SceneManagement.Scene,string,bool)
UnityEditor.SceneManagement.EditorSceneManager:SaveScene (UnityEngine.SceneManagement.Scene,string,bool)
UnityEditor.SceneManagement.EditorSceneManager:SaveScene (UnityEngine.SceneManagement.Scene,string)
BattleHudAttachToFlowEditor:Build () (at Assets/Editor/BattleHudAttachToFlowEditor.cs:59)

[Assets/Editor/BattleHudAttachToFlowEditor.cs line 59]

Could not extract GUID in text file Assets/Scenes/BattleRuntimeFlowWithHudPrototype.unity at line 178998.
UnityEngine.Debug:ExtractStackTraceNoAlloc (byte*,int,string)
UnityEngine.StackTraceUtility:ExtractStackTrace ()
UnityEditor.SceneManagement.EditorSceneManager:SaveSceneInternal (UnityEngine.SceneManagement.Scene,string,bool)
UnityEditor.SceneManagement.EditorSceneManager:SaveScene (UnityEngine.SceneManagement.Scene,string,bool)
UnityEditor.SceneManagement.EditorSceneManager:SaveScene (UnityEngine.SceneManagement.Scene,string)
BattleHudAttachToFlowEditor:Build () (at Assets/Editor/BattleHudAttachToFlowEditor.cs:59)

[Assets/Editor/BattleHudAttachToFlowEditor.cs line 59]

Could not extract GUID in text file Assets/Scenes/BattleRuntimeFlowWithHudPrototype.unity at line 184471.
UnityEngine.Debug:ExtractStackTraceNoAlloc (byte*,int,string)
UnityEngine.StackTraceUtility:ExtractStackTrace ()
UnityEditor.SceneManagement.EditorSceneManager:SaveSceneInternal (UnityEngine.SceneManagement.Scene,string,bool)
UnityEditor.SceneManagement.EditorSceneManager:SaveScene (UnityEngine.SceneManagement.Scene,string,bool)
UnityEditor.SceneManagement.EditorSceneManager:SaveScene (UnityEngine.SceneManagement.Scene,string)
BattleHudAttachToFlowEditor:Build () (at Assets/Editor/BattleHudAttachToFlowEditor.cs:59)

[Assets/Editor/BattleHudAttachToFlowEditor.cs line 59]

Could not extract GUID in text file Assets/Scenes/BattleRuntimeFlowWithHudPrototype.unity at line 185269.
UnityEngine.Debug:ExtractStackTraceNoAlloc (byte*,int,string)
UnityEngine.StackTraceUtility:ExtractStackTrace ()
UnityEditor.SceneManagement.EditorSceneManager:SaveSceneInternal (UnityEngine.SceneManagement.Scene,string,bool)
UnityEditor.SceneManagement.EditorSceneManager:SaveScene (UnityEngine.SceneManagement.Scene,string,bool)
UnityEditor.SceneManagement.EditorSceneManager:SaveScene (UnityEngine.SceneManagement.Scene,string)
BattleHudAttachToFlowEditor:Build () (at Assets/Editor/BattleHudAttachToFlowEditor.cs:59)

[Assets/Editor/BattleHudAttachToFlowEditor.cs line 59]

Could not extract GUID in text file Assets/Scenes/BattleRuntimeFlowWithHudPrototype.unity at line 190517.
UnityEngine.Debug:ExtractStackTraceNoAlloc (byte*,int,string)
UnityEngine.StackTraceUtility:ExtractStackTrace ()
UnityEditor.SceneManagement.EditorSceneManager:SaveSceneInternal (UnityEngine.SceneManagement.Scene,string,bool)
UnityEditor.SceneManagement.EditorSceneManager:SaveScene (UnityEngine.SceneManagement.Scene,string,bool)
UnityEditor.SceneManagement.EditorSceneManager:SaveScene (UnityEngine.SceneManagement.Scene,string)
BattleHudAttachToFlowEditor:Build () (at Assets/Editor/BattleHudAttachToFlowEditor.cs:59)

[Assets/Editor/BattleHudAttachToFlowEditor.cs line 59]

Could not extract GUID in text file Assets/Scenes/BattleRuntimeFlowWithHudPrototype.unity at line 190747.
UnityEngine.Debug:ExtractStackTraceNoAlloc (byte*,int,string)
UnityEngine.StackTraceUtility:ExtractStackTrace ()
UnityEditor.SceneManagement.EditorSceneManager:SaveSceneInternal (UnityEngine.SceneManagement.Scene,string,bool)
UnityEditor.SceneManagement.EditorSceneManager:SaveScene (UnityEngine.SceneManagement.Scene,string,bool)
UnityEditor.SceneManagement.EditorSceneManager:SaveScene (UnityEngine.SceneManagement.Scene,string)
BattleHudAttachToFlowEditor:Build () (at Assets/Editor/BattleHudAttachToFlowEditor.cs:59)

[Assets/Editor/BattleHudAttachToFlowEditor.cs line 59]

Could not extract GUID in text file Assets/Scenes/BattleRuntimeFlowWithHudPrototype.unity at line 196041.
UnityEngine.Debug:ExtractStackTraceNoAlloc (byte*,int,string)
UnityEngine.StackTraceUtility:ExtractStackTrace ()
UnityEditor.SceneManagement.EditorSceneManager:SaveSceneInternal (UnityEngine.SceneManagement.Scene,string,bool)
UnityEditor.SceneManagement.EditorSceneManager:SaveScene (UnityEngine.SceneManagement.Scene,string,bool)
UnityEditor.SceneManagement.EditorSceneManager:SaveScene (UnityEngine.SceneManagement.Scene,string)
BattleHudAttachToFlowEditor:Build () (at Assets/Editor/BattleHudAttachToFlowEditor.cs:59)

[Assets/Editor/BattleHudAttachToFlowEditor.cs line 59]

Could not extract GUID in text file Assets/Scenes/BattleRuntimeFlowWithHudPrototype.unity at line 203089.
UnityEngine.Debug:ExtractStackTraceNoAlloc (byte*,int,string)
UnityEngine.StackTraceUtility:ExtractStackTrace ()
UnityEditor.SceneManagement.EditorSceneManager:SaveSceneInternal (UnityEngine.SceneManagement.Scene,string,bool)
UnityEditor.SceneManagement.EditorSceneManager:SaveScene (UnityEngine.SceneManagement.Scene,string,bool)
UnityEditor.SceneManagement.EditorSceneManager:SaveScene (UnityEngine.SceneManagement.Scene,string)
BattleHudAttachToFlowEditor:Build () (at Assets/Editor/BattleHudAttachToFlowEditor.cs:59)

[Assets/Editor/BattleHudAttachToFlowEditor.cs line 59]

Could not extract GUID in text file Assets/Scenes/BattleRuntimeFlowWithHudPrototype.unity at line 210107.
UnityEngine.Debug:ExtractStackTraceNoAlloc (byte*,int,string)
UnityEngine.StackTraceUtility:ExtractStackTrace ()
UnityEditor.SceneManagement.EditorSceneManager:SaveSceneInternal (UnityEngine.SceneManagement.Scene,string,bool)
UnityEditor.SceneManagement.EditorSceneManager:SaveScene (UnityEngine.SceneManagement.Scene,string,bool)
UnityEditor.SceneManagement.EditorSceneManager:SaveScene (UnityEngine.SceneManagement.Scene,string)
BattleHudAttachToFlowEditor:Build () (at Assets/Editor/BattleHudAttachToFlowEditor.cs:59)

[Assets/Editor/BattleHudAttachToFlowEditor.cs line 59]

Could not extract GUID in text file Assets/Scenes/BattleRuntimeFlowWithHudPrototype.unity at line 216198.
UnityEngine.Debug:ExtractStackTraceNoAlloc (byte*,int,string)
UnityEngine.StackTraceUtility:ExtractStackTrace ()
UnityEditor.SceneManagement.EditorSceneManager:SaveSceneInternal (UnityEngine.SceneManagement.Scene,string,bool)
UnityEditor.SceneManagement.EditorSceneManager:SaveScene (UnityEngine.SceneManagement.Scene,string,bool)
UnityEditor.SceneManagement.EditorSceneManager:SaveScene (UnityEngine.SceneManagement.Scene,string)
BattleHudAttachToFlowEditor:Build () (at Assets/Editor/BattleHudAttachToFlowEditor.cs:59)

[Assets/Editor/BattleHudAttachToFlowEditor.cs line 59]

Could not extract GUID in text file Assets/Scenes/BattleRuntimeFlowWithHudPrototype.unity at line 216346.
UnityEngine.Debug:ExtractStackTraceNoAlloc (byte*,int,string)
UnityEngine.StackTraceUtility:ExtractStackTrace ()
UnityEditor.SceneManagement.EditorSceneManager:SaveSceneInternal (UnityEngine.SceneManagement.Scene,string,bool)
UnityEditor.SceneManagement.EditorSceneManager:SaveScene (UnityEngine.SceneManagement.Scene,string,bool)
UnityEditor.SceneManagement.EditorSceneManager:SaveScene (UnityEngine.SceneManagement.Scene,string)
BattleHudAttachToFlowEditor:Build () (at Assets/Editor/BattleHudAttachToFlowEditor.cs:59)

[Assets/Editor/BattleHudAttachToFlowEditor.cs line 59]

Could not extract GUID in text file Assets/Scenes/BattleRuntimeFlowWithHudPrototype.unity at line 228176.
UnityEngine.Debug:ExtractStackTraceNoAlloc (byte*,int,string)
UnityEngine.StackTraceUtility:ExtractStackTrace ()
UnityEditor.SceneManagement.EditorSceneManager:SaveSceneInternal (UnityEngine.SceneManagement.Scene,string,bool)
UnityEditor.SceneManagement.EditorSceneManager:SaveScene (UnityEngine.SceneManagement.Scene,string,bool)
UnityEditor.SceneManagement.EditorSceneManager:SaveScene (UnityEngine.SceneManagement.Scene,string)
BattleHudAttachToFlowEditor:Build () (at Assets/Editor/BattleHudAttachToFlowEditor.cs:59)

[Assets/Editor/BattleHudAttachToFlowEditor.cs line 59]

Could not extract GUID in text file Assets/Scenes/BattleRuntimeFlowWithHudPrototype.unity at line 233079.
UnityEngine.Debug:ExtractStackTraceNoAlloc (byte*,int,string)
UnityEngine.StackTraceUtility:ExtractStackTrace ()
UnityEditor.SceneManagement.EditorSceneManager:SaveSceneInternal (UnityEngine.SceneManagement.Scene,string,bool)
UnityEditor.SceneManagement.EditorSceneManager:SaveScene (UnityEngine.SceneManagement.Scene,string,bool)
UnityEditor.SceneManagement.EditorSceneManager:SaveScene (UnityEngine.SceneManagement.Scene,string)
BattleHudAttachToFlowEditor:Build () (at Assets/Editor/BattleHudAttachToFlowEditor.cs:59)

[Assets/Editor/BattleHudAttachToFlowEditor.cs line 59]

Could not extract GUID in text file Assets/Scenes/BattleRuntimeFlowWithHudPrototype.unity at line 239284.
UnityEngine.Debug:ExtractStackTraceNoAlloc (byte*,int,string)
UnityEngine.StackTraceUtility:ExtractStackTrace ()
UnityEditor.SceneManagement.EditorSceneManager:SaveSceneInternal (UnityEngine.SceneManagement.Scene,string,bool)
UnityEditor.SceneManagement.EditorSceneManager:SaveScene (UnityEngine.SceneManagement.Scene,string,bool)
UnityEditor.SceneManagement.EditorSceneManager:SaveScene (UnityEngine.SceneManagement.Scene,string)
BattleHudAttachToFlowEditor:Build () (at Assets/Editor/BattleHudAttachToFlowEditor.cs:59)

[Assets/Editor/BattleHudAttachToFlowEditor.cs line 59]

Could not extract GUID in text file Assets/Scenes/BattleRuntimeFlowWithHudPrototype.unity at line 255858.
UnityEngine.Debug:ExtractStackTraceNoAlloc (byte*,int,string)
UnityEngine.StackTraceUtility:ExtractStackTrace ()
UnityEditor.SceneManagement.EditorSceneManager:SaveSceneInternal (UnityEngine.SceneManagement.Scene,string,bool)
UnityEditor.SceneManagement.EditorSceneManager:SaveScene (UnityEngine.SceneManagement.Scene,string,bool)
UnityEditor.SceneManagement.EditorSceneManager:SaveScene (UnityEngine.SceneManagement.Scene,string)
BattleHudAttachToFlowEditor:Build () (at Assets/Editor/BattleHudAttachToFlowEditor.cs:59)

[Assets/Editor/BattleHudAttachToFlowEditor.cs line 59]

Could not extract GUID in text file Assets/Scenes/BattleRuntimeFlowWithHudPrototype.unity at line 268093.
UnityEngine.Debug:ExtractStackTraceNoAlloc (byte*,int,string)
UnityEngine.StackTraceUtility:ExtractStackTrace ()
UnityEditor.SceneManagement.EditorSceneManager:SaveSceneInternal (UnityEngine.SceneManagement.Scene,string,bool)
UnityEditor.SceneManagement.EditorSceneManager:SaveScene (UnityEngine.SceneManagement.Scene,string,bool)
UnityEditor.SceneManagement.EditorSceneManager:SaveScene (UnityEngine.SceneManagement.Scene,string)
BattleHudAttachToFlowEditor:Build () (at Assets/Editor/BattleHudAttachToFlowEditor.cs:59)

[Assets/Editor/BattleHudAttachToFlowEditor.cs line 59]

Could not extract GUID in text file Assets/Scenes/BattleRuntimeFlowWithHudPrototype.unity at line 273641.
UnityEngine.Debug:ExtractStackTraceNoAlloc (byte*,int,string)
UnityEngine.StackTraceUtility:ExtractStackTrace ()
UnityEditor.SceneManagement.EditorSceneManager:SaveSceneInternal (UnityEngine.SceneManagement.Scene,string,bool)
UnityEditor.SceneManagement.EditorSceneManager:SaveScene (UnityEngine.SceneManagement.Scene,string,bool)
UnityEditor.SceneManagement.EditorSceneManager:SaveScene (UnityEngine.SceneManagement.Scene,string)
BattleHudAttachToFlowEditor:Build () (at Assets/Editor/BattleHudAttachToFlowEditor.cs:59)

[Assets/Editor/BattleHudAttachToFlowEditor.cs line 59]

Could not extract GUID in text file Assets/Scenes/BattleRuntimeFlowWithHudPrototype.unity at line 283797.
UnityEngine.Debug:ExtractStackTraceNoAlloc (byte*,int,string)
UnityEngine.StackTraceUtility:ExtractStackTrace ()
UnityEditor.SceneManagement.EditorSceneManager:SaveSceneInternal (UnityEngine.SceneManagement.Scene,string,bool)
UnityEditor.SceneManagement.EditorSceneManager:SaveScene (UnityEngine.SceneManagement.Scene,string,bool)
UnityEditor.SceneManagement.EditorSceneManager:SaveScene (UnityEngine.SceneManagement.Scene,string)
BattleHudAttachToFlowEditor:Build () (at Assets/Editor/BattleHudAttachToFlowEditor.cs:59)

[Assets/Editor/BattleHudAttachToFlowEditor.cs line 59]

Could not extract GUID in text file Assets/Scenes/BattleRuntimeFlowWithHudPrototype.unity at line 294324.
UnityEngine.Debug:ExtractStackTraceNoAlloc (byte*,int,string)
UnityEngine.StackTraceUtility:ExtractStackTrace ()
UnityEditor.SceneManagement.EditorSceneManager:SaveSceneInternal (UnityEngine.SceneManagement.Scene,string,bool)
UnityEditor.SceneManagement.EditorSceneManager:SaveScene (UnityEngine.SceneManagement.Scene,string,bool)
UnityEditor.SceneManagement.EditorSceneManager:SaveScene (UnityEngine.SceneManagement.Scene,string)
BattleHudAttachToFlowEditor:Build () (at Assets/Editor/BattleHudAttachToFlowEditor.cs:59)

[Assets/Editor/BattleHudAttachToFlowEditor.cs line 59]

Could not extract GUID in text file Assets/Scenes/BattleRuntimeFlowWithHudPrototype.unity at line 307402.
UnityEngine.Debug:ExtractStackTraceNoAlloc (byte*,int,string)
UnityEngine.StackTraceUtility:ExtractStackTrace ()
UnityEditor.SceneManagement.EditorSceneManager:SaveSceneInternal (UnityEngine.SceneManagement.Scene,string,bool)
UnityEditor.SceneManagement.EditorSceneManager:SaveScene (UnityEngine.SceneManagement.Scene,string,bool)
UnityEditor.SceneManagement.EditorSceneManager:SaveScene (UnityEngine.SceneManagement.Scene,string)
BattleHudAttachToFlowEditor:Build () (at Assets/Editor/BattleHudAttachToFlowEditor.cs:59)

[Assets/Editor/BattleHudAttachToFlowEditor.cs line 59]

Could not extract GUID in text file Assets/Scenes/BattleRuntimeFlowWithHudPrototype.unity at line 318593.
UnityEngine.Debug:ExtractStackTraceNoAlloc (byte*,int,string)
UnityEngine.StackTraceUtility:ExtractStackTrace ()
UnityEditor.SceneManagement.EditorSceneManager:SaveSceneInternal (UnityEngine.SceneManagement.Scene,string,bool)
UnityEditor.SceneManagement.EditorSceneManager:SaveScene (UnityEngine.SceneManagement.Scene,string,bool)
UnityEditor.SceneManagement.EditorSceneManager:SaveScene (UnityEngine.SceneManagement.Scene,string)
BattleHudAttachToFlowEditor:Build () (at Assets/Editor/BattleHudAttachToFlowEditor.cs:59)

[Assets/Editor/BattleHudAttachToFlowEditor.cs line 59]

Could not extract GUID in text file Assets/Scenes/BattleRuntimeFlowWithHudPrototype.unity at line 318764.
UnityEngine.Debug:ExtractStackTraceNoAlloc (byte*,int,string)
UnityEngine.StackTraceUtility:ExtractStackTrace ()
UnityEditor.SceneManagement.EditorSceneManager:SaveSceneInternal (UnityEngine.SceneManagement.Scene,string,bool)
UnityEditor.SceneManagement.EditorSceneManager:SaveScene (UnityEngine.SceneManagement.Scene,string,bool)
UnityEditor.SceneManagement.EditorSceneManager:SaveScene (UnityEngine.SceneManagement.Scene,string)
BattleHudAttachToFlowEditor:Build () (at Assets/Editor/BattleHudAttachToFlowEditor.cs:59)

[Assets/Editor/BattleHudAttachToFlowEditor.cs line 59]

Could not extract GUID in text file Assets/Scenes/BattleRuntimeFlowWithHudPrototype.unity at line 324339.
UnityEngine.Debug:ExtractStackTraceNoAlloc (byte*,int,string)
UnityEngine.StackTraceUtility:ExtractStackTrace ()
UnityEditor.SceneManagement.EditorSceneManager:SaveSceneInternal (UnityEngine.SceneManagement.Scene,string,bool)
UnityEditor.SceneManagement.EditorSceneManager:SaveScene (UnityEngine.SceneManagement.Scene,string,bool)
UnityEditor.SceneManagement.EditorSceneManager:SaveScene (UnityEngine.SceneManagement.Scene,string)
BattleHudAttachToFlowEditor:Build () (at Assets/Editor/BattleHudAttachToFlowEditor.cs:59)

[Assets/Editor/BattleHudAttachToFlowEditor.cs line 59]

Could not extract GUID in text file Assets/Scenes/BattleRuntimeFlowWithHudPrototype.unity at line 329937.
UnityEngine.Debug:ExtractStackTraceNoAlloc (byte*,int,string)
UnityEngine.StackTraceUtility:ExtractStackTrace ()
UnityEditor.SceneManagement.EditorSceneManager:SaveSceneInternal (UnityEngine.SceneManagement.Scene,string,bool)
UnityEditor.SceneManagement.EditorSceneManager:SaveScene (UnityEngine.SceneManagement.Scene,string,bool)
UnityEditor.SceneManagement.EditorSceneManager:SaveScene (UnityEngine.SceneManagement.Scene,string)
BattleHudAttachToFlowEditor:Build () (at Assets/Editor/BattleHudAttachToFlowEditor.cs:59)

[Assets/Editor/BattleHudAttachToFlowEditor.cs line 59]

Could not extract GUID in text file Assets/Scenes/BattleRuntimeFlowWithHudPrototype.unity at line 340771.
UnityEngine.Debug:ExtractStackTraceNoAlloc (byte*,int,string)
UnityEngine.StackTraceUtility:ExtractStackTrace ()
UnityEditor.SceneManagement.EditorSceneManager:SaveSceneInternal (UnityEngine.SceneManagement.Scene,string,bool)
UnityEditor.SceneManagement.EditorSceneManager:SaveScene (UnityEngine.SceneManagement.Scene,string,bool)
UnityEditor.SceneManagement.EditorSceneManager:SaveScene (UnityEngine.SceneManagement.Scene,string)
BattleHudAttachToFlowEditor:Build () (at Assets/Editor/BattleHudAttachToFlowEditor.cs:59)

[Assets/Editor/BattleHudAttachToFlowEditor.cs line 59]

Asset Pipeline Refresh (id=1d8baf9329913084e9f568b0d5cb436c): Total: 0.037 seconds - Initiated by StopAssetImportingV2(NoUpdateAssetOptions)
Start importing Assets/RestoreCaptures using Guid(d5dd78512fb3a75488cf2f3f259124e2) (DefaultImporter) -> (Import Result ID: '4ebb05fec970acb045d284e45546dff8') in 0.0023363 seconds [static dependencies only]. Details - ImportResultOutputID=052a5d12971ac6f95dfe84504ff9027b DependenciesID=f6b191e966fc98c9dadf2532cbe70d7c StaticDependenciesID=79404e0e1f893f73c729dff36198c545 
Start importing Assets/RestoreCaptures/battle_hud using Guid(4e064b63e4ed59346b60f9a3abaa6a3f) (DefaultImporter) -> (Import Result ID: 'bcb3a1c8f9cc7627de51bd698b80283d') in 0.0015797 seconds [static dependencies only]. Details - ImportResultOutputID=080e80f1bd9b5f36ebd47b351c4dbcba DependenciesID=ec43ee309505363d4e2e0c6e2b18f33f StaticDependenciesID=cb0a7ffc40918fbfa4380b0d5d9a2347 
Start importing Assets/RestoreCaptures/battle_hud/BattleRuntimeFlowWithHudPrototype_1680x720.png using Guid(8408653f5537aff4b9105b2b5a436e2e) (TextureImporter) -> (Import Result ID: 'd1c58c78ca5df9d27b4e86ce03613fb8') in 0.0278009 seconds [static and dynamic dependencies]. Details - ImportResultOutputID=01047f9f66409cc54bb0d9710af431e8 DependenciesID=da34f27a2acf8395a8ebd990127fad46 StaticDependenciesID=cc55b680e1cb7f3e8ca081dc5db98e2a 
Start importing Assets/RestoreData/battle/BATTLE_FLOW_WITH_HUD_ATTACH_RESULT.json using Guid(d0fbc331f04c4c34095bc57b1ddb589a) (TextScriptImporter) -> (Import Result ID: '6ad5af326446dc7d9ae09b5b9738aaa1') in 0.0034932 seconds [static dependencies only]. Details - ImportResultOutputID=be25954e7e91503f5c751fbb4d92221d DependenciesID=148c84edf71c2d8c33bb02b6abb7bbf2 StaticDependenciesID=27824f9ee0a378416090bb0db1f1c1a2 
Start importing Assets/RestoreData/battle/BATTLE_FLOW_WITH_HUD_ATTACH_RESULT.csv using Guid(5d2fb17a6b585cf4095885944bf15f25) (TextScriptImporter) -> (Import Result ID: '34c9dd39ab4c32c4ad9885caeeb56d70') in 0.003216 seconds [static dependencies only]. Details - ImportResultOutputID=9660bb67471b43533c40980fbd9dde7f DependenciesID=dc789e52f40c79fe1386aa5fb861d89d StaticDependenciesID=bbf286096b7e05ffbb5af164fd812a67 
Asset Pipeline Refresh (id=05a545d4a8f4b55489b186558aa0da3d): Total: 0.094 seconds - Initiated by RefreshV2(NoUpdateAssetOptions)
BattleHudAttachToFlow generated. attachments=10, attached=10, buttons=0, missingScripts=889, capture=Assets/RestoreCaptures/battle_hud/BattleRuntimeFlowWithHudPrototype_1680x720.png
UnityEngine.Debug:ExtractStackTraceNoAlloc (byte*,int,string)
UnityEngine.StackTraceUtility:ExtractStackTrace ()
UnityEngine.DebugLogHandler:Internal_Log (UnityEngine.LogType,UnityEngine.LogOption,string,UnityEngine.Object)
UnityEngine.DebugLogHandler:LogFormat (UnityEngine.LogType,UnityEngine.Object,string,object[])
UnityEngine.Logger:Log (UnityEngine.LogType,object)
UnityEngine.Debug:Log (object)
BattleHudAttachToFlowEditor:Build () (at Assets/Editor/BattleHudAttachToFlowEditor.cs:65)

(Filename: Assets/Editor/BattleHudAttachToFlowEditor.cs Line: 65)

Batchmode quit successfully invoked - shutting down!
[Physics::Module] Cleanup current backend.
[Physics::Module] Id: 0xf2b8ea05
Input System module state changed to: ShutdownInProgress.
Input Polling Thread exited.
Input System module state changed to: Shutdown.
[Licensing::IpcConnector] LicenseClient-godho-notifications channel disconnected successfully.
[Licensing::IpcConnector] LicenseClient-godho channel disconnected successfully.
AcceleratorClientConnectionCallback - disconnected - :0
Cleanup mono
CodeReloadManager destroyed
Exiting batchmode successfully now!
Exiting without the bug reporter. Application will terminate with return code 0