[Licensing::Module] Trying to connect to existing licensing client channel...
Built from '6000.4/staging' branch; Version is '6000.4.9f1 (f7258d6eebbe) revision 16197005'; Using compiler version '194234433'; Build Type 'Release'
[Licensing::IpcConnector] Channel LicenseClient-godho doesn't exist
OS: 'Windows 11  (10.0.26200) Professional' Language: 'ko' Physical Memory: 32022 MB
BatchMode: 1, IsHumanControllingUs: 0, StartBugReporterOnCrash: 0, Is64bit: 1
System  architecture: x64
Process architecture: x64
Date: 2026-06-25T08:20:59Z
[Licensing::Module] Successfully launched the LicensingClient (PId: 28408)

COMMAND LINE ARGUMENTS:
C:\Program Files\Unity\Hub\Editor\6000.4.9f1\Editor\Unity.exe
-batchmode
-quit
-projectPath
C:\Users\godho\Downloads\girlswar\_restore_tools\..\girlswar_battle_unity
-executeMethod
BattleAssetBundleStreamingProbeEditor.Build
-logFile
C:\Users\godho\Downloads\girlswar\_restore_tools\..\reports\battle\BATTLE_10_UNITY_ASSETBUNDLE_STREAMING.log
Successfully changed project path to: C:\Users\godho\Downloads\girlswar\_restore_tools\..\girlswar_battle_unity
C:/Users/godho/Downloads/girlswar/girlswar_battle_unity
[UnityMemory] Configuration Parameters - Can be set up in boot.config
    "memorysetup-temp-allocator-size-gi-baking-worker=262144"
    "memorysetup-temp-allocator-size-gi-baking-worker=262144"
    "memorysetup-temp-allocator-size-gi-baking-worker=262144"
    "memorysetup-temp-allocator-size-gi-baking-worker=262144"
    "memorysetup-temp-allocator-size-gi-baking-worker=262144"
    "memorysetup-temp-allocator-size-nav-mesh-worker=65536"
    "memorysetup-temp-allocator-size-audio-worker=65536"
    "memorysetup-temp-allocator-size-cloud-worker=32768"
    "memorysetup-temp-allocator-size-gfx=262144"
    "memorysetup-temp-allocator-size-preload-manager=33554432"
    "memorysetup-temp-allocator-size-job-worker=262144"
    "memorysetup-temp-allocator-size-background-worker=32768"
    "memorysetup-allocator-temp-initial-block-size-main=262144"
    "memorysetup-allocator-temp-initial-block-size-worker=262144"
    "memorysetup-bucket-allocator-granularity=16"
    "memorysetup-bucket-allocator-bucket-count=8"
    "memorysetup-bucket-allocator-block-size=33554432"
    "memorysetup-bucket-allocator-block-count=8"
    "memorysetup-main-allocator-block-size=16777216"
    "memorysetup-thread-allocator-block-size=16777216"
    "memorysetup-gfx-main-allocator-block-size=16777216"
    "memorysetup-gfx-thread-allocator-block-size=16777216"
    "memorysetup-cache-allocator-block-size=4194304"
    "memorysetup-typetree-allocator-block-size=2097152"
    "memorysetup-profiler-bucket-allocator-granularity=16"
    "memorysetup-profiler-bucket-allocator-bucket-count=8"
    "memorysetup-profiler-bucket-allocator-block-size=33554432"
    "memorysetup-profiler-bucket-allocator-block-count=8"
    "memorysetup-profiler-allocator-block-size=16777216"
    "memorysetup-profiler-editor-allocator-block-size=1048576"
    "memorysetup-temp-allocator-size-main=16777216"
    "memorysetup-job-temp-allocator-block-size=2097152"
    "memorysetup-job-temp-allocator-block-size-background=1048576"
    "memorysetup-job-temp-allocator-reduction-small-platforms=262144"
Player connection [14608]  Target information:

Player connection [14608]  * "[IP] 10.10.1.159 [Port] 55504 [Flags] 2 [Guid] 3551456764 [EditorId] 3551456764 [Version] 1048832 [Id] WindowsEditor(7,sjpark) [Debug] 1 [PackageName] WindowsEditor [ProjectName] Editor" 

Player connection [14608]  * "[IP] 172.26.64.1 [Port] 55504 [Flags] 2 [Guid] 3551456764 [EditorId] 3551456764 [Version] 1048832 [Id] WindowsEditor(7,sjpark) [Debug] 1 [PackageName] WindowsEditor [ProjectName] Editor" 

Player connection [14608]  * "[IP] 100.66.239.97 [Port] 55504 [Flags] 2 [Guid] 3551456764 [EditorId] 3551456764 [Version] 1048832 [Id] WindowsEditor(7,sjpark) [Debug] 1 [PackageName] WindowsEditor [ProjectName] Editor" 

Player connection [14608] Host joined multi-casting on [225.0.0.222:54997]...
Player connection [14608] Host joined alternative multi-casting on [225.0.0.222:34997]...
Input System module state changed to: Initialized.
[Physics::Module] Initialized fallback backend.
[Physics::Module] Id: 0xdecafbad
[Licensing::IpcConnector] Successfully connected to: "LicenseClient-godho" at "2026-06-25T08:21:00.3190208Z"
[Package Manager] Connected to IPC stream "Upm-32520" after 0.2 seconds.
[Licensing::Module] Licensing is not yet initialized.
[Licensing::Client] Code 10 while verifying Licensing Client signature (process Id: 28408, path: "C:/Program Files/Unity/Hub/Editor/6000.4.9f1/Editor/Data/Resources/Licensing/Client/Unity.Licensing.Client.exe")
[Licensing::Module] LicensingClient has failed validation; ignoring
[Licensing::Client] Handshaking with LicensingClient:
  Version:                 1.18.1+9fbee8e
  Session Id:              044e81dff5cf4aca8c25c35cf7b5dc47
  Correlation Id:          bad6f3ee9ab82a1abc612c251fa6a94a
  External correlation Id: 2521408104017938528
  Machine Id:              nETCb6mCOTg3uD4qHH44hI9aRsg=
[Licensing::Module] Successfully connected to LicensingClient on channel: "LicenseClient-godho" (connect: 0.37s, validation: 0.06s, handshake: 0.04s)
[Licensing::IpcConnector] Successfully connected to: "LicenseClient-godho-notifications" at "2026-06-25T08:21:00.4246286Z"
[Licensing::Module] Connected to LicensingClient (PId: 28408, launch time: 0.00, total connection time: 0.48s)
[Licensing::Module] Error: Access token is unavailable; failed to update
[Licensing::Client] Successfully resolved entitlement details
[Licensing::Module] License group:
  Id: 14569760011564-UnityPersXXXX
  Product: Unity Personal
  Type: Assigned
  Expiration: Unlimited
[Licensing::Client] Successfully updated license, isAsync: True, time: 0.01
[Licensing::Client] Successfully resolved entitlement details
[Licensing::Module] Licensing Background thread has ended after 0.51s
[Licensing::Module] Licensing is initialized (took 0.09s).
[Licensing::Client] Successfully resolved entitlement details
Library Redirect Path: Library/
[Physics::Module] Selected backend.
[Physics::Module] Name: PhysX
[Physics::Module] Id: 0xf2b8ea05
[Physics::Module] SDK Version: 4.1.2
[Physics::Module] Integration Version: 1.0.0
[Physics::Module] Threading Mode: Multi-Threaded
Initialize engine version: 6000.4.9f1 (f7258d6eebbe)
[Subsystems] Discovering subsystems at path C:/Program Files/Unity/Hub/Editor/6000.4.9f1/Editor/Data/Resources/UnitySubsystems
[Subsystems] Discovering subsystems at path C:/Users/godho/Downloads/girlswar/girlswar_battle_unity/Assets
GfxDevice: creating device client; kGfxThreadingModeNonThreaded
d3d12: failed to query info queue interface (0x80004002).
Direct3D:
    Version:         Direct3D 12 [level 12.2]
    Renderer:        Intel(R) Graphics (ID=0x7d67)
    Vendor:          Intel
    VRAM:            18252 MB
    App VRAM Budget: 17484 MB
    Driver:          32.0.101.8425
    Unified Memory Architecture
Initialize mono
Mono path[0] = 'C:/Program Files/Unity/Hub/Editor/6000.4.9f1/Editor/Data/Managed'
Mono path[1] = 'C:/Program Files/Unity/Hub/Editor/6000.4.9f1/Editor/Data/MonoBleedingEdge/lib/mono/unityjit-win32'
Mono config path = 'C:/Program Files/Unity/Hub/Editor/6000.4.9f1/Editor/Data/MonoBleedingEdge/etc'
Using monoOptions --debugger-agent=transport=dt_socket,embedding=1,server=y,suspend=n,address=127.0.0.1:56520
CodeReloadManager initialized
Using cacheserver namespaces - metadata:defaultmetadata, artifacts:defaultartifacts
Using cacheserver namespaces - metadata:defaultmetadata, artifacts:defaultartifacts
ImportWorker Server TCP listen port: 0
AcceleratorClientConnectionCallback - disconnected - :0
Begin MonoManager ReloadAssembly
Registering precompiled unity dll's ...
Register platform support module: C:/Program Files/Unity/Hub/Editor/6000.4.9f1/Editor/Data/PlaybackEngines/WebGLSupport/UnityEditor.WebGL.Extensions.dll
Register platform support module: C:/Program Files/Unity/Hub/Editor/6000.4.9f1/Editor/Data/PlaybackEngines/WindowsStandaloneSupport/UnityEditor.WindowsStandalone.Extensions.dll
Registered in 0.002871 seconds.
Native extension for WindowsStandalone target not found
Native extension for WebGL target not found
Package Manager log level set to [2]
ScheduleIndexationOnStartup MainProcess:False IndexOnStartup:False
Mono: successfully reloaded assembly
- Finished resetting the current domain, in  0.272 seconds
Domain Reload Profiling: 615ms
	BeginReloadAssembly (116ms)
		CreateAndSetChildDomain (15ms)
	RebuildCommonClasses (27ms)
	RebuildNativeTypeToScriptingClass (8ms)
	initialDomainReloadingComplete (51ms)
	LoadAllAssembliesAndSetupDomain (140ms)
		LoadAssemblies (99ms)
		AnalyzeDomain (133ms)
			TypeCache.Refresh (132ms)
				TypeCache.ScanAssembly (120ms)
	FinalizeReload (273ms)
		SetupLoadedEditorAssemblies (0ms)
			InitializePlatformSupportModulesInManaged (33ms)
			BeforeProcessingInitializeOnLoad (57ms)
			ProcessInitializeOnLoadAttributes (74ms)
			ProcessInitializeOnLoadMethodAttributes (64ms)
[Licensing::Client] Successfully resolved entitlement details
Application.AssetDatabase Initial Refresh Start
[Package Manager] Restoring resolved packages state from cache
[Licensing::Client] Successfully resolved entitlement details
[Package Manager] Registered 37 packages:
  Built-in packages:
    com.unity.multiplayer.center@1.0.1 (location: C:\Users\godho\Downloads\girlswar\girlswar_battle_unity\Library\PackageCache\com.unity.multiplayer.center@f01f4ba8d00a)
    com.unity.modules.accessibility@1.0.0 (location: C:\Users\godho\Downloads\girlswar\girlswar_battle_unity\Library\PackageCache\com.unity.modules.accessibility)
    com.unity.modules.adaptiveperformance@1.0.0 (location: C:\Users\godho\Downloads\girlswar\girlswar_battle_unity\Library\PackageCache\com.unity.modules.adaptiveperformance)
    com.unity.modules.ai@1.0.0 (location: C:\Users\godho\Downloads\girlswar\girlswar_battle_unity\Library\PackageCache\com.unity.modules.ai)
    com.unity.modules.androidjni@1.0.0 (location: C:\Users\godho\Downloads\girlswar\girlswar_battle_unity\Library\PackageCache\com.unity.modules.androidjni)
    com.unity.modules.animation@1.0.0 (location: C:\Users\godho\Downloads\girlswar\girlswar_battle_unity\Library\PackageCache\com.unity.modules.animation)
    com.unity.modules.assetbundle@1.0.0 (location: C:\Users\godho\Downloads\girlswar\girlswar_battle_unity\Library\PackageCache\com.unity.modules.assetbundle)
    com.unity.modules.audio@1.0.0 (location: C:\Users\godho\Downloads\girlswar\girlswar_battle_unity\Library\PackageCache\com.unity.modules.audio)
    com.unity.modules.cloth@1.0.0 (location: C:\Users\godho\Downloads\girlswar\girlswar_battle_unity\Library\PackageCache\com.unity.modules.cloth)
    com.unity.modules.director@1.0.0 (location: C:\Users\godho\Downloads\girlswar\girlswar_battle_unity\Library\PackageCache\com.unity.modules.director)
    com.unity.modules.imageconversion@1.0.0 (location: C:\Users\godho\Downloads\girlswar\girlswar_battle_unity\Library\PackageCache\com.unity.modules.imageconversion)
    com.unity.modules.imgui@1.0.0 (location: C:\Users\godho\Downloads\girlswar\girlswar_battle_unity\Library\PackageCache\com.unity.modules.imgui)
    com.unity.modules.jsonserialize@1.0.0 (location: C:\Users\godho\Downloads\girlswar\girlswar_battle_unity\Library\PackageCache\com.unity.modules.jsonserialize)
    com.unity.modules.particlesystem@1.0.0 (location: C:\Users\godho\Downloads\girlswar\girlswar_battle_unity\Library\PackageCache\com.unity.modules.particlesystem)
    com.unity.modules.physics@1.0.0 (location: C:\Users\godho\Downloads\girlswar\girlswar_battle_unity\Library\PackageCache\com.unity.modules.physics)
    com.unity.modules.physics2d@1.0.0 (location: C:\Users\godho\Downloads\girlswar\girlswar_battle_unity\Library\PackageCache\com.unity.modules.physics2d)
    com.unity.modules.screencapture@1.0.0 (location: C:\Users\godho\Downloads\girlswar\girlswar_battle_unity\Library\PackageCache\com.unity.modules.screencapture)
    com.unity.modules.terrain@1.0.0 (location: C:\Users\godho\Downloads\girlswar\girlswar_battle_unity\Library\PackageCache\com.unity.modules.terrain)
    com.unity.modules.terrainphysics@1.0.0 (location: C:\Users\godho\Downloads\girlswar\girlswar_battle_unity\Library\PackageCache\com.unity.modules.terrainphysics)
    com.unity.modules.tilemap@1.0.0 (location: C:\Users\godho\Downloads\girlswar\girlswar_battle_unity\Library\PackageCache\com.unity.modules.tilemap)
    com.unity.modules.ui@1.0.0 (location: C:\Users\godho\Downloads\girlswar\girlswar_battle_unity\Library\PackageCache\com.unity.modules.ui)
    com.unity.modules.uielements@1.0.0 (location: C:\Users\godho\Downloads\girlswar\girlswar_battle_unity\Library\PackageCache\com.unity.modules.uielements)
    com.unity.modules.umbra@1.0.0 (location: C:\Users\godho\Downloads\girlswar\girlswar_battle_unity\Library\PackageCache\com.unity.modules.umbra)
    com.unity.modules.unityanalytics@1.0.0 (location: C:\Users\godho\Downloads\girlswar\girlswar_battle_unity\Library\PackageCache\com.unity.modules.unityanalytics)
    com.unity.modules.unitywebrequest@1.0.0 (location: C:\Users\godho\Downloads\girlswar\girlswar_battle_unity\Library\PackageCache\com.unity.modules.unitywebrequest)
    com.unity.modules.unitywebrequestassetbundle@1.0.0 (location: C:\Users\godho\Downloads\girlswar\girlswar_battle_unity\Library\PackageCache\com.unity.modules.unitywebrequestassetbundle)
    com.unity.modules.unitywebrequestaudio@1.0.0 (location: C:\Users\godho\Downloads\girlswar\girlswar_battle_unity\Library\PackageCache\com.unity.modules.unitywebrequestaudio)
    com.unity.modules.unitywebrequesttexture@1.0.0 (location: C:\Users\godho\Downloads\girlswar\girlswar_battle_unity\Library\PackageCache\com.unity.modules.unitywebrequesttexture)
    com.unity.modules.unitywebrequestwww@1.0.0 (location: C:\Users\godho\Downloads\girlswar\girlswar_battle_unity\Library\PackageCache\com.unity.modules.unitywebrequestwww)
    com.unity.modules.vectorgraphics@1.0.0 (location: C:\Users\godho\Downloads\girlswar\girlswar_battle_unity\Library\PackageCache\com.unity.modules.vectorgraphics)
    com.unity.modules.vehicles@1.0.0 (location: C:\Users\godho\Downloads\girlswar\girlswar_battle_unity\Library\PackageCache\com.unity.modules.vehicles)
    com.unity.modules.video@1.0.0 (location: C:\Users\godho\Downloads\girlswar\girlswar_battle_unity\Library\PackageCache\com.unity.modules.video)
    com.unity.modules.vr@1.0.0 (location: C:\Users\godho\Downloads\girlswar\girlswar_battle_unity\Library\PackageCache\com.unity.modules.vr)
    com.unity.modules.wind@1.0.0 (location: C:\Users\godho\Downloads\girlswar\girlswar_battle_unity\Library\PackageCache\com.unity.modules.wind)
    com.unity.modules.xr@1.0.0 (location: C:\Users\godho\Downloads\girlswar\girlswar_battle_unity\Library\PackageCache\com.unity.modules.xr)
    com.unity.modules.subsystems@1.0.0 (location: C:\Users\godho\Downloads\girlswar\girlswar_battle_unity\Library\PackageCache\com.unity.modules.subsystems)
    com.unity.modules.hierarchycore@1.0.0 (location: C:\Users\godho\Downloads\girlswar\girlswar_battle_unity\Library\PackageCache\com.unity.modules.hierarchycore)
[Subsystems] No new subsystems found in resolved package list.
[Package Manager] Done registering packages in 0.01 seconds
[ScriptCompilation] Requested script compilation because: AssetDatabase observed changes in script compilation related files
Starting: C:\Program Files\Unity\Hub\Editor\6000.4.9f1\Editor\Data\Tools\BuildPipeline\bee_backend.exe --ipc --defer-dag-verification --dagfile="Library/Bee/1900b0aE.dag" --continue-on-failure --profile="Library/Bee/backend1.traceevents" ScriptAssemblies
WorkingDir: C:/Users/godho/Downloads/girlswar/girlswar_battle_unity
DisplayProgressbar: Compiling Scripts
ExitCode: 0 Duration: 1s505ms
[166/169    1s] Csc Library/Bee/artifacts/1900b0aE.dag/Assembly-CSharp-Editor.dll (+2 others)
[167/169    0s] CopyFiles Library/ScriptAssemblies/Assembly-CSharp-Editor.pdb
[168/169    0s] CopyFiles Library/ScriptAssemblies/Assembly-CSharp-Editor.dll
*** Tundra build success (1.47 seconds), 3 items updated, 169 evaluated
AssetDatabase: script compilation time: 1.822749s
Begin MonoManager ReloadAssembly
Assembly Assembly-CSharp-Editor-firstpass.dll at Library/ScriptAssemblies/Assembly-CSharp-Editor-firstpass.dll not valid. Loading of assembly skipped.
Assembly Assembly-CSharp-firstpass.dll at Library/ScriptAssemblies/Assembly-CSharp-firstpass.dll not valid. Loading of assembly skipped.
Assembly Assembly-CSharp.dll at Library/ScriptAssemblies/Assembly-CSharp.dll not valid. Loading of assembly skipped.
Assembly Unity.Multiplayer.Center.Editor.Tests.dll at Library/ScriptAssemblies/Unity.Multiplayer.Center.Editor.Tests.dll not valid. Loading of assembly skipped.
Assembly Unity.Multiplayer.Center.Tests.dll at Library/ScriptAssemblies/Unity.Multiplayer.Center.Tests.dll not valid. Loading of assembly skipped.
Native extension for WindowsStandalone target not found
Native extension for WebGL target not found
ScheduleIndexationOnStartup MainProcess:True IndexOnStartup:True
Mono: successfully reloaded assembly
- Finished resetting the current domain, in  0.361 seconds
Domain Reload Profiling: 717ms
	BeginReloadAssembly (275ms)
		DisableScriptedObjects (19ms)
		CreateAndSetChildDomain (138ms)
	RebuildCommonClasses (26ms)
	RebuildNativeTypeToScriptingClass (8ms)
	initialDomainReloadingComplete (30ms)
	LoadAllAssembliesAndSetupDomain (15ms)
		LoadAssemblies (88ms)
		AnalyzeDomain (8ms)
			TypeCache.Refresh (6ms)
	FinalizeReload (362ms)
		SetupLoadedEditorAssemblies (0ms)
			InitializePlatformSupportModulesInManaged (19ms)
			BeforeProcessingInitializeOnLoad (83ms)
			ProcessInitializeOnLoadAttributes (66ms)
			ProcessInitializeOnLoadMethodAttributes (31ms)
			AfterProcessingInitializeOnLoad (50ms)
		AwakeInstancesAfterBackupRestoration (20ms)
(Values over 0.050ms)
Asset Pipeline Refresh (id=6455e6140addb5443831cdf756ee8a56): Total: 2.743 seconds - Initiated by InitialRefreshV2(ForceSynchronousImport)
	Summary:
		Imports: total=0 (actual=0, local cache=0, cache server=0)
		Asset DB Process Time: managed=0 ms, native=491 ms
		Asset DB Callback time: managed=41 ms, native=17 ms
		Scripting: domain reloads=1, domain reload time=358 ms, compile time=1824 ms, other=8 ms
		Project Asset Count: scripts=123, non-scripts=111
		Asset File Changes: new=0, changed=1, moved=0, deleted=0
		Scan Filter Count: 0
	InvokePackagesCallback: 18.537ms
	ApplyChangesToAssetFolders: 0.642ms
	Scan: 62.215ms
	OnSourceAssetsModified: 0.730ms
	CategorizeScriptCompilationAssets: 0.208ms
	ProcessAssetsWithTransientArtifactChanges: 0.864ms
	CategorizeAssets: 1.011ms
	CompileScripts: 1824.213ms
	ImportOutOfDateAssets: 362.872ms (362.633ms without children)
		UnloadImportedAssets: 0.083ms
		OnDemandSchedulerStart: 0.131ms
	PostProcessAllAssets: 42.438ms
		VCAutoAddAssetPostprocess 0.950ms
		MonoPostProcessAllAssets: 40.948ms
			AssetPostprocessor.OnPostprocessAllAssets 10.054ms
			StyleCatalogPostProcessor.OnPostprocessAllAssets 7.996ms
			WindowAssetPostprocessingWatcher.OnPostprocessAllAssets 5.638ms
			BuilderAssetPostprocessor.OnPostprocessAllAssets 4.080ms
			AssetChangedListener.OnPostprocessAllAssets 1.154ms
			RetainedModeAssetPostprocessor.OnPostprocessAllAssets 1.140ms
			SyncVS.PostprocessSyncProject 0.993ms
			SpeedTree9Postprocessor.OnPostprocessAllAssets 0.704ms
			TextAssetPostProcessor.OnPostprocessAllAssets 0.409ms
			ArtifactBrowserPostProcessor.OnPostprocessAllAssets 0.374ms
			AssetEvents.OnPostprocessAllAssets 0.283ms
			ReferencedClipsPostProcessor.OnPostprocessAllAssets 0.243ms
			TerrainToolbarOverlayPostProcessor.OnPostprocessAllAssets 0.157ms
			AudioMixerPostprocessor.OnPostprocessAllAssets 0.156ms
			SpeedTreePostProcessor.OnPostprocessAllAssets 0.128ms
			AssetDatabaseCallbacks.OnPostprocessAllAssets 0.127ms
			RenderPipelineGlobalSettingsPostprocessor.OnPostprocessAllAssets 0.114ms
			ScenarioDriftAssetsTracker.OnPostprocessAllAssets 0.097ms
			ConfigAssetsTracker.OnPostprocessAllAssets 0.084ms
	PostAssetChangesProfiler: 1.579ms
	UnloadStreamsBegin: 1.127ms
	GenerateScriptTypeHashes: 0.178ms
	GenerateScriptTypeSerializationHashes: 0.383ms
	Untracked: 420.262ms

Application.AssetDatabase Initial Refresh End
Launched and connected shader compiler UnityShaderCompiler.exe after 0.01 seconds
Scanning for USB devices : 3.143ms
Initializing Unity extensions:
[MODES] ModeService[none].Initialize
[MODES] ModeService[none].LoadModes
[MODES] Loading mode Default (0) for mode-current-id-girlswar_battle_unity
Unloading 3 Unused Serialized files (Serialized files now loaded: 0)
Unloading 79 unused Assets / (0.5 MB). Loaded Objects now: 716.
Memory consumption went from 94.0 MB to 93.5 MB.
Total: 3.123500 ms (FindLiveObjects: 0.042100 ms CreateObjectMapping: 0.006200 ms MarkObjects: 2.870700 ms  DeleteObjects: 0.202000 ms)

Unloading 1 Unused Serialized files (Serialized files now loaded: 0)
Unloading 0 unused Assets / (2.2 KB). Loaded Objects now: 718.
Memory consumption went from 91.7 MB to 91.7 MB.
Total: 2.924500 ms (FindLiveObjects: 0.027900 ms CreateObjectMapping: 0.005000 ms MarkObjects: 2.887200 ms  DeleteObjects: 0.003600 ms)

Start importing Assets/Scenes/BattleAssetBundleStreamingProbe.unity using Guid(9748c3602de6a6b45a802da099baa205) (DefaultImporter) -> (Import Result ID: '3ff0067c3da1bbfa052cedecb34bbf92') in 0.0044667 seconds [static dependencies only]. Details - ImportResultOutputID=75abd1667d304a407140875101b61fea DependenciesID=d8a94dc9702c2cb48ab72b9832ed0927 StaticDependenciesID=42a4ed661ab31d12296797bd9b15bc4d 
Asset Pipeline Refresh (id=0b1fbd16f2ec8d64cb916fb38e2f11ba): Total: 0.023 seconds - Initiated by StopAssetImportingV2(NoUpdateAssetOptions)
Start importing Assets/RestoreData/battle/BATTLE_ASSETBUNDLE_STREAMING_PROBE.csv using Guid(c8d431bae53bb54488af08220a073ade) (TextScriptImporter) -> (Import Result ID: 'df5f4bfcd20d54ac195f121eb7063975') in 0.0027437 seconds [static dependencies only]. Details - ImportResultOutputID=b473a98ccee5ea09cdd0ea3a4ae4d1bb DependenciesID=91005f8065098cdcfd3416ab08c477c6 StaticDependenciesID=eaf1404006dec98330dd93a54182eabf 
Start importing Assets/RestoreData/battle/BATTLE_ASSETBUNDLE_STREAMING_PROBE.json using Guid(2ec1dcd1981871246ba1d55fcb757fe0) (TextScriptImporter) -> (Import Result ID: 'd20013d14bc61da8eab84d8759ca1486') in 0.0018847 seconds [static dependencies only]. Details - ImportResultOutputID=8e8e7145fe15238c760da0fa31cc4ddc DependenciesID=33f1cf732010271edf8c51c56387d81f StaticDependenciesID=94cdbb59eb18466900cb9500917a90c8 
Asset Pipeline Refresh (id=661821456b4ec7546bb4432364fb2b0e): Total: 0.022 seconds - Initiated by RefreshV2(NoUpdateAssetOptions)
BattleAssetBundleStreamingProbe generated. success=4, fail=0, instantiate=3, textureFallback=0
UnityEngine.Debug:ExtractStackTraceNoAlloc (byte*,int,string)
UnityEngine.StackTraceUtility:ExtractStackTrace ()
UnityEngine.DebugLogHandler:Internal_Log (UnityEngine.LogType,UnityEngine.LogOption,string,UnityEngine.Object)
UnityEngine.DebugLogHandler:LogFormat (UnityEngine.LogType,UnityEngine.Object,string,object[])
UnityEngine.Logger:Log (UnityEngine.LogType,object)
UnityEngine.Debug:Log (object)
BattleAssetBundleStreamingProbeEditor:Build () (at Assets/Editor/BattleAssetBundleStreamingProbeEditor.cs:54)

(Filename: Assets/Editor/BattleAssetBundleStreamingProbeEditor.cs Line: 54)

Batchmode quit successfully invoked - shutting down!
Curl error 42: Callback aborted
[Physics::Module] Cleanup current backend.
[Physics::Module] Id: 0xf2b8ea05
Input System module state changed to: ShutdownInProgress.
Input Polling Thread exited.
Input System module state changed to: Shutdown.
[Licensing::IpcConnector] LicenseClient-godho-notifications channel disconnected successfully.
[Licensing::IpcConnector] LicenseClient-godho channel disconnected successfully.
AcceleratorClientConnectionCallback - disconnected - :0
Cleanup mono
CodeReloadManager destroyed
Exiting batchmode successfully now!
Exiting without the bug reporter. Application will terminate with return code 0